running develop
/usr/lib/python3/dist-packages/setuptools/command/easy_install.py:158: EasyInstallDeprecationWarning: easy_install command is deprecated. Use build and pip and other standards-based tools.
  warnings.warn(
/usr/lib/python3/dist-packages/setuptools/command/install.py:34: SetuptoolsDeprecationWarning: setup.py install is deprecated. Use build and pip and other standards-based tools.
  warnings.warn(
/usr/lib/python3/dist-packages/pkg_resources/__init__.py:116: PkgResourcesDeprecationWarning: 0.1.43ubuntu1 is an invalid version and will not be supported in a future release
  warnings.warn(
/usr/lib/python3/dist-packages/pkg_resources/__init__.py:116: PkgResourcesDeprecationWarning: 1.1build1 is an invalid version and will not be supported in a future release
  warnings.warn(
running egg_info
writing turtle_bot_12.egg-info/PKG-INFO
writing dependency_links to turtle_bot_12.egg-info/dependency_links.txt
writing entry points to turtle_bot_12.egg-info/entry_points.txt
writing requirements to turtle_bot_12.egg-info/requires.txt
writing top-level names to turtle_bot_12.egg-info/top_level.txt
reading manifest file 'turtle_bot_12.egg-info/SOURCES.txt'
writing manifest file 'turtle_bot_12.egg-info/SOURCES.txt'
running build_ext
Creating /home/robotica/Documents/Taller1/taller1_ws/install/turtle_bot_12/lib/python3.10/site-packages/turtle-bot-12.egg-link (link to .)
Installing client script to /home/robotica/Documents/Taller1/taller1_ws/install/turtle_bot_12/lib/turtle_bot_12
Installing service script to /home/robotica/Documents/Taller1/taller1_ws/install/turtle_bot_12/lib/turtle_bot_12
Installing turtle_bot_interface script to /home/robotica/Documents/Taller1/taller1_ws/install/turtle_bot_12/lib/turtle_bot_12
Installing turtle_bot_teleop script to /home/robotica/Documents/Taller1/taller1_ws/install/turtle_bot_12/lib/turtle_bot_12

Installed /home/robotica/Documents/Taller1/taller1_ws/build/turtle_bot_12
running install_data
