[1.955s] Invoking command in '/home/robotica/Documents/Taller1/taller1_ws/build/turtle_bot_12': PYTHONPATH=/home/robotica/Documents/Taller1/taller1_ws/build/turtle_bot_12/prefix_override:/home/robotica/Documents/Taller1/taller1_ws/install/turtle_bot_12/lib/python3.10/site-packages:${PYTHONPATH} /usr/bin/python3 setup.py develop --editable --build-directory /home/robotica/Documents/Taller1/taller1_ws/build/turtle_bot_12/build --no-deps install_data
[2.827s] running develop
[2.833s] /usr/lib/python3/dist-packages/setuptools/command/easy_install.py:158: EasyInstallDeprecationWarning: easy_install command is deprecated. Use build and pip and other standards-based tools.
[2.833s]   warnings.warn(
[2.837s] /usr/lib/python3/dist-packages/setuptools/command/install.py:34: SetuptoolsDeprecationWarning: setup.py install is deprecated. Use build and pip and other standards-based tools.
[2.837s]   warnings.warn(
[3.037s] /usr/lib/python3/dist-packages/pkg_resources/__init__.py:116: PkgResourcesDeprecationWarning: 0.1.43ubuntu1 is an invalid version and will not be supported in a future release
[3.038s]   warnings.warn(
[3.039s] /usr/lib/python3/dist-packages/pkg_resources/__init__.py:116: PkgResourcesDeprecationWarning: 1.1build1 is an invalid version and will not be supported in a future release
[3.039s]   warnings.warn(
[3.358s] running egg_info
[3.360s] writing turtle_bot_12.egg-info/PKG-INFO
[3.361s] writing dependency_links to turtle_bot_12.egg-info/dependency_links.txt
[3.362s] writing entry points to turtle_bot_12.egg-info/entry_points.txt
[3.364s] writing requirements to turtle_bot_12.egg-info/requires.txt
[3.366s] writing top-level names to turtle_bot_12.egg-info/top_level.txt
[3.375s] reading manifest file 'turtle_bot_12.egg-info/SOURCES.txt'
[3.376s] writing manifest file 'turtle_bot_12.egg-info/SOURCES.txt'
[3.385s] running build_ext
[3.386s] Creating /home/robotica/Documents/Taller1/taller1_ws/install/turtle_bot_12/lib/python3.10/site-packages/turtle-bot-12.egg-link (link to .)
[3.387s] Installing client script to /home/robotica/Documents/Taller1/taller1_ws/install/turtle_bot_12/lib/turtle_bot_12
[3.389s] Installing service script to /home/robotica/Documents/Taller1/taller1_ws/install/turtle_bot_12/lib/turtle_bot_12
[3.393s] Installing turtle_bot_interface script to /home/robotica/Documents/Taller1/taller1_ws/install/turtle_bot_12/lib/turtle_bot_12
[3.393s] Installing turtle_bot_teleop script to /home/robotica/Documents/Taller1/taller1_ws/install/turtle_bot_12/lib/turtle_bot_12
[3.400s] 
[3.401s] Installed /home/robotica/Documents/Taller1/taller1_ws/build/turtle_bot_12
[3.407s] running install_data
[3.474s] Invoked command in '/home/robotica/Documents/Taller1/taller1_ws/build/turtle_bot_12' returned '0': PYTHONPATH=/home/robotica/Documents/Taller1/taller1_ws/build/turtle_bot_12/prefix_override:/home/robotica/Documents/Taller1/taller1_ws/install/turtle_bot_12/lib/python3.10/site-packages:${PYTHONPATH} /usr/bin/python3 setup.py develop --editable --build-directory /home/robotica/Documents/Taller1/taller1_ws/build/turtle_bot_12/build --no-deps install_data
