[2.759s] Invoking command in '/home/robotica/Documents/Taller1/taller1_ws/src/turtle_bot_12': PYTHONPATH=/home/robotica/Documents/Taller1/taller1_ws/build/turtle_bot_12/prefix_override:/home/robotica/Documents/Taller1/taller1_ws/install/turtle_bot_12/lib/python3.10/site-packages:${PYTHONPATH} /usr/bin/python3 setup.py egg_info --egg-base ../../build/turtle_bot_12 build --build-base /home/robotica/Documents/Taller1/taller1_ws/build/turtle_bot_12/build install --record /home/robotica/Documents/Taller1/taller1_ws/build/turtle_bot_12/install.log --single-version-externally-managed
[3.883s] running egg_info
[3.890s] writing ../../build/turtle_bot_12/turtle_bot_12.egg-info/PKG-INFO
[3.891s] writing dependency_links to ../../build/turtle_bot_12/turtle_bot_12.egg-info/dependency_links.txt
[3.891s] writing entry points to ../../build/turtle_bot_12/turtle_bot_12.egg-info/entry_points.txt
[3.891s] writing requirements to ../../build/turtle_bot_12/turtle_bot_12.egg-info/requires.txt
[3.891s] writing top-level names to ../../build/turtle_bot_12/turtle_bot_12.egg-info/top_level.txt
[3.908s] reading manifest file '../../build/turtle_bot_12/turtle_bot_12.egg-info/SOURCES.txt'
[3.911s] writing manifest file '../../build/turtle_bot_12/turtle_bot_12.egg-info/SOURCES.txt'
[3.913s] running build
[3.916s] running build_py
[3.917s] copying turtle_bot_12/turtle_bot_teleop.py -> /home/robotica/Documents/Taller1/taller1_ws/build/turtle_bot_12/build/lib/turtle_bot_12
[3.918s] running install
[3.919s] running install_lib
[3.919s] /usr/lib/python3/dist-packages/setuptools/command/install.py:34: SetuptoolsDeprecationWarning: setup.py install is deprecated. Use build and pip and other standards-based tools.
[3.919s]   warnings.warn(
[3.919s] copying /home/robotica/Documents/Taller1/taller1_ws/build/turtle_bot_12/build/lib/turtle_bot_12/turtle_bot_teleop.py -> /home/robotica/Documents/Taller1/taller1_ws/install/turtle_bot_12/lib/python3.10/site-packages/turtle_bot_12
[3.919s] byte-compiling /home/robotica/Documents/Taller1/taller1_ws/install/turtle_bot_12/lib/python3.10/site-packages/turtle_bot_12/turtle_bot_teleop.py to turtle_bot_teleop.cpython-310.pyc
[3.923s] running install_data
[3.923s] running install_egg_info
[3.938s] removing '/home/robotica/Documents/Taller1/taller1_ws/install/turtle_bot_12/lib/python3.10/site-packages/turtle_bot_12-0.0.0-py3.10.egg-info' (and everything under it)
[3.945s] Copying ../../build/turtle_bot_12/turtle_bot_12.egg-info to /home/robotica/Documents/Taller1/taller1_ws/install/turtle_bot_12/lib/python3.10/site-packages/turtle_bot_12-0.0.0-py3.10.egg-info
[3.945s] running install_scripts
[4.008s] Installing turtle_bot_interface script to /home/robotica/Documents/Taller1/taller1_ws/install/turtle_bot_12/lib/turtle_bot_12
[4.008s] Installing turtle_bot_player script to /home/robotica/Documents/Taller1/taller1_ws/install/turtle_bot_12/lib/turtle_bot_12
[4.008s] Installing turtle_bot_teleop script to /home/robotica/Documents/Taller1/taller1_ws/install/turtle_bot_12/lib/turtle_bot_12
[4.010s] writing list of installed files to '/home/robotica/Documents/Taller1/taller1_ws/build/turtle_bot_12/install.log'
[4.071s] Invoked command in '/home/robotica/Documents/Taller1/taller1_ws/src/turtle_bot_12' returned '0': PYTHONPATH=/home/robotica/Documents/Taller1/taller1_ws/build/turtle_bot_12/prefix_override:/home/robotica/Documents/Taller1/taller1_ws/install/turtle_bot_12/lib/python3.10/site-packages:${PYTHONPATH} /usr/bin/python3 setup.py egg_info --egg-base ../../build/turtle_bot_12 build --build-base /home/robotica/Documents/Taller1/taller1_ws/build/turtle_bot_12/build install --record /home/robotica/Documents/Taller1/taller1_ws/build/turtle_bot_12/install.log --single-version-externally-managed
