[1.515s] Invoking command in '/home/robotica/Documents/Taller1/taller1_ws/build/turtle_bot_srv_12': CMAKE_PREFIX_PATH=${CMAKE_PREFIX_PATH}:/home/robotica/Documents/Taller1/taller1_ws/install/turtle_bot_12:/home/robotica/Documents/Taller1/taller1_ws/install/paquete_scr_servicios:/opt/ros/humble /usr/bin/cmake --build /home/robotica/Documents/Taller1/taller1_ws/build/turtle_bot_srv_12 -- -j5 -l5
[2.143s] [  2%] Built target turtle_bot_srv_12__cpp
[2.331s] [  2%] Built target ament_cmake_python_copy_turtle_bot_srv_12
[2.471s] [ 12%] Built target turtle_bot_srv_12__rosidl_typesupport_introspection_cpp
[3.718s] running egg_info
[3.726s] writing turtle_bot_srv_12.egg-info/PKG-INFO
[3.726s] writing dependency_links to turtle_bot_srv_12.egg-info/dependency_links.txt
[3.731s] writing top-level names to turtle_bot_srv_12.egg-info/top_level.txt
[3.740s] reading manifest file 'turtle_bot_srv_12.egg-info/SOURCES.txt'
[3.756s] writing manifest file 'turtle_bot_srv_12.egg-info/SOURCES.txt'
[3.928s] [ 12%] Built target ament_cmake_python_build_turtle_bot_srv_12_egg
[4.154s] [ 23%] Built target turtle_bot_srv_12__rosidl_typesupport_fastrtps_cpp
[4.368s] [ 33%] Built target turtle_bot_srv_12__rosidl_typesupport_cpp
[4.610s] [ 43%] Built target turtle_bot_srv_12__rosidl_generator_c
[4.838s] [ 53%] Built target turtle_bot_srv_12__rosidl_typesupport_fastrtps_c
[4.986s] [ 64%] Built target turtle_bot_srv_12__rosidl_typesupport_c
[5.203s] [ 74%] Built target turtle_bot_srv_12__rosidl_typesupport_introspection_c
[5.399s] [ 74%] Built target turtle_bot_srv_12
[5.598s] [ 76%] Built target turtle_bot_srv_12__py
[5.750s] [ 84%] Built target turtle_bot_srv_12__rosidl_generator_py
[5.971s] [ 89%] Built target turtle_bot_srv_12__rosidl_typesupport_fastrtps_c__pyext
[6.202s] [ 94%] Built target turtle_bot_srv_12__rosidl_typesupport_c__pyext
[6.395s] [100%] Built target turtle_bot_srv_12__rosidl_typesupport_introspection_c__pyext
[6.521s] Invoked command in '/home/robotica/Documents/Taller1/taller1_ws/build/turtle_bot_srv_12' returned '0': CMAKE_PREFIX_PATH=${CMAKE_PREFIX_PATH}:/home/robotica/Documents/Taller1/taller1_ws/install/turtle_bot_12:/home/robotica/Documents/Taller1/taller1_ws/install/paquete_scr_servicios:/opt/ros/humble /usr/bin/cmake --build /home/robotica/Documents/Taller1/taller1_ws/build/turtle_bot_srv_12 -- -j5 -l5
[7.813s] Invoking command in '/home/robotica/Documents/Taller1/taller1_ws/build/turtle_bot_srv_12': CMAKE_PREFIX_PATH=${CMAKE_PREFIX_PATH}:/home/robotica/Documents/Taller1/taller1_ws/install/turtle_bot_12:/home/robotica/Documents/Taller1/taller1_ws/install/paquete_scr_servicios:/opt/ros/humble /usr/bin/cmake --install /home/robotica/Documents/Taller1/taller1_ws/build/turtle_bot_srv_12
[7.848s] -- Install configuration: ""
[7.866s] -- Up-to-date: /home/robotica/Documents/Taller1/taller1_ws/install/turtle_bot_srv_12/share/ament_index/resource_index/rosidl_interfaces/turtle_bot_srv_12
[7.866s] -- Up-to-date: /home/robotica/Documents/Taller1/taller1_ws/install/turtle_bot_srv_12/include/turtle_bot_srv_12/turtle_bot_srv_12
[7.867s] -- Up-to-date: /home/robotica/Documents/Taller1/taller1_ws/install/turtle_bot_srv_12/include/turtle_bot_srv_12/turtle_bot_srv_12/srv
[7.868s] -- Up-to-date: /home/robotica/Documents/Taller1/taller1_ws/install/turtle_bot_srv_12/include/turtle_bot_srv_12/turtle_bot_srv_12/srv/detail
[7.870s] -- Up-to-date: /home/robotica/Documents/Taller1/taller1_ws/install/turtle_bot_srv_12/include/turtle_bot_srv_12/turtle_bot_srv_12/srv/detail/read_txt__functions.h
[7.870s] -- Up-to-date: /home/robotica/Documents/Taller1/taller1_ws/install/turtle_bot_srv_12/include/turtle_bot_srv_12/turtle_bot_srv_12/srv/detail/read_txt__functions.c
[7.871s] -- Up-to-date: /home/robotica/Documents/Taller1/taller1_ws/install/turtle_bot_srv_12/include/turtle_bot_srv_12/turtle_bot_srv_12/srv/detail/read_txt__type_support.h
[7.872s] -- Up-to-date: /home/robotica/Documents/Taller1/taller1_ws/install/turtle_bot_srv_12/include/turtle_bot_srv_12/turtle_bot_srv_12/srv/detail/read_txt__struct.h
[7.873s] -- Up-to-date: /home/robotica/Documents/Taller1/taller1_ws/install/turtle_bot_srv_12/include/turtle_bot_srv_12/turtle_bot_srv_12/srv/read_txt.h
[7.878s] -- Up-to-date: /home/robotica/Documents/Taller1/taller1_ws/install/turtle_bot_srv_12/include/turtle_bot_srv_12/turtle_bot_srv_12/msg
[7.880s] -- Up-to-date: /home/robotica/Documents/Taller1/taller1_ws/install/turtle_bot_srv_12/include/turtle_bot_srv_12/turtle_bot_srv_12/msg/detail
[7.882s] -- Up-to-date: /home/robotica/Documents/Taller1/taller1_ws/install/turtle_bot_srv_12/include/turtle_bot_srv_12/turtle_bot_srv_12/msg/detail/string__functions.h
[7.884s] -- Up-to-date: /home/robotica/Documents/Taller1/taller1_ws/install/turtle_bot_srv_12/include/turtle_bot_srv_12/turtle_bot_srv_12/msg/detail/string__functions.c
[7.886s] -- Up-to-date: /home/robotica/Documents/Taller1/taller1_ws/install/turtle_bot_srv_12/include/turtle_bot_srv_12/turtle_bot_srv_12/msg/detail/string__struct.h
[7.887s] -- Up-to-date: /home/robotica/Documents/Taller1/taller1_ws/install/turtle_bot_srv_12/include/turtle_bot_srv_12/turtle_bot_srv_12/msg/detail/string__type_support.h
[7.887s] -- Up-to-date: /home/robotica/Documents/Taller1/taller1_ws/install/turtle_bot_srv_12/include/turtle_bot_srv_12/turtle_bot_srv_12/msg/string.h
[7.890s] -- Up-to-date: /home/robotica/Documents/Taller1/taller1_ws/install/turtle_bot_srv_12/include/turtle_bot_srv_12/turtle_bot_srv_12/msg/rosidl_generator_c__visibility_control.h
[7.892s] -- Up-to-date: /home/robotica/Documents/Taller1/taller1_ws/install/turtle_bot_srv_12/share/turtle_bot_srv_12/environment/library_path.sh
[7.894s] -- Up-to-date: /home/robotica/Documents/Taller1/taller1_ws/install/turtle_bot_srv_12/share/turtle_bot_srv_12/environment/library_path.dsv
[7.895s] -- Up-to-date: /home/robotica/Documents/Taller1/taller1_ws/install/turtle_bot_srv_12/lib/libturtle_bot_srv_12__rosidl_generator_c.so
[7.896s] -- Up-to-date: /home/robotica/Documents/Taller1/taller1_ws/install/turtle_bot_srv_12/include/turtle_bot_srv_12/turtle_bot_srv_12
[7.896s] -- Up-to-date: /home/robotica/Documents/Taller1/taller1_ws/install/turtle_bot_srv_12/include/turtle_bot_srv_12/turtle_bot_srv_12/srv
[7.896s] -- Up-to-date: /home/robotica/Documents/Taller1/taller1_ws/install/turtle_bot_srv_12/include/turtle_bot_srv_12/turtle_bot_srv_12/srv/detail
[7.896s] -- Up-to-date: /home/robotica/Documents/Taller1/taller1_ws/install/turtle_bot_srv_12/include/turtle_bot_srv_12/turtle_bot_srv_12/srv/detail/read_txt__rosidl_typesupport_fastrtps_c.h
[7.897s] -- Up-to-date: /home/robotica/Documents/Taller1/taller1_ws/install/turtle_bot_srv_12/include/turtle_bot_srv_12/turtle_bot_srv_12/msg
[7.897s] -- Up-to-date: /home/robotica/Documents/Taller1/taller1_ws/install/turtle_bot_srv_12/include/turtle_bot_srv_12/turtle_bot_srv_12/msg/detail
[7.898s] -- Up-to-date: /home/robotica/Documents/Taller1/taller1_ws/install/turtle_bot_srv_12/include/turtle_bot_srv_12/turtle_bot_srv_12/msg/detail/string__rosidl_typesupport_fastrtps_c.h
[7.899s] -- Up-to-date: /home/robotica/Documents/Taller1/taller1_ws/install/turtle_bot_srv_12/include/turtle_bot_srv_12/turtle_bot_srv_12/msg/rosidl_typesupport_fastrtps_c__visibility_control.h
[7.900s] -- Up-to-date: /home/robotica/Documents/Taller1/taller1_ws/install/turtle_bot_srv_12/lib/libturtle_bot_srv_12__rosidl_typesupport_fastrtps_c.so
[7.900s] -- Up-to-date: /home/robotica/Documents/Taller1/taller1_ws/install/turtle_bot_srv_12/include/turtle_bot_srv_12/turtle_bot_srv_12
[7.900s] -- Up-to-date: /home/robotica/Documents/Taller1/taller1_ws/install/turtle_bot_srv_12/include/turtle_bot_srv_12/turtle_bot_srv_12/srv
[7.900s] -- Up-to-date: /home/robotica/Documents/Taller1/taller1_ws/install/turtle_bot_srv_12/include/turtle_bot_srv_12/turtle_bot_srv_12/srv/detail
[7.914s] -- Up-to-date: /home/robotica/Documents/Taller1/taller1_ws/install/turtle_bot_srv_12/include/turtle_bot_srv_12/turtle_bot_srv_12/srv/detail/read_txt__rosidl_typesupport_introspection_c.h
[7.916s] -- Up-to-date: /home/robotica/Documents/Taller1/taller1_ws/install/turtle_bot_srv_12/include/turtle_bot_srv_12/turtle_bot_srv_12/srv/detail/read_txt__type_support.c
[7.919s] -- Up-to-date: /home/robotica/Documents/Taller1/taller1_ws/install/turtle_bot_srv_12/include/turtle_bot_srv_12/turtle_bot_srv_12/msg
[7.920s] -- Up-to-date: /home/robotica/Documents/Taller1/taller1_ws/install/turtle_bot_srv_12/include/turtle_bot_srv_12/turtle_bot_srv_12/msg/detail
[7.920s] -- Up-to-date: /home/robotica/Documents/Taller1/taller1_ws/install/turtle_bot_srv_12/include/turtle_bot_srv_12/turtle_bot_srv_12/msg/detail/string__rosidl_typesupport_introspection_c.h
[7.921s] -- Up-to-date: /home/robotica/Documents/Taller1/taller1_ws/install/turtle_bot_srv_12/include/turtle_bot_srv_12/turtle_bot_srv_12/msg/detail/string__type_support.c
[7.922s] -- Up-to-date: /home/robotica/Documents/Taller1/taller1_ws/install/turtle_bot_srv_12/include/turtle_bot_srv_12/turtle_bot_srv_12/msg/rosidl_typesupport_introspection_c__visibility_control.h
[7.922s] -- Up-to-date: /home/robotica/Documents/Taller1/taller1_ws/install/turtle_bot_srv_12/lib/libturtle_bot_srv_12__rosidl_typesupport_introspection_c.so
[7.922s] -- Up-to-date: /home/robotica/Documents/Taller1/taller1_ws/install/turtle_bot_srv_12/lib/libturtle_bot_srv_12__rosidl_typesupport_c.so
[7.922s] -- Up-to-date: /home/robotica/Documents/Taller1/taller1_ws/install/turtle_bot_srv_12/include/turtle_bot_srv_12/turtle_bot_srv_12
[7.922s] -- Up-to-date: /home/robotica/Documents/Taller1/taller1_ws/install/turtle_bot_srv_12/include/turtle_bot_srv_12/turtle_bot_srv_12/srv
[7.923s] -- Up-to-date: /home/robotica/Documents/Taller1/taller1_ws/install/turtle_bot_srv_12/include/turtle_bot_srv_12/turtle_bot_srv_12/srv/detail
[7.923s] -- Up-to-date: /home/robotica/Documents/Taller1/taller1_ws/install/turtle_bot_srv_12/include/turtle_bot_srv_12/turtle_bot_srv_12/srv/detail/read_txt__struct.hpp
[7.923s] -- Up-to-date: /home/robotica/Documents/Taller1/taller1_ws/install/turtle_bot_srv_12/include/turtle_bot_srv_12/turtle_bot_srv_12/srv/detail/read_txt__traits.hpp
[7.924s] -- Up-to-date: /home/robotica/Documents/Taller1/taller1_ws/install/turtle_bot_srv_12/include/turtle_bot_srv_12/turtle_bot_srv_12/srv/detail/read_txt__builder.hpp
[7.924s] -- Up-to-date: /home/robotica/Documents/Taller1/taller1_ws/install/turtle_bot_srv_12/include/turtle_bot_srv_12/turtle_bot_srv_12/srv/read_txt.hpp
[7.925s] -- Up-to-date: /home/robotica/Documents/Taller1/taller1_ws/install/turtle_bot_srv_12/include/turtle_bot_srv_12/turtle_bot_srv_12/msg
[7.926s] -- Up-to-date: /home/robotica/Documents/Taller1/taller1_ws/install/turtle_bot_srv_12/include/turtle_bot_srv_12/turtle_bot_srv_12/msg/detail
[7.927s] -- Up-to-date: /home/robotica/Documents/Taller1/taller1_ws/install/turtle_bot_srv_12/include/turtle_bot_srv_12/turtle_bot_srv_12/msg/detail/string__traits.hpp
[7.927s] -- Up-to-date: /home/robotica/Documents/Taller1/taller1_ws/install/turtle_bot_srv_12/include/turtle_bot_srv_12/turtle_bot_srv_12/msg/detail/string__builder.hpp
[7.927s] -- Up-to-date: /home/robotica/Documents/Taller1/taller1_ws/install/turtle_bot_srv_12/include/turtle_bot_srv_12/turtle_bot_srv_12/msg/detail/string__struct.hpp
[7.927s] -- Up-to-date: /home/robotica/Documents/Taller1/taller1_ws/install/turtle_bot_srv_12/include/turtle_bot_srv_12/turtle_bot_srv_12/msg/string.hpp
[7.928s] -- Up-to-date: /home/robotica/Documents/Taller1/taller1_ws/install/turtle_bot_srv_12/include/turtle_bot_srv_12/turtle_bot_srv_12
[7.928s] -- Up-to-date: /home/robotica/Documents/Taller1/taller1_ws/install/turtle_bot_srv_12/include/turtle_bot_srv_12/turtle_bot_srv_12/srv
[7.929s] -- Up-to-date: /home/robotica/Documents/Taller1/taller1_ws/install/turtle_bot_srv_12/include/turtle_bot_srv_12/turtle_bot_srv_12/srv/detail
[7.929s] -- Up-to-date: /home/robotica/Documents/Taller1/taller1_ws/install/turtle_bot_srv_12/include/turtle_bot_srv_12/turtle_bot_srv_12/srv/detail/read_txt__rosidl_typesupport_fastrtps_cpp.hpp
[7.929s] -- Up-to-date: /home/robotica/Documents/Taller1/taller1_ws/install/turtle_bot_srv_12/include/turtle_bot_srv_12/turtle_bot_srv_12/srv/detail/dds_fastrtps
[7.930s] -- Up-to-date: /home/robotica/Documents/Taller1/taller1_ws/install/turtle_bot_srv_12/include/turtle_bot_srv_12/turtle_bot_srv_12/msg
[7.939s] -- Up-to-date: /home/robotica/Documents/Taller1/taller1_ws/install/turtle_bot_srv_12/include/turtle_bot_srv_12/turtle_bot_srv_12/msg/detail
[7.947s] -- Up-to-date: /home/robotica/Documents/Taller1/taller1_ws/install/turtle_bot_srv_12/include/turtle_bot_srv_12/turtle_bot_srv_12/msg/detail/string__rosidl_typesupport_fastrtps_cpp.hpp
[7.966s] -- Up-to-date: /home/robotica/Documents/Taller1/taller1_ws/install/turtle_bot_srv_12/include/turtle_bot_srv_12/turtle_bot_srv_12/msg/detail/dds_fastrtps
[7.967s] -- Up-to-date: /home/robotica/Documents/Taller1/taller1_ws/install/turtle_bot_srv_12/include/turtle_bot_srv_12/turtle_bot_srv_12/msg/rosidl_typesupport_fastrtps_cpp__visibility_control.h
[7.967s] -- Up-to-date: /home/robotica/Documents/Taller1/taller1_ws/install/turtle_bot_srv_12/lib/libturtle_bot_srv_12__rosidl_typesupport_fastrtps_cpp.so
[7.968s] -- Up-to-date: /home/robotica/Documents/Taller1/taller1_ws/install/turtle_bot_srv_12/include/turtle_bot_srv_12/turtle_bot_srv_12
[7.968s] -- Up-to-date: /home/robotica/Documents/Taller1/taller1_ws/install/turtle_bot_srv_12/include/turtle_bot_srv_12/turtle_bot_srv_12/srv
[7.968s] -- Up-to-date: /home/robotica/Documents/Taller1/taller1_ws/install/turtle_bot_srv_12/include/turtle_bot_srv_12/turtle_bot_srv_12/srv/detail
[7.968s] -- Up-to-date: /home/robotica/Documents/Taller1/taller1_ws/install/turtle_bot_srv_12/include/turtle_bot_srv_12/turtle_bot_srv_12/srv/detail/read_txt__type_support.cpp
[7.969s] -- Up-to-date: /home/robotica/Documents/Taller1/taller1_ws/install/turtle_bot_srv_12/include/turtle_bot_srv_12/turtle_bot_srv_12/srv/detail/read_txt__rosidl_typesupport_introspection_cpp.hpp
[7.969s] -- Up-to-date: /home/robotica/Documents/Taller1/taller1_ws/install/turtle_bot_srv_12/include/turtle_bot_srv_12/turtle_bot_srv_12/msg
[7.969s] -- Up-to-date: /home/robotica/Documents/Taller1/taller1_ws/install/turtle_bot_srv_12/include/turtle_bot_srv_12/turtle_bot_srv_12/msg/detail
[7.977s] -- Up-to-date: /home/robotica/Documents/Taller1/taller1_ws/install/turtle_bot_srv_12/include/turtle_bot_srv_12/turtle_bot_srv_12/msg/detail/string__rosidl_typesupport_introspection_cpp.hpp
[7.994s] -- Up-to-date: /home/robotica/Documents/Taller1/taller1_ws/install/turtle_bot_srv_12/include/turtle_bot_srv_12/turtle_bot_srv_12/msg/detail/string__type_support.cpp
[7.994s] -- Up-to-date: /home/robotica/Documents/Taller1/taller1_ws/install/turtle_bot_srv_12/lib/libturtle_bot_srv_12__rosidl_typesupport_introspection_cpp.so
[8.002s] -- Up-to-date: /home/robotica/Documents/Taller1/taller1_ws/install/turtle_bot_srv_12/lib/libturtle_bot_srv_12__rosidl_typesupport_cpp.so
[8.003s] -- Up-to-date: /home/robotica/Documents/Taller1/taller1_ws/install/turtle_bot_srv_12/share/turtle_bot_srv_12/environment/pythonpath.sh
[8.004s] -- Up-to-date: /home/robotica/Documents/Taller1/taller1_ws/install/turtle_bot_srv_12/share/turtle_bot_srv_12/environment/pythonpath.dsv
[8.008s] -- Up-to-date: /home/robotica/Documents/Taller1/taller1_ws/install/turtle_bot_srv_12/local/lib/python3.10/dist-packages/turtle_bot_srv_12-0.0.0-py3.10.egg-info
[8.009s] -- Installing: /home/robotica/Documents/Taller1/taller1_ws/install/turtle_bot_srv_12/local/lib/python3.10/dist-packages/turtle_bot_srv_12-0.0.0-py3.10.egg-info/SOURCES.txt
[8.010s] -- Installing: /home/robotica/Documents/Taller1/taller1_ws/install/turtle_bot_srv_12/local/lib/python3.10/dist-packages/turtle_bot_srv_12-0.0.0-py3.10.egg-info/PKG-INFO
[8.010s] -- Installing: /home/robotica/Documents/Taller1/taller1_ws/install/turtle_bot_srv_12/local/lib/python3.10/dist-packages/turtle_bot_srv_12-0.0.0-py3.10.egg-info/dependency_links.txt
[8.011s] -- Installing: /home/robotica/Documents/Taller1/taller1_ws/install/turtle_bot_srv_12/local/lib/python3.10/dist-packages/turtle_bot_srv_12-0.0.0-py3.10.egg-info/top_level.txt
[8.012s] -- Up-to-date: /home/robotica/Documents/Taller1/taller1_ws/install/turtle_bot_srv_12/local/lib/python3.10/dist-packages/turtle_bot_srv_12
[8.014s] -- Up-to-date: /home/robotica/Documents/Taller1/taller1_ws/install/turtle_bot_srv_12/local/lib/python3.10/dist-packages/turtle_bot_srv_12/_turtle_bot_srv_12_s.ep.rosidl_typesupport_fastrtps_c.c
[8.015s] -- Up-to-date: /home/robotica/Documents/Taller1/taller1_ws/install/turtle_bot_srv_12/local/lib/python3.10/dist-packages/turtle_bot_srv_12/turtle_bot_srv_12_s__rosidl_typesupport_c.cpython-310-x86_64-linux-gnu.so
[8.018s] -- Up-to-date: /home/robotica/Documents/Taller1/taller1_ws/install/turtle_bot_srv_12/local/lib/python3.10/dist-packages/turtle_bot_srv_12/srv
[8.020s] -- Up-to-date: /home/robotica/Documents/Taller1/taller1_ws/install/turtle_bot_srv_12/local/lib/python3.10/dist-packages/turtle_bot_srv_12/srv/_read_txt.py
[8.021s] -- Up-to-date: /home/robotica/Documents/Taller1/taller1_ws/install/turtle_bot_srv_12/local/lib/python3.10/dist-packages/turtle_bot_srv_12/srv/_read_txt_s.c
[8.022s] -- Up-to-date: /home/robotica/Documents/Taller1/taller1_ws/install/turtle_bot_srv_12/local/lib/python3.10/dist-packages/turtle_bot_srv_12/srv/__init__.py
[8.022s] -- Up-to-date: /home/robotica/Documents/Taller1/taller1_ws/install/turtle_bot_srv_12/local/lib/python3.10/dist-packages/turtle_bot_srv_12/_turtle_bot_srv_12_s.ep.rosidl_typesupport_c.c
[8.023s] -- Up-to-date: /home/robotica/Documents/Taller1/taller1_ws/install/turtle_bot_srv_12/local/lib/python3.10/dist-packages/turtle_bot_srv_12/libturtle_bot_srv_12__rosidl_generator_py.so
[8.025s] -- Up-to-date: /home/robotica/Documents/Taller1/taller1_ws/install/turtle_bot_srv_12/local/lib/python3.10/dist-packages/turtle_bot_srv_12/turtle_bot_srv_12_s__rosidl_typesupport_introspection_c.cpython-310-x86_64-linux-gnu.so
[8.026s] -- Up-to-date: /home/robotica/Documents/Taller1/taller1_ws/install/turtle_bot_srv_12/local/lib/python3.10/dist-packages/turtle_bot_srv_12/_turtle_bot_srv_12_s.ep.rosidl_typesupport_introspection_c.c
[8.026s] -- Up-to-date: /home/robotica/Documents/Taller1/taller1_ws/install/turtle_bot_srv_12/local/lib/python3.10/dist-packages/turtle_bot_srv_12/msg
[8.027s] -- Up-to-date: /home/robotica/Documents/Taller1/taller1_ws/install/turtle_bot_srv_12/local/lib/python3.10/dist-packages/turtle_bot_srv_12/msg/_string.py
[8.028s] -- Up-to-date: /home/robotica/Documents/Taller1/taller1_ws/install/turtle_bot_srv_12/local/lib/python3.10/dist-packages/turtle_bot_srv_12/msg/__init__.py
[8.028s] -- Up-to-date: /home/robotica/Documents/Taller1/taller1_ws/install/turtle_bot_srv_12/local/lib/python3.10/dist-packages/turtle_bot_srv_12/msg/_string_s.c
[8.029s] -- Up-to-date: /home/robotica/Documents/Taller1/taller1_ws/install/turtle_bot_srv_12/local/lib/python3.10/dist-packages/turtle_bot_srv_12/__init__.py
[8.031s] -- Up-to-date: /home/robotica/Documents/Taller1/taller1_ws/install/turtle_bot_srv_12/local/lib/python3.10/dist-packages/turtle_bot_srv_12/turtle_bot_srv_12_s__rosidl_typesupport_fastrtps_c.cpython-310-x86_64-linux-gnu.so
[8.132s] Listing '/home/robotica/Documents/Taller1/taller1_ws/install/turtle_bot_srv_12/local/lib/python3.10/dist-packages/turtle_bot_srv_12'...
[8.133s] Listing '/home/robotica/Documents/Taller1/taller1_ws/install/turtle_bot_srv_12/local/lib/python3.10/dist-packages/turtle_bot_srv_12/msg'...
[8.133s] Listing '/home/robotica/Documents/Taller1/taller1_ws/install/turtle_bot_srv_12/local/lib/python3.10/dist-packages/turtle_bot_srv_12/srv'...
[8.149s] -- Up-to-date: /home/robotica/Documents/Taller1/taller1_ws/install/turtle_bot_srv_12/local/lib/python3.10/dist-packages/turtle_bot_srv_12/turtle_bot_srv_12_s__rosidl_typesupport_fastrtps_c.cpython-310-x86_64-linux-gnu.so
[8.163s] -- Up-to-date: /home/robotica/Documents/Taller1/taller1_ws/install/turtle_bot_srv_12/local/lib/python3.10/dist-packages/turtle_bot_srv_12/turtle_bot_srv_12_s__rosidl_typesupport_introspection_c.cpython-310-x86_64-linux-gnu.so
[8.183s] -- Up-to-date: /home/robotica/Documents/Taller1/taller1_ws/install/turtle_bot_srv_12/local/lib/python3.10/dist-packages/turtle_bot_srv_12/turtle_bot_srv_12_s__rosidl_typesupport_c.cpython-310-x86_64-linux-gnu.so
[8.186s] -- Up-to-date: /home/robotica/Documents/Taller1/taller1_ws/install/turtle_bot_srv_12/lib/libturtle_bot_srv_12__rosidl_generator_py.so
[8.187s] -- Up-to-date: /home/robotica/Documents/Taller1/taller1_ws/install/turtle_bot_srv_12/share/turtle_bot_srv_12/msg/String.idl
[8.187s] -- Up-to-date: /home/robotica/Documents/Taller1/taller1_ws/install/turtle_bot_srv_12/share/turtle_bot_srv_12/srv/ReadTxt.idl
[8.187s] -- Up-to-date: /home/robotica/Documents/Taller1/taller1_ws/install/turtle_bot_srv_12/share/turtle_bot_srv_12/msg/String.msg
[8.187s] -- Up-to-date: /home/robotica/Documents/Taller1/taller1_ws/install/turtle_bot_srv_12/share/turtle_bot_srv_12/srv/ReadTxt.srv
[8.188s] -- Up-to-date: /home/robotica/Documents/Taller1/taller1_ws/install/turtle_bot_srv_12/share/turtle_bot_srv_12/srv/ReadTxt_Request.msg
[8.188s] -- Up-to-date: /home/robotica/Documents/Taller1/taller1_ws/install/turtle_bot_srv_12/share/turtle_bot_srv_12/srv/ReadTxt_Response.msg
[8.188s] -- Up-to-date: /home/robotica/Documents/Taller1/taller1_ws/install/turtle_bot_srv_12/share/ament_index/resource_index/package_run_dependencies/turtle_bot_srv_12
[8.188s] -- Up-to-date: /home/robotica/Documents/Taller1/taller1_ws/install/turtle_bot_srv_12/share/ament_index/resource_index/parent_prefix_path/turtle_bot_srv_12
[8.188s] -- Up-to-date: /home/robotica/Documents/Taller1/taller1_ws/install/turtle_bot_srv_12/share/turtle_bot_srv_12/environment/ament_prefix_path.sh
[8.194s] -- Up-to-date: /home/robotica/Documents/Taller1/taller1_ws/install/turtle_bot_srv_12/share/turtle_bot_srv_12/environment/ament_prefix_path.dsv
[8.195s] -- Up-to-date: /home/robotica/Documents/Taller1/taller1_ws/install/turtle_bot_srv_12/share/turtle_bot_srv_12/environment/path.sh
[8.198s] -- Up-to-date: /home/robotica/Documents/Taller1/taller1_ws/install/turtle_bot_srv_12/share/turtle_bot_srv_12/environment/path.dsv
[8.199s] -- Up-to-date: /home/robotica/Documents/Taller1/taller1_ws/install/turtle_bot_srv_12/share/turtle_bot_srv_12/local_setup.bash
[8.200s] -- Up-to-date: /home/robotica/Documents/Taller1/taller1_ws/install/turtle_bot_srv_12/share/turtle_bot_srv_12/local_setup.sh
[8.200s] -- Up-to-date: /home/robotica/Documents/Taller1/taller1_ws/install/turtle_bot_srv_12/share/turtle_bot_srv_12/local_setup.zsh
[8.200s] -- Up-to-date: /home/robotica/Documents/Taller1/taller1_ws/install/turtle_bot_srv_12/share/turtle_bot_srv_12/local_setup.dsv
[8.201s] -- Installing: /home/robotica/Documents/Taller1/taller1_ws/install/turtle_bot_srv_12/share/turtle_bot_srv_12/package.dsv
[8.201s] -- Up-to-date: /home/robotica/Documents/Taller1/taller1_ws/install/turtle_bot_srv_12/share/ament_index/resource_index/packages/turtle_bot_srv_12
[8.201s] -- Up-to-date: /home/robotica/Documents/Taller1/taller1_ws/install/turtle_bot_srv_12/share/turtle_bot_srv_12/cmake/export_turtle_bot_srv_12__rosidl_generator_cExport.cmake
[8.202s] -- Up-to-date: /home/robotica/Documents/Taller1/taller1_ws/install/turtle_bot_srv_12/share/turtle_bot_srv_12/cmake/export_turtle_bot_srv_12__rosidl_generator_cExport-noconfig.cmake
[8.202s] -- Up-to-date: /home/robotica/Documents/Taller1/taller1_ws/install/turtle_bot_srv_12/share/turtle_bot_srv_12/cmake/export_turtle_bot_srv_12__rosidl_typesupport_fastrtps_cExport.cmake
[8.202s] -- Up-to-date: /home/robotica/Documents/Taller1/taller1_ws/install/turtle_bot_srv_12/share/turtle_bot_srv_12/cmake/export_turtle_bot_srv_12__rosidl_typesupport_fastrtps_cExport-noconfig.cmake
[8.203s] -- Up-to-date: /home/robotica/Documents/Taller1/taller1_ws/install/turtle_bot_srv_12/share/turtle_bot_srv_12/cmake/turtle_bot_srv_12__rosidl_typesupport_introspection_cExport.cmake
[8.205s] -- Up-to-date: /home/robotica/Documents/Taller1/taller1_ws/install/turtle_bot_srv_12/share/turtle_bot_srv_12/cmake/turtle_bot_srv_12__rosidl_typesupport_introspection_cExport-noconfig.cmake
[8.209s] -- Up-to-date: /home/robotica/Documents/Taller1/taller1_ws/install/turtle_bot_srv_12/share/turtle_bot_srv_12/cmake/turtle_bot_srv_12__rosidl_typesupport_cExport.cmake
[8.211s] -- Up-to-date: /home/robotica/Documents/Taller1/taller1_ws/install/turtle_bot_srv_12/share/turtle_bot_srv_12/cmake/turtle_bot_srv_12__rosidl_typesupport_cExport-noconfig.cmake
[8.238s] -- Up-to-date: /home/robotica/Documents/Taller1/taller1_ws/install/turtle_bot_srv_12/share/turtle_bot_srv_12/cmake/export_turtle_bot_srv_12__rosidl_generator_cppExport.cmake
[8.240s] -- Up-to-date: /home/robotica/Documents/Taller1/taller1_ws/install/turtle_bot_srv_12/share/turtle_bot_srv_12/cmake/export_turtle_bot_srv_12__rosidl_typesupport_fastrtps_cppExport.cmake
[8.246s] -- Up-to-date: /home/robotica/Documents/Taller1/taller1_ws/install/turtle_bot_srv_12/share/turtle_bot_srv_12/cmake/export_turtle_bot_srv_12__rosidl_typesupport_fastrtps_cppExport-noconfig.cmake
[8.247s] -- Up-to-date: /home/robotica/Documents/Taller1/taller1_ws/install/turtle_bot_srv_12/share/turtle_bot_srv_12/cmake/turtle_bot_srv_12__rosidl_typesupport_introspection_cppExport.cmake
[8.277s] -- Up-to-date: /home/robotica/Documents/Taller1/taller1_ws/install/turtle_bot_srv_12/share/turtle_bot_srv_12/cmake/turtle_bot_srv_12__rosidl_typesupport_introspection_cppExport-noconfig.cmake
[8.308s] -- Up-to-date: /home/robotica/Documents/Taller1/taller1_ws/install/turtle_bot_srv_12/share/turtle_bot_srv_12/cmake/turtle_bot_srv_12__rosidl_typesupport_cppExport.cmake
[8.318s] -- Up-to-date: /home/robotica/Documents/Taller1/taller1_ws/install/turtle_bot_srv_12/share/turtle_bot_srv_12/cmake/turtle_bot_srv_12__rosidl_typesupport_cppExport-noconfig.cmake
[8.321s] -- Up-to-date: /home/robotica/Documents/Taller1/taller1_ws/install/turtle_bot_srv_12/share/turtle_bot_srv_12/cmake/export_turtle_bot_srv_12__rosidl_generator_pyExport.cmake
[8.322s] -- Up-to-date: /home/robotica/Documents/Taller1/taller1_ws/install/turtle_bot_srv_12/share/turtle_bot_srv_12/cmake/export_turtle_bot_srv_12__rosidl_generator_pyExport-noconfig.cmake
[8.324s] -- Up-to-date: /home/robotica/Documents/Taller1/taller1_ws/install/turtle_bot_srv_12/share/turtle_bot_srv_12/cmake/rosidl_cmake-extras.cmake
[8.325s] -- Up-to-date: /home/robotica/Documents/Taller1/taller1_ws/install/turtle_bot_srv_12/share/turtle_bot_srv_12/cmake/ament_cmake_export_include_directories-extras.cmake
[8.329s] -- Up-to-date: /home/robotica/Documents/Taller1/taller1_ws/install/turtle_bot_srv_12/share/turtle_bot_srv_12/cmake/ament_cmake_export_libraries-extras.cmake
[8.332s] -- Up-to-date: /home/robotica/Documents/Taller1/taller1_ws/install/turtle_bot_srv_12/share/turtle_bot_srv_12/cmake/ament_cmake_export_targets-extras.cmake
[8.353s] -- Up-to-date: /home/robotica/Documents/Taller1/taller1_ws/install/turtle_bot_srv_12/share/turtle_bot_srv_12/cmake/rosidl_cmake_export_typesupport_targets-extras.cmake
[8.356s] -- Up-to-date: /home/robotica/Documents/Taller1/taller1_ws/install/turtle_bot_srv_12/share/turtle_bot_srv_12/cmake/ament_cmake_export_dependencies-extras.cmake
[8.358s] -- Up-to-date: /home/robotica/Documents/Taller1/taller1_ws/install/turtle_bot_srv_12/share/turtle_bot_srv_12/cmake/rosidl_cmake_export_typesupport_libraries-extras.cmake
[8.360s] -- Up-to-date: /home/robotica/Documents/Taller1/taller1_ws/install/turtle_bot_srv_12/share/turtle_bot_srv_12/cmake/turtle_bot_srv_12Config.cmake
[8.371s] -- Up-to-date: /home/robotica/Documents/Taller1/taller1_ws/install/turtle_bot_srv_12/share/turtle_bot_srv_12/cmake/turtle_bot_srv_12Config-version.cmake
[8.372s] -- Up-to-date: /home/robotica/Documents/Taller1/taller1_ws/install/turtle_bot_srv_12/share/turtle_bot_srv_12/package.xml
[8.373s] Invoked command in '/home/robotica/Documents/Taller1/taller1_ws/build/turtle_bot_srv_12' returned '0': CMAKE_PREFIX_PATH=${CMAKE_PREFIX_PATH}:/home/robotica/Documents/Taller1/taller1_ws/install/turtle_bot_12:/home/robotica/Documents/Taller1/taller1_ws/install/paquete_scr_servicios:/opt/ros/humble /usr/bin/cmake --install /home/robotica/Documents/Taller1/taller1_ws/build/turtle_bot_srv_12
