[1.337s] Invoking command in '/home/robotica/Documents/Taller1/taller1_ws/build/turtle_bot_srv_12': CMAKE_PREFIX_PATH=${CMAKE_PREFIX_PATH}:/home/robotica/Documents/Taller1/taller1_ws/install/turtle_bot_12:/home/robotica/Documents/Taller1/taller1_ws/install/paquete_scr_servicios:/opt/ros/humble /usr/bin/cmake --build /home/robotica/Documents/Taller1/taller1_ws/build/turtle_bot_srv_12 -- -j5 -l5
[1.734s] [  2%] Built target turtle_bot_srv_12__cpp
[1.821s] [ 12%] Built target turtle_bot_srv_12__rosidl_generator_c
[1.821s] [ 12%] Built target ament_cmake_python_copy_turtle_bot_srv_12
[1.998s] [ 23%] Built target turtle_bot_srv_12__rosidl_typesupport_cpp
[2.041s] [ 33%] Built target turtle_bot_srv_12__rosidl_typesupport_fastrtps_cpp
[2.116s] [ 43%] Built target turtle_bot_srv_12__rosidl_typesupport_introspection_cpp
[2.239s] [ 53%] Built target turtle_bot_srv_12__rosidl_typesupport_c
[2.250s] [ 64%] Built target turtle_bot_srv_12__rosidl_typesupport_introspection_c
[2.311s] [ 74%] Built target turtle_bot_srv_12__rosidl_typesupport_fastrtps_c
[2.424s] [ 74%] Built target turtle_bot_srv_12
[2.609s] [ 76%] Built target turtle_bot_srv_12__py
[2.743s] [ 84%] Built target turtle_bot_srv_12__rosidl_generator_py
[3.002s] [ 89%] Built target turtle_bot_srv_12__rosidl_typesupport_fastrtps_c__pyext
[3.025s] [ 94%] Built target turtle_bot_srv_12__rosidl_typesupport_introspection_c__pyext
[3.083s] [100%] Built target turtle_bot_srv_12__rosidl_typesupport_c__pyext
[3.476s] running egg_info
[3.481s] writing turtle_bot_srv_12.egg-info/PKG-INFO
[3.487s] writing dependency_links to turtle_bot_srv_12.egg-info/dependency_links.txt
[3.487s] writing top-level names to turtle_bot_srv_12.egg-info/top_level.txt
[3.526s] reading manifest file 'turtle_bot_srv_12.egg-info/SOURCES.txt'
[3.527s] writing manifest file 'turtle_bot_srv_12.egg-info/SOURCES.txt'
[3.637s] [100%] Built target ament_cmake_python_build_turtle_bot_srv_12_egg
[3.768s] Invoked command in '/home/robotica/Documents/Taller1/taller1_ws/build/turtle_bot_srv_12' returned '0': CMAKE_PREFIX_PATH=${CMAKE_PREFIX_PATH}:/home/robotica/Documents/Taller1/taller1_ws/install/turtle_bot_12:/home/robotica/Documents/Taller1/taller1_ws/install/paquete_scr_servicios:/opt/ros/humble /usr/bin/cmake --build /home/robotica/Documents/Taller1/taller1_ws/build/turtle_bot_srv_12 -- -j5 -l5
[5.373s] Invoking command in '/home/robotica/Documents/Taller1/taller1_ws/build/turtle_bot_srv_12': CMAKE_PREFIX_PATH=${CMAKE_PREFIX_PATH}:/home/robotica/Documents/Taller1/taller1_ws/install/turtle_bot_12:/home/robotica/Documents/Taller1/taller1_ws/install/paquete_scr_servicios:/opt/ros/humble /usr/bin/cmake --install /home/robotica/Documents/Taller1/taller1_ws/build/turtle_bot_srv_12
[5.428s] -- Install configuration: ""
[5.461s] -- Up-to-date: /home/robotica/Documents/Taller1/taller1_ws/install/turtle_bot_srv_12/share/ament_index/resource_index/rosidl_interfaces/turtle_bot_srv_12
[5.461s] -- Up-to-date: /home/robotica/Documents/Taller1/taller1_ws/install/turtle_bot_srv_12/include/turtle_bot_srv_12/turtle_bot_srv_12
[5.462s] -- Up-to-date: /home/robotica/Documents/Taller1/taller1_ws/install/turtle_bot_srv_12/include/turtle_bot_srv_12/turtle_bot_srv_12/srv
[5.462s] -- Up-to-date: /home/robotica/Documents/Taller1/taller1_ws/install/turtle_bot_srv_12/include/turtle_bot_srv_12/turtle_bot_srv_12/srv/detail
[5.462s] -- Up-to-date: /home/robotica/Documents/Taller1/taller1_ws/install/turtle_bot_srv_12/include/turtle_bot_srv_12/turtle_bot_srv_12/srv/detail/read_txt__functions.h
[5.462s] -- Up-to-date: /home/robotica/Documents/Taller1/taller1_ws/install/turtle_bot_srv_12/include/turtle_bot_srv_12/turtle_bot_srv_12/srv/detail/read_txt__functions.c
[5.463s] -- Up-to-date: /home/robotica/Documents/Taller1/taller1_ws/install/turtle_bot_srv_12/include/turtle_bot_srv_12/turtle_bot_srv_12/srv/detail/read_txt__type_support.h
[5.463s] -- Up-to-date: /home/robotica/Documents/Taller1/taller1_ws/install/turtle_bot_srv_12/include/turtle_bot_srv_12/turtle_bot_srv_12/srv/detail/read_txt__struct.h
[5.464s] -- Up-to-date: /home/robotica/Documents/Taller1/taller1_ws/install/turtle_bot_srv_12/include/turtle_bot_srv_12/turtle_bot_srv_12/srv/read_txt.h
[5.465s] -- Up-to-date: /home/robotica/Documents/Taller1/taller1_ws/install/turtle_bot_srv_12/include/turtle_bot_srv_12/turtle_bot_srv_12/msg
[5.466s] -- Up-to-date: /home/robotica/Documents/Taller1/taller1_ws/install/turtle_bot_srv_12/include/turtle_bot_srv_12/turtle_bot_srv_12/msg/detail
[5.467s] -- Up-to-date: /home/robotica/Documents/Taller1/taller1_ws/install/turtle_bot_srv_12/include/turtle_bot_srv_12/turtle_bot_srv_12/msg/detail/string__functions.h
[5.468s] -- Up-to-date: /home/robotica/Documents/Taller1/taller1_ws/install/turtle_bot_srv_12/include/turtle_bot_srv_12/turtle_bot_srv_12/msg/detail/string__functions.c
[5.468s] -- Up-to-date: /home/robotica/Documents/Taller1/taller1_ws/install/turtle_bot_srv_12/include/turtle_bot_srv_12/turtle_bot_srv_12/msg/detail/string__struct.h
[5.469s] -- Up-to-date: /home/robotica/Documents/Taller1/taller1_ws/install/turtle_bot_srv_12/include/turtle_bot_srv_12/turtle_bot_srv_12/msg/detail/string__type_support.h
[5.492s] -- Up-to-date: /home/robotica/Documents/Taller1/taller1_ws/install/turtle_bot_srv_12/include/turtle_bot_srv_12/turtle_bot_srv_12/msg/string.h
[5.494s] -- Up-to-date: /home/robotica/Documents/Taller1/taller1_ws/install/turtle_bot_srv_12/include/turtle_bot_srv_12/turtle_bot_srv_12/msg/rosidl_generator_c__visibility_control.h
[5.494s] -- Up-to-date: /home/robotica/Documents/Taller1/taller1_ws/install/turtle_bot_srv_12/share/turtle_bot_srv_12/environment/library_path.sh
[5.494s] -- Up-to-date: /home/robotica/Documents/Taller1/taller1_ws/install/turtle_bot_srv_12/share/turtle_bot_srv_12/environment/library_path.dsv
[5.495s] -- Up-to-date: /home/robotica/Documents/Taller1/taller1_ws/install/turtle_bot_srv_12/lib/libturtle_bot_srv_12__rosidl_generator_c.so
[5.496s] -- Up-to-date: /home/robotica/Documents/Taller1/taller1_ws/install/turtle_bot_srv_12/include/turtle_bot_srv_12/turtle_bot_srv_12
[5.496s] -- Up-to-date: /home/robotica/Documents/Taller1/taller1_ws/install/turtle_bot_srv_12/include/turtle_bot_srv_12/turtle_bot_srv_12/srv
[5.497s] -- Up-to-date: /home/robotica/Documents/Taller1/taller1_ws/install/turtle_bot_srv_12/include/turtle_bot_srv_12/turtle_bot_srv_12/srv/detail
[5.497s] -- Up-to-date: /home/robotica/Documents/Taller1/taller1_ws/install/turtle_bot_srv_12/include/turtle_bot_srv_12/turtle_bot_srv_12/srv/detail/read_txt__rosidl_typesupport_fastrtps_c.h
[5.501s] -- Up-to-date: /home/robotica/Documents/Taller1/taller1_ws/install/turtle_bot_srv_12/include/turtle_bot_srv_12/turtle_bot_srv_12/msg
[5.501s] -- Up-to-date: /home/robotica/Documents/Taller1/taller1_ws/install/turtle_bot_srv_12/include/turtle_bot_srv_12/turtle_bot_srv_12/msg/detail
[5.501s] -- Up-to-date: /home/robotica/Documents/Taller1/taller1_ws/install/turtle_bot_srv_12/include/turtle_bot_srv_12/turtle_bot_srv_12/msg/detail/string__rosidl_typesupport_fastrtps_c.h
[5.521s] -- Up-to-date: /home/robotica/Documents/Taller1/taller1_ws/install/turtle_bot_srv_12/include/turtle_bot_srv_12/turtle_bot_srv_12/msg/rosidl_typesupport_fastrtps_c__visibility_control.h
[5.522s] -- Up-to-date: /home/robotica/Documents/Taller1/taller1_ws/install/turtle_bot_srv_12/lib/libturtle_bot_srv_12__rosidl_typesupport_fastrtps_c.so
[5.523s] -- Up-to-date: /home/robotica/Documents/Taller1/taller1_ws/install/turtle_bot_srv_12/include/turtle_bot_srv_12/turtle_bot_srv_12
[5.523s] -- Up-to-date: /home/robotica/Documents/Taller1/taller1_ws/install/turtle_bot_srv_12/include/turtle_bot_srv_12/turtle_bot_srv_12/srv
[5.523s] -- Up-to-date: /home/robotica/Documents/Taller1/taller1_ws/install/turtle_bot_srv_12/include/turtle_bot_srv_12/turtle_bot_srv_12/srv/detail
[5.523s] -- Up-to-date: /home/robotica/Documents/Taller1/taller1_ws/install/turtle_bot_srv_12/include/turtle_bot_srv_12/turtle_bot_srv_12/srv/detail/read_txt__rosidl_typesupport_introspection_c.h
[5.523s] -- Up-to-date: /home/robotica/Documents/Taller1/taller1_ws/install/turtle_bot_srv_12/include/turtle_bot_srv_12/turtle_bot_srv_12/srv/detail/read_txt__type_support.c
[5.523s] -- Up-to-date: /home/robotica/Documents/Taller1/taller1_ws/install/turtle_bot_srv_12/include/turtle_bot_srv_12/turtle_bot_srv_12/msg
[5.524s] -- Up-to-date: /home/robotica/Documents/Taller1/taller1_ws/install/turtle_bot_srv_12/include/turtle_bot_srv_12/turtle_bot_srv_12/msg/detail
[5.524s] -- Up-to-date: /home/robotica/Documents/Taller1/taller1_ws/install/turtle_bot_srv_12/include/turtle_bot_srv_12/turtle_bot_srv_12/msg/detail/string__rosidl_typesupport_introspection_c.h
[5.524s] -- Up-to-date: /home/robotica/Documents/Taller1/taller1_ws/install/turtle_bot_srv_12/include/turtle_bot_srv_12/turtle_bot_srv_12/msg/detail/string__type_support.c
[5.524s] -- Up-to-date: /home/robotica/Documents/Taller1/taller1_ws/install/turtle_bot_srv_12/include/turtle_bot_srv_12/turtle_bot_srv_12/msg/rosidl_typesupport_introspection_c__visibility_control.h
[5.524s] -- Up-to-date: /home/robotica/Documents/Taller1/taller1_ws/install/turtle_bot_srv_12/lib/libturtle_bot_srv_12__rosidl_typesupport_introspection_c.so
[5.524s] -- Up-to-date: /home/robotica/Documents/Taller1/taller1_ws/install/turtle_bot_srv_12/lib/libturtle_bot_srv_12__rosidl_typesupport_c.so
[5.525s] -- Up-to-date: /home/robotica/Documents/Taller1/taller1_ws/install/turtle_bot_srv_12/include/turtle_bot_srv_12/turtle_bot_srv_12
[5.541s] -- Up-to-date: /home/robotica/Documents/Taller1/taller1_ws/install/turtle_bot_srv_12/include/turtle_bot_srv_12/turtle_bot_srv_12/srv
[5.542s] -- Up-to-date: /home/robotica/Documents/Taller1/taller1_ws/install/turtle_bot_srv_12/include/turtle_bot_srv_12/turtle_bot_srv_12/srv/detail
[5.542s] -- Up-to-date: /home/robotica/Documents/Taller1/taller1_ws/install/turtle_bot_srv_12/include/turtle_bot_srv_12/turtle_bot_srv_12/srv/detail/read_txt__struct.hpp
[5.542s] -- Up-to-date: /home/robotica/Documents/Taller1/taller1_ws/install/turtle_bot_srv_12/include/turtle_bot_srv_12/turtle_bot_srv_12/srv/detail/read_txt__traits.hpp
[5.542s] -- Up-to-date: /home/robotica/Documents/Taller1/taller1_ws/install/turtle_bot_srv_12/include/turtle_bot_srv_12/turtle_bot_srv_12/srv/detail/read_txt__builder.hpp
[5.542s] -- Up-to-date: /home/robotica/Documents/Taller1/taller1_ws/install/turtle_bot_srv_12/include/turtle_bot_srv_12/turtle_bot_srv_12/srv/read_txt.hpp
[5.543s] -- Up-to-date: /home/robotica/Documents/Taller1/taller1_ws/install/turtle_bot_srv_12/include/turtle_bot_srv_12/turtle_bot_srv_12/msg
[5.544s] -- Up-to-date: /home/robotica/Documents/Taller1/taller1_ws/install/turtle_bot_srv_12/include/turtle_bot_srv_12/turtle_bot_srv_12/msg/detail
[5.544s] -- Up-to-date: /home/robotica/Documents/Taller1/taller1_ws/install/turtle_bot_srv_12/include/turtle_bot_srv_12/turtle_bot_srv_12/msg/detail/string__traits.hpp
[5.544s] -- Up-to-date: /home/robotica/Documents/Taller1/taller1_ws/install/turtle_bot_srv_12/include/turtle_bot_srv_12/turtle_bot_srv_12/msg/detail/string__builder.hpp
[5.544s] -- Up-to-date: /home/robotica/Documents/Taller1/taller1_ws/install/turtle_bot_srv_12/include/turtle_bot_srv_12/turtle_bot_srv_12/msg/detail/string__struct.hpp
[5.545s] -- Up-to-date: /home/robotica/Documents/Taller1/taller1_ws/install/turtle_bot_srv_12/include/turtle_bot_srv_12/turtle_bot_srv_12/msg/string.hpp
[5.545s] -- Up-to-date: /home/robotica/Documents/Taller1/taller1_ws/install/turtle_bot_srv_12/include/turtle_bot_srv_12/turtle_bot_srv_12
[5.545s] -- Up-to-date: /home/robotica/Documents/Taller1/taller1_ws/install/turtle_bot_srv_12/include/turtle_bot_srv_12/turtle_bot_srv_12/srv
[5.545s] -- Up-to-date: /home/robotica/Documents/Taller1/taller1_ws/install/turtle_bot_srv_12/include/turtle_bot_srv_12/turtle_bot_srv_12/srv/detail
[5.545s] -- Up-to-date: /home/robotica/Documents/Taller1/taller1_ws/install/turtle_bot_srv_12/include/turtle_bot_srv_12/turtle_bot_srv_12/srv/detail/read_txt__rosidl_typesupport_fastrtps_cpp.hpp
[5.545s] -- Up-to-date: /home/robotica/Documents/Taller1/taller1_ws/install/turtle_bot_srv_12/include/turtle_bot_srv_12/turtle_bot_srv_12/srv/detail/dds_fastrtps
[5.546s] -- Up-to-date: /home/robotica/Documents/Taller1/taller1_ws/install/turtle_bot_srv_12/include/turtle_bot_srv_12/turtle_bot_srv_12/msg
[5.546s] -- Up-to-date: /home/robotica/Documents/Taller1/taller1_ws/install/turtle_bot_srv_12/include/turtle_bot_srv_12/turtle_bot_srv_12/msg/detail
[5.546s] -- Up-to-date: /home/robotica/Documents/Taller1/taller1_ws/install/turtle_bot_srv_12/include/turtle_bot_srv_12/turtle_bot_srv_12/msg/detail/string__rosidl_typesupport_fastrtps_cpp.hpp
[5.546s] -- Up-to-date: /home/robotica/Documents/Taller1/taller1_ws/install/turtle_bot_srv_12/include/turtle_bot_srv_12/turtle_bot_srv_12/msg/detail/dds_fastrtps
[5.547s] -- Up-to-date: /home/robotica/Documents/Taller1/taller1_ws/install/turtle_bot_srv_12/include/turtle_bot_srv_12/turtle_bot_srv_12/msg/rosidl_typesupport_fastrtps_cpp__visibility_control.h
[5.559s] -- Up-to-date: /home/robotica/Documents/Taller1/taller1_ws/install/turtle_bot_srv_12/lib/libturtle_bot_srv_12__rosidl_typesupport_fastrtps_cpp.so
[5.579s] -- Up-to-date: /home/robotica/Documents/Taller1/taller1_ws/install/turtle_bot_srv_12/include/turtle_bot_srv_12/turtle_bot_srv_12
[5.579s] -- Up-to-date: /home/robotica/Documents/Taller1/taller1_ws/install/turtle_bot_srv_12/include/turtle_bot_srv_12/turtle_bot_srv_12/srv
[5.579s] -- Up-to-date: /home/robotica/Documents/Taller1/taller1_ws/install/turtle_bot_srv_12/include/turtle_bot_srv_12/turtle_bot_srv_12/srv/detail
[5.579s] -- Up-to-date: /home/robotica/Documents/Taller1/taller1_ws/install/turtle_bot_srv_12/include/turtle_bot_srv_12/turtle_bot_srv_12/srv/detail/read_txt__type_support.cpp
[5.579s] -- Up-to-date: /home/robotica/Documents/Taller1/taller1_ws/install/turtle_bot_srv_12/include/turtle_bot_srv_12/turtle_bot_srv_12/srv/detail/read_txt__rosidl_typesupport_introspection_cpp.hpp
[5.580s] -- Up-to-date: /home/robotica/Documents/Taller1/taller1_ws/install/turtle_bot_srv_12/include/turtle_bot_srv_12/turtle_bot_srv_12/msg
[5.580s] -- Up-to-date: /home/robotica/Documents/Taller1/taller1_ws/install/turtle_bot_srv_12/include/turtle_bot_srv_12/turtle_bot_srv_12/msg/detail
[5.581s] -- Up-to-date: /home/robotica/Documents/Taller1/taller1_ws/install/turtle_bot_srv_12/include/turtle_bot_srv_12/turtle_bot_srv_12/msg/detail/string__rosidl_typesupport_introspection_cpp.hpp
[5.581s] -- Up-to-date: /home/robotica/Documents/Taller1/taller1_ws/install/turtle_bot_srv_12/include/turtle_bot_srv_12/turtle_bot_srv_12/msg/detail/string__type_support.cpp
[5.581s] -- Up-to-date: /home/robotica/Documents/Taller1/taller1_ws/install/turtle_bot_srv_12/lib/libturtle_bot_srv_12__rosidl_typesupport_introspection_cpp.so
[5.581s] -- Up-to-date: /home/robotica/Documents/Taller1/taller1_ws/install/turtle_bot_srv_12/lib/libturtle_bot_srv_12__rosidl_typesupport_cpp.so
[5.582s] -- Up-to-date: /home/robotica/Documents/Taller1/taller1_ws/install/turtle_bot_srv_12/share/turtle_bot_srv_12/environment/pythonpath.sh
[5.582s] -- Up-to-date: /home/robotica/Documents/Taller1/taller1_ws/install/turtle_bot_srv_12/share/turtle_bot_srv_12/environment/pythonpath.dsv
[5.582s] -- Up-to-date: /home/robotica/Documents/Taller1/taller1_ws/install/turtle_bot_srv_12/local/lib/python3.10/dist-packages/turtle_bot_srv_12-0.0.0-py3.10.egg-info
[5.582s] -- Installing: /home/robotica/Documents/Taller1/taller1_ws/install/turtle_bot_srv_12/local/lib/python3.10/dist-packages/turtle_bot_srv_12-0.0.0-py3.10.egg-info/SOURCES.txt
[5.583s] -- Installing: /home/robotica/Documents/Taller1/taller1_ws/install/turtle_bot_srv_12/local/lib/python3.10/dist-packages/turtle_bot_srv_12-0.0.0-py3.10.egg-info/PKG-INFO
[5.583s] -- Installing: /home/robotica/Documents/Taller1/taller1_ws/install/turtle_bot_srv_12/local/lib/python3.10/dist-packages/turtle_bot_srv_12-0.0.0-py3.10.egg-info/dependency_links.txt
[5.583s] -- Installing: /home/robotica/Documents/Taller1/taller1_ws/install/turtle_bot_srv_12/local/lib/python3.10/dist-packages/turtle_bot_srv_12-0.0.0-py3.10.egg-info/top_level.txt
[5.583s] -- Up-to-date: /home/robotica/Documents/Taller1/taller1_ws/install/turtle_bot_srv_12/local/lib/python3.10/dist-packages/turtle_bot_srv_12
[5.584s] -- Up-to-date: /home/robotica/Documents/Taller1/taller1_ws/install/turtle_bot_srv_12/local/lib/python3.10/dist-packages/turtle_bot_srv_12/_turtle_bot_srv_12_s.ep.rosidl_typesupport_fastrtps_c.c
[5.584s] -- Up-to-date: /home/robotica/Documents/Taller1/taller1_ws/install/turtle_bot_srv_12/local/lib/python3.10/dist-packages/turtle_bot_srv_12/turtle_bot_srv_12_s__rosidl_typesupport_c.cpython-310-x86_64-linux-gnu.so
[5.584s] -- Up-to-date: /home/robotica/Documents/Taller1/taller1_ws/install/turtle_bot_srv_12/local/lib/python3.10/dist-packages/turtle_bot_srv_12/srv
[5.585s] -- Up-to-date: /home/robotica/Documents/Taller1/taller1_ws/install/turtle_bot_srv_12/local/lib/python3.10/dist-packages/turtle_bot_srv_12/srv/_read_txt.py
[5.585s] -- Up-to-date: /home/robotica/Documents/Taller1/taller1_ws/install/turtle_bot_srv_12/local/lib/python3.10/dist-packages/turtle_bot_srv_12/srv/_read_txt_s.c
[5.586s] -- Up-to-date: /home/robotica/Documents/Taller1/taller1_ws/install/turtle_bot_srv_12/local/lib/python3.10/dist-packages/turtle_bot_srv_12/srv/__init__.py
[5.587s] -- Up-to-date: /home/robotica/Documents/Taller1/taller1_ws/install/turtle_bot_srv_12/local/lib/python3.10/dist-packages/turtle_bot_srv_12/_turtle_bot_srv_12_s.ep.rosidl_typesupport_c.c
[5.587s] -- Up-to-date: /home/robotica/Documents/Taller1/taller1_ws/install/turtle_bot_srv_12/local/lib/python3.10/dist-packages/turtle_bot_srv_12/libturtle_bot_srv_12__rosidl_generator_py.so
[5.589s] -- Up-to-date: /home/robotica/Documents/Taller1/taller1_ws/install/turtle_bot_srv_12/local/lib/python3.10/dist-packages/turtle_bot_srv_12/turtle_bot_srv_12_s__rosidl_typesupport_introspection_c.cpython-310-x86_64-linux-gnu.so
[5.589s] -- Up-to-date: /home/robotica/Documents/Taller1/taller1_ws/install/turtle_bot_srv_12/local/lib/python3.10/dist-packages/turtle_bot_srv_12/_turtle_bot_srv_12_s.ep.rosidl_typesupport_introspection_c.c
[5.589s] -- Up-to-date: /home/robotica/Documents/Taller1/taller1_ws/install/turtle_bot_srv_12/local/lib/python3.10/dist-packages/turtle_bot_srv_12/msg
[5.589s] -- Up-to-date: /home/robotica/Documents/Taller1/taller1_ws/install/turtle_bot_srv_12/local/lib/python3.10/dist-packages/turtle_bot_srv_12/msg/_string.py
[5.590s] -- Up-to-date: /home/robotica/Documents/Taller1/taller1_ws/install/turtle_bot_srv_12/local/lib/python3.10/dist-packages/turtle_bot_srv_12/msg/__init__.py
[5.590s] -- Up-to-date: /home/robotica/Documents/Taller1/taller1_ws/install/turtle_bot_srv_12/local/lib/python3.10/dist-packages/turtle_bot_srv_12/msg/_string_s.c
[5.590s] -- Up-to-date: /home/robotica/Documents/Taller1/taller1_ws/install/turtle_bot_srv_12/local/lib/python3.10/dist-packages/turtle_bot_srv_12/__init__.py
[5.591s] -- Up-to-date: /home/robotica/Documents/Taller1/taller1_ws/install/turtle_bot_srv_12/local/lib/python3.10/dist-packages/turtle_bot_srv_12/turtle_bot_srv_12_s__rosidl_typesupport_fastrtps_c.cpython-310-x86_64-linux-gnu.so
[5.633s] Listing '/home/robotica/Documents/Taller1/taller1_ws/install/turtle_bot_srv_12/local/lib/python3.10/dist-packages/turtle_bot_srv_12'...
[5.633s] Listing '/home/robotica/Documents/Taller1/taller1_ws/install/turtle_bot_srv_12/local/lib/python3.10/dist-packages/turtle_bot_srv_12/msg'...
[5.633s] Listing '/home/robotica/Documents/Taller1/taller1_ws/install/turtle_bot_srv_12/local/lib/python3.10/dist-packages/turtle_bot_srv_12/srv'...
[5.660s] -- Up-to-date: /home/robotica/Documents/Taller1/taller1_ws/install/turtle_bot_srv_12/local/lib/python3.10/dist-packages/turtle_bot_srv_12/turtle_bot_srv_12_s__rosidl_typesupport_fastrtps_c.cpython-310-x86_64-linux-gnu.so
[5.661s] -- Up-to-date: /home/robotica/Documents/Taller1/taller1_ws/install/turtle_bot_srv_12/local/lib/python3.10/dist-packages/turtle_bot_srv_12/turtle_bot_srv_12_s__rosidl_typesupport_introspection_c.cpython-310-x86_64-linux-gnu.so
[5.662s] -- Up-to-date: /home/robotica/Documents/Taller1/taller1_ws/install/turtle_bot_srv_12/local/lib/python3.10/dist-packages/turtle_bot_srv_12/turtle_bot_srv_12_s__rosidl_typesupport_c.cpython-310-x86_64-linux-gnu.so
[5.675s] -- Up-to-date: /home/robotica/Documents/Taller1/taller1_ws/install/turtle_bot_srv_12/lib/libturtle_bot_srv_12__rosidl_generator_py.so
[5.697s] -- Up-to-date: /home/robotica/Documents/Taller1/taller1_ws/install/turtle_bot_srv_12/share/turtle_bot_srv_12/msg/String.idl
[5.700s] -- Up-to-date: /home/robotica/Documents/Taller1/taller1_ws/install/turtle_bot_srv_12/share/turtle_bot_srv_12/srv/ReadTxt.idl
[5.700s] -- Up-to-date: /home/robotica/Documents/Taller1/taller1_ws/install/turtle_bot_srv_12/share/turtle_bot_srv_12/msg/String.msg
[5.701s] -- Up-to-date: /home/robotica/Documents/Taller1/taller1_ws/install/turtle_bot_srv_12/share/turtle_bot_srv_12/srv/ReadTxt.srv
[5.701s] -- Up-to-date: /home/robotica/Documents/Taller1/taller1_ws/install/turtle_bot_srv_12/share/turtle_bot_srv_12/srv/ReadTxt_Request.msg
[5.701s] -- Up-to-date: /home/robotica/Documents/Taller1/taller1_ws/install/turtle_bot_srv_12/share/turtle_bot_srv_12/srv/ReadTxt_Response.msg
[5.701s] -- Up-to-date: /home/robotica/Documents/Taller1/taller1_ws/install/turtle_bot_srv_12/share/ament_index/resource_index/package_run_dependencies/turtle_bot_srv_12
[5.702s] -- Up-to-date: /home/robotica/Documents/Taller1/taller1_ws/install/turtle_bot_srv_12/share/ament_index/resource_index/parent_prefix_path/turtle_bot_srv_12
[5.702s] -- Up-to-date: /home/robotica/Documents/Taller1/taller1_ws/install/turtle_bot_srv_12/share/turtle_bot_srv_12/environment/ament_prefix_path.sh
[5.702s] -- Up-to-date: /home/robotica/Documents/Taller1/taller1_ws/install/turtle_bot_srv_12/share/turtle_bot_srv_12/environment/ament_prefix_path.dsv
[5.703s] -- Up-to-date: /home/robotica/Documents/Taller1/taller1_ws/install/turtle_bot_srv_12/share/turtle_bot_srv_12/environment/path.sh
[5.703s] -- Up-to-date: /home/robotica/Documents/Taller1/taller1_ws/install/turtle_bot_srv_12/share/turtle_bot_srv_12/environment/path.dsv
[5.703s] -- Up-to-date: /home/robotica/Documents/Taller1/taller1_ws/install/turtle_bot_srv_12/share/turtle_bot_srv_12/local_setup.bash
[5.703s] -- Up-to-date: /home/robotica/Documents/Taller1/taller1_ws/install/turtle_bot_srv_12/share/turtle_bot_srv_12/local_setup.sh
[5.705s] -- Up-to-date: /home/robotica/Documents/Taller1/taller1_ws/install/turtle_bot_srv_12/share/turtle_bot_srv_12/local_setup.zsh
[5.706s] -- Up-to-date: /home/robotica/Documents/Taller1/taller1_ws/install/turtle_bot_srv_12/share/turtle_bot_srv_12/local_setup.dsv
[5.707s] -- Installing: /home/robotica/Documents/Taller1/taller1_ws/install/turtle_bot_srv_12/share/turtle_bot_srv_12/package.dsv
[5.716s] -- Up-to-date: /home/robotica/Documents/Taller1/taller1_ws/install/turtle_bot_srv_12/share/ament_index/resource_index/packages/turtle_bot_srv_12
[5.716s] -- Up-to-date: /home/robotica/Documents/Taller1/taller1_ws/install/turtle_bot_srv_12/share/turtle_bot_srv_12/cmake/export_turtle_bot_srv_12__rosidl_generator_cExport.cmake
[5.717s] -- Up-to-date: /home/robotica/Documents/Taller1/taller1_ws/install/turtle_bot_srv_12/share/turtle_bot_srv_12/cmake/export_turtle_bot_srv_12__rosidl_generator_cExport-noconfig.cmake
[5.717s] -- Up-to-date: /home/robotica/Documents/Taller1/taller1_ws/install/turtle_bot_srv_12/share/turtle_bot_srv_12/cmake/export_turtle_bot_srv_12__rosidl_typesupport_fastrtps_cExport.cmake
[5.719s] -- Up-to-date: /home/robotica/Documents/Taller1/taller1_ws/install/turtle_bot_srv_12/share/turtle_bot_srv_12/cmake/export_turtle_bot_srv_12__rosidl_typesupport_fastrtps_cExport-noconfig.cmake
[5.720s] -- Up-to-date: /home/robotica/Documents/Taller1/taller1_ws/install/turtle_bot_srv_12/share/turtle_bot_srv_12/cmake/turtle_bot_srv_12__rosidl_typesupport_introspection_cExport.cmake
[5.720s] -- Up-to-date: /home/robotica/Documents/Taller1/taller1_ws/install/turtle_bot_srv_12/share/turtle_bot_srv_12/cmake/turtle_bot_srv_12__rosidl_typesupport_introspection_cExport-noconfig.cmake
[5.768s] -- Up-to-date: /home/robotica/Documents/Taller1/taller1_ws/install/turtle_bot_srv_12/share/turtle_bot_srv_12/cmake/turtle_bot_srv_12__rosidl_typesupport_cExport.cmake
[5.768s] -- Up-to-date: /home/robotica/Documents/Taller1/taller1_ws/install/turtle_bot_srv_12/share/turtle_bot_srv_12/cmake/turtle_bot_srv_12__rosidl_typesupport_cExport-noconfig.cmake
[5.769s] -- Up-to-date: /home/robotica/Documents/Taller1/taller1_ws/install/turtle_bot_srv_12/share/turtle_bot_srv_12/cmake/export_turtle_bot_srv_12__rosidl_generator_cppExport.cmake
[5.771s] -- Up-to-date: /home/robotica/Documents/Taller1/taller1_ws/install/turtle_bot_srv_12/share/turtle_bot_srv_12/cmake/export_turtle_bot_srv_12__rosidl_typesupport_fastrtps_cppExport.cmake
[5.771s] -- Up-to-date: /home/robotica/Documents/Taller1/taller1_ws/install/turtle_bot_srv_12/share/turtle_bot_srv_12/cmake/export_turtle_bot_srv_12__rosidl_typesupport_fastrtps_cppExport-noconfig.cmake
[5.771s] -- Up-to-date: /home/robotica/Documents/Taller1/taller1_ws/install/turtle_bot_srv_12/share/turtle_bot_srv_12/cmake/turtle_bot_srv_12__rosidl_typesupport_introspection_cppExport.cmake
[5.771s] -- Up-to-date: /home/robotica/Documents/Taller1/taller1_ws/install/turtle_bot_srv_12/share/turtle_bot_srv_12/cmake/turtle_bot_srv_12__rosidl_typesupport_introspection_cppExport-noconfig.cmake
[5.772s] -- Up-to-date: /home/robotica/Documents/Taller1/taller1_ws/install/turtle_bot_srv_12/share/turtle_bot_srv_12/cmake/turtle_bot_srv_12__rosidl_typesupport_cppExport.cmake
[5.772s] -- Up-to-date: /home/robotica/Documents/Taller1/taller1_ws/install/turtle_bot_srv_12/share/turtle_bot_srv_12/cmake/turtle_bot_srv_12__rosidl_typesupport_cppExport-noconfig.cmake
[5.773s] -- Up-to-date: /home/robotica/Documents/Taller1/taller1_ws/install/turtle_bot_srv_12/share/turtle_bot_srv_12/cmake/export_turtle_bot_srv_12__rosidl_generator_pyExport.cmake
[5.774s] -- Up-to-date: /home/robotica/Documents/Taller1/taller1_ws/install/turtle_bot_srv_12/share/turtle_bot_srv_12/cmake/export_turtle_bot_srv_12__rosidl_generator_pyExport-noconfig.cmake
[5.774s] -- Up-to-date: /home/robotica/Documents/Taller1/taller1_ws/install/turtle_bot_srv_12/share/turtle_bot_srv_12/cmake/rosidl_cmake-extras.cmake
[5.774s] -- Up-to-date: /home/robotica/Documents/Taller1/taller1_ws/install/turtle_bot_srv_12/share/turtle_bot_srv_12/cmake/ament_cmake_export_include_directories-extras.cmake
[5.775s] -- Up-to-date: /home/robotica/Documents/Taller1/taller1_ws/install/turtle_bot_srv_12/share/turtle_bot_srv_12/cmake/ament_cmake_export_libraries-extras.cmake
[5.775s] -- Up-to-date: /home/robotica/Documents/Taller1/taller1_ws/install/turtle_bot_srv_12/share/turtle_bot_srv_12/cmake/ament_cmake_export_targets-extras.cmake
[5.775s] -- Up-to-date: /home/robotica/Documents/Taller1/taller1_ws/install/turtle_bot_srv_12/share/turtle_bot_srv_12/cmake/rosidl_cmake_export_typesupport_targets-extras.cmake
[5.776s] -- Up-to-date: /home/robotica/Documents/Taller1/taller1_ws/install/turtle_bot_srv_12/share/turtle_bot_srv_12/cmake/ament_cmake_export_dependencies-extras.cmake
[5.776s] -- Up-to-date: /home/robotica/Documents/Taller1/taller1_ws/install/turtle_bot_srv_12/share/turtle_bot_srv_12/cmake/rosidl_cmake_export_typesupport_libraries-extras.cmake
[5.777s] -- Up-to-date: /home/robotica/Documents/Taller1/taller1_ws/install/turtle_bot_srv_12/share/turtle_bot_srv_12/cmake/turtle_bot_srv_12Config.cmake
[5.778s] -- Up-to-date: /home/robotica/Documents/Taller1/taller1_ws/install/turtle_bot_srv_12/share/turtle_bot_srv_12/cmake/turtle_bot_srv_12Config-version.cmake
[5.778s] -- Up-to-date: /home/robotica/Documents/Taller1/taller1_ws/install/turtle_bot_srv_12/share/turtle_bot_srv_12/package.xml
[5.778s] Invoked command in '/home/robotica/Documents/Taller1/taller1_ws/build/turtle_bot_srv_12' returned '0': CMAKE_PREFIX_PATH=${CMAKE_PREFIX_PATH}:/home/robotica/Documents/Taller1/taller1_ws/install/turtle_bot_12:/home/robotica/Documents/Taller1/taller1_ws/install/paquete_scr_servicios:/opt/ros/humble /usr/bin/cmake --install /home/robotica/Documents/Taller1/taller1_ws/build/turtle_bot_srv_12
