[0.112s] Invoking command in '/home/robotica/Documents/Taller1/taller1_ws/build/example_interfaces': CMAKE_PREFIX_PATH=${CMAKE_PREFIX_PATH}:/home/robotica/Documents/Taller1/taller1_ws/install/turtle_bot_12:/home/robotica/Documents/Taller1/taller1_ws/install/paquete_scr_servicios:/opt/ros/humble /usr/bin/cmake --build /home/robotica/Documents/Taller1/taller1_ws/build/example_interfaces -- -j5 -l5
[0.584s] [  0%] Built target example_interfaces__cpp
[0.650s] [ 12%] Built target example_interfaces__rosidl_generator_c
[0.760s] [ 12%] Built target ament_cmake_python_copy_example_interfaces
[0.922s] [ 25%] Built target example_interfaces__rosidl_typesupport_fastrtps_c
[0.998s] [ 38%] Built target example_interfaces__rosidl_typesupport_introspection_cpp
[1.014s] [ 50%] Built target example_interfaces__rosidl_typesupport_fastrtps_cpp
[1.040s] [ 64%] Built target example_interfaces__rosidl_typesupport_introspection_c
[1.071s] [ 75%] Built target example_interfaces__rosidl_typesupport_cpp
[1.138s] [ 87%] Built target example_interfaces__rosidl_typesupport_c
[1.226s] [ 87%] Built target example_interfaces
[1.342s] [ 87%] Built target example_interfaces__py
[1.629s] [ 99%] Built target example_interfaces__rosidl_generator_py
[1.819s] [ 99%] Built target example_interfaces__rosidl_typesupport_fastrtps_c__pyext
[1.842s] [ 99%] Built target example_interfaces__rosidl_typesupport_introspection_c__pyext
[1.914s] [100%] Built target example_interfaces__rosidl_typesupport_c__pyext
[2.161s] running egg_info
[2.169s] writing example_interfaces.egg-info/PKG-INFO
[2.169s] writing dependency_links to example_interfaces.egg-info/dependency_links.txt
[2.169s] writing top-level names to example_interfaces.egg-info/top_level.txt
[2.176s] reading manifest file 'example_interfaces.egg-info/SOURCES.txt'
[2.177s] writing manifest file 'example_interfaces.egg-info/SOURCES.txt'
[2.266s] [100%] Built target ament_cmake_python_build_example_interfaces_egg
