[2.914s] Invoking command in '/home/sebastian/Uniandes202310/Robotica/Taller1/Taller1/taller1_ws/src/turtle_bot_12': PYTHONPATH=/home/sebastian/Uniandes202310/Robotica/Taller1/Taller1/taller1_ws/build/turtle_bot_12/prefix_override:/home/sebastian/Uniandes202310/Robotica/Taller1/Taller1/taller1_ws/install/turtle_bot_12/lib/python3.10/site-packages:${PYTHONPATH} /usr/bin/python3 setup.py egg_info --egg-base ../../build/turtle_bot_12 build --build-base /home/sebastian/Uniandes202310/Robotica/Taller1/Taller1/taller1_ws/build/turtle_bot_12/build install --record /home/sebastian/Uniandes202310/Robotica/Taller1/Taller1/taller1_ws/build/turtle_bot_12/install.log --single-version-externally-managed
[3.970s] running egg_info
[3.973s] writing ../../build/turtle_bot_12/turtle_bot_12.egg-info/PKG-INFO
[3.973s] writing dependency_links to ../../build/turtle_bot_12/turtle_bot_12.egg-info/dependency_links.txt
[3.974s] writing entry points to ../../build/turtle_bot_12/turtle_bot_12.egg-info/entry_points.txt
[3.975s] writing requirements to ../../build/turtle_bot_12/turtle_bot_12.egg-info/requires.txt
[3.975s] writing top-level names to ../../build/turtle_bot_12/turtle_bot_12.egg-info/top_level.txt
[3.982s] reading manifest file '../../build/turtle_bot_12/turtle_bot_12.egg-info/SOURCES.txt'
[3.986s] writing manifest file '../../build/turtle_bot_12/turtle_bot_12.egg-info/SOURCES.txt'
[3.986s] running build
[3.987s] running build_py
[3.987s] running install
[4.027s] /usr/lib/python3/dist-packages/setuptools/command/install.py:34: SetuptoolsDeprecationWarning: setup.py install is deprecated. Use build and pip and other standards-based tools.
[4.027s]   warnings.warn(
[4.028s] running install_lib
[4.034s] running install_data
[4.036s] running install_egg_info
[4.042s] removing '/home/sebastian/Uniandes202310/Robotica/Taller1/Taller1/taller1_ws/install/turtle_bot_12/lib/python3.10/site-packages/turtle_bot_12-0.0.0-py3.10.egg-info' (and everything under it)
[4.043s] Copying ../../build/turtle_bot_12/turtle_bot_12.egg-info to /home/sebastian/Uniandes202310/Robotica/Taller1/Taller1/taller1_ws/install/turtle_bot_12/lib/python3.10/site-packages/turtle_bot_12-0.0.0-py3.10.egg-info
[4.046s] running install_scripts
[4.128s] Installing turtle_bot_interface script to /home/sebastian/Uniandes202310/Robotica/Taller1/Taller1/taller1_ws/install/turtle_bot_12/lib/turtle_bot_12
[4.129s] Installing turtle_bot_player script to /home/sebastian/Uniandes202310/Robotica/Taller1/Taller1/taller1_ws/install/turtle_bot_12/lib/turtle_bot_12
[4.129s] Installing turtle_bot_teleop script to /home/sebastian/Uniandes202310/Robotica/Taller1/Taller1/taller1_ws/install/turtle_bot_12/lib/turtle_bot_12
[4.131s] writing list of installed files to '/home/sebastian/Uniandes202310/Robotica/Taller1/Taller1/taller1_ws/build/turtle_bot_12/install.log'
[4.227s] Invoked command in '/home/sebastian/Uniandes202310/Robotica/Taller1/Taller1/taller1_ws/src/turtle_bot_12' returned '0': PYTHONPATH=/home/sebastian/Uniandes202310/Robotica/Taller1/Taller1/taller1_ws/build/turtle_bot_12/prefix_override:/home/sebastian/Uniandes202310/Robotica/Taller1/Taller1/taller1_ws/install/turtle_bot_12/lib/python3.10/site-packages:${PYTHONPATH} /usr/bin/python3 setup.py egg_info --egg-base ../../build/turtle_bot_12 build --build-base /home/sebastian/Uniandes202310/Robotica/Taller1/Taller1/taller1_ws/build/turtle_bot_12/build install --record /home/sebastian/Uniandes202310/Robotica/Taller1/Taller1/taller1_ws/build/turtle_bot_12/install.log --single-version-externally-managed
