[1.300s] Invoking command in '/home/robotica/Documents/Taller1/taller1_ws/src/turtle_bot_12': PYTHONPATH=/home/robotica/Documents/Taller1/taller1_ws/build/turtle_bot_12/prefix_override:/home/robotica/Documents/Taller1/taller1_ws/install/turtle_bot_12/lib/python3.10/site-packages:${PYTHONPATH} /usr/bin/python3 setup.py egg_info --egg-base ../../build/turtle_bot_12 build --build-base /home/robotica/Documents/Taller1/taller1_ws/build/turtle_bot_12/build install --record /home/robotica/Documents/Taller1/taller1_ws/build/turtle_bot_12/install.log --single-version-externally-managed
[1.664s] running egg_info
[1.675s] writing ../../build/turtle_bot_12/turtle_bot_12.egg-info/PKG-INFO
[1.675s] writing dependency_links to ../../build/turtle_bot_12/turtle_bot_12.egg-info/dependency_links.txt
[1.676s] writing entry points to ../../build/turtle_bot_12/turtle_bot_12.egg-info/entry_points.txt
[1.677s] writing requirements to ../../build/turtle_bot_12/turtle_bot_12.egg-info/requires.txt
[1.677s] writing top-level names to ../../build/turtle_bot_12/turtle_bot_12.egg-info/top_level.txt
[1.697s] reading manifest file '../../build/turtle_bot_12/turtle_bot_12.egg-info/SOURCES.txt'
[1.698s] writing manifest file '../../build/turtle_bot_12/turtle_bot_12.egg-info/SOURCES.txt'
[1.698s] running build
[1.698s] running build_py
[1.698s] running install
[1.698s] /usr/lib/python3/dist-packages/setuptools/command/install.py:34: SetuptoolsDeprecationWarning: setup.py install is deprecated. Use build and pip and other standards-based tools.
[1.698s]   warnings.warn(
[1.698s] running install_lib
[1.698s] running install_data
[1.699s] running install_egg_info
[1.699s] removing '/home/robotica/Documents/Taller1/taller1_ws/install/turtle_bot_12/lib/python3.10/site-packages/turtle_bot_12-0.0.0-py3.10.egg-info' (and everything under it)
[1.699s] Copying ../../build/turtle_bot_12/turtle_bot_12.egg-info to /home/robotica/Documents/Taller1/taller1_ws/install/turtle_bot_12/lib/python3.10/site-packages/turtle_bot_12-0.0.0-py3.10.egg-info
[1.699s] running install_scripts
[1.725s] Installing client script to /home/robotica/Documents/Taller1/taller1_ws/install/turtle_bot_12/lib/turtle_bot_12
[1.725s] Installing service script to /home/robotica/Documents/Taller1/taller1_ws/install/turtle_bot_12/lib/turtle_bot_12
[1.727s] Installing turtle_bot_interface script to /home/robotica/Documents/Taller1/taller1_ws/install/turtle_bot_12/lib/turtle_bot_12
[1.728s] Installing turtle_bot_teleop script to /home/robotica/Documents/Taller1/taller1_ws/install/turtle_bot_12/lib/turtle_bot_12
[1.730s] writing list of installed files to '/home/robotica/Documents/Taller1/taller1_ws/build/turtle_bot_12/install.log'
[1.788s] Invoked command in '/home/robotica/Documents/Taller1/taller1_ws/src/turtle_bot_12' returned '0': PYTHONPATH=/home/robotica/Documents/Taller1/taller1_ws/build/turtle_bot_12/prefix_override:/home/robotica/Documents/Taller1/taller1_ws/install/turtle_bot_12/lib/python3.10/site-packages:${PYTHONPATH} /usr/bin/python3 setup.py egg_info --egg-base ../../build/turtle_bot_12 build --build-base /home/robotica/Documents/Taller1/taller1_ws/build/turtle_bot_12/build install --record /home/robotica/Documents/Taller1/taller1_ws/build/turtle_bot_12/install.log --single-version-externally-managed
