[1.392s] Invoking command in '/home/robotica/Documents/Taller1/taller1_ws/src/paquete_scr_servicios': PYTHONPATH=/home/robotica/Documents/Taller1/taller1_ws/build/paquete_scr_servicios/prefix_override:/home/robotica/Documents/Taller1/taller1_ws/install/paquete_scr_servicios/lib/python3.10/site-packages:${PYTHONPATH} /usr/bin/python3 setup.py egg_info --egg-base ../../build/paquete_scr_servicios build --build-base /home/robotica/Documents/Taller1/taller1_ws/build/paquete_scr_servicios/build install --record /home/robotica/Documents/Taller1/taller1_ws/build/paquete_scr_servicios/install.log --single-version-externally-managed
[1.889s] running egg_info
[1.901s] creating ../../build/paquete_scr_servicios/paquete_scr_servicios.egg-info
[1.901s] writing ../../build/paquete_scr_servicios/paquete_scr_servicios.egg-info/PKG-INFO
[1.901s] writing dependency_links to ../../build/paquete_scr_servicios/paquete_scr_servicios.egg-info/dependency_links.txt
[1.901s] writing entry points to ../../build/paquete_scr_servicios/paquete_scr_servicios.egg-info/entry_points.txt
[1.901s] writing requirements to ../../build/paquete_scr_servicios/paquete_scr_servicios.egg-info/requires.txt
[1.901s] writing top-level names to ../../build/paquete_scr_servicios/paquete_scr_servicios.egg-info/top_level.txt
[1.914s] writing manifest file '../../build/paquete_scr_servicios/paquete_scr_servicios.egg-info/SOURCES.txt'
[1.917s] reading manifest file '../../build/paquete_scr_servicios/paquete_scr_servicios.egg-info/SOURCES.txt'
[1.924s] writing manifest file '../../build/paquete_scr_servicios/paquete_scr_servicios.egg-info/SOURCES.txt'
[1.925s] running build
[1.925s] running build_py
[1.933s] creating /home/robotica/Documents/Taller1/taller1_ws/build/paquete_scr_servicios/build
[1.934s] creating /home/robotica/Documents/Taller1/taller1_ws/build/paquete_scr_servicios/build/lib
[1.934s] creating /home/robotica/Documents/Taller1/taller1_ws/build/paquete_scr_servicios/build/lib/paquete_scr_servicios
[1.939s] /usr/lib/python3/dist-packages/setuptools/command/install.py:34: SetuptoolsDeprecationWarning: setup.py install is deprecated. Use build and pip and other standards-based tools.
[1.939s]   warnings.warn(
[1.939s] copying paquete_scr_servicios/__init__.py -> /home/robotica/Documents/Taller1/taller1_ws/build/paquete_scr_servicios/build/lib/paquete_scr_servicios
[1.940s] running install
[1.940s] running install_lib
[1.940s] creating /home/robotica/Documents/Taller1/taller1_ws/install/paquete_scr_servicios/lib/python3.10/site-packages/paquete_scr_servicios
[1.949s] copying /home/robotica/Documents/Taller1/taller1_ws/build/paquete_scr_servicios/build/lib/paquete_scr_servicios/__init__.py -> /home/robotica/Documents/Taller1/taller1_ws/install/paquete_scr_servicios/lib/python3.10/site-packages/paquete_scr_servicios
[1.949s] byte-compiling /home/robotica/Documents/Taller1/taller1_ws/install/paquete_scr_servicios/lib/python3.10/site-packages/paquete_scr_servicios/__init__.py to __init__.cpython-310.pyc
[1.950s] running install_data
[1.950s] creating /home/robotica/Documents/Taller1/taller1_ws/install/paquete_scr_servicios/share/ament_index
[1.950s] creating /home/robotica/Documents/Taller1/taller1_ws/install/paquete_scr_servicios/share/ament_index/resource_index
[1.950s] creating /home/robotica/Documents/Taller1/taller1_ws/install/paquete_scr_servicios/share/ament_index/resource_index/packages
[1.950s] copying resource/paquete_scr_servicios -> /home/robotica/Documents/Taller1/taller1_ws/install/paquete_scr_servicios/share/ament_index/resource_index/packages
[1.950s] copying package.xml -> /home/robotica/Documents/Taller1/taller1_ws/install/paquete_scr_servicios/share/paquete_scr_servicios
[1.950s] running install_egg_info
[1.951s] Copying ../../build/paquete_scr_servicios/paquete_scr_servicios.egg-info to /home/robotica/Documents/Taller1/taller1_ws/install/paquete_scr_servicios/lib/python3.10/site-packages/paquete_scr_servicios-0.0.0-py3.10.egg-info
[1.962s] running install_scripts
[1.989s] writing list of installed files to '/home/robotica/Documents/Taller1/taller1_ws/build/paquete_scr_servicios/install.log'
[2.051s] Invoked command in '/home/robotica/Documents/Taller1/taller1_ws/src/paquete_scr_servicios' returned '0': PYTHONPATH=/home/robotica/Documents/Taller1/taller1_ws/build/paquete_scr_servicios/prefix_override:/home/robotica/Documents/Taller1/taller1_ws/install/paquete_scr_servicios/lib/python3.10/site-packages:${PYTHONPATH} /usr/bin/python3 setup.py egg_info --egg-base ../../build/paquete_scr_servicios build --build-base /home/robotica/Documents/Taller1/taller1_ws/build/paquete_scr_servicios/build install --record /home/robotica/Documents/Taller1/taller1_ws/build/paquete_scr_servicios/install.log --single-version-externally-managed
