[1.104s] Invoking command in '/home/robotica/Documents/Taller1/taller1_ws/build/turtle_bot_srv_12': CMAKE_PREFIX_PATH=${CMAKE_PREFIX_PATH}:/home/robotica/Documents/Taller1/taller1_ws/install/turtle_bot_12:/home/robotica/Documents/Taller1/taller1_ws/install/paquete_scr_servicios:/opt/ros/humble /usr/bin/cmake --build /home/robotica/Documents/Taller1/taller1_ws/build/turtle_bot_srv_12 -- -j5 -l5
[1.533s] [  2%] Built target turtle_bot_srv_12__cpp
[1.743s] [ 12%] Built target turtle_bot_srv_12__rosidl_generator_c
[1.743s] [ 12%] Built target ament_cmake_python_copy_turtle_bot_srv_12
[1.828s] [ 23%] Built target turtle_bot_srv_12__rosidl_typesupport_cpp
[2.024s] [ 33%] Built target turtle_bot_srv_12__rosidl_typesupport_fastrtps_cpp
[2.091s] [ 43%] Built target turtle_bot_srv_12__rosidl_typesupport_introspection_cpp
[2.102s] [ 53%] Built target turtle_bot_srv_12__rosidl_typesupport_introspection_c
[2.162s] [ 64%] Built target turtle_bot_srv_12__rosidl_typesupport_c
[2.162s] [ 74%] Built target turtle_bot_srv_12__rosidl_typesupport_fastrtps_c
[2.606s] [ 74%] Built target turtle_bot_srv_12
[2.813s] [ 76%] Built target turtle_bot_srv_12__py
[3.058s] [ 84%] Built target turtle_bot_srv_12__rosidl_generator_py
[3.335s] [ 89%] Built target turtle_bot_srv_12__rosidl_typesupport_fastrtps_c__pyext
[3.458s] [ 94%] Built target turtle_bot_srv_12__rosidl_typesupport_introspection_c__pyext
[3.496s] [100%] Built target turtle_bot_srv_12__rosidl_typesupport_c__pyext
[3.972s] running egg_info
[3.972s] writing turtle_bot_srv_12.egg-info/PKG-INFO
[3.972s] writing dependency_links to turtle_bot_srv_12.egg-info/dependency_links.txt
[3.973s] writing top-level names to turtle_bot_srv_12.egg-info/top_level.txt
[3.973s] reading manifest file 'turtle_bot_srv_12.egg-info/SOURCES.txt'
[3.973s] writing manifest file 'turtle_bot_srv_12.egg-info/SOURCES.txt'
[4.117s] [100%] Built target ament_cmake_python_build_turtle_bot_srv_12_egg
[4.240s] Invoked command in '/home/robotica/Documents/Taller1/taller1_ws/build/turtle_bot_srv_12' returned '0': CMAKE_PREFIX_PATH=${CMAKE_PREFIX_PATH}:/home/robotica/Documents/Taller1/taller1_ws/install/turtle_bot_12:/home/robotica/Documents/Taller1/taller1_ws/install/paquete_scr_servicios:/opt/ros/humble /usr/bin/cmake --build /home/robotica/Documents/Taller1/taller1_ws/build/turtle_bot_srv_12 -- -j5 -l5
[5.595s] Invoking command in '/home/robotica/Documents/Taller1/taller1_ws/build/turtle_bot_srv_12': CMAKE_PREFIX_PATH=${CMAKE_PREFIX_PATH}:/home/robotica/Documents/Taller1/taller1_ws/install/turtle_bot_12:/home/robotica/Documents/Taller1/taller1_ws/install/paquete_scr_servicios:/opt/ros/humble /usr/bin/cmake --install /home/robotica/Documents/Taller1/taller1_ws/build/turtle_bot_srv_12
[5.596s] -- Install configuration: ""
[5.596s] -- Up-to-date: /home/robotica/Documents/Taller1/taller1_ws/install/turtle_bot_srv_12/share/ament_index/resource_index/rosidl_interfaces/turtle_bot_srv_12
[5.596s] -- Up-to-date: /home/robotica/Documents/Taller1/taller1_ws/install/turtle_bot_srv_12/include/turtle_bot_srv_12/turtle_bot_srv_12
[5.596s] -- Up-to-date: /home/robotica/Documents/Taller1/taller1_ws/install/turtle_bot_srv_12/include/turtle_bot_srv_12/turtle_bot_srv_12/srv
[5.596s] -- Up-to-date: /home/robotica/Documents/Taller1/taller1_ws/install/turtle_bot_srv_12/include/turtle_bot_srv_12/turtle_bot_srv_12/srv/detail
[5.597s] -- Up-to-date: /home/robotica/Documents/Taller1/taller1_ws/install/turtle_bot_srv_12/include/turtle_bot_srv_12/turtle_bot_srv_12/srv/detail/read_txt__functions.h
[5.597s] -- Up-to-date: /home/robotica/Documents/Taller1/taller1_ws/install/turtle_bot_srv_12/include/turtle_bot_srv_12/turtle_bot_srv_12/srv/detail/read_txt__functions.c
[5.597s] -- Up-to-date: /home/robotica/Documents/Taller1/taller1_ws/install/turtle_bot_srv_12/include/turtle_bot_srv_12/turtle_bot_srv_12/srv/detail/read_txt__type_support.h
[5.597s] -- Up-to-date: /home/robotica/Documents/Taller1/taller1_ws/install/turtle_bot_srv_12/include/turtle_bot_srv_12/turtle_bot_srv_12/srv/detail/read_txt__struct.h
[5.597s] -- Up-to-date: /home/robotica/Documents/Taller1/taller1_ws/install/turtle_bot_srv_12/include/turtle_bot_srv_12/turtle_bot_srv_12/srv/read_txt.h
[5.598s] -- Up-to-date: /home/robotica/Documents/Taller1/taller1_ws/install/turtle_bot_srv_12/include/turtle_bot_srv_12/turtle_bot_srv_12/msg
[5.598s] -- Up-to-date: /home/robotica/Documents/Taller1/taller1_ws/install/turtle_bot_srv_12/include/turtle_bot_srv_12/turtle_bot_srv_12/msg/detail
[5.598s] -- Up-to-date: /home/robotica/Documents/Taller1/taller1_ws/install/turtle_bot_srv_12/include/turtle_bot_srv_12/turtle_bot_srv_12/msg/detail/string__functions.h
[5.598s] -- Up-to-date: /home/robotica/Documents/Taller1/taller1_ws/install/turtle_bot_srv_12/include/turtle_bot_srv_12/turtle_bot_srv_12/msg/detail/string__functions.c
[5.599s] -- Up-to-date: /home/robotica/Documents/Taller1/taller1_ws/install/turtle_bot_srv_12/include/turtle_bot_srv_12/turtle_bot_srv_12/msg/detail/string__struct.h
[5.599s] -- Up-to-date: /home/robotica/Documents/Taller1/taller1_ws/install/turtle_bot_srv_12/include/turtle_bot_srv_12/turtle_bot_srv_12/msg/detail/string__type_support.h
[5.599s] -- Up-to-date: /home/robotica/Documents/Taller1/taller1_ws/install/turtle_bot_srv_12/include/turtle_bot_srv_12/turtle_bot_srv_12/msg/string.h
[5.599s] -- Up-to-date: /home/robotica/Documents/Taller1/taller1_ws/install/turtle_bot_srv_12/include/turtle_bot_srv_12/turtle_bot_srv_12/msg/rosidl_generator_c__visibility_control.h
[5.599s] -- Up-to-date: /home/robotica/Documents/Taller1/taller1_ws/install/turtle_bot_srv_12/share/turtle_bot_srv_12/environment/library_path.sh
[5.600s] -- Up-to-date: /home/robotica/Documents/Taller1/taller1_ws/install/turtle_bot_srv_12/share/turtle_bot_srv_12/environment/library_path.dsv
[5.600s] -- Up-to-date: /home/robotica/Documents/Taller1/taller1_ws/install/turtle_bot_srv_12/lib/libturtle_bot_srv_12__rosidl_generator_c.so
[5.600s] -- Up-to-date: /home/robotica/Documents/Taller1/taller1_ws/install/turtle_bot_srv_12/include/turtle_bot_srv_12/turtle_bot_srv_12
[5.600s] -- Up-to-date: /home/robotica/Documents/Taller1/taller1_ws/install/turtle_bot_srv_12/include/turtle_bot_srv_12/turtle_bot_srv_12/srv
[5.600s] -- Up-to-date: /home/robotica/Documents/Taller1/taller1_ws/install/turtle_bot_srv_12/include/turtle_bot_srv_12/turtle_bot_srv_12/srv/detail
[5.601s] -- Up-to-date: /home/robotica/Documents/Taller1/taller1_ws/install/turtle_bot_srv_12/include/turtle_bot_srv_12/turtle_bot_srv_12/srv/detail/read_txt__rosidl_typesupport_fastrtps_c.h
[5.602s] -- Up-to-date: /home/robotica/Documents/Taller1/taller1_ws/install/turtle_bot_srv_12/include/turtle_bot_srv_12/turtle_bot_srv_12/msg
[5.603s] -- Up-to-date: /home/robotica/Documents/Taller1/taller1_ws/install/turtle_bot_srv_12/include/turtle_bot_srv_12/turtle_bot_srv_12/msg/detail
[5.608s] -- Up-to-date: /home/robotica/Documents/Taller1/taller1_ws/install/turtle_bot_srv_12/include/turtle_bot_srv_12/turtle_bot_srv_12/msg/detail/string__rosidl_typesupport_fastrtps_c.h
[5.609s] -- Up-to-date: /home/robotica/Documents/Taller1/taller1_ws/install/turtle_bot_srv_12/include/turtle_bot_srv_12/turtle_bot_srv_12/msg/rosidl_typesupport_fastrtps_c__visibility_control.h
[5.609s] -- Up-to-date: /home/robotica/Documents/Taller1/taller1_ws/install/turtle_bot_srv_12/lib/libturtle_bot_srv_12__rosidl_typesupport_fastrtps_c.so
[5.660s] -- Up-to-date: /home/robotica/Documents/Taller1/taller1_ws/install/turtle_bot_srv_12/include/turtle_bot_srv_12/turtle_bot_srv_12
[5.660s] -- Up-to-date: /home/robotica/Documents/Taller1/taller1_ws/install/turtle_bot_srv_12/include/turtle_bot_srv_12/turtle_bot_srv_12/srv
[5.660s] -- Up-to-date: /home/robotica/Documents/Taller1/taller1_ws/install/turtle_bot_srv_12/include/turtle_bot_srv_12/turtle_bot_srv_12/srv/detail
[5.661s] -- Up-to-date: /home/robotica/Documents/Taller1/taller1_ws/install/turtle_bot_srv_12/include/turtle_bot_srv_12/turtle_bot_srv_12/srv/detail/read_txt__rosidl_typesupport_introspection_c.h
[5.661s] -- Up-to-date: /home/robotica/Documents/Taller1/taller1_ws/install/turtle_bot_srv_12/include/turtle_bot_srv_12/turtle_bot_srv_12/srv/detail/read_txt__type_support.c
[5.662s] -- Up-to-date: /home/robotica/Documents/Taller1/taller1_ws/install/turtle_bot_srv_12/include/turtle_bot_srv_12/turtle_bot_srv_12/msg
[5.664s] -- Up-to-date: /home/robotica/Documents/Taller1/taller1_ws/install/turtle_bot_srv_12/include/turtle_bot_srv_12/turtle_bot_srv_12/msg/detail
[5.704s] -- Up-to-date: /home/robotica/Documents/Taller1/taller1_ws/install/turtle_bot_srv_12/include/turtle_bot_srv_12/turtle_bot_srv_12/msg/detail/string__rosidl_typesupport_introspection_c.h
[5.712s] -- Up-to-date: /home/robotica/Documents/Taller1/taller1_ws/install/turtle_bot_srv_12/include/turtle_bot_srv_12/turtle_bot_srv_12/msg/detail/string__type_support.c
[5.713s] -- Up-to-date: /home/robotica/Documents/Taller1/taller1_ws/install/turtle_bot_srv_12/include/turtle_bot_srv_12/turtle_bot_srv_12/msg/rosidl_typesupport_introspection_c__visibility_control.h
[5.720s] -- Up-to-date: /home/robotica/Documents/Taller1/taller1_ws/install/turtle_bot_srv_12/lib/libturtle_bot_srv_12__rosidl_typesupport_introspection_c.so
[5.721s] -- Up-to-date: /home/robotica/Documents/Taller1/taller1_ws/install/turtle_bot_srv_12/lib/libturtle_bot_srv_12__rosidl_typesupport_c.so
[5.721s] -- Up-to-date: /home/robotica/Documents/Taller1/taller1_ws/install/turtle_bot_srv_12/include/turtle_bot_srv_12/turtle_bot_srv_12
[5.721s] -- Up-to-date: /home/robotica/Documents/Taller1/taller1_ws/install/turtle_bot_srv_12/include/turtle_bot_srv_12/turtle_bot_srv_12/srv
[5.722s] -- Up-to-date: /home/robotica/Documents/Taller1/taller1_ws/install/turtle_bot_srv_12/include/turtle_bot_srv_12/turtle_bot_srv_12/srv/detail
[5.722s] -- Up-to-date: /home/robotica/Documents/Taller1/taller1_ws/install/turtle_bot_srv_12/include/turtle_bot_srv_12/turtle_bot_srv_12/srv/detail/read_txt__struct.hpp
[5.722s] -- Up-to-date: /home/robotica/Documents/Taller1/taller1_ws/install/turtle_bot_srv_12/include/turtle_bot_srv_12/turtle_bot_srv_12/srv/detail/read_txt__traits.hpp
[5.723s] -- Up-to-date: /home/robotica/Documents/Taller1/taller1_ws/install/turtle_bot_srv_12/include/turtle_bot_srv_12/turtle_bot_srv_12/srv/detail/read_txt__builder.hpp
[5.723s] -- Up-to-date: /home/robotica/Documents/Taller1/taller1_ws/install/turtle_bot_srv_12/include/turtle_bot_srv_12/turtle_bot_srv_12/srv/read_txt.hpp
[5.723s] -- Up-to-date: /home/robotica/Documents/Taller1/taller1_ws/install/turtle_bot_srv_12/include/turtle_bot_srv_12/turtle_bot_srv_12/msg
[5.723s] -- Up-to-date: /home/robotica/Documents/Taller1/taller1_ws/install/turtle_bot_srv_12/include/turtle_bot_srv_12/turtle_bot_srv_12/msg/detail
[5.724s] -- Up-to-date: /home/robotica/Documents/Taller1/taller1_ws/install/turtle_bot_srv_12/include/turtle_bot_srv_12/turtle_bot_srv_12/msg/detail/string__traits.hpp
[5.724s] -- Up-to-date: /home/robotica/Documents/Taller1/taller1_ws/install/turtle_bot_srv_12/include/turtle_bot_srv_12/turtle_bot_srv_12/msg/detail/string__builder.hpp
[5.724s] -- Up-to-date: /home/robotica/Documents/Taller1/taller1_ws/install/turtle_bot_srv_12/include/turtle_bot_srv_12/turtle_bot_srv_12/msg/detail/string__struct.hpp
[5.724s] -- Up-to-date: /home/robotica/Documents/Taller1/taller1_ws/install/turtle_bot_srv_12/include/turtle_bot_srv_12/turtle_bot_srv_12/msg/string.hpp
[5.725s] -- Up-to-date: /home/robotica/Documents/Taller1/taller1_ws/install/turtle_bot_srv_12/include/turtle_bot_srv_12/turtle_bot_srv_12
[5.725s] -- Up-to-date: /home/robotica/Documents/Taller1/taller1_ws/install/turtle_bot_srv_12/include/turtle_bot_srv_12/turtle_bot_srv_12/srv
[5.725s] -- Up-to-date: /home/robotica/Documents/Taller1/taller1_ws/install/turtle_bot_srv_12/include/turtle_bot_srv_12/turtle_bot_srv_12/srv/detail
[5.726s] -- Up-to-date: /home/robotica/Documents/Taller1/taller1_ws/install/turtle_bot_srv_12/include/turtle_bot_srv_12/turtle_bot_srv_12/srv/detail/read_txt__rosidl_typesupport_fastrtps_cpp.hpp
[5.726s] -- Up-to-date: /home/robotica/Documents/Taller1/taller1_ws/install/turtle_bot_srv_12/include/turtle_bot_srv_12/turtle_bot_srv_12/srv/detail/dds_fastrtps
[5.726s] -- Up-to-date: /home/robotica/Documents/Taller1/taller1_ws/install/turtle_bot_srv_12/include/turtle_bot_srv_12/turtle_bot_srv_12/msg
[5.726s] -- Up-to-date: /home/robotica/Documents/Taller1/taller1_ws/install/turtle_bot_srv_12/include/turtle_bot_srv_12/turtle_bot_srv_12/msg/detail
[5.726s] -- Up-to-date: /home/robotica/Documents/Taller1/taller1_ws/install/turtle_bot_srv_12/include/turtle_bot_srv_12/turtle_bot_srv_12/msg/detail/string__rosidl_typesupport_fastrtps_cpp.hpp
[5.726s] -- Up-to-date: /home/robotica/Documents/Taller1/taller1_ws/install/turtle_bot_srv_12/include/turtle_bot_srv_12/turtle_bot_srv_12/msg/detail/dds_fastrtps
[5.727s] -- Up-to-date: /home/robotica/Documents/Taller1/taller1_ws/install/turtle_bot_srv_12/include/turtle_bot_srv_12/turtle_bot_srv_12/msg/rosidl_typesupport_fastrtps_cpp__visibility_control.h
[5.727s] -- Up-to-date: /home/robotica/Documents/Taller1/taller1_ws/install/turtle_bot_srv_12/lib/libturtle_bot_srv_12__rosidl_typesupport_fastrtps_cpp.so
[5.727s] -- Up-to-date: /home/robotica/Documents/Taller1/taller1_ws/install/turtle_bot_srv_12/include/turtle_bot_srv_12/turtle_bot_srv_12
[5.727s] -- Up-to-date: /home/robotica/Documents/Taller1/taller1_ws/install/turtle_bot_srv_12/include/turtle_bot_srv_12/turtle_bot_srv_12/srv
[5.727s] -- Up-to-date: /home/robotica/Documents/Taller1/taller1_ws/install/turtle_bot_srv_12/include/turtle_bot_srv_12/turtle_bot_srv_12/srv/detail
[5.727s] -- Up-to-date: /home/robotica/Documents/Taller1/taller1_ws/install/turtle_bot_srv_12/include/turtle_bot_srv_12/turtle_bot_srv_12/srv/detail/read_txt__type_support.cpp
[5.727s] -- Up-to-date: /home/robotica/Documents/Taller1/taller1_ws/install/turtle_bot_srv_12/include/turtle_bot_srv_12/turtle_bot_srv_12/srv/detail/read_txt__rosidl_typesupport_introspection_cpp.hpp
[5.727s] -- Up-to-date: /home/robotica/Documents/Taller1/taller1_ws/install/turtle_bot_srv_12/include/turtle_bot_srv_12/turtle_bot_srv_12/msg
[5.728s] -- Up-to-date: /home/robotica/Documents/Taller1/taller1_ws/install/turtle_bot_srv_12/include/turtle_bot_srv_12/turtle_bot_srv_12/msg/detail
[5.728s] -- Up-to-date: /home/robotica/Documents/Taller1/taller1_ws/install/turtle_bot_srv_12/include/turtle_bot_srv_12/turtle_bot_srv_12/msg/detail/string__rosidl_typesupport_introspection_cpp.hpp
[5.728s] -- Up-to-date: /home/robotica/Documents/Taller1/taller1_ws/install/turtle_bot_srv_12/include/turtle_bot_srv_12/turtle_bot_srv_12/msg/detail/string__type_support.cpp
[5.728s] -- Up-to-date: /home/robotica/Documents/Taller1/taller1_ws/install/turtle_bot_srv_12/lib/libturtle_bot_srv_12__rosidl_typesupport_introspection_cpp.so
[5.728s] -- Up-to-date: /home/robotica/Documents/Taller1/taller1_ws/install/turtle_bot_srv_12/lib/libturtle_bot_srv_12__rosidl_typesupport_cpp.so
[5.728s] -- Up-to-date: /home/robotica/Documents/Taller1/taller1_ws/install/turtle_bot_srv_12/share/turtle_bot_srv_12/environment/pythonpath.sh
[5.728s] -- Up-to-date: /home/robotica/Documents/Taller1/taller1_ws/install/turtle_bot_srv_12/share/turtle_bot_srv_12/environment/pythonpath.dsv
[5.729s] -- Up-to-date: /home/robotica/Documents/Taller1/taller1_ws/install/turtle_bot_srv_12/local/lib/python3.10/dist-packages/turtle_bot_srv_12-0.0.0-py3.10.egg-info
[5.729s] -- Installing: /home/robotica/Documents/Taller1/taller1_ws/install/turtle_bot_srv_12/local/lib/python3.10/dist-packages/turtle_bot_srv_12-0.0.0-py3.10.egg-info/SOURCES.txt
[5.729s] -- Installing: /home/robotica/Documents/Taller1/taller1_ws/install/turtle_bot_srv_12/local/lib/python3.10/dist-packages/turtle_bot_srv_12-0.0.0-py3.10.egg-info/PKG-INFO
[5.729s] -- Installing: /home/robotica/Documents/Taller1/taller1_ws/install/turtle_bot_srv_12/local/lib/python3.10/dist-packages/turtle_bot_srv_12-0.0.0-py3.10.egg-info/dependency_links.txt
[5.729s] -- Installing: /home/robotica/Documents/Taller1/taller1_ws/install/turtle_bot_srv_12/local/lib/python3.10/dist-packages/turtle_bot_srv_12-0.0.0-py3.10.egg-info/top_level.txt
[5.729s] -- Up-to-date: /home/robotica/Documents/Taller1/taller1_ws/install/turtle_bot_srv_12/local/lib/python3.10/dist-packages/turtle_bot_srv_12
[5.729s] -- Up-to-date: /home/robotica/Documents/Taller1/taller1_ws/install/turtle_bot_srv_12/local/lib/python3.10/dist-packages/turtle_bot_srv_12/_turtle_bot_srv_12_s.ep.rosidl_typesupport_fastrtps_c.c
[5.730s] -- Up-to-date: /home/robotica/Documents/Taller1/taller1_ws/install/turtle_bot_srv_12/local/lib/python3.10/dist-packages/turtle_bot_srv_12/turtle_bot_srv_12_s__rosidl_typesupport_c.cpython-310-x86_64-linux-gnu.so
[5.730s] -- Up-to-date: /home/robotica/Documents/Taller1/taller1_ws/install/turtle_bot_srv_12/local/lib/python3.10/dist-packages/turtle_bot_srv_12/srv
[5.730s] -- Up-to-date: /home/robotica/Documents/Taller1/taller1_ws/install/turtle_bot_srv_12/local/lib/python3.10/dist-packages/turtle_bot_srv_12/srv/_read_txt.py
[5.730s] -- Up-to-date: /home/robotica/Documents/Taller1/taller1_ws/install/turtle_bot_srv_12/local/lib/python3.10/dist-packages/turtle_bot_srv_12/srv/_read_txt_s.c
[5.730s] -- Up-to-date: /home/robotica/Documents/Taller1/taller1_ws/install/turtle_bot_srv_12/local/lib/python3.10/dist-packages/turtle_bot_srv_12/srv/__init__.py
[5.730s] -- Up-to-date: /home/robotica/Documents/Taller1/taller1_ws/install/turtle_bot_srv_12/local/lib/python3.10/dist-packages/turtle_bot_srv_12/_turtle_bot_srv_12_s.ep.rosidl_typesupport_c.c
[5.731s] -- Up-to-date: /home/robotica/Documents/Taller1/taller1_ws/install/turtle_bot_srv_12/local/lib/python3.10/dist-packages/turtle_bot_srv_12/libturtle_bot_srv_12__rosidl_generator_py.so
[5.742s] -- Up-to-date: /home/robotica/Documents/Taller1/taller1_ws/install/turtle_bot_srv_12/local/lib/python3.10/dist-packages/turtle_bot_srv_12/turtle_bot_srv_12_s__rosidl_typesupport_introspection_c.cpython-310-x86_64-linux-gnu.so
[5.743s] -- Up-to-date: /home/robotica/Documents/Taller1/taller1_ws/install/turtle_bot_srv_12/local/lib/python3.10/dist-packages/turtle_bot_srv_12/_turtle_bot_srv_12_s.ep.rosidl_typesupport_introspection_c.c
[5.744s] -- Up-to-date: /home/robotica/Documents/Taller1/taller1_ws/install/turtle_bot_srv_12/local/lib/python3.10/dist-packages/turtle_bot_srv_12/msg
[5.744s] -- Up-to-date: /home/robotica/Documents/Taller1/taller1_ws/install/turtle_bot_srv_12/local/lib/python3.10/dist-packages/turtle_bot_srv_12/msg/_string.py
[5.744s] -- Up-to-date: /home/robotica/Documents/Taller1/taller1_ws/install/turtle_bot_srv_12/local/lib/python3.10/dist-packages/turtle_bot_srv_12/msg/__init__.py
[5.745s] -- Up-to-date: /home/robotica/Documents/Taller1/taller1_ws/install/turtle_bot_srv_12/local/lib/python3.10/dist-packages/turtle_bot_srv_12/msg/_string_s.c
[5.745s] -- Up-to-date: /home/robotica/Documents/Taller1/taller1_ws/install/turtle_bot_srv_12/local/lib/python3.10/dist-packages/turtle_bot_srv_12/__init__.py
[5.745s] -- Up-to-date: /home/robotica/Documents/Taller1/taller1_ws/install/turtle_bot_srv_12/local/lib/python3.10/dist-packages/turtle_bot_srv_12/turtle_bot_srv_12_s__rosidl_typesupport_fastrtps_c.cpython-310-x86_64-linux-gnu.so
[5.794s] Listing '/home/robotica/Documents/Taller1/taller1_ws/install/turtle_bot_srv_12/local/lib/python3.10/dist-packages/turtle_bot_srv_12'...
[5.795s] Listing '/home/robotica/Documents/Taller1/taller1_ws/install/turtle_bot_srv_12/local/lib/python3.10/dist-packages/turtle_bot_srv_12/msg'...
[5.796s] Listing '/home/robotica/Documents/Taller1/taller1_ws/install/turtle_bot_srv_12/local/lib/python3.10/dist-packages/turtle_bot_srv_12/srv'...
[5.852s] -- Up-to-date: /home/robotica/Documents/Taller1/taller1_ws/install/turtle_bot_srv_12/local/lib/python3.10/dist-packages/turtle_bot_srv_12/turtle_bot_srv_12_s__rosidl_typesupport_fastrtps_c.cpython-310-x86_64-linux-gnu.so
[5.855s] -- Up-to-date: /home/robotica/Documents/Taller1/taller1_ws/install/turtle_bot_srv_12/local/lib/python3.10/dist-packages/turtle_bot_srv_12/turtle_bot_srv_12_s__rosidl_typesupport_introspection_c.cpython-310-x86_64-linux-gnu.so
[5.858s] -- Up-to-date: /home/robotica/Documents/Taller1/taller1_ws/install/turtle_bot_srv_12/local/lib/python3.10/dist-packages/turtle_bot_srv_12/turtle_bot_srv_12_s__rosidl_typesupport_c.cpython-310-x86_64-linux-gnu.so
[5.859s] -- Up-to-date: /home/robotica/Documents/Taller1/taller1_ws/install/turtle_bot_srv_12/lib/libturtle_bot_srv_12__rosidl_generator_py.so
[5.883s] -- Up-to-date: /home/robotica/Documents/Taller1/taller1_ws/install/turtle_bot_srv_12/share/turtle_bot_srv_12/msg/String.idl
[5.885s] -- Up-to-date: /home/robotica/Documents/Taller1/taller1_ws/install/turtle_bot_srv_12/share/turtle_bot_srv_12/srv/ReadTxt.idl
[5.888s] -- Up-to-date: /home/robotica/Documents/Taller1/taller1_ws/install/turtle_bot_srv_12/share/turtle_bot_srv_12/msg/String.msg
[5.889s] -- Up-to-date: /home/robotica/Documents/Taller1/taller1_ws/install/turtle_bot_srv_12/share/turtle_bot_srv_12/srv/ReadTxt.srv
[5.889s] -- Up-to-date: /home/robotica/Documents/Taller1/taller1_ws/install/turtle_bot_srv_12/share/turtle_bot_srv_12/srv/ReadTxt_Request.msg
[5.890s] -- Up-to-date: /home/robotica/Documents/Taller1/taller1_ws/install/turtle_bot_srv_12/share/turtle_bot_srv_12/srv/ReadTxt_Response.msg
[5.891s] -- Up-to-date: /home/robotica/Documents/Taller1/taller1_ws/install/turtle_bot_srv_12/share/ament_index/resource_index/package_run_dependencies/turtle_bot_srv_12
[5.892s] -- Up-to-date: /home/robotica/Documents/Taller1/taller1_ws/install/turtle_bot_srv_12/share/ament_index/resource_index/parent_prefix_path/turtle_bot_srv_12
[5.896s] -- Up-to-date: /home/robotica/Documents/Taller1/taller1_ws/install/turtle_bot_srv_12/share/turtle_bot_srv_12/environment/ament_prefix_path.sh
[5.898s] -- Up-to-date: /home/robotica/Documents/Taller1/taller1_ws/install/turtle_bot_srv_12/share/turtle_bot_srv_12/environment/ament_prefix_path.dsv
[5.898s] -- Up-to-date: /home/robotica/Documents/Taller1/taller1_ws/install/turtle_bot_srv_12/share/turtle_bot_srv_12/environment/path.sh
[5.906s] -- Up-to-date: /home/robotica/Documents/Taller1/taller1_ws/install/turtle_bot_srv_12/share/turtle_bot_srv_12/environment/path.dsv
[5.907s] -- Up-to-date: /home/robotica/Documents/Taller1/taller1_ws/install/turtle_bot_srv_12/share/turtle_bot_srv_12/local_setup.bash
[5.907s] -- Up-to-date: /home/robotica/Documents/Taller1/taller1_ws/install/turtle_bot_srv_12/share/turtle_bot_srv_12/local_setup.sh
[5.908s] -- Up-to-date: /home/robotica/Documents/Taller1/taller1_ws/install/turtle_bot_srv_12/share/turtle_bot_srv_12/local_setup.zsh
[5.908s] -- Up-to-date: /home/robotica/Documents/Taller1/taller1_ws/install/turtle_bot_srv_12/share/turtle_bot_srv_12/local_setup.dsv
[5.909s] -- Installing: /home/robotica/Documents/Taller1/taller1_ws/install/turtle_bot_srv_12/share/turtle_bot_srv_12/package.dsv
[5.918s] -- Up-to-date: /home/robotica/Documents/Taller1/taller1_ws/install/turtle_bot_srv_12/share/ament_index/resource_index/packages/turtle_bot_srv_12
[5.919s] -- Up-to-date: /home/robotica/Documents/Taller1/taller1_ws/install/turtle_bot_srv_12/share/turtle_bot_srv_12/cmake/export_turtle_bot_srv_12__rosidl_generator_cExport.cmake
[5.919s] -- Up-to-date: /home/robotica/Documents/Taller1/taller1_ws/install/turtle_bot_srv_12/share/turtle_bot_srv_12/cmake/export_turtle_bot_srv_12__rosidl_generator_cExport-noconfig.cmake
[5.919s] -- Up-to-date: /home/robotica/Documents/Taller1/taller1_ws/install/turtle_bot_srv_12/share/turtle_bot_srv_12/cmake/export_turtle_bot_srv_12__rosidl_typesupport_fastrtps_cExport.cmake
[5.920s] -- Up-to-date: /home/robotica/Documents/Taller1/taller1_ws/install/turtle_bot_srv_12/share/turtle_bot_srv_12/cmake/export_turtle_bot_srv_12__rosidl_typesupport_fastrtps_cExport-noconfig.cmake
[5.920s] -- Up-to-date: /home/robotica/Documents/Taller1/taller1_ws/install/turtle_bot_srv_12/share/turtle_bot_srv_12/cmake/turtle_bot_srv_12__rosidl_typesupport_introspection_cExport.cmake
[5.920s] -- Up-to-date: /home/robotica/Documents/Taller1/taller1_ws/install/turtle_bot_srv_12/share/turtle_bot_srv_12/cmake/turtle_bot_srv_12__rosidl_typesupport_introspection_cExport-noconfig.cmake
[5.921s] -- Up-to-date: /home/robotica/Documents/Taller1/taller1_ws/install/turtle_bot_srv_12/share/turtle_bot_srv_12/cmake/turtle_bot_srv_12__rosidl_typesupport_cExport.cmake
[5.921s] -- Up-to-date: /home/robotica/Documents/Taller1/taller1_ws/install/turtle_bot_srv_12/share/turtle_bot_srv_12/cmake/turtle_bot_srv_12__rosidl_typesupport_cExport-noconfig.cmake
[5.929s] -- Up-to-date: /home/robotica/Documents/Taller1/taller1_ws/install/turtle_bot_srv_12/share/turtle_bot_srv_12/cmake/export_turtle_bot_srv_12__rosidl_generator_cppExport.cmake
[5.930s] -- Up-to-date: /home/robotica/Documents/Taller1/taller1_ws/install/turtle_bot_srv_12/share/turtle_bot_srv_12/cmake/export_turtle_bot_srv_12__rosidl_typesupport_fastrtps_cppExport.cmake
[5.931s] -- Up-to-date: /home/robotica/Documents/Taller1/taller1_ws/install/turtle_bot_srv_12/share/turtle_bot_srv_12/cmake/export_turtle_bot_srv_12__rosidl_typesupport_fastrtps_cppExport-noconfig.cmake
[5.931s] -- Up-to-date: /home/robotica/Documents/Taller1/taller1_ws/install/turtle_bot_srv_12/share/turtle_bot_srv_12/cmake/turtle_bot_srv_12__rosidl_typesupport_introspection_cppExport.cmake
[5.932s] -- Up-to-date: /home/robotica/Documents/Taller1/taller1_ws/install/turtle_bot_srv_12/share/turtle_bot_srv_12/cmake/turtle_bot_srv_12__rosidl_typesupport_introspection_cppExport-noconfig.cmake
[5.932s] -- Up-to-date: /home/robotica/Documents/Taller1/taller1_ws/install/turtle_bot_srv_12/share/turtle_bot_srv_12/cmake/turtle_bot_srv_12__rosidl_typesupport_cppExport.cmake
[5.933s] -- Up-to-date: /home/robotica/Documents/Taller1/taller1_ws/install/turtle_bot_srv_12/share/turtle_bot_srv_12/cmake/turtle_bot_srv_12__rosidl_typesupport_cppExport-noconfig.cmake
[5.933s] -- Up-to-date: /home/robotica/Documents/Taller1/taller1_ws/install/turtle_bot_srv_12/share/turtle_bot_srv_12/cmake/export_turtle_bot_srv_12__rosidl_generator_pyExport.cmake
[5.934s] -- Up-to-date: /home/robotica/Documents/Taller1/taller1_ws/install/turtle_bot_srv_12/share/turtle_bot_srv_12/cmake/export_turtle_bot_srv_12__rosidl_generator_pyExport-noconfig.cmake
[5.935s] -- Up-to-date: /home/robotica/Documents/Taller1/taller1_ws/install/turtle_bot_srv_12/share/turtle_bot_srv_12/cmake/rosidl_cmake-extras.cmake
[5.935s] -- Up-to-date: /home/robotica/Documents/Taller1/taller1_ws/install/turtle_bot_srv_12/share/turtle_bot_srv_12/cmake/ament_cmake_export_include_directories-extras.cmake
[5.936s] -- Up-to-date: /home/robotica/Documents/Taller1/taller1_ws/install/turtle_bot_srv_12/share/turtle_bot_srv_12/cmake/ament_cmake_export_libraries-extras.cmake
[5.937s] -- Up-to-date: /home/robotica/Documents/Taller1/taller1_ws/install/turtle_bot_srv_12/share/turtle_bot_srv_12/cmake/ament_cmake_export_targets-extras.cmake
[5.937s] -- Up-to-date: /home/robotica/Documents/Taller1/taller1_ws/install/turtle_bot_srv_12/share/turtle_bot_srv_12/cmake/rosidl_cmake_export_typesupport_targets-extras.cmake
[5.938s] -- Up-to-date: /home/robotica/Documents/Taller1/taller1_ws/install/turtle_bot_srv_12/share/turtle_bot_srv_12/cmake/ament_cmake_export_dependencies-extras.cmake
[5.938s] -- Up-to-date: /home/robotica/Documents/Taller1/taller1_ws/install/turtle_bot_srv_12/share/turtle_bot_srv_12/cmake/rosidl_cmake_export_typesupport_libraries-extras.cmake
[5.939s] -- Up-to-date: /home/robotica/Documents/Taller1/taller1_ws/install/turtle_bot_srv_12/share/turtle_bot_srv_12/cmake/turtle_bot_srv_12Config.cmake
[5.939s] -- Up-to-date: /home/robotica/Documents/Taller1/taller1_ws/install/turtle_bot_srv_12/share/turtle_bot_srv_12/cmake/turtle_bot_srv_12Config-version.cmake
[5.940s] -- Up-to-date: /home/robotica/Documents/Taller1/taller1_ws/install/turtle_bot_srv_12/share/turtle_bot_srv_12/package.xml
[6.050s] Invoked command in '/home/robotica/Documents/Taller1/taller1_ws/build/turtle_bot_srv_12' returned '0': CMAKE_PREFIX_PATH=${CMAKE_PREFIX_PATH}:/home/robotica/Documents/Taller1/taller1_ws/install/turtle_bot_12:/home/robotica/Documents/Taller1/taller1_ws/install/paquete_scr_servicios:/opt/ros/humble /usr/bin/cmake --install /home/robotica/Documents/Taller1/taller1_ws/build/turtle_bot_srv_12
