[0.991s] DEBUG:colcon:Command line arguments: ['/usr/bin/colcon', 'build']
[1.007s] DEBUG:colcon:Parsed command line arguments: Namespace(log_base=None, log_level=None, verb_name='build', build_base='build', install_base='install', merge_install=False, symlink_install=False, test_result_base=None, continue_on_error=False, executor='parallel', parallel_workers=5, event_handlers=None, ignore_user_meta=False, metas=['./colcon.meta'], base_paths=['.'], packages_ignore=None, packages_ignore_regex=None, paths=None, packages_up_to=None, packages_up_to_regex=None, packages_above=None, packages_above_and_dependencies=None, packages_above_depth=None, packages_select_by_dep=None, packages_skip_by_dep=None, packages_skip_up_to=None, packages_select_build_failed=False, packages_skip_build_finished=False, packages_select_test_failures=False, packages_skip_test_passed=False, packages_select=None, packages_skip=None, packages_select_regex=None, packages_skip_regex=None, packages_start=None, packages_end=None, allow_overriding=[], cmake_args=None, cmake_target=None, cmake_target_skip_unavailable=False, cmake_clean_cache=False, cmake_clean_first=False, cmake_force_configure=False, ament_cmake_args=None, catkin_cmake_args=None, catkin_skip_building_tests=False, verb_parser=<colcon_defaults.argument_parser.defaults.DefaultArgumentsDecorator object at 0x7efe2a22b610>, verb_extension=<colcon_core.verb.build.BuildVerb object at 0x7efe2abb49a0>, main=<bound method BuildVerb.main of <colcon_core.verb.build.BuildVerb object at 0x7efe2abb49a0>>)
[1.116s] Level 1:colcon.colcon_core.package_discovery:discover_packages(colcon_meta) check parameters
[1.117s] Level 1:colcon.colcon_core.package_discovery:discover_packages(recursive) check parameters
[1.122s] Level 1:colcon.colcon_core.package_discovery:discover_packages(ignore) check parameters
[1.122s] Level 1:colcon.colcon_core.package_discovery:discover_packages(path) check parameters
[1.122s] Level 1:colcon.colcon_core.package_discovery:discover_packages(colcon_meta) discover
[1.123s] Level 1:colcon.colcon_core.package_discovery:discover_packages(recursive) discover
[1.124s] INFO:colcon.colcon_core.package_discovery:Crawling recursively for packages in '/home/robotica/Documents/Taller1/taller1_ws'
[1.124s] Level 1:colcon.colcon_core.package_identification:_identify(.) by extensions ['ignore', 'ignore_ament_install']
[1.124s] Level 1:colcon.colcon_core.package_identification:_identify(.) by extension 'ignore'
[1.125s] Level 1:colcon.colcon_core.package_identification:_identify(.) by extension 'ignore_ament_install'
[1.125s] Level 1:colcon.colcon_core.package_identification:_identify(.) by extensions ['colcon_pkg']
[1.125s] Level 1:colcon.colcon_core.package_identification:_identify(.) by extension 'colcon_pkg'
[1.126s] Level 1:colcon.colcon_core.package_identification:_identify(.) by extensions ['colcon_meta']
[1.126s] Level 1:colcon.colcon_core.package_identification:_identify(.) by extension 'colcon_meta'
[1.126s] Level 1:colcon.colcon_core.package_identification:_identify(.) by extensions ['ros']
[1.126s] Level 1:colcon.colcon_core.package_identification:_identify(.) by extension 'ros'
[1.198s] Level 1:colcon.colcon_core.package_identification:_identify(.) by extensions ['cmake', 'python']
[1.199s] Level 1:colcon.colcon_core.package_identification:_identify(.) by extension 'cmake'
[1.199s] Level 1:colcon.colcon_core.package_identification:_identify(.) by extension 'python'
[1.199s] Level 1:colcon.colcon_core.package_identification:_identify(.) by extensions ['python_setup_py']
[1.200s] Level 1:colcon.colcon_core.package_identification:_identify(.) by extension 'python_setup_py'
[1.200s] Level 1:colcon.colcon_core.package_identification:_identify(build) by extensions ['ignore', 'ignore_ament_install']
[1.201s] Level 1:colcon.colcon_core.package_identification:_identify(build) by extension 'ignore'
[1.201s] Level 1:colcon.colcon_core.package_identification:_identify(build) ignored
[1.209s] Level 1:colcon.colcon_core.package_identification:_identify(install) by extensions ['ignore', 'ignore_ament_install']
[1.210s] Level 1:colcon.colcon_core.package_identification:_identify(install) by extension 'ignore'
[1.210s] Level 1:colcon.colcon_core.package_identification:_identify(install) ignored
[1.211s] Level 1:colcon.colcon_core.package_identification:_identify(log) by extensions ['ignore', 'ignore_ament_install']
[1.211s] Level 1:colcon.colcon_core.package_identification:_identify(log) by extension 'ignore'
[1.212s] Level 1:colcon.colcon_core.package_identification:_identify(log) ignored
[1.212s] Level 1:colcon.colcon_core.package_identification:_identify(src) by extensions ['ignore', 'ignore_ament_install']
[1.212s] Level 1:colcon.colcon_core.package_identification:_identify(src) by extension 'ignore'
[1.212s] Level 1:colcon.colcon_core.package_identification:_identify(src) by extension 'ignore_ament_install'
[1.213s] Level 1:colcon.colcon_core.package_identification:_identify(src) by extensions ['colcon_pkg']
[1.213s] Level 1:colcon.colcon_core.package_identification:_identify(src) by extension 'colcon_pkg'
[1.213s] Level 1:colcon.colcon_core.package_identification:_identify(src) by extensions ['colcon_meta']
[1.213s] Level 1:colcon.colcon_core.package_identification:_identify(src) by extension 'colcon_meta'
[1.214s] Level 1:colcon.colcon_core.package_identification:_identify(src) by extensions ['ros']
[1.214s] Level 1:colcon.colcon_core.package_identification:_identify(src) by extension 'ros'
[1.214s] Level 1:colcon.colcon_core.package_identification:_identify(src) by extensions ['cmake', 'python']
[1.214s] Level 1:colcon.colcon_core.package_identification:_identify(src) by extension 'cmake'
[1.214s] Level 1:colcon.colcon_core.package_identification:_identify(src) by extension 'python'
[1.215s] Level 1:colcon.colcon_core.package_identification:_identify(src) by extensions ['python_setup_py']
[1.215s] Level 1:colcon.colcon_core.package_identification:_identify(src) by extension 'python_setup_py'
[1.215s] Level 1:colcon.colcon_core.package_identification:_identify(src/turtle_bot_12) by extensions ['ignore', 'ignore_ament_install']
[1.215s] Level 1:colcon.colcon_core.package_identification:_identify(src/turtle_bot_12) by extension 'ignore'
[1.216s] Level 1:colcon.colcon_core.package_identification:_identify(src/turtle_bot_12) by extension 'ignore_ament_install'
[1.217s] Level 1:colcon.colcon_core.package_identification:_identify(src/turtle_bot_12) by extensions ['colcon_pkg']
[1.217s] Level 1:colcon.colcon_core.package_identification:_identify(src/turtle_bot_12) by extension 'colcon_pkg'
[1.217s] Level 1:colcon.colcon_core.package_identification:_identify(src/turtle_bot_12) by extensions ['colcon_meta']
[1.217s] Level 1:colcon.colcon_core.package_identification:_identify(src/turtle_bot_12) by extension 'colcon_meta'
[1.217s] Level 1:colcon.colcon_core.package_identification:_identify(src/turtle_bot_12) by extensions ['ros']
[1.217s] Level 1:colcon.colcon_core.package_identification:_identify(src/turtle_bot_12) by extension 'ros'
[1.228s] DEBUG:colcon.colcon_core.package_identification:Package 'src/turtle_bot_12' with type 'ros.ament_python' and name 'turtle_bot_12'
[1.229s] Level 1:colcon.colcon_core.package_identification:_identify(src/turtle_bot_srv_12) by extensions ['ignore', 'ignore_ament_install']
[1.229s] Level 1:colcon.colcon_core.package_identification:_identify(src/turtle_bot_srv_12) by extension 'ignore'
[1.229s] Level 1:colcon.colcon_core.package_identification:_identify(src/turtle_bot_srv_12) by extension 'ignore_ament_install'
[1.230s] Level 1:colcon.colcon_core.package_identification:_identify(src/turtle_bot_srv_12) by extensions ['colcon_pkg']
[1.230s] Level 1:colcon.colcon_core.package_identification:_identify(src/turtle_bot_srv_12) by extension 'colcon_pkg'
[1.230s] Level 1:colcon.colcon_core.package_identification:_identify(src/turtle_bot_srv_12) by extensions ['colcon_meta']
[1.230s] Level 1:colcon.colcon_core.package_identification:_identify(src/turtle_bot_srv_12) by extension 'colcon_meta'
[1.230s] Level 1:colcon.colcon_core.package_identification:_identify(src/turtle_bot_srv_12) by extensions ['ros']
[1.232s] Level 1:colcon.colcon_core.package_identification:_identify(src/turtle_bot_srv_12) by extension 'ros'
[1.235s] DEBUG:colcon.colcon_core.package_identification:Package 'src/turtle_bot_srv_12' with type 'ros.ament_cmake' and name 'turtle_bot_srv_12'
[1.235s] Level 1:colcon.colcon_core.package_discovery:discover_packages(recursive) using defaults
[1.236s] Level 1:colcon.colcon_core.package_discovery:discover_packages(ignore) discover
[1.238s] Level 1:colcon.colcon_core.package_discovery:discover_packages(ignore) using defaults
[1.238s] Level 1:colcon.colcon_core.package_discovery:discover_packages(path) discover
[1.238s] Level 1:colcon.colcon_core.package_discovery:discover_packages(path) using defaults
[1.368s] Level 1:colcon.colcon_core.package_discovery:discover_packages(prefix_path) check parameters
[1.369s] Level 1:colcon.colcon_core.package_discovery:discover_packages(prefix_path) discover
[1.388s] DEBUG:colcon.colcon_installed_package_information.package_discovery:Found 2 installed packages in /home/robotica/Documents/Taller1/taller1_ws/install
[1.403s] DEBUG:colcon.colcon_installed_package_information.package_discovery:Found 284 installed packages in /opt/ros/humble
[1.408s] Level 1:colcon.colcon_core.package_discovery:discover_packages(prefix_path) using defaults
[1.644s] Level 5:colcon.colcon_core.verb:set package 'turtle_bot_12' build argument 'cmake_args' from command line to 'None'
[1.644s] Level 5:colcon.colcon_core.verb:set package 'turtle_bot_12' build argument 'cmake_target' from command line to 'None'
[1.645s] Level 5:colcon.colcon_core.verb:set package 'turtle_bot_12' build argument 'cmake_target_skip_unavailable' from command line to 'False'
[1.645s] Level 5:colcon.colcon_core.verb:set package 'turtle_bot_12' build argument 'cmake_clean_cache' from command line to 'False'
[1.646s] Level 5:colcon.colcon_core.verb:set package 'turtle_bot_12' build argument 'cmake_clean_first' from command line to 'False'
[1.646s] Level 5:colcon.colcon_core.verb:set package 'turtle_bot_12' build argument 'cmake_force_configure' from command line to 'False'
[1.646s] Level 5:colcon.colcon_core.verb:set package 'turtle_bot_12' build argument 'ament_cmake_args' from command line to 'None'
[1.646s] Level 5:colcon.colcon_core.verb:set package 'turtle_bot_12' build argument 'catkin_cmake_args' from command line to 'None'
[1.646s] Level 5:colcon.colcon_core.verb:set package 'turtle_bot_12' build argument 'catkin_skip_building_tests' from command line to 'False'
[1.646s] DEBUG:colcon.colcon_core.verb:Building package 'turtle_bot_12' with the following arguments: {'ament_cmake_args': None, 'build_base': '/home/robotica/Documents/Taller1/taller1_ws/build/turtle_bot_12', 'catkin_cmake_args': None, 'catkin_skip_building_tests': False, 'cmake_args': None, 'cmake_clean_cache': False, 'cmake_clean_first': False, 'cmake_force_configure': False, 'cmake_target': None, 'cmake_target_skip_unavailable': False, 'install_base': '/home/robotica/Documents/Taller1/taller1_ws/install/turtle_bot_12', 'merge_install': False, 'path': '/home/robotica/Documents/Taller1/taller1_ws/src/turtle_bot_12', 'symlink_install': False, 'test_result_base': None}
[1.651s] Level 5:colcon.colcon_core.verb:set package 'turtle_bot_srv_12' build argument 'cmake_args' from command line to 'None'
[1.660s] Level 5:colcon.colcon_core.verb:set package 'turtle_bot_srv_12' build argument 'cmake_target' from command line to 'None'
[1.660s] Level 5:colcon.colcon_core.verb:set package 'turtle_bot_srv_12' build argument 'cmake_target_skip_unavailable' from command line to 'False'
[1.660s] Level 5:colcon.colcon_core.verb:set package 'turtle_bot_srv_12' build argument 'cmake_clean_cache' from command line to 'False'
[1.660s] Level 5:colcon.colcon_core.verb:set package 'turtle_bot_srv_12' build argument 'cmake_clean_first' from command line to 'False'
[1.660s] Level 5:colcon.colcon_core.verb:set package 'turtle_bot_srv_12' build argument 'cmake_force_configure' from command line to 'False'
[1.660s] Level 5:colcon.colcon_core.verb:set package 'turtle_bot_srv_12' build argument 'ament_cmake_args' from command line to 'None'
[1.661s] Level 5:colcon.colcon_core.verb:set package 'turtle_bot_srv_12' build argument 'catkin_cmake_args' from command line to 'None'
[1.661s] Level 5:colcon.colcon_core.verb:set package 'turtle_bot_srv_12' build argument 'catkin_skip_building_tests' from command line to 'False'
[1.661s] DEBUG:colcon.colcon_core.verb:Building package 'turtle_bot_srv_12' with the following arguments: {'ament_cmake_args': None, 'build_base': '/home/robotica/Documents/Taller1/taller1_ws/build/turtle_bot_srv_12', 'catkin_cmake_args': None, 'catkin_skip_building_tests': False, 'cmake_args': None, 'cmake_clean_cache': False, 'cmake_clean_first': False, 'cmake_force_configure': False, 'cmake_target': None, 'cmake_target_skip_unavailable': False, 'install_base': '/home/robotica/Documents/Taller1/taller1_ws/install/turtle_bot_srv_12', 'merge_install': False, 'path': '/home/robotica/Documents/Taller1/taller1_ws/src/turtle_bot_srv_12', 'symlink_install': False, 'test_result_base': None}
[1.666s] INFO:colcon.colcon_core.executor:Executing jobs using 'parallel' executor
[1.713s] DEBUG:colcon.colcon_parallel_executor.executor.parallel:run_until_complete
[1.714s] INFO:colcon.colcon_ros.task.ament_python.build:Building ROS package in '/home/robotica/Documents/Taller1/taller1_ws/src/turtle_bot_12' with build type 'ament_python'
[1.715s] Level 1:colcon.colcon_core.shell:create_environment_hook('turtle_bot_12', 'ament_prefix_path')
[1.745s] INFO:colcon.colcon_core.plugin_system:Skipping extension 'colcon_core.shell.bat': Not used on non-Windows systems
[1.746s] INFO:colcon.colcon_core.shell:Creating environment hook '/home/robotica/Documents/Taller1/taller1_ws/install/turtle_bot_12/share/turtle_bot_12/hook/ament_prefix_path.ps1'
[1.748s] INFO:colcon.colcon_core.shell:Creating environment descriptor '/home/robotica/Documents/Taller1/taller1_ws/install/turtle_bot_12/share/turtle_bot_12/hook/ament_prefix_path.dsv'
[1.750s] INFO:colcon.colcon_core.shell:Creating environment hook '/home/robotica/Documents/Taller1/taller1_ws/install/turtle_bot_12/share/turtle_bot_12/hook/ament_prefix_path.sh'
[1.764s] INFO:colcon.colcon_core.shell:Skip shell extension 'powershell' for command environment: Not usable outside of PowerShell
[1.765s] DEBUG:colcon.colcon_core.shell:Skip shell extension 'dsv' for command environment
[1.825s] INFO:colcon.colcon_ros.task.ament_cmake.build:Building ROS package in '/home/robotica/Documents/Taller1/taller1_ws/src/turtle_bot_srv_12' with build type 'ament_cmake'
[1.827s] INFO:colcon.colcon_cmake.task.cmake.build:Building CMake package in '/home/robotica/Documents/Taller1/taller1_ws/src/turtle_bot_srv_12'
[1.844s] INFO:colcon.colcon_core.shell:Skip shell extension 'powershell' for command environment: Not usable outside of PowerShell
[1.845s] DEBUG:colcon.colcon_core.shell:Skip shell extension 'dsv' for command environment
[3.567s] INFO:colcon.colcon_core.task.python.build:Building Python package in '/home/robotica/Documents/Taller1/taller1_ws/src/turtle_bot_12'
[3.583s] INFO:colcon.colcon_core.shell:Skip shell extension 'powershell' for command environment: Not usable outside of PowerShell
[3.584s] DEBUG:colcon.colcon_core.shell:Skip shell extension 'dsv' for command environment
[3.700s] DEBUG:colcon.colcon_core.event_handler.log_command:Invoking command in '/home/robotica/Documents/Taller1/taller1_ws/build/turtle_bot_srv_12': CMAKE_PREFIX_PATH=${CMAKE_PREFIX_PATH}:/home/robotica/Documents/Taller1/taller1_ws/install/turtle_bot_12:/opt/ros/humble /usr/bin/cmake --build /home/robotica/Documents/Taller1/taller1_ws/build/turtle_bot_srv_12 -- -j5 -l5
[6.030s] DEBUG:colcon.colcon_core.event_handler.log_command:Invoking command in '/home/robotica/Documents/Taller1/taller1_ws/src/turtle_bot_12': PYTHONPATH=/home/robotica/Documents/Taller1/taller1_ws/build/turtle_bot_12/prefix_override:/home/robotica/Documents/Taller1/taller1_ws/install/turtle_bot_12/lib/python3.10/site-packages:${PYTHONPATH} /usr/bin/python3 setup.py egg_info --egg-base ../../build/turtle_bot_12 build --build-base /home/robotica/Documents/Taller1/taller1_ws/build/turtle_bot_12/build install --record /home/robotica/Documents/Taller1/taller1_ws/build/turtle_bot_12/install.log --single-version-externally-managed
[7.795s] DEBUG:colcon.colcon_core.event_handler.log_command:Invoked command in '/home/robotica/Documents/Taller1/taller1_ws/src/turtle_bot_12' returned '0': PYTHONPATH=/home/robotica/Documents/Taller1/taller1_ws/build/turtle_bot_12/prefix_override:/home/robotica/Documents/Taller1/taller1_ws/install/turtle_bot_12/lib/python3.10/site-packages:${PYTHONPATH} /usr/bin/python3 setup.py egg_info --egg-base ../../build/turtle_bot_12 build --build-base /home/robotica/Documents/Taller1/taller1_ws/build/turtle_bot_12/build install --record /home/robotica/Documents/Taller1/taller1_ws/build/turtle_bot_12/install.log --single-version-externally-managed
[7.813s] Level 1:colcon.colcon_core.environment:checking '/home/robotica/Documents/Taller1/taller1_ws/install/turtle_bot_12' for CMake module files
[7.818s] Level 1:colcon.colcon_core.environment:checking '/home/robotica/Documents/Taller1/taller1_ws/install/turtle_bot_12' for CMake config files
[7.821s] Level 1:colcon.colcon_core.environment:checking '/home/robotica/Documents/Taller1/taller1_ws/install/turtle_bot_12/lib'
[7.823s] Level 1:colcon.colcon_core.environment:checking '/home/robotica/Documents/Taller1/taller1_ws/install/turtle_bot_12/bin'
[7.823s] Level 1:colcon.colcon_core.environment:checking '/home/robotica/Documents/Taller1/taller1_ws/install/turtle_bot_12/lib/pkgconfig/turtle_bot_12.pc'
[7.824s] Level 1:colcon.colcon_core.environment:checking '/home/robotica/Documents/Taller1/taller1_ws/install/turtle_bot_12/lib/python3.10/site-packages'
[7.824s] Level 1:colcon.colcon_core.shell:create_environment_hook('turtle_bot_12', 'pythonpath')
[7.836s] INFO:colcon.colcon_core.shell:Creating environment hook '/home/robotica/Documents/Taller1/taller1_ws/install/turtle_bot_12/share/turtle_bot_12/hook/pythonpath.ps1'
[7.842s] INFO:colcon.colcon_core.shell:Creating environment descriptor '/home/robotica/Documents/Taller1/taller1_ws/install/turtle_bot_12/share/turtle_bot_12/hook/pythonpath.dsv'
[7.846s] INFO:colcon.colcon_core.shell:Creating environment hook '/home/robotica/Documents/Taller1/taller1_ws/install/turtle_bot_12/share/turtle_bot_12/hook/pythonpath.sh'
[7.854s] Level 1:colcon.colcon_core.environment:checking '/home/robotica/Documents/Taller1/taller1_ws/install/turtle_bot_12/bin'
[7.855s] Level 1:colcon.colcon_core.environment:create_environment_scripts_only(turtle_bot_12)
[7.866s] INFO:colcon.colcon_core.shell:Creating package script '/home/robotica/Documents/Taller1/taller1_ws/install/turtle_bot_12/share/turtle_bot_12/package.ps1'
[7.880s] INFO:colcon.colcon_core.shell:Creating package descriptor '/home/robotica/Documents/Taller1/taller1_ws/install/turtle_bot_12/share/turtle_bot_12/package.dsv'
[7.887s] INFO:colcon.colcon_core.shell:Creating package script '/home/robotica/Documents/Taller1/taller1_ws/install/turtle_bot_12/share/turtle_bot_12/package.sh'
[7.891s] INFO:colcon.colcon_core.shell:Creating package script '/home/robotica/Documents/Taller1/taller1_ws/install/turtle_bot_12/share/turtle_bot_12/package.bash'
[7.895s] INFO:colcon.colcon_core.shell:Creating package script '/home/robotica/Documents/Taller1/taller1_ws/install/turtle_bot_12/share/turtle_bot_12/package.zsh'
[7.898s] Level 1:colcon.colcon_core.environment:create_file_with_runtime_dependencies(/home/robotica/Documents/Taller1/taller1_ws/install/turtle_bot_12/share/colcon-core/packages/turtle_bot_12)
[9.201s] DEBUG:colcon.colcon_core.event_handler.log_command:Invoked command in '/home/robotica/Documents/Taller1/taller1_ws/build/turtle_bot_srv_12' returned '0': CMAKE_PREFIX_PATH=${CMAKE_PREFIX_PATH}:/home/robotica/Documents/Taller1/taller1_ws/install/turtle_bot_12:/opt/ros/humble /usr/bin/cmake --build /home/robotica/Documents/Taller1/taller1_ws/build/turtle_bot_srv_12 -- -j5 -l5
[10.599s] DEBUG:colcon.colcon_core.event_handler.log_command:Invoking command in '/home/robotica/Documents/Taller1/taller1_ws/build/turtle_bot_srv_12': CMAKE_PREFIX_PATH=${CMAKE_PREFIX_PATH}:/home/robotica/Documents/Taller1/taller1_ws/install/turtle_bot_12:/opt/ros/humble /usr/bin/cmake --install /home/robotica/Documents/Taller1/taller1_ws/build/turtle_bot_srv_12
[11.073s] Level 1:colcon.colcon_core.environment:create_environment_scripts_only(turtle_bot_srv_12)
[11.083s] DEBUG:colcon.colcon_core.event_handler.log_command:Invoked command in '/home/robotica/Documents/Taller1/taller1_ws/build/turtle_bot_srv_12' returned '0': CMAKE_PREFIX_PATH=${CMAKE_PREFIX_PATH}:/home/robotica/Documents/Taller1/taller1_ws/install/turtle_bot_12:/opt/ros/humble /usr/bin/cmake --install /home/robotica/Documents/Taller1/taller1_ws/build/turtle_bot_srv_12
[11.092s] Level 1:colcon.colcon_core.environment:checking '/home/robotica/Documents/Taller1/taller1_ws/install/turtle_bot_srv_12' for CMake module files
[11.098s] Level 1:colcon.colcon_core.environment:checking '/home/robotica/Documents/Taller1/taller1_ws/install/turtle_bot_srv_12' for CMake config files
[11.099s] Level 1:colcon.colcon_core.shell:create_environment_hook('turtle_bot_srv_12', 'cmake_prefix_path')
[11.107s] INFO:colcon.colcon_core.shell:Creating environment hook '/home/robotica/Documents/Taller1/taller1_ws/install/turtle_bot_srv_12/share/turtle_bot_srv_12/hook/cmake_prefix_path.ps1'
[11.111s] INFO:colcon.colcon_core.shell:Creating environment descriptor '/home/robotica/Documents/Taller1/taller1_ws/install/turtle_bot_srv_12/share/turtle_bot_srv_12/hook/cmake_prefix_path.dsv'
[11.114s] INFO:colcon.colcon_core.shell:Creating environment hook '/home/robotica/Documents/Taller1/taller1_ws/install/turtle_bot_srv_12/share/turtle_bot_srv_12/hook/cmake_prefix_path.sh'
[11.118s] Level 1:colcon.colcon_core.environment:checking '/home/robotica/Documents/Taller1/taller1_ws/install/turtle_bot_srv_12/lib'
[11.121s] Level 1:colcon.colcon_core.shell:create_environment_hook('turtle_bot_srv_12', 'ld_library_path_lib')
[11.126s] INFO:colcon.colcon_core.shell:Creating environment hook '/home/robotica/Documents/Taller1/taller1_ws/install/turtle_bot_srv_12/share/turtle_bot_srv_12/hook/ld_library_path_lib.ps1'
[11.134s] INFO:colcon.colcon_core.shell:Creating environment descriptor '/home/robotica/Documents/Taller1/taller1_ws/install/turtle_bot_srv_12/share/turtle_bot_srv_12/hook/ld_library_path_lib.dsv'
[11.137s] INFO:colcon.colcon_core.shell:Creating environment hook '/home/robotica/Documents/Taller1/taller1_ws/install/turtle_bot_srv_12/share/turtle_bot_srv_12/hook/ld_library_path_lib.sh'
[11.147s] Level 1:colcon.colcon_core.environment:checking '/home/robotica/Documents/Taller1/taller1_ws/install/turtle_bot_srv_12/bin'
[11.148s] Level 1:colcon.colcon_core.environment:checking '/home/robotica/Documents/Taller1/taller1_ws/install/turtle_bot_srv_12/lib/pkgconfig/turtle_bot_srv_12.pc'
[11.149s] Level 1:colcon.colcon_core.environment:checking '/home/robotica/Documents/Taller1/taller1_ws/install/turtle_bot_srv_12/lib/python3.10/site-packages'
[11.150s] Level 1:colcon.colcon_core.environment:checking '/home/robotica/Documents/Taller1/taller1_ws/install/turtle_bot_srv_12/bin'
[11.173s] INFO:colcon.colcon_core.shell:Creating package script '/home/robotica/Documents/Taller1/taller1_ws/install/turtle_bot_srv_12/share/turtle_bot_srv_12/package.ps1'
[11.175s] INFO:colcon.colcon_core.shell:Creating package descriptor '/home/robotica/Documents/Taller1/taller1_ws/install/turtle_bot_srv_12/share/turtle_bot_srv_12/package.dsv'
[11.178s] INFO:colcon.colcon_core.shell:Creating package script '/home/robotica/Documents/Taller1/taller1_ws/install/turtle_bot_srv_12/share/turtle_bot_srv_12/package.sh'
[11.180s] INFO:colcon.colcon_core.shell:Creating package script '/home/robotica/Documents/Taller1/taller1_ws/install/turtle_bot_srv_12/share/turtle_bot_srv_12/package.bash'
[11.183s] INFO:colcon.colcon_core.shell:Creating package script '/home/robotica/Documents/Taller1/taller1_ws/install/turtle_bot_srv_12/share/turtle_bot_srv_12/package.zsh'
[11.193s] Level 1:colcon.colcon_core.environment:create_file_with_runtime_dependencies(/home/robotica/Documents/Taller1/taller1_ws/install/turtle_bot_srv_12/share/colcon-core/packages/turtle_bot_srv_12)
[12.375s] Level 1:colcon.colcon_core.environment:create_environment_scripts_only(turtle_bot_srv_12)
[12.398s] Level 1:colcon.colcon_core.environment:checking '/home/robotica/Documents/Taller1/taller1_ws/install/turtle_bot_srv_12' for CMake module files
[12.422s] Level 1:colcon.colcon_core.environment:checking '/home/robotica/Documents/Taller1/taller1_ws/install/turtle_bot_srv_12' for CMake config files
[12.444s] Level 1:colcon.colcon_core.shell:create_environment_hook('turtle_bot_srv_12', 'cmake_prefix_path')
[12.457s] INFO:colcon.colcon_core.shell:Creating environment hook '/home/robotica/Documents/Taller1/taller1_ws/install/turtle_bot_srv_12/share/turtle_bot_srv_12/hook/cmake_prefix_path.ps1'
[12.461s] INFO:colcon.colcon_core.shell:Creating environment descriptor '/home/robotica/Documents/Taller1/taller1_ws/install/turtle_bot_srv_12/share/turtle_bot_srv_12/hook/cmake_prefix_path.dsv'
[12.466s] INFO:colcon.colcon_core.shell:Creating environment hook '/home/robotica/Documents/Taller1/taller1_ws/install/turtle_bot_srv_12/share/turtle_bot_srv_12/hook/cmake_prefix_path.sh'
[12.527s] Level 1:colcon.colcon_core.environment:checking '/home/robotica/Documents/Taller1/taller1_ws/install/turtle_bot_srv_12/lib'
[12.535s] Level 1:colcon.colcon_core.shell:create_environment_hook('turtle_bot_srv_12', 'ld_library_path_lib')
[12.544s] INFO:colcon.colcon_core.shell:Creating environment hook '/home/robotica/Documents/Taller1/taller1_ws/install/turtle_bot_srv_12/share/turtle_bot_srv_12/hook/ld_library_path_lib.ps1'
[12.547s] INFO:colcon.colcon_core.shell:Creating environment descriptor '/home/robotica/Documents/Taller1/taller1_ws/install/turtle_bot_srv_12/share/turtle_bot_srv_12/hook/ld_library_path_lib.dsv'
[12.550s] INFO:colcon.colcon_core.shell:Creating environment hook '/home/robotica/Documents/Taller1/taller1_ws/install/turtle_bot_srv_12/share/turtle_bot_srv_12/hook/ld_library_path_lib.sh'
[12.552s] Level 1:colcon.colcon_core.environment:checking '/home/robotica/Documents/Taller1/taller1_ws/install/turtle_bot_srv_12/bin'
[12.553s] Level 1:colcon.colcon_core.environment:checking '/home/robotica/Documents/Taller1/taller1_ws/install/turtle_bot_srv_12/lib/pkgconfig/turtle_bot_srv_12.pc'
[12.554s] Level 1:colcon.colcon_core.environment:checking '/home/robotica/Documents/Taller1/taller1_ws/install/turtle_bot_srv_12/lib/python3.10/site-packages'
[12.555s] Level 1:colcon.colcon_core.environment:checking '/home/robotica/Documents/Taller1/taller1_ws/install/turtle_bot_srv_12/bin'
[12.562s] INFO:colcon.colcon_core.shell:Creating package script '/home/robotica/Documents/Taller1/taller1_ws/install/turtle_bot_srv_12/share/turtle_bot_srv_12/package.ps1'
[12.565s] INFO:colcon.colcon_core.shell:Creating package descriptor '/home/robotica/Documents/Taller1/taller1_ws/install/turtle_bot_srv_12/share/turtle_bot_srv_12/package.dsv'
[12.570s] INFO:colcon.colcon_core.shell:Creating package script '/home/robotica/Documents/Taller1/taller1_ws/install/turtle_bot_srv_12/share/turtle_bot_srv_12/package.sh'
[12.574s] INFO:colcon.colcon_core.shell:Creating package script '/home/robotica/Documents/Taller1/taller1_ws/install/turtle_bot_srv_12/share/turtle_bot_srv_12/package.bash'
[12.576s] INFO:colcon.colcon_core.shell:Creating package script '/home/robotica/Documents/Taller1/taller1_ws/install/turtle_bot_srv_12/share/turtle_bot_srv_12/package.zsh'
[12.579s] Level 1:colcon.colcon_core.environment:create_file_with_runtime_dependencies(/home/robotica/Documents/Taller1/taller1_ws/install/turtle_bot_srv_12/share/colcon-core/packages/turtle_bot_srv_12)
[12.584s] DEBUG:colcon.colcon_parallel_executor.executor.parallel:closing loop
[12.595s] DEBUG:colcon.colcon_parallel_executor.executor.parallel:loop closed
[12.597s] DEBUG:colcon.colcon_parallel_executor.executor.parallel:run_until_complete finished with '0'
[12.602s] DEBUG:colcon.colcon_core.event_reactor:joining thread
[12.635s] INFO:colcon.colcon_core.plugin_system:Skipping extension 'colcon_notification.desktop_notification.terminal_notifier': Not used on non-Darwin systems
[12.639s] INFO:colcon.colcon_core.plugin_system:Skipping extension 'colcon_notification.desktop_notification.win32': Not used on non-Windows systems
[12.641s] INFO:colcon.colcon_notification.desktop_notification:Sending desktop notification using 'notify2'
[12.793s] DEBUG:colcon.colcon_core.event_reactor:joined thread
[12.813s] INFO:colcon.colcon_core.shell:Creating prefix script '/home/robotica/Documents/Taller1/taller1_ws/install/local_setup.ps1'
[12.819s] INFO:colcon.colcon_core.shell:Creating prefix util module '/home/robotica/Documents/Taller1/taller1_ws/install/_local_setup_util_ps1.py'
[12.839s] INFO:colcon.colcon_core.shell:Creating prefix chain script '/home/robotica/Documents/Taller1/taller1_ws/install/setup.ps1'
[12.845s] INFO:colcon.colcon_core.shell:Creating prefix script '/home/robotica/Documents/Taller1/taller1_ws/install/local_setup.sh'
[12.848s] INFO:colcon.colcon_core.shell:Creating prefix util module '/home/robotica/Documents/Taller1/taller1_ws/install/_local_setup_util_sh.py'
[12.851s] INFO:colcon.colcon_core.shell:Creating prefix chain script '/home/robotica/Documents/Taller1/taller1_ws/install/setup.sh'
[12.857s] INFO:colcon.colcon_core.shell:Creating prefix script '/home/robotica/Documents/Taller1/taller1_ws/install/local_setup.bash'
[12.862s] INFO:colcon.colcon_core.shell:Creating prefix chain script '/home/robotica/Documents/Taller1/taller1_ws/install/setup.bash'
[12.867s] INFO:colcon.colcon_core.shell:Creating prefix script '/home/robotica/Documents/Taller1/taller1_ws/install/local_setup.zsh'
[12.873s] INFO:colcon.colcon_core.shell:Creating prefix chain script '/home/robotica/Documents/Taller1/taller1_ws/install/setup.zsh'
