[1.433s] DEBUG:colcon:Command line arguments: ['/usr/bin/colcon', 'build']
[1.433s] DEBUG:colcon:Parsed command line arguments: Namespace(log_base=None, log_level=None, verb_name='build', build_base='build', install_base='install', merge_install=False, symlink_install=False, test_result_base=None, continue_on_error=False, executor='parallel', parallel_workers=8, event_handlers=None, ignore_user_meta=False, metas=['./colcon.meta'], base_paths=['.'], packages_ignore=None, packages_ignore_regex=None, paths=None, packages_up_to=None, packages_up_to_regex=None, packages_above=None, packages_above_and_dependencies=None, packages_above_depth=None, packages_select_by_dep=None, packages_skip_by_dep=None, packages_skip_up_to=None, packages_select_build_failed=False, packages_skip_build_finished=False, packages_select_test_failures=False, packages_skip_test_passed=False, packages_select=None, packages_skip=None, packages_select_regex=None, packages_skip_regex=None, packages_start=None, packages_end=None, allow_overriding=[], cmake_args=None, cmake_target=None, cmake_target_skip_unavailable=False, cmake_clean_cache=False, cmake_clean_first=False, cmake_force_configure=False, ament_cmake_args=None, catkin_cmake_args=None, catkin_skip_building_tests=False, verb_parser=<colcon_defaults.argument_parser.defaults.DefaultArgumentsDecorator object at 0x7f6397711ea0>, verb_extension=<colcon_core.verb.build.BuildVerb object at 0x7f63978ea920>, main=<bound method BuildVerb.main of <colcon_core.verb.build.BuildVerb object at 0x7f63978ea920>>)
[1.564s] Level 1:colcon.colcon_core.package_discovery:discover_packages(colcon_meta) check parameters
[1.565s] Level 1:colcon.colcon_core.package_discovery:discover_packages(recursive) check parameters
[1.565s] Level 1:colcon.colcon_core.package_discovery:discover_packages(ignore) check parameters
[1.565s] Level 1:colcon.colcon_core.package_discovery:discover_packages(path) check parameters
[1.565s] Level 1:colcon.colcon_core.package_discovery:discover_packages(colcon_meta) discover
[1.566s] Level 1:colcon.colcon_core.package_discovery:discover_packages(recursive) discover
[1.566s] INFO:colcon.colcon_core.package_discovery:Crawling recursively for packages in '/home/sebastian/Uniandes202310/Robotica/Taller1/Taller1/taller1_ws'
[1.566s] Level 1:colcon.colcon_core.package_identification:_identify(.) by extensions ['ignore', 'ignore_ament_install']
[1.567s] Level 1:colcon.colcon_core.package_identification:_identify(.) by extension 'ignore'
[1.567s] Level 1:colcon.colcon_core.package_identification:_identify(.) by extension 'ignore_ament_install'
[1.567s] Level 1:colcon.colcon_core.package_identification:_identify(.) by extensions ['colcon_pkg']
[1.568s] Level 1:colcon.colcon_core.package_identification:_identify(.) by extension 'colcon_pkg'
[1.568s] Level 1:colcon.colcon_core.package_identification:_identify(.) by extensions ['colcon_meta']
[1.568s] Level 1:colcon.colcon_core.package_identification:_identify(.) by extension 'colcon_meta'
[1.568s] Level 1:colcon.colcon_core.package_identification:_identify(.) by extensions ['ros']
[1.568s] Level 1:colcon.colcon_core.package_identification:_identify(.) by extension 'ros'
[1.616s] Level 1:colcon.colcon_core.package_identification:_identify(.) by extensions ['cmake', 'python']
[1.616s] Level 1:colcon.colcon_core.package_identification:_identify(.) by extension 'cmake'
[1.616s] Level 1:colcon.colcon_core.package_identification:_identify(.) by extension 'python'
[1.616s] Level 1:colcon.colcon_core.package_identification:_identify(.) by extensions ['python_setup_py']
[1.617s] Level 1:colcon.colcon_core.package_identification:_identify(.) by extension 'python_setup_py'
[1.617s] Level 1:colcon.colcon_core.package_identification:_identify(build) by extensions ['ignore', 'ignore_ament_install']
[1.617s] Level 1:colcon.colcon_core.package_identification:_identify(build) by extension 'ignore'
[1.618s] Level 1:colcon.colcon_core.package_identification:_identify(build) ignored
[1.618s] Level 1:colcon.colcon_core.package_identification:_identify(install) by extensions ['ignore', 'ignore_ament_install']
[1.619s] Level 1:colcon.colcon_core.package_identification:_identify(install) by extension 'ignore'
[1.619s] Level 1:colcon.colcon_core.package_identification:_identify(install) ignored
[1.619s] Level 1:colcon.colcon_core.package_identification:_identify(log) by extensions ['ignore', 'ignore_ament_install']
[1.620s] Level 1:colcon.colcon_core.package_identification:_identify(log) by extension 'ignore'
[1.620s] Level 1:colcon.colcon_core.package_identification:_identify(log) ignored
[1.620s] Level 1:colcon.colcon_core.package_identification:_identify(src) by extensions ['ignore', 'ignore_ament_install']
[1.621s] Level 1:colcon.colcon_core.package_identification:_identify(src) by extension 'ignore'
[1.621s] Level 1:colcon.colcon_core.package_identification:_identify(src) by extension 'ignore_ament_install'
[1.621s] Level 1:colcon.colcon_core.package_identification:_identify(src) by extensions ['colcon_pkg']
[1.621s] Level 1:colcon.colcon_core.package_identification:_identify(src) by extension 'colcon_pkg'
[1.622s] Level 1:colcon.colcon_core.package_identification:_identify(src) by extensions ['colcon_meta']
[1.622s] Level 1:colcon.colcon_core.package_identification:_identify(src) by extension 'colcon_meta'
[1.622s] Level 1:colcon.colcon_core.package_identification:_identify(src) by extensions ['ros']
[1.622s] Level 1:colcon.colcon_core.package_identification:_identify(src) by extension 'ros'
[1.623s] Level 1:colcon.colcon_core.package_identification:_identify(src) by extensions ['cmake', 'python']
[1.623s] Level 1:colcon.colcon_core.package_identification:_identify(src) by extension 'cmake'
[1.623s] Level 1:colcon.colcon_core.package_identification:_identify(src) by extension 'python'
[1.623s] Level 1:colcon.colcon_core.package_identification:_identify(src) by extensions ['python_setup_py']
[1.623s] Level 1:colcon.colcon_core.package_identification:_identify(src) by extension 'python_setup_py'
[1.624s] Level 1:colcon.colcon_core.package_identification:_identify(src/turtle_bot_12) by extensions ['ignore', 'ignore_ament_install']
[1.625s] Level 1:colcon.colcon_core.package_identification:_identify(src/turtle_bot_12) by extension 'ignore'
[1.625s] Level 1:colcon.colcon_core.package_identification:_identify(src/turtle_bot_12) by extension 'ignore_ament_install'
[1.625s] Level 1:colcon.colcon_core.package_identification:_identify(src/turtle_bot_12) by extensions ['colcon_pkg']
[1.626s] Level 1:colcon.colcon_core.package_identification:_identify(src/turtle_bot_12) by extension 'colcon_pkg'
[1.626s] Level 1:colcon.colcon_core.package_identification:_identify(src/turtle_bot_12) by extensions ['colcon_meta']
[1.626s] Level 1:colcon.colcon_core.package_identification:_identify(src/turtle_bot_12) by extension 'colcon_meta'
[1.626s] Level 1:colcon.colcon_core.package_identification:_identify(src/turtle_bot_12) by extensions ['ros']
[1.626s] Level 1:colcon.colcon_core.package_identification:_identify(src/turtle_bot_12) by extension 'ros'
[1.639s] DEBUG:colcon.colcon_core.package_identification:Package 'src/turtle_bot_12' with type 'ros.ament_python' and name 'turtle_bot_12'
[1.639s] Level 1:colcon.colcon_core.package_discovery:discover_packages(recursive) using defaults
[1.640s] Level 1:colcon.colcon_core.package_discovery:discover_packages(ignore) discover
[1.640s] Level 1:colcon.colcon_core.package_discovery:discover_packages(ignore) using defaults
[1.640s] Level 1:colcon.colcon_core.package_discovery:discover_packages(path) discover
[1.640s] Level 1:colcon.colcon_core.package_discovery:discover_packages(path) using defaults
[1.744s] Level 1:colcon.colcon_core.package_discovery:discover_packages(prefix_path) check parameters
[1.744s] Level 1:colcon.colcon_core.package_discovery:discover_packages(prefix_path) discover
[1.760s] DEBUG:colcon.colcon_installed_package_information.package_discovery:Found 270 installed packages in /opt/ros/humble
[1.765s] Level 1:colcon.colcon_core.package_discovery:discover_packages(prefix_path) using defaults
[2.023s] Level 5:colcon.colcon_core.verb:set package 'turtle_bot_12' build argument 'cmake_args' from command line to 'None'
[2.023s] Level 5:colcon.colcon_core.verb:set package 'turtle_bot_12' build argument 'cmake_target' from command line to 'None'
[2.023s] Level 5:colcon.colcon_core.verb:set package 'turtle_bot_12' build argument 'cmake_target_skip_unavailable' from command line to 'False'
[2.023s] Level 5:colcon.colcon_core.verb:set package 'turtle_bot_12' build argument 'cmake_clean_cache' from command line to 'False'
[2.023s] Level 5:colcon.colcon_core.verb:set package 'turtle_bot_12' build argument 'cmake_clean_first' from command line to 'False'
[2.023s] Level 5:colcon.colcon_core.verb:set package 'turtle_bot_12' build argument 'cmake_force_configure' from command line to 'False'
[2.024s] Level 5:colcon.colcon_core.verb:set package 'turtle_bot_12' build argument 'ament_cmake_args' from command line to 'None'
[2.024s] Level 5:colcon.colcon_core.verb:set package 'turtle_bot_12' build argument 'catkin_cmake_args' from command line to 'None'
[2.024s] Level 5:colcon.colcon_core.verb:set package 'turtle_bot_12' build argument 'catkin_skip_building_tests' from command line to 'False'
[2.024s] DEBUG:colcon.colcon_core.verb:Building package 'turtle_bot_12' with the following arguments: {'ament_cmake_args': None, 'build_base': '/home/sebastian/Uniandes202310/Robotica/Taller1/Taller1/taller1_ws/build/turtle_bot_12', 'catkin_cmake_args': None, 'catkin_skip_building_tests': False, 'cmake_args': None, 'cmake_clean_cache': False, 'cmake_clean_first': False, 'cmake_force_configure': False, 'cmake_target': None, 'cmake_target_skip_unavailable': False, 'install_base': '/home/sebastian/Uniandes202310/Robotica/Taller1/Taller1/taller1_ws/install/turtle_bot_12', 'merge_install': False, 'path': '/home/sebastian/Uniandes202310/Robotica/Taller1/Taller1/taller1_ws/src/turtle_bot_12', 'symlink_install': False, 'test_result_base': None}
[2.027s] INFO:colcon.colcon_core.executor:Executing jobs using 'parallel' executor
[2.040s] DEBUG:colcon.colcon_parallel_executor.executor.parallel:run_until_complete
[2.040s] INFO:colcon.colcon_ros.task.ament_python.build:Building ROS package in '/home/sebastian/Uniandes202310/Robotica/Taller1/Taller1/taller1_ws/src/turtle_bot_12' with build type 'ament_python'
[2.041s] Level 1:colcon.colcon_core.shell:create_environment_hook('turtle_bot_12', 'ament_prefix_path')
[2.115s] INFO:colcon.colcon_core.plugin_system:Skipping extension 'colcon_core.shell.bat': Not used on non-Windows systems
[2.116s] INFO:colcon.colcon_core.shell:Creating environment hook '/home/sebastian/Uniandes202310/Robotica/Taller1/Taller1/taller1_ws/install/turtle_bot_12/share/turtle_bot_12/hook/ament_prefix_path.ps1'
[2.119s] INFO:colcon.colcon_core.shell:Creating environment descriptor '/home/sebastian/Uniandes202310/Robotica/Taller1/Taller1/taller1_ws/install/turtle_bot_12/share/turtle_bot_12/hook/ament_prefix_path.dsv'
[2.123s] INFO:colcon.colcon_core.shell:Creating environment hook '/home/sebastian/Uniandes202310/Robotica/Taller1/Taller1/taller1_ws/install/turtle_bot_12/share/turtle_bot_12/hook/ament_prefix_path.sh'
[2.132s] INFO:colcon.colcon_core.shell:Skip shell extension 'powershell' for command environment: Not usable outside of PowerShell
[2.132s] DEBUG:colcon.colcon_core.shell:Skip shell extension 'dsv' for command environment
[3.299s] INFO:colcon.colcon_core.task.python.build:Building Python package in '/home/sebastian/Uniandes202310/Robotica/Taller1/Taller1/taller1_ws/src/turtle_bot_12'
[3.306s] INFO:colcon.colcon_core.shell:Skip shell extension 'powershell' for command environment: Not usable outside of PowerShell
[3.306s] DEBUG:colcon.colcon_core.shell:Skip shell extension 'dsv' for command environment
[4.961s] DEBUG:colcon.colcon_core.event_handler.log_command:Invoking command in '/home/sebastian/Uniandes202310/Robotica/Taller1/Taller1/taller1_ws/src/turtle_bot_12': PYTHONPATH=/home/sebastian/Uniandes202310/Robotica/Taller1/Taller1/taller1_ws/build/turtle_bot_12/prefix_override:/home/sebastian/Uniandes202310/Robotica/Taller1/Taller1/taller1_ws/install/turtle_bot_12/lib/python3.10/site-packages:${PYTHONPATH} /usr/bin/python3 setup.py egg_info --egg-base ../../build/turtle_bot_12 build --build-base /home/sebastian/Uniandes202310/Robotica/Taller1/Taller1/taller1_ws/build/turtle_bot_12/build install --record /home/sebastian/Uniandes202310/Robotica/Taller1/Taller1/taller1_ws/build/turtle_bot_12/install.log --single-version-externally-managed
[6.271s] DEBUG:colcon.colcon_core.event_handler.log_command:Invoked command in '/home/sebastian/Uniandes202310/Robotica/Taller1/Taller1/taller1_ws/src/turtle_bot_12' returned '0': PYTHONPATH=/home/sebastian/Uniandes202310/Robotica/Taller1/Taller1/taller1_ws/build/turtle_bot_12/prefix_override:/home/sebastian/Uniandes202310/Robotica/Taller1/Taller1/taller1_ws/install/turtle_bot_12/lib/python3.10/site-packages:${PYTHONPATH} /usr/bin/python3 setup.py egg_info --egg-base ../../build/turtle_bot_12 build --build-base /home/sebastian/Uniandes202310/Robotica/Taller1/Taller1/taller1_ws/build/turtle_bot_12/build install --record /home/sebastian/Uniandes202310/Robotica/Taller1/Taller1/taller1_ws/build/turtle_bot_12/install.log --single-version-externally-managed
[6.295s] Level 1:colcon.colcon_core.environment:checking '/home/sebastian/Uniandes202310/Robotica/Taller1/Taller1/taller1_ws/install/turtle_bot_12' for CMake module files
[6.296s] Level 1:colcon.colcon_core.environment:checking '/home/sebastian/Uniandes202310/Robotica/Taller1/Taller1/taller1_ws/install/turtle_bot_12' for CMake config files
[6.299s] Level 1:colcon.colcon_core.environment:checking '/home/sebastian/Uniandes202310/Robotica/Taller1/Taller1/taller1_ws/install/turtle_bot_12/lib'
[6.300s] Level 1:colcon.colcon_core.environment:checking '/home/sebastian/Uniandes202310/Robotica/Taller1/Taller1/taller1_ws/install/turtle_bot_12/bin'
[6.300s] Level 1:colcon.colcon_core.environment:checking '/home/sebastian/Uniandes202310/Robotica/Taller1/Taller1/taller1_ws/install/turtle_bot_12/lib/pkgconfig/turtle_bot_12.pc'
[6.301s] Level 1:colcon.colcon_core.environment:checking '/home/sebastian/Uniandes202310/Robotica/Taller1/Taller1/taller1_ws/install/turtle_bot_12/lib/python3.10/site-packages'
[6.302s] Level 1:colcon.colcon_core.shell:create_environment_hook('turtle_bot_12', 'pythonpath')
[6.307s] INFO:colcon.colcon_core.shell:Creating environment hook '/home/sebastian/Uniandes202310/Robotica/Taller1/Taller1/taller1_ws/install/turtle_bot_12/share/turtle_bot_12/hook/pythonpath.ps1'
[6.309s] INFO:colcon.colcon_core.shell:Creating environment descriptor '/home/sebastian/Uniandes202310/Robotica/Taller1/Taller1/taller1_ws/install/turtle_bot_12/share/turtle_bot_12/hook/pythonpath.dsv'
[6.310s] INFO:colcon.colcon_core.shell:Creating environment hook '/home/sebastian/Uniandes202310/Robotica/Taller1/Taller1/taller1_ws/install/turtle_bot_12/share/turtle_bot_12/hook/pythonpath.sh'
[6.312s] Level 1:colcon.colcon_core.environment:checking '/home/sebastian/Uniandes202310/Robotica/Taller1/Taller1/taller1_ws/install/turtle_bot_12/bin'
[6.312s] Level 1:colcon.colcon_core.environment:create_environment_scripts_only(turtle_bot_12)
[6.318s] INFO:colcon.colcon_core.shell:Creating package script '/home/sebastian/Uniandes202310/Robotica/Taller1/Taller1/taller1_ws/install/turtle_bot_12/share/turtle_bot_12/package.ps1'
[6.323s] INFO:colcon.colcon_core.shell:Creating package descriptor '/home/sebastian/Uniandes202310/Robotica/Taller1/Taller1/taller1_ws/install/turtle_bot_12/share/turtle_bot_12/package.dsv'
[6.328s] INFO:colcon.colcon_core.shell:Creating package script '/home/sebastian/Uniandes202310/Robotica/Taller1/Taller1/taller1_ws/install/turtle_bot_12/share/turtle_bot_12/package.sh'
[6.331s] INFO:colcon.colcon_core.shell:Creating package script '/home/sebastian/Uniandes202310/Robotica/Taller1/Taller1/taller1_ws/install/turtle_bot_12/share/turtle_bot_12/package.bash'
[6.336s] INFO:colcon.colcon_core.shell:Creating package script '/home/sebastian/Uniandes202310/Robotica/Taller1/Taller1/taller1_ws/install/turtle_bot_12/share/turtle_bot_12/package.zsh'
[6.339s] Level 1:colcon.colcon_core.environment:create_file_with_runtime_dependencies(/home/sebastian/Uniandes202310/Robotica/Taller1/Taller1/taller1_ws/install/turtle_bot_12/share/colcon-core/packages/turtle_bot_12)
[6.340s] DEBUG:colcon.colcon_parallel_executor.executor.parallel:closing loop
[6.341s] DEBUG:colcon.colcon_parallel_executor.executor.parallel:loop closed
[6.341s] DEBUG:colcon.colcon_parallel_executor.executor.parallel:run_until_complete finished with '0'
[6.341s] DEBUG:colcon.colcon_core.event_reactor:joining thread
[6.367s] INFO:colcon.colcon_core.plugin_system:Skipping extension 'colcon_notification.desktop_notification.terminal_notifier': Not used on non-Darwin systems
[6.367s] INFO:colcon.colcon_core.plugin_system:Skipping extension 'colcon_notification.desktop_notification.win32': Not used on non-Windows systems
[6.368s] INFO:colcon.colcon_notification.desktop_notification:Sending desktop notification using 'notify2'
[6.412s] DEBUG:colcon.colcon_core.event_reactor:joined thread
[6.417s] INFO:colcon.colcon_core.shell:Creating prefix script '/home/sebastian/Uniandes202310/Robotica/Taller1/Taller1/taller1_ws/install/local_setup.ps1'
[6.421s] INFO:colcon.colcon_core.shell:Creating prefix util module '/home/sebastian/Uniandes202310/Robotica/Taller1/Taller1/taller1_ws/install/_local_setup_util_ps1.py'
[6.427s] INFO:colcon.colcon_core.shell:Creating prefix chain script '/home/sebastian/Uniandes202310/Robotica/Taller1/Taller1/taller1_ws/install/setup.ps1'
[6.432s] INFO:colcon.colcon_core.shell:Creating prefix script '/home/sebastian/Uniandes202310/Robotica/Taller1/Taller1/taller1_ws/install/local_setup.sh'
[6.435s] INFO:colcon.colcon_core.shell:Creating prefix util module '/home/sebastian/Uniandes202310/Robotica/Taller1/Taller1/taller1_ws/install/_local_setup_util_sh.py'
[6.437s] INFO:colcon.colcon_core.shell:Creating prefix chain script '/home/sebastian/Uniandes202310/Robotica/Taller1/Taller1/taller1_ws/install/setup.sh'
[6.442s] INFO:colcon.colcon_core.shell:Creating prefix script '/home/sebastian/Uniandes202310/Robotica/Taller1/Taller1/taller1_ws/install/local_setup.bash'
[6.444s] INFO:colcon.colcon_core.shell:Creating prefix chain script '/home/sebastian/Uniandes202310/Robotica/Taller1/Taller1/taller1_ws/install/setup.bash'
[6.450s] INFO:colcon.colcon_core.shell:Creating prefix script '/home/sebastian/Uniandes202310/Robotica/Taller1/Taller1/taller1_ws/install/local_setup.zsh'
[6.452s] INFO:colcon.colcon_core.shell:Creating prefix chain script '/home/sebastian/Uniandes202310/Robotica/Taller1/Taller1/taller1_ws/install/setup.zsh'
