[3.702s] Invoking command in '/home/robotica/Documents/Taller1/taller1_ws/src/turtle_bot_12': PYTHONPATH=/home/robotica/Documents/Taller1/taller1_ws/build/turtle_bot_12/prefix_override:/home/robotica/Documents/Taller1/taller1_ws/install/turtle_bot_12/lib/python3.10/site-packages:${PYTHONPATH} /usr/bin/python3 setup.py egg_info --egg-base ../../build/turtle_bot_12 build --build-base /home/robotica/Documents/Taller1/taller1_ws/build/turtle_bot_12/build install --record /home/robotica/Documents/Taller1/taller1_ws/build/turtle_bot_12/install.log --single-version-externally-managed
[5.402s] running egg_info
[5.403s] writing ../../build/turtle_bot_12/turtle_bot_12.egg-info/PKG-INFO
[5.404s] writing dependency_links to ../../build/turtle_bot_12/turtle_bot_12.egg-info/dependency_links.txt
[5.412s] writing entry points to ../../build/turtle_bot_12/turtle_bot_12.egg-info/entry_points.txt
[5.413s] writing requirements to ../../build/turtle_bot_12/turtle_bot_12.egg-info/requires.txt
[5.416s] writing top-level names to ../../build/turtle_bot_12/turtle_bot_12.egg-info/top_level.txt
[5.425s] reading manifest file '../../build/turtle_bot_12/turtle_bot_12.egg-info/SOURCES.txt'
[5.427s] writing manifest file '../../build/turtle_bot_12/turtle_bot_12.egg-info/SOURCES.txt'
[5.432s] running build
[5.433s] running build_py
[5.433s] copying turtle_bot_12/turtle_bot_interface.py -> /home/robotica/Documents/Taller1/taller1_ws/build/turtle_bot_12/build/lib/turtle_bot_12
[5.434s] running install
[5.434s] /usr/lib/python3/dist-packages/setuptools/command/install.py:34: SetuptoolsDeprecationWarning: setup.py install is deprecated. Use build and pip and other standards-based tools.
[5.434s]   warnings.warn(
[5.436s] running install_lib
[5.438s] copying /home/robotica/Documents/Taller1/taller1_ws/build/turtle_bot_12/build/lib/turtle_bot_12/turtle_bot_interface.py -> /home/robotica/Documents/Taller1/taller1_ws/install/turtle_bot_12/lib/python3.10/site-packages/turtle_bot_12
[5.475s] byte-compiling /home/robotica/Documents/Taller1/taller1_ws/install/turtle_bot_12/lib/python3.10/site-packages/turtle_bot_12/turtle_bot_interface.py to turtle_bot_interface.cpython-310.pyc
[5.476s] running install_data
[5.476s] running install_egg_info
[5.477s] removing '/home/robotica/Documents/Taller1/taller1_ws/install/turtle_bot_12/lib/python3.10/site-packages/turtle_bot_12-0.0.0-py3.10.egg-info' (and everything under it)
[5.477s] Copying ../../build/turtle_bot_12/turtle_bot_12.egg-info to /home/robotica/Documents/Taller1/taller1_ws/install/turtle_bot_12/lib/python3.10/site-packages/turtle_bot_12-0.0.0-py3.10.egg-info
[5.477s] running install_scripts
[5.625s] Installing client script to /home/robotica/Documents/Taller1/taller1_ws/install/turtle_bot_12/lib/turtle_bot_12
[5.630s] Installing service script to /home/robotica/Documents/Taller1/taller1_ws/install/turtle_bot_12/lib/turtle_bot_12
[5.631s] Installing turtle_bot_interface script to /home/robotica/Documents/Taller1/taller1_ws/install/turtle_bot_12/lib/turtle_bot_12
[5.631s] Installing turtle_bot_teleop script to /home/robotica/Documents/Taller1/taller1_ws/install/turtle_bot_12/lib/turtle_bot_12
[5.657s] writing list of installed files to '/home/robotica/Documents/Taller1/taller1_ws/build/turtle_bot_12/install.log'
[5.852s] Invoked command in '/home/robotica/Documents/Taller1/taller1_ws/src/turtle_bot_12' returned '0': PYTHONPATH=/home/robotica/Documents/Taller1/taller1_ws/build/turtle_bot_12/prefix_override:/home/robotica/Documents/Taller1/taller1_ws/install/turtle_bot_12/lib/python3.10/site-packages:${PYTHONPATH} /usr/bin/python3 setup.py egg_info --egg-base ../../build/turtle_bot_12 build --build-base /home/robotica/Documents/Taller1/taller1_ws/build/turtle_bot_12/build install --record /home/robotica/Documents/Taller1/taller1_ws/build/turtle_bot_12/install.log --single-version-externally-managed
