[0.567s] DEBUG:colcon:Command line arguments: ['/usr/bin/colcon', 'build']
[0.567s] DEBUG:colcon:Parsed command line arguments: Namespace(log_base=None, log_level=None, verb_name='build', build_base='build', install_base='install', merge_install=False, symlink_install=False, test_result_base=None, continue_on_error=False, executor='parallel', parallel_workers=4, event_handlers=None, ignore_user_meta=False, metas=['./colcon.meta'], base_paths=['.'], packages_ignore=None, packages_ignore_regex=None, paths=None, packages_up_to=None, packages_up_to_regex=None, packages_above=None, packages_above_and_dependencies=None, packages_above_depth=None, packages_select_by_dep=None, packages_skip_by_dep=None, packages_skip_up_to=None, packages_select_build_failed=False, packages_skip_build_finished=False, packages_select_test_failures=False, packages_skip_test_passed=False, packages_select=None, packages_skip=None, packages_select_regex=None, packages_skip_regex=None, packages_start=None, packages_end=None, allow_overriding=[], cmake_args=None, cmake_target=None, cmake_target_skip_unavailable=False, cmake_clean_cache=False, cmake_clean_first=False, cmake_force_configure=False, ament_cmake_args=None, catkin_cmake_args=None, catkin_skip_building_tests=False, verb_parser=<colcon_defaults.argument_parser.defaults.DefaultArgumentsDecorator object at 0x7fd220a33b80>, verb_extension=<colcon_core.verb.build.BuildVerb object at 0x7fd220b7ffd0>, main=<bound method BuildVerb.main of <colcon_core.verb.build.BuildVerb object at 0x7fd220b7ffd0>>)
[0.606s] Level 1:colcon.colcon_core.package_discovery:discover_packages(colcon_meta) check parameters
[0.607s] Level 1:colcon.colcon_core.package_discovery:discover_packages(recursive) check parameters
[0.607s] Level 1:colcon.colcon_core.package_discovery:discover_packages(ignore) check parameters
[0.607s] Level 1:colcon.colcon_core.package_discovery:discover_packages(path) check parameters
[0.607s] Level 1:colcon.colcon_core.package_discovery:discover_packages(colcon_meta) discover
[0.607s] Level 1:colcon.colcon_core.package_discovery:discover_packages(recursive) discover
[0.607s] INFO:colcon.colcon_core.package_discovery:Crawling recursively for packages in '/home/robotica/Documents/Taller1/taller1_ws'
[0.607s] Level 1:colcon.colcon_core.package_identification:_identify(.) by extensions ['ignore', 'ignore_ament_install']
[0.607s] Level 1:colcon.colcon_core.package_identification:_identify(.) by extension 'ignore'
[0.607s] Level 1:colcon.colcon_core.package_identification:_identify(.) by extension 'ignore_ament_install'
[0.608s] Level 1:colcon.colcon_core.package_identification:_identify(.) by extensions ['colcon_pkg']
[0.608s] Level 1:colcon.colcon_core.package_identification:_identify(.) by extension 'colcon_pkg'
[0.608s] Level 1:colcon.colcon_core.package_identification:_identify(.) by extensions ['colcon_meta']
[0.608s] Level 1:colcon.colcon_core.package_identification:_identify(.) by extension 'colcon_meta'
[0.609s] Level 1:colcon.colcon_core.package_identification:_identify(.) by extensions ['ros']
[0.609s] Level 1:colcon.colcon_core.package_identification:_identify(.) by extension 'ros'
[0.649s] Level 1:colcon.colcon_core.package_identification:_identify(.) by extensions ['cmake', 'python']
[0.650s] Level 1:colcon.colcon_core.package_identification:_identify(.) by extension 'cmake'
[0.650s] Level 1:colcon.colcon_core.package_identification:_identify(.) by extension 'python'
[0.650s] Level 1:colcon.colcon_core.package_identification:_identify(.) by extensions ['python_setup_py']
[0.650s] Level 1:colcon.colcon_core.package_identification:_identify(.) by extension 'python_setup_py'
[0.650s] Level 1:colcon.colcon_core.package_identification:_identify(build) by extensions ['ignore', 'ignore_ament_install']
[0.651s] Level 1:colcon.colcon_core.package_identification:_identify(build) by extension 'ignore'
[0.651s] Level 1:colcon.colcon_core.package_identification:_identify(build) ignored
[0.651s] Level 1:colcon.colcon_core.package_identification:_identify(install) by extensions ['ignore', 'ignore_ament_install']
[0.651s] Level 1:colcon.colcon_core.package_identification:_identify(install) by extension 'ignore'
[0.652s] Level 1:colcon.colcon_core.package_identification:_identify(install) ignored
[0.652s] Level 1:colcon.colcon_core.package_identification:_identify(log) by extensions ['ignore', 'ignore_ament_install']
[0.653s] Level 1:colcon.colcon_core.package_identification:_identify(log) by extension 'ignore'
[0.653s] Level 1:colcon.colcon_core.package_identification:_identify(log) ignored
[0.653s] Level 1:colcon.colcon_core.package_identification:_identify(src) by extensions ['ignore', 'ignore_ament_install']
[0.653s] Level 1:colcon.colcon_core.package_identification:_identify(src) by extension 'ignore'
[0.653s] Level 1:colcon.colcon_core.package_identification:_identify(src) by extension 'ignore_ament_install'
[0.653s] Level 1:colcon.colcon_core.package_identification:_identify(src) by extensions ['colcon_pkg']
[0.653s] Level 1:colcon.colcon_core.package_identification:_identify(src) by extension 'colcon_pkg'
[0.653s] Level 1:colcon.colcon_core.package_identification:_identify(src) by extensions ['colcon_meta']
[0.653s] Level 1:colcon.colcon_core.package_identification:_identify(src) by extension 'colcon_meta'
[0.653s] Level 1:colcon.colcon_core.package_identification:_identify(src) by extensions ['ros']
[0.653s] Level 1:colcon.colcon_core.package_identification:_identify(src) by extension 'ros'
[0.654s] Level 1:colcon.colcon_core.package_identification:_identify(src) by extensions ['cmake', 'python']
[0.654s] Level 1:colcon.colcon_core.package_identification:_identify(src) by extension 'cmake'
[0.654s] Level 1:colcon.colcon_core.package_identification:_identify(src) by extension 'python'
[0.654s] Level 1:colcon.colcon_core.package_identification:_identify(src) by extensions ['python_setup_py']
[0.654s] Level 1:colcon.colcon_core.package_identification:_identify(src) by extension 'python_setup_py'
[0.654s] Level 1:colcon.colcon_core.package_identification:_identify(src/turtle_bot_12) by extensions ['ignore', 'ignore_ament_install']
[0.654s] Level 1:colcon.colcon_core.package_identification:_identify(src/turtle_bot_12) by extension 'ignore'
[0.654s] Level 1:colcon.colcon_core.package_identification:_identify(src/turtle_bot_12) by extension 'ignore_ament_install'
[0.654s] Level 1:colcon.colcon_core.package_identification:_identify(src/turtle_bot_12) by extensions ['colcon_pkg']
[0.655s] Level 1:colcon.colcon_core.package_identification:_identify(src/turtle_bot_12) by extension 'colcon_pkg'
[0.655s] Level 1:colcon.colcon_core.package_identification:_identify(src/turtle_bot_12) by extensions ['colcon_meta']
[0.655s] Level 1:colcon.colcon_core.package_identification:_identify(src/turtle_bot_12) by extension 'colcon_meta'
[0.655s] Level 1:colcon.colcon_core.package_identification:_identify(src/turtle_bot_12) by extensions ['ros']
[0.655s] Level 1:colcon.colcon_core.package_identification:_identify(src/turtle_bot_12) by extension 'ros'
[0.660s] DEBUG:colcon.colcon_core.package_identification:Package 'src/turtle_bot_12' with type 'ros.ament_python' and name 'turtle_bot_12'
[0.661s] Level 1:colcon.colcon_core.package_discovery:discover_packages(recursive) using defaults
[0.661s] Level 1:colcon.colcon_core.package_discovery:discover_packages(ignore) discover
[0.661s] Level 1:colcon.colcon_core.package_discovery:discover_packages(ignore) using defaults
[0.661s] Level 1:colcon.colcon_core.package_discovery:discover_packages(path) discover
[0.661s] Level 1:colcon.colcon_core.package_discovery:discover_packages(path) using defaults
[0.705s] Level 1:colcon.colcon_core.package_discovery:discover_packages(prefix_path) check parameters
[0.705s] Level 1:colcon.colcon_core.package_discovery:discover_packages(prefix_path) discover
[0.710s] DEBUG:colcon.colcon_installed_package_information.package_discovery:Found 1 installed packages in /home/robotica/Documents/Taller1/taller1_ws/install
[0.714s] DEBUG:colcon.colcon_installed_package_information.package_discovery:Found 284 installed packages in /opt/ros/humble
[0.716s] Level 1:colcon.colcon_core.package_discovery:discover_packages(prefix_path) using defaults
[0.840s] Level 5:colcon.colcon_core.verb:set package 'turtle_bot_12' build argument 'cmake_args' from command line to 'None'
[0.840s] Level 5:colcon.colcon_core.verb:set package 'turtle_bot_12' build argument 'cmake_target' from command line to 'None'
[0.840s] Level 5:colcon.colcon_core.verb:set package 'turtle_bot_12' build argument 'cmake_target_skip_unavailable' from command line to 'False'
[0.841s] Level 5:colcon.colcon_core.verb:set package 'turtle_bot_12' build argument 'cmake_clean_cache' from command line to 'False'
[0.841s] Level 5:colcon.colcon_core.verb:set package 'turtle_bot_12' build argument 'cmake_clean_first' from command line to 'False'
[0.841s] Level 5:colcon.colcon_core.verb:set package 'turtle_bot_12' build argument 'cmake_force_configure' from command line to 'False'
[0.841s] Level 5:colcon.colcon_core.verb:set package 'turtle_bot_12' build argument 'ament_cmake_args' from command line to 'None'
[0.841s] Level 5:colcon.colcon_core.verb:set package 'turtle_bot_12' build argument 'catkin_cmake_args' from command line to 'None'
[0.841s] Level 5:colcon.colcon_core.verb:set package 'turtle_bot_12' build argument 'catkin_skip_building_tests' from command line to 'False'
[0.841s] DEBUG:colcon.colcon_core.verb:Building package 'turtle_bot_12' with the following arguments: {'ament_cmake_args': None, 'build_base': '/home/robotica/Documents/Taller1/taller1_ws/build/turtle_bot_12', 'catkin_cmake_args': None, 'catkin_skip_building_tests': False, 'cmake_args': None, 'cmake_clean_cache': False, 'cmake_clean_first': False, 'cmake_force_configure': False, 'cmake_target': None, 'cmake_target_skip_unavailable': False, 'install_base': '/home/robotica/Documents/Taller1/taller1_ws/install/turtle_bot_12', 'merge_install': False, 'path': '/home/robotica/Documents/Taller1/taller1_ws/src/turtle_bot_12', 'symlink_install': False, 'test_result_base': None}
[0.842s] INFO:colcon.colcon_core.executor:Executing jobs using 'parallel' executor
[0.848s] DEBUG:colcon.colcon_parallel_executor.executor.parallel:run_until_complete
[0.849s] INFO:colcon.colcon_ros.task.ament_python.build:Building ROS package in '/home/robotica/Documents/Taller1/taller1_ws/src/turtle_bot_12' with build type 'ament_python'
[0.849s] Level 1:colcon.colcon_core.shell:create_environment_hook('turtle_bot_12', 'ament_prefix_path')
[0.861s] INFO:colcon.colcon_core.plugin_system:Skipping extension 'colcon_core.shell.bat': Not used on non-Windows systems
[0.861s] INFO:colcon.colcon_core.shell:Creating environment hook '/home/robotica/Documents/Taller1/taller1_ws/install/turtle_bot_12/share/turtle_bot_12/hook/ament_prefix_path.ps1'
[0.864s] INFO:colcon.colcon_core.shell:Creating environment descriptor '/home/robotica/Documents/Taller1/taller1_ws/install/turtle_bot_12/share/turtle_bot_12/hook/ament_prefix_path.dsv'
[0.866s] INFO:colcon.colcon_core.shell:Creating environment hook '/home/robotica/Documents/Taller1/taller1_ws/install/turtle_bot_12/share/turtle_bot_12/hook/ament_prefix_path.sh'
[0.869s] INFO:colcon.colcon_core.shell:Skip shell extension 'powershell' for command environment: Not usable outside of PowerShell
[0.870s] DEBUG:colcon.colcon_core.shell:Skip shell extension 'dsv' for command environment
[1.470s] INFO:colcon.colcon_core.task.python.build:Building Python package in '/home/robotica/Documents/Taller1/taller1_ws/src/turtle_bot_12'
[1.474s] INFO:colcon.colcon_core.shell:Skip shell extension 'powershell' for command environment: Not usable outside of PowerShell
[1.474s] DEBUG:colcon.colcon_core.shell:Skip shell extension 'dsv' for command environment
[2.229s] DEBUG:colcon.colcon_core.event_handler.log_command:Invoking command in '/home/robotica/Documents/Taller1/taller1_ws/src/turtle_bot_12': PYTHONPATH=/home/robotica/Documents/Taller1/taller1_ws/build/turtle_bot_12/prefix_override:/home/robotica/Documents/Taller1/taller1_ws/install/turtle_bot_12/lib/python3.10/site-packages:${PYTHONPATH} /usr/bin/python3 setup.py egg_info --egg-base ../../build/turtle_bot_12 build --build-base /home/robotica/Documents/Taller1/taller1_ws/build/turtle_bot_12/build install --record /home/robotica/Documents/Taller1/taller1_ws/build/turtle_bot_12/install.log --single-version-externally-managed
[2.926s] DEBUG:colcon.colcon_core.event_handler.log_command:Invoked command in '/home/robotica/Documents/Taller1/taller1_ws/src/turtle_bot_12' returned '0': PYTHONPATH=/home/robotica/Documents/Taller1/taller1_ws/build/turtle_bot_12/prefix_override:/home/robotica/Documents/Taller1/taller1_ws/install/turtle_bot_12/lib/python3.10/site-packages:${PYTHONPATH} /usr/bin/python3 setup.py egg_info --egg-base ../../build/turtle_bot_12 build --build-base /home/robotica/Documents/Taller1/taller1_ws/build/turtle_bot_12/build install --record /home/robotica/Documents/Taller1/taller1_ws/build/turtle_bot_12/install.log --single-version-externally-managed
[2.933s] Level 1:colcon.colcon_core.environment:checking '/home/robotica/Documents/Taller1/taller1_ws/install/turtle_bot_12' for CMake module files
[2.942s] Level 1:colcon.colcon_core.environment:checking '/home/robotica/Documents/Taller1/taller1_ws/install/turtle_bot_12' for CMake config files
[2.943s] Level 1:colcon.colcon_core.environment:checking '/home/robotica/Documents/Taller1/taller1_ws/install/turtle_bot_12/lib'
[2.944s] Level 1:colcon.colcon_core.environment:checking '/home/robotica/Documents/Taller1/taller1_ws/install/turtle_bot_12/bin'
[2.944s] Level 1:colcon.colcon_core.environment:checking '/home/robotica/Documents/Taller1/taller1_ws/install/turtle_bot_12/lib/pkgconfig/turtle_bot_12.pc'
[2.944s] Level 1:colcon.colcon_core.environment:checking '/home/robotica/Documents/Taller1/taller1_ws/install/turtle_bot_12/lib/python3.10/site-packages'
[2.945s] Level 1:colcon.colcon_core.shell:create_environment_hook('turtle_bot_12', 'pythonpath')
[2.946s] INFO:colcon.colcon_core.shell:Creating environment hook '/home/robotica/Documents/Taller1/taller1_ws/install/turtle_bot_12/share/turtle_bot_12/hook/pythonpath.ps1'
[2.947s] INFO:colcon.colcon_core.shell:Creating environment descriptor '/home/robotica/Documents/Taller1/taller1_ws/install/turtle_bot_12/share/turtle_bot_12/hook/pythonpath.dsv'
[2.949s] INFO:colcon.colcon_core.shell:Creating environment hook '/home/robotica/Documents/Taller1/taller1_ws/install/turtle_bot_12/share/turtle_bot_12/hook/pythonpath.sh'
[2.951s] Level 1:colcon.colcon_core.environment:checking '/home/robotica/Documents/Taller1/taller1_ws/install/turtle_bot_12/bin'
[2.951s] Level 1:colcon.colcon_core.environment:create_environment_scripts_only(turtle_bot_12)
[2.953s] INFO:colcon.colcon_core.shell:Creating package script '/home/robotica/Documents/Taller1/taller1_ws/install/turtle_bot_12/share/turtle_bot_12/package.ps1'
[2.955s] INFO:colcon.colcon_core.shell:Creating package descriptor '/home/robotica/Documents/Taller1/taller1_ws/install/turtle_bot_12/share/turtle_bot_12/package.dsv'
[2.959s] INFO:colcon.colcon_core.shell:Creating package script '/home/robotica/Documents/Taller1/taller1_ws/install/turtle_bot_12/share/turtle_bot_12/package.sh'
[2.964s] INFO:colcon.colcon_core.shell:Creating package script '/home/robotica/Documents/Taller1/taller1_ws/install/turtle_bot_12/share/turtle_bot_12/package.bash'
[2.967s] INFO:colcon.colcon_core.shell:Creating package script '/home/robotica/Documents/Taller1/taller1_ws/install/turtle_bot_12/share/turtle_bot_12/package.zsh'
[2.969s] Level 1:colcon.colcon_core.environment:create_file_with_runtime_dependencies(/home/robotica/Documents/Taller1/taller1_ws/install/turtle_bot_12/share/colcon-core/packages/turtle_bot_12)
[2.971s] DEBUG:colcon.colcon_parallel_executor.executor.parallel:closing loop
[2.972s] DEBUG:colcon.colcon_parallel_executor.executor.parallel:loop closed
[2.975s] DEBUG:colcon.colcon_parallel_executor.executor.parallel:run_until_complete finished with '0'
[2.975s] DEBUG:colcon.colcon_core.event_reactor:joining thread
[2.988s] INFO:colcon.colcon_core.plugin_system:Skipping extension 'colcon_notification.desktop_notification.terminal_notifier': Not used on non-Darwin systems
[2.988s] INFO:colcon.colcon_core.plugin_system:Skipping extension 'colcon_notification.desktop_notification.win32': Not used on non-Windows systems
[2.988s] INFO:colcon.colcon_notification.desktop_notification:Sending desktop notification using 'notify2'
[3.065s] DEBUG:colcon.colcon_core.event_reactor:joined thread
[3.067s] INFO:colcon.colcon_core.shell:Creating prefix script '/home/robotica/Documents/Taller1/taller1_ws/install/local_setup.ps1'
[3.070s] INFO:colcon.colcon_core.shell:Creating prefix util module '/home/robotica/Documents/Taller1/taller1_ws/install/_local_setup_util_ps1.py'
[3.073s] INFO:colcon.colcon_core.shell:Creating prefix chain script '/home/robotica/Documents/Taller1/taller1_ws/install/setup.ps1'
[3.078s] INFO:colcon.colcon_core.shell:Creating prefix script '/home/robotica/Documents/Taller1/taller1_ws/install/local_setup.sh'
[3.084s] INFO:colcon.colcon_core.shell:Creating prefix util module '/home/robotica/Documents/Taller1/taller1_ws/install/_local_setup_util_sh.py'
[3.087s] INFO:colcon.colcon_core.shell:Creating prefix chain script '/home/robotica/Documents/Taller1/taller1_ws/install/setup.sh'
[3.092s] INFO:colcon.colcon_core.shell:Creating prefix script '/home/robotica/Documents/Taller1/taller1_ws/install/local_setup.bash'
[3.094s] INFO:colcon.colcon_core.shell:Creating prefix chain script '/home/robotica/Documents/Taller1/taller1_ws/install/setup.bash'
[3.099s] INFO:colcon.colcon_core.shell:Creating prefix script '/home/robotica/Documents/Taller1/taller1_ws/install/local_setup.zsh'
[3.101s] INFO:colcon.colcon_core.shell:Creating prefix chain script '/home/robotica/Documents/Taller1/taller1_ws/install/setup.zsh'
