[  2%] Built target turtle_bot_srv_12__cpp
[  2%] Built target ament_cmake_python_copy_turtle_bot_srv_12
[ 12%] Built target turtle_bot_srv_12__rosidl_typesupport_introspection_cpp
running egg_info
writing turtle_bot_srv_12.egg-info/PKG-INFO
writing dependency_links to turtle_bot_srv_12.egg-info/dependency_links.txt
writing top-level names to turtle_bot_srv_12.egg-info/top_level.txt
reading manifest file 'turtle_bot_srv_12.egg-info/SOURCES.txt'
writing manifest file 'turtle_bot_srv_12.egg-info/SOURCES.txt'
[ 12%] Built target ament_cmake_python_build_turtle_bot_srv_12_egg
[ 23%] Built target turtle_bot_srv_12__rosidl_typesupport_fastrtps_cpp
[ 33%] Built target turtle_bot_srv_12__rosidl_typesupport_cpp
[ 43%] Built target turtle_bot_srv_12__rosidl_generator_c
[ 53%] Built target turtle_bot_srv_12__rosidl_typesupport_fastrtps_c
[ 64%] Built target turtle_bot_srv_12__rosidl_typesupport_c
[ 74%] Built target turtle_bot_srv_12__rosidl_typesupport_introspection_c
[ 74%] Built target turtle_bot_srv_12
[ 76%] Built target turtle_bot_srv_12__py
[ 84%] Built target turtle_bot_srv_12__rosidl_generator_py
[ 89%] Built target turtle_bot_srv_12__rosidl_typesupport_fastrtps_c__pyext
[ 94%] Built target turtle_bot_srv_12__rosidl_typesupport_c__pyext
[100%] Built target turtle_bot_srv_12__rosidl_typesupport_introspection_c__pyext
