[0.759s] Invoking command in '/home/robotica/Documents/Taller1/taller1_ws/build/turtle_bot_srv_12': CMAKE_PREFIX_PATH=/opt/ros/humble /usr/bin/cmake --build /home/robotica/Documents/Taller1/taller1_ws/build/turtle_bot_srv_12 -- -j5 -l5
[1.429s] [  2%] Built target turtle_bot_srv_12__cpp
[1.744s] [  2%] Built target ament_cmake_python_copy_turtle_bot_srv_12
[2.153s] [ 12%] Built target turtle_bot_srv_12__rosidl_typesupport_introspection_cpp
[3.476s] running egg_info
[3.497s] writing turtle_bot_srv_12.egg-info/PKG-INFO
[3.522s] writing dependency_links to turtle_bot_srv_12.egg-info/dependency_links.txt
[3.522s] writing top-level names to turtle_bot_srv_12.egg-info/top_level.txt
[3.522s] reading manifest file 'turtle_bot_srv_12.egg-info/SOURCES.txt'
[3.522s] writing manifest file 'turtle_bot_srv_12.egg-info/SOURCES.txt'
[3.679s] [ 12%] Built target ament_cmake_python_build_turtle_bot_srv_12_egg
[3.965s] [ 23%] Built target turtle_bot_srv_12__rosidl_typesupport_fastrtps_cpp
[4.197s] [ 33%] Built target turtle_bot_srv_12__rosidl_typesupport_cpp
[4.298s] [ 43%] Built target turtle_bot_srv_12__rosidl_generator_c
[4.554s] [ 53%] Built target turtle_bot_srv_12__rosidl_typesupport_fastrtps_c
[4.807s] [ 64%] Built target turtle_bot_srv_12__rosidl_typesupport_c
[4.959s] [ 74%] Built target turtle_bot_srv_12__rosidl_typesupport_introspection_c
[5.345s] [ 74%] Built target turtle_bot_srv_12
[5.580s] [ 76%] Built target turtle_bot_srv_12__py
[5.716s] [ 84%] Built target turtle_bot_srv_12__rosidl_generator_py
[5.851s] [ 89%] Built target turtle_bot_srv_12__rosidl_typesupport_fastrtps_c__pyext
[6.018s] [ 94%] Built target turtle_bot_srv_12__rosidl_typesupport_c__pyext
[6.079s] [100%] Built target turtle_bot_srv_12__rosidl_typesupport_introspection_c__pyext
