[0.989s] DEBUG:colcon:Command line arguments: ['/usr/bin/colcon', 'build']
[0.990s] DEBUG:colcon:Parsed command line arguments: Namespace(log_base=None, log_level=None, verb_name='build', build_base='build', install_base='install', merge_install=False, symlink_install=False, test_result_base=None, continue_on_error=False, executor='parallel', parallel_workers=5, event_handlers=None, ignore_user_meta=False, metas=['./colcon.meta'], base_paths=['.'], packages_ignore=None, packages_ignore_regex=None, paths=None, packages_up_to=None, packages_up_to_regex=None, packages_above=None, packages_above_and_dependencies=None, packages_above_depth=None, packages_select_by_dep=None, packages_skip_by_dep=None, packages_skip_up_to=None, packages_select_build_failed=False, packages_skip_build_finished=False, packages_select_test_failures=False, packages_skip_test_passed=False, packages_select=None, packages_skip=None, packages_select_regex=None, packages_skip_regex=None, packages_start=None, packages_end=None, allow_overriding=[], cmake_args=None, cmake_target=None, cmake_target_skip_unavailable=False, cmake_clean_cache=False, cmake_clean_first=False, cmake_force_configure=False, ament_cmake_args=None, catkin_cmake_args=None, catkin_skip_building_tests=False, verb_parser=<colcon_defaults.argument_parser.defaults.DefaultArgumentsDecorator object at 0x7f40fc333670>, verb_extension=<colcon_core.verb.build.BuildVerb object at 0x7f40fcd28850>, main=<bound method BuildVerb.main of <colcon_core.verb.build.BuildVerb object at 0x7f40fcd28850>>)
[1.136s] Level 1:colcon.colcon_core.package_discovery:discover_packages(colcon_meta) check parameters
[1.136s] Level 1:colcon.colcon_core.package_discovery:discover_packages(recursive) check parameters
[1.136s] Level 1:colcon.colcon_core.package_discovery:discover_packages(ignore) check parameters
[1.137s] Level 1:colcon.colcon_core.package_discovery:discover_packages(path) check parameters
[1.137s] Level 1:colcon.colcon_core.package_discovery:discover_packages(colcon_meta) discover
[1.137s] Level 1:colcon.colcon_core.package_discovery:discover_packages(recursive) discover
[1.137s] INFO:colcon.colcon_core.package_discovery:Crawling recursively for packages in '/home/robotica/Documents/Taller1/taller1_ws'
[1.137s] Level 1:colcon.colcon_core.package_identification:_identify(.) by extensions ['ignore', 'ignore_ament_install']
[1.137s] Level 1:colcon.colcon_core.package_identification:_identify(.) by extension 'ignore'
[1.138s] Level 1:colcon.colcon_core.package_identification:_identify(.) by extension 'ignore_ament_install'
[1.138s] Level 1:colcon.colcon_core.package_identification:_identify(.) by extensions ['colcon_pkg']
[1.138s] Level 1:colcon.colcon_core.package_identification:_identify(.) by extension 'colcon_pkg'
[1.138s] Level 1:colcon.colcon_core.package_identification:_identify(.) by extensions ['colcon_meta']
[1.138s] Level 1:colcon.colcon_core.package_identification:_identify(.) by extension 'colcon_meta'
[1.138s] Level 1:colcon.colcon_core.package_identification:_identify(.) by extensions ['ros']
[1.139s] Level 1:colcon.colcon_core.package_identification:_identify(.) by extension 'ros'
[1.217s] Level 1:colcon.colcon_core.package_identification:_identify(.) by extensions ['cmake', 'python']
[1.218s] Level 1:colcon.colcon_core.package_identification:_identify(.) by extension 'cmake'
[1.218s] Level 1:colcon.colcon_core.package_identification:_identify(.) by extension 'python'
[1.219s] Level 1:colcon.colcon_core.package_identification:_identify(.) by extensions ['python_setup_py']
[1.219s] Level 1:colcon.colcon_core.package_identification:_identify(.) by extension 'python_setup_py'
[1.219s] Level 1:colcon.colcon_core.package_identification:_identify(build) by extensions ['ignore', 'ignore_ament_install']
[1.219s] Level 1:colcon.colcon_core.package_identification:_identify(build) by extension 'ignore'
[1.220s] Level 1:colcon.colcon_core.package_identification:_identify(build) ignored
[1.220s] Level 1:colcon.colcon_core.package_identification:_identify(install) by extensions ['ignore', 'ignore_ament_install']
[1.220s] Level 1:colcon.colcon_core.package_identification:_identify(install) by extension 'ignore'
[1.220s] Level 1:colcon.colcon_core.package_identification:_identify(install) ignored
[1.221s] Level 1:colcon.colcon_core.package_identification:_identify(log) by extensions ['ignore', 'ignore_ament_install']
[1.221s] Level 1:colcon.colcon_core.package_identification:_identify(log) by extension 'ignore'
[1.221s] Level 1:colcon.colcon_core.package_identification:_identify(log) ignored
[1.221s] Level 1:colcon.colcon_core.package_identification:_identify(src) by extensions ['ignore', 'ignore_ament_install']
[1.221s] Level 1:colcon.colcon_core.package_identification:_identify(src) by extension 'ignore'
[1.222s] Level 1:colcon.colcon_core.package_identification:_identify(src) by extension 'ignore_ament_install'
[1.222s] Level 1:colcon.colcon_core.package_identification:_identify(src) by extensions ['colcon_pkg']
[1.222s] Level 1:colcon.colcon_core.package_identification:_identify(src) by extension 'colcon_pkg'
[1.222s] Level 1:colcon.colcon_core.package_identification:_identify(src) by extensions ['colcon_meta']
[1.222s] Level 1:colcon.colcon_core.package_identification:_identify(src) by extension 'colcon_meta'
[1.222s] Level 1:colcon.colcon_core.package_identification:_identify(src) by extensions ['ros']
[1.222s] Level 1:colcon.colcon_core.package_identification:_identify(src) by extension 'ros'
[1.223s] Level 1:colcon.colcon_core.package_identification:_identify(src) by extensions ['cmake', 'python']
[1.223s] Level 1:colcon.colcon_core.package_identification:_identify(src) by extension 'cmake'
[1.224s] Level 1:colcon.colcon_core.package_identification:_identify(src) by extension 'python'
[1.224s] Level 1:colcon.colcon_core.package_identification:_identify(src) by extensions ['python_setup_py']
[1.225s] Level 1:colcon.colcon_core.package_identification:_identify(src) by extension 'python_setup_py'
[1.225s] Level 1:colcon.colcon_core.package_identification:_identify(src/turtle_bot_12) by extensions ['ignore', 'ignore_ament_install']
[1.226s] Level 1:colcon.colcon_core.package_identification:_identify(src/turtle_bot_12) by extension 'ignore'
[1.226s] Level 1:colcon.colcon_core.package_identification:_identify(src/turtle_bot_12) by extension 'ignore_ament_install'
[1.227s] Level 1:colcon.colcon_core.package_identification:_identify(src/turtle_bot_12) by extensions ['colcon_pkg']
[1.227s] Level 1:colcon.colcon_core.package_identification:_identify(src/turtle_bot_12) by extension 'colcon_pkg'
[1.228s] Level 1:colcon.colcon_core.package_identification:_identify(src/turtle_bot_12) by extensions ['colcon_meta']
[1.228s] Level 1:colcon.colcon_core.package_identification:_identify(src/turtle_bot_12) by extension 'colcon_meta'
[1.228s] Level 1:colcon.colcon_core.package_identification:_identify(src/turtle_bot_12) by extensions ['ros']
[1.228s] Level 1:colcon.colcon_core.package_identification:_identify(src/turtle_bot_12) by extension 'ros'
[1.233s] DEBUG:colcon.colcon_core.package_identification:Package 'src/turtle_bot_12' with type 'ros.ament_python' and name 'turtle_bot_12'
[1.234s] Level 1:colcon.colcon_core.package_identification:_identify(src/turtle_bot_srv_12) by extensions ['ignore', 'ignore_ament_install']
[1.234s] Level 1:colcon.colcon_core.package_identification:_identify(src/turtle_bot_srv_12) by extension 'ignore'
[1.244s] Level 1:colcon.colcon_core.package_identification:_identify(src/turtle_bot_srv_12) by extension 'ignore_ament_install'
[1.245s] Level 1:colcon.colcon_core.package_identification:_identify(src/turtle_bot_srv_12) by extensions ['colcon_pkg']
[1.245s] Level 1:colcon.colcon_core.package_identification:_identify(src/turtle_bot_srv_12) by extension 'colcon_pkg'
[1.245s] Level 1:colcon.colcon_core.package_identification:_identify(src/turtle_bot_srv_12) by extensions ['colcon_meta']
[1.245s] Level 1:colcon.colcon_core.package_identification:_identify(src/turtle_bot_srv_12) by extension 'colcon_meta'
[1.245s] Level 1:colcon.colcon_core.package_identification:_identify(src/turtle_bot_srv_12) by extensions ['ros']
[1.245s] Level 1:colcon.colcon_core.package_identification:_identify(src/turtle_bot_srv_12) by extension 'ros'
[1.247s] DEBUG:colcon.colcon_core.package_identification:Package 'src/turtle_bot_srv_12' with type 'ros.ament_cmake' and name 'turtle_bot_srv_12'
[1.249s] Level 1:colcon.colcon_core.package_discovery:discover_packages(recursive) using defaults
[1.249s] Level 1:colcon.colcon_core.package_discovery:discover_packages(ignore) discover
[1.249s] Level 1:colcon.colcon_core.package_discovery:discover_packages(ignore) using defaults
[1.249s] Level 1:colcon.colcon_core.package_discovery:discover_packages(path) discover
[1.249s] Level 1:colcon.colcon_core.package_discovery:discover_packages(path) using defaults
[1.347s] Level 1:colcon.colcon_core.package_discovery:discover_packages(prefix_path) check parameters
[1.351s] Level 1:colcon.colcon_core.package_discovery:discover_packages(prefix_path) discover
[1.364s] DEBUG:colcon.colcon_installed_package_information.package_discovery:Found 2 installed packages in /home/robotica/Documents/Taller1/taller1_ws/install
[1.369s] DEBUG:colcon.colcon_installed_package_information.package_discovery:Found 284 installed packages in /opt/ros/humble
[1.373s] Level 1:colcon.colcon_core.package_discovery:discover_packages(prefix_path) using defaults
[1.549s] Level 5:colcon.colcon_core.verb:set package 'turtle_bot_12' build argument 'cmake_args' from command line to 'None'
[1.549s] Level 5:colcon.colcon_core.verb:set package 'turtle_bot_12' build argument 'cmake_target' from command line to 'None'
[1.550s] Level 5:colcon.colcon_core.verb:set package 'turtle_bot_12' build argument 'cmake_target_skip_unavailable' from command line to 'False'
[1.560s] Level 5:colcon.colcon_core.verb:set package 'turtle_bot_12' build argument 'cmake_clean_cache' from command line to 'False'
[1.560s] Level 5:colcon.colcon_core.verb:set package 'turtle_bot_12' build argument 'cmake_clean_first' from command line to 'False'
[1.560s] Level 5:colcon.colcon_core.verb:set package 'turtle_bot_12' build argument 'cmake_force_configure' from command line to 'False'
[1.560s] Level 5:colcon.colcon_core.verb:set package 'turtle_bot_12' build argument 'ament_cmake_args' from command line to 'None'
[1.560s] Level 5:colcon.colcon_core.verb:set package 'turtle_bot_12' build argument 'catkin_cmake_args' from command line to 'None'
[1.560s] Level 5:colcon.colcon_core.verb:set package 'turtle_bot_12' build argument 'catkin_skip_building_tests' from command line to 'False'
[1.560s] DEBUG:colcon.colcon_core.verb:Building package 'turtle_bot_12' with the following arguments: {'ament_cmake_args': None, 'build_base': '/home/robotica/Documents/Taller1/taller1_ws/build/turtle_bot_12', 'catkin_cmake_args': None, 'catkin_skip_building_tests': False, 'cmake_args': None, 'cmake_clean_cache': False, 'cmake_clean_first': False, 'cmake_force_configure': False, 'cmake_target': None, 'cmake_target_skip_unavailable': False, 'install_base': '/home/robotica/Documents/Taller1/taller1_ws/install/turtle_bot_12', 'merge_install': False, 'path': '/home/robotica/Documents/Taller1/taller1_ws/src/turtle_bot_12', 'symlink_install': False, 'test_result_base': None}
[1.586s] Level 5:colcon.colcon_core.verb:set package 'turtle_bot_srv_12' build argument 'cmake_args' from command line to 'None'
[1.586s] Level 5:colcon.colcon_core.verb:set package 'turtle_bot_srv_12' build argument 'cmake_target' from command line to 'None'
[1.587s] Level 5:colcon.colcon_core.verb:set package 'turtle_bot_srv_12' build argument 'cmake_target_skip_unavailable' from command line to 'False'
[1.587s] Level 5:colcon.colcon_core.verb:set package 'turtle_bot_srv_12' build argument 'cmake_clean_cache' from command line to 'False'
[1.587s] Level 5:colcon.colcon_core.verb:set package 'turtle_bot_srv_12' build argument 'cmake_clean_first' from command line to 'False'
[1.587s] Level 5:colcon.colcon_core.verb:set package 'turtle_bot_srv_12' build argument 'cmake_force_configure' from command line to 'False'
[1.587s] Level 5:colcon.colcon_core.verb:set package 'turtle_bot_srv_12' build argument 'ament_cmake_args' from command line to 'None'
[1.587s] Level 5:colcon.colcon_core.verb:set package 'turtle_bot_srv_12' build argument 'catkin_cmake_args' from command line to 'None'
[1.587s] Level 5:colcon.colcon_core.verb:set package 'turtle_bot_srv_12' build argument 'catkin_skip_building_tests' from command line to 'False'
[1.587s] DEBUG:colcon.colcon_core.verb:Building package 'turtle_bot_srv_12' with the following arguments: {'ament_cmake_args': None, 'build_base': '/home/robotica/Documents/Taller1/taller1_ws/build/turtle_bot_srv_12', 'catkin_cmake_args': None, 'catkin_skip_building_tests': False, 'cmake_args': None, 'cmake_clean_cache': False, 'cmake_clean_first': False, 'cmake_force_configure': False, 'cmake_target': None, 'cmake_target_skip_unavailable': False, 'install_base': '/home/robotica/Documents/Taller1/taller1_ws/install/turtle_bot_srv_12', 'merge_install': False, 'path': '/home/robotica/Documents/Taller1/taller1_ws/src/turtle_bot_srv_12', 'symlink_install': False, 'test_result_base': None}
[1.589s] INFO:colcon.colcon_core.executor:Executing jobs using 'parallel' executor
[1.600s] DEBUG:colcon.colcon_parallel_executor.executor.parallel:run_until_complete
[1.604s] INFO:colcon.colcon_ros.task.ament_python.build:Building ROS package in '/home/robotica/Documents/Taller1/taller1_ws/src/turtle_bot_12' with build type 'ament_python'
[1.605s] Level 1:colcon.colcon_core.shell:create_environment_hook('turtle_bot_12', 'ament_prefix_path')
[1.637s] INFO:colcon.colcon_core.plugin_system:Skipping extension 'colcon_core.shell.bat': Not used on non-Windows systems
[1.638s] INFO:colcon.colcon_core.shell:Creating environment hook '/home/robotica/Documents/Taller1/taller1_ws/install/turtle_bot_12/share/turtle_bot_12/hook/ament_prefix_path.ps1'
[1.639s] INFO:colcon.colcon_core.shell:Creating environment descriptor '/home/robotica/Documents/Taller1/taller1_ws/install/turtle_bot_12/share/turtle_bot_12/hook/ament_prefix_path.dsv'
[1.641s] INFO:colcon.colcon_core.shell:Creating environment hook '/home/robotica/Documents/Taller1/taller1_ws/install/turtle_bot_12/share/turtle_bot_12/hook/ament_prefix_path.sh'
[1.650s] INFO:colcon.colcon_core.shell:Skip shell extension 'powershell' for command environment: Not usable outside of PowerShell
[1.650s] DEBUG:colcon.colcon_core.shell:Skip shell extension 'dsv' for command environment
[1.703s] INFO:colcon.colcon_ros.task.ament_cmake.build:Building ROS package in '/home/robotica/Documents/Taller1/taller1_ws/src/turtle_bot_srv_12' with build type 'ament_cmake'
[1.704s] INFO:colcon.colcon_cmake.task.cmake.build:Building CMake package in '/home/robotica/Documents/Taller1/taller1_ws/src/turtle_bot_srv_12'
[1.709s] INFO:colcon.colcon_core.shell:Skip shell extension 'powershell' for command environment: Not usable outside of PowerShell
[1.710s] DEBUG:colcon.colcon_core.shell:Skip shell extension 'dsv' for command environment
[3.113s] INFO:colcon.colcon_core.task.python.build:Building Python package in '/home/robotica/Documents/Taller1/taller1_ws/src/turtle_bot_12'
[3.133s] INFO:colcon.colcon_core.shell:Skip shell extension 'powershell' for command environment: Not usable outside of PowerShell
[3.133s] DEBUG:colcon.colcon_core.shell:Skip shell extension 'dsv' for command environment
[3.326s] DEBUG:colcon.colcon_core.event_handler.log_command:Invoking command in '/home/robotica/Documents/Taller1/taller1_ws/build/turtle_bot_srv_12': CMAKE_PREFIX_PATH=${CMAKE_PREFIX_PATH}:/home/robotica/Documents/Taller1/taller1_ws/install/turtle_bot_12:/opt/ros/humble /usr/bin/cmake --build /home/robotica/Documents/Taller1/taller1_ws/build/turtle_bot_srv_12 -- -j5 -l5
[5.944s] DEBUG:colcon.colcon_core.event_handler.log_command:Invoking command in '/home/robotica/Documents/Taller1/taller1_ws/src/turtle_bot_12': PYTHONPATH=/home/robotica/Documents/Taller1/taller1_ws/build/turtle_bot_12/prefix_override:/home/robotica/Documents/Taller1/taller1_ws/install/turtle_bot_12/lib/python3.10/site-packages:${PYTHONPATH} /usr/bin/python3 setup.py egg_info --egg-base ../../build/turtle_bot_12 build --build-base /home/robotica/Documents/Taller1/taller1_ws/build/turtle_bot_12/build install --record /home/robotica/Documents/Taller1/taller1_ws/build/turtle_bot_12/install.log --single-version-externally-managed
[6.517s] DEBUG:colcon.colcon_core.event_handler.log_command:Invoked command in '/home/robotica/Documents/Taller1/taller1_ws/build/turtle_bot_srv_12' returned '0': CMAKE_PREFIX_PATH=${CMAKE_PREFIX_PATH}:/home/robotica/Documents/Taller1/taller1_ws/install/turtle_bot_12:/opt/ros/humble /usr/bin/cmake --build /home/robotica/Documents/Taller1/taller1_ws/build/turtle_bot_srv_12 -- -j5 -l5
[8.096s] DEBUG:colcon.colcon_core.event_handler.log_command:Invoked command in '/home/robotica/Documents/Taller1/taller1_ws/src/turtle_bot_12' returned '0': PYTHONPATH=/home/robotica/Documents/Taller1/taller1_ws/build/turtle_bot_12/prefix_override:/home/robotica/Documents/Taller1/taller1_ws/install/turtle_bot_12/lib/python3.10/site-packages:${PYTHONPATH} /usr/bin/python3 setup.py egg_info --egg-base ../../build/turtle_bot_12 build --build-base /home/robotica/Documents/Taller1/taller1_ws/build/turtle_bot_12/build install --record /home/robotica/Documents/Taller1/taller1_ws/build/turtle_bot_12/install.log --single-version-externally-managed
[8.156s] Level 1:colcon.colcon_core.environment:checking '/home/robotica/Documents/Taller1/taller1_ws/install/turtle_bot_12' for CMake module files
[8.165s] Level 1:colcon.colcon_core.environment:checking '/home/robotica/Documents/Taller1/taller1_ws/install/turtle_bot_12' for CMake config files
[8.180s] Level 1:colcon.colcon_core.environment:checking '/home/robotica/Documents/Taller1/taller1_ws/install/turtle_bot_12/lib'
[8.181s] Level 1:colcon.colcon_core.environment:checking '/home/robotica/Documents/Taller1/taller1_ws/install/turtle_bot_12/bin'
[8.182s] Level 1:colcon.colcon_core.environment:checking '/home/robotica/Documents/Taller1/taller1_ws/install/turtle_bot_12/lib/pkgconfig/turtle_bot_12.pc'
[8.183s] Level 1:colcon.colcon_core.environment:checking '/home/robotica/Documents/Taller1/taller1_ws/install/turtle_bot_12/lib/python3.10/site-packages'
[8.184s] Level 1:colcon.colcon_core.shell:create_environment_hook('turtle_bot_12', 'pythonpath')
[8.198s] INFO:colcon.colcon_core.shell:Creating environment hook '/home/robotica/Documents/Taller1/taller1_ws/install/turtle_bot_12/share/turtle_bot_12/hook/pythonpath.ps1'
[8.213s] INFO:colcon.colcon_core.shell:Creating environment descriptor '/home/robotica/Documents/Taller1/taller1_ws/install/turtle_bot_12/share/turtle_bot_12/hook/pythonpath.dsv'
[8.222s] INFO:colcon.colcon_core.shell:Creating environment hook '/home/robotica/Documents/Taller1/taller1_ws/install/turtle_bot_12/share/turtle_bot_12/hook/pythonpath.sh'
[8.226s] Level 1:colcon.colcon_core.environment:checking '/home/robotica/Documents/Taller1/taller1_ws/install/turtle_bot_12/bin'
[8.226s] Level 1:colcon.colcon_core.environment:create_environment_scripts_only(turtle_bot_12)
[8.237s] INFO:colcon.colcon_core.shell:Creating package script '/home/robotica/Documents/Taller1/taller1_ws/install/turtle_bot_12/share/turtle_bot_12/package.ps1'
[8.244s] INFO:colcon.colcon_core.shell:Creating package descriptor '/home/robotica/Documents/Taller1/taller1_ws/install/turtle_bot_12/share/turtle_bot_12/package.dsv'
[8.247s] INFO:colcon.colcon_core.shell:Creating package script '/home/robotica/Documents/Taller1/taller1_ws/install/turtle_bot_12/share/turtle_bot_12/package.sh'
[8.255s] INFO:colcon.colcon_core.shell:Creating package script '/home/robotica/Documents/Taller1/taller1_ws/install/turtle_bot_12/share/turtle_bot_12/package.bash'
[8.265s] INFO:colcon.colcon_core.shell:Creating package script '/home/robotica/Documents/Taller1/taller1_ws/install/turtle_bot_12/share/turtle_bot_12/package.zsh'
[8.269s] Level 1:colcon.colcon_core.environment:create_file_with_runtime_dependencies(/home/robotica/Documents/Taller1/taller1_ws/install/turtle_bot_12/share/colcon-core/packages/turtle_bot_12)
[8.375s] DEBUG:colcon.colcon_core.event_handler.log_command:Invoking command in '/home/robotica/Documents/Taller1/taller1_ws/build/turtle_bot_srv_12': CMAKE_PREFIX_PATH=${CMAKE_PREFIX_PATH}:/home/robotica/Documents/Taller1/taller1_ws/install/turtle_bot_12:/opt/ros/humble /usr/bin/cmake --install /home/robotica/Documents/Taller1/taller1_ws/build/turtle_bot_srv_12
[8.929s] Level 1:colcon.colcon_core.environment:create_environment_scripts_only(turtle_bot_srv_12)
[8.956s] Level 1:colcon.colcon_core.environment:checking '/home/robotica/Documents/Taller1/taller1_ws/install/turtle_bot_srv_12' for CMake module files
[8.959s] DEBUG:colcon.colcon_core.event_handler.log_command:Invoked command in '/home/robotica/Documents/Taller1/taller1_ws/build/turtle_bot_srv_12' returned '0': CMAKE_PREFIX_PATH=${CMAKE_PREFIX_PATH}:/home/robotica/Documents/Taller1/taller1_ws/install/turtle_bot_12:/opt/ros/humble /usr/bin/cmake --install /home/robotica/Documents/Taller1/taller1_ws/build/turtle_bot_srv_12
[8.971s] Level 1:colcon.colcon_core.environment:checking '/home/robotica/Documents/Taller1/taller1_ws/install/turtle_bot_srv_12' for CMake config files
[8.972s] Level 1:colcon.colcon_core.shell:create_environment_hook('turtle_bot_srv_12', 'cmake_prefix_path')
[8.976s] INFO:colcon.colcon_core.shell:Creating environment hook '/home/robotica/Documents/Taller1/taller1_ws/install/turtle_bot_srv_12/share/turtle_bot_srv_12/hook/cmake_prefix_path.ps1'
[8.977s] INFO:colcon.colcon_core.shell:Creating environment descriptor '/home/robotica/Documents/Taller1/taller1_ws/install/turtle_bot_srv_12/share/turtle_bot_srv_12/hook/cmake_prefix_path.dsv'
[9.016s] INFO:colcon.colcon_core.shell:Creating environment hook '/home/robotica/Documents/Taller1/taller1_ws/install/turtle_bot_srv_12/share/turtle_bot_srv_12/hook/cmake_prefix_path.sh'
[9.019s] Level 1:colcon.colcon_core.environment:checking '/home/robotica/Documents/Taller1/taller1_ws/install/turtle_bot_srv_12/lib'
[9.019s] Level 1:colcon.colcon_core.shell:create_environment_hook('turtle_bot_srv_12', 'ld_library_path_lib')
[9.023s] INFO:colcon.colcon_core.shell:Creating environment hook '/home/robotica/Documents/Taller1/taller1_ws/install/turtle_bot_srv_12/share/turtle_bot_srv_12/hook/ld_library_path_lib.ps1'
[9.024s] INFO:colcon.colcon_core.shell:Creating environment descriptor '/home/robotica/Documents/Taller1/taller1_ws/install/turtle_bot_srv_12/share/turtle_bot_srv_12/hook/ld_library_path_lib.dsv'
[9.030s] INFO:colcon.colcon_core.shell:Creating environment hook '/home/robotica/Documents/Taller1/taller1_ws/install/turtle_bot_srv_12/share/turtle_bot_srv_12/hook/ld_library_path_lib.sh'
[9.034s] Level 1:colcon.colcon_core.environment:checking '/home/robotica/Documents/Taller1/taller1_ws/install/turtle_bot_srv_12/bin'
[9.045s] Level 1:colcon.colcon_core.environment:checking '/home/robotica/Documents/Taller1/taller1_ws/install/turtle_bot_srv_12/lib/pkgconfig/turtle_bot_srv_12.pc'
[9.049s] Level 1:colcon.colcon_core.environment:checking '/home/robotica/Documents/Taller1/taller1_ws/install/turtle_bot_srv_12/lib/python3.10/site-packages'
[9.050s] Level 1:colcon.colcon_core.environment:checking '/home/robotica/Documents/Taller1/taller1_ws/install/turtle_bot_srv_12/bin'
[9.058s] INFO:colcon.colcon_core.shell:Creating package script '/home/robotica/Documents/Taller1/taller1_ws/install/turtle_bot_srv_12/share/turtle_bot_srv_12/package.ps1'
[9.060s] INFO:colcon.colcon_core.shell:Creating package descriptor '/home/robotica/Documents/Taller1/taller1_ws/install/turtle_bot_srv_12/share/turtle_bot_srv_12/package.dsv'
[9.063s] INFO:colcon.colcon_core.shell:Creating package script '/home/robotica/Documents/Taller1/taller1_ws/install/turtle_bot_srv_12/share/turtle_bot_srv_12/package.sh'
[9.067s] INFO:colcon.colcon_core.shell:Creating package script '/home/robotica/Documents/Taller1/taller1_ws/install/turtle_bot_srv_12/share/turtle_bot_srv_12/package.bash'
[9.071s] INFO:colcon.colcon_core.shell:Creating package script '/home/robotica/Documents/Taller1/taller1_ws/install/turtle_bot_srv_12/share/turtle_bot_srv_12/package.zsh'
[9.073s] Level 1:colcon.colcon_core.environment:create_file_with_runtime_dependencies(/home/robotica/Documents/Taller1/taller1_ws/install/turtle_bot_srv_12/share/colcon-core/packages/turtle_bot_srv_12)
[10.376s] Level 1:colcon.colcon_core.environment:create_environment_scripts_only(turtle_bot_srv_12)
[10.384s] Level 1:colcon.colcon_core.environment:checking '/home/robotica/Documents/Taller1/taller1_ws/install/turtle_bot_srv_12' for CMake module files
[10.397s] Level 1:colcon.colcon_core.environment:checking '/home/robotica/Documents/Taller1/taller1_ws/install/turtle_bot_srv_12' for CMake config files
[10.398s] Level 1:colcon.colcon_core.shell:create_environment_hook('turtle_bot_srv_12', 'cmake_prefix_path')
[10.427s] INFO:colcon.colcon_core.shell:Creating environment hook '/home/robotica/Documents/Taller1/taller1_ws/install/turtle_bot_srv_12/share/turtle_bot_srv_12/hook/cmake_prefix_path.ps1'
[10.465s] INFO:colcon.colcon_core.shell:Creating environment descriptor '/home/robotica/Documents/Taller1/taller1_ws/install/turtle_bot_srv_12/share/turtle_bot_srv_12/hook/cmake_prefix_path.dsv'
[10.467s] INFO:colcon.colcon_core.shell:Creating environment hook '/home/robotica/Documents/Taller1/taller1_ws/install/turtle_bot_srv_12/share/turtle_bot_srv_12/hook/cmake_prefix_path.sh'
[10.472s] Level 1:colcon.colcon_core.environment:checking '/home/robotica/Documents/Taller1/taller1_ws/install/turtle_bot_srv_12/lib'
[10.472s] Level 1:colcon.colcon_core.shell:create_environment_hook('turtle_bot_srv_12', 'ld_library_path_lib')
[10.480s] INFO:colcon.colcon_core.shell:Creating environment hook '/home/robotica/Documents/Taller1/taller1_ws/install/turtle_bot_srv_12/share/turtle_bot_srv_12/hook/ld_library_path_lib.ps1'
[10.494s] INFO:colcon.colcon_core.shell:Creating environment descriptor '/home/robotica/Documents/Taller1/taller1_ws/install/turtle_bot_srv_12/share/turtle_bot_srv_12/hook/ld_library_path_lib.dsv'
[10.496s] INFO:colcon.colcon_core.shell:Creating environment hook '/home/robotica/Documents/Taller1/taller1_ws/install/turtle_bot_srv_12/share/turtle_bot_srv_12/hook/ld_library_path_lib.sh'
[10.498s] Level 1:colcon.colcon_core.environment:checking '/home/robotica/Documents/Taller1/taller1_ws/install/turtle_bot_srv_12/bin'
[10.498s] Level 1:colcon.colcon_core.environment:checking '/home/robotica/Documents/Taller1/taller1_ws/install/turtle_bot_srv_12/lib/pkgconfig/turtle_bot_srv_12.pc'
[10.500s] Level 1:colcon.colcon_core.environment:checking '/home/robotica/Documents/Taller1/taller1_ws/install/turtle_bot_srv_12/lib/python3.10/site-packages'
[10.501s] Level 1:colcon.colcon_core.environment:checking '/home/robotica/Documents/Taller1/taller1_ws/install/turtle_bot_srv_12/bin'
[10.504s] INFO:colcon.colcon_core.shell:Creating package script '/home/robotica/Documents/Taller1/taller1_ws/install/turtle_bot_srv_12/share/turtle_bot_srv_12/package.ps1'
[10.506s] INFO:colcon.colcon_core.shell:Creating package descriptor '/home/robotica/Documents/Taller1/taller1_ws/install/turtle_bot_srv_12/share/turtle_bot_srv_12/package.dsv'
[10.507s] INFO:colcon.colcon_core.shell:Creating package script '/home/robotica/Documents/Taller1/taller1_ws/install/turtle_bot_srv_12/share/turtle_bot_srv_12/package.sh'
[10.510s] INFO:colcon.colcon_core.shell:Creating package script '/home/robotica/Documents/Taller1/taller1_ws/install/turtle_bot_srv_12/share/turtle_bot_srv_12/package.bash'
[10.512s] INFO:colcon.colcon_core.shell:Creating package script '/home/robotica/Documents/Taller1/taller1_ws/install/turtle_bot_srv_12/share/turtle_bot_srv_12/package.zsh'
[10.514s] Level 1:colcon.colcon_core.environment:create_file_with_runtime_dependencies(/home/robotica/Documents/Taller1/taller1_ws/install/turtle_bot_srv_12/share/colcon-core/packages/turtle_bot_srv_12)
[10.516s] DEBUG:colcon.colcon_parallel_executor.executor.parallel:closing loop
[10.521s] DEBUG:colcon.colcon_parallel_executor.executor.parallel:loop closed
[10.528s] DEBUG:colcon.colcon_parallel_executor.executor.parallel:run_until_complete finished with '0'
[10.529s] DEBUG:colcon.colcon_core.event_reactor:joining thread
[10.568s] INFO:colcon.colcon_core.plugin_system:Skipping extension 'colcon_notification.desktop_notification.terminal_notifier': Not used on non-Darwin systems
[10.569s] INFO:colcon.colcon_core.plugin_system:Skipping extension 'colcon_notification.desktop_notification.win32': Not used on non-Windows systems
[10.569s] INFO:colcon.colcon_notification.desktop_notification:Sending desktop notification using 'notify2'
[10.668s] DEBUG:colcon.colcon_core.event_reactor:joined thread
[10.674s] INFO:colcon.colcon_core.shell:Creating prefix script '/home/robotica/Documents/Taller1/taller1_ws/install/local_setup.ps1'
[10.678s] INFO:colcon.colcon_core.shell:Creating prefix util module '/home/robotica/Documents/Taller1/taller1_ws/install/_local_setup_util_ps1.py'
[10.687s] INFO:colcon.colcon_core.shell:Creating prefix chain script '/home/robotica/Documents/Taller1/taller1_ws/install/setup.ps1'
[10.693s] INFO:colcon.colcon_core.shell:Creating prefix script '/home/robotica/Documents/Taller1/taller1_ws/install/local_setup.sh'
[10.696s] INFO:colcon.colcon_core.shell:Creating prefix util module '/home/robotica/Documents/Taller1/taller1_ws/install/_local_setup_util_sh.py'
[10.717s] INFO:colcon.colcon_core.shell:Creating prefix chain script '/home/robotica/Documents/Taller1/taller1_ws/install/setup.sh'
[10.741s] INFO:colcon.colcon_core.shell:Creating prefix script '/home/robotica/Documents/Taller1/taller1_ws/install/local_setup.bash'
[10.748s] INFO:colcon.colcon_core.shell:Creating prefix chain script '/home/robotica/Documents/Taller1/taller1_ws/install/setup.bash'
[10.758s] INFO:colcon.colcon_core.shell:Creating prefix script '/home/robotica/Documents/Taller1/taller1_ws/install/local_setup.zsh'
[10.764s] INFO:colcon.colcon_core.shell:Creating prefix chain script '/home/robotica/Documents/Taller1/taller1_ws/install/setup.zsh'
