[0.580s] Invoking command in '/home/sebastian/Uniandes202310/Robotica/Taller1/taller1_ws/build/turtle_bot_12': PYTHONPATH=/home/sebastian/Uniandes202310/Robotica/Taller1/taller1_ws/build/turtle_bot_12/prefix_override:/home/sebastian/Uniandes202310/Robotica/Taller1/taller1_ws/install/turtle_bot_12/lib/python3.10/site-packages:${PYTHONPATH} /usr/bin/python3 setup.py develop --editable --build-directory /home/sebastian/Uniandes202310/Robotica/Taller1/taller1_ws/build/turtle_bot_12/build --no-deps install_data
[0.821s] running develop
[0.821s] /usr/lib/python3/dist-packages/setuptools/command/easy_install.py:158: EasyInstallDeprecationWarning: easy_install command is deprecated. Use build and pip and other standards-based tools.
[0.822s]   warnings.warn(
[0.823s] /usr/lib/python3/dist-packages/setuptools/command/install.py:34: SetuptoolsDeprecationWarning: setup.py install is deprecated. Use build and pip and other standards-based tools.
[0.823s]   warnings.warn(
[0.884s] /usr/lib/python3/dist-packages/pkg_resources/__init__.py:116: PkgResourcesDeprecationWarning: 1.16.0-unknown is an invalid version and will not be supported in a future release
[0.884s]   warnings.warn(
[0.885s] /usr/lib/python3/dist-packages/pkg_resources/__init__.py:116: PkgResourcesDeprecationWarning: 0.1.43ubuntu1 is an invalid version and will not be supported in a future release
[0.885s]   warnings.warn(
[0.885s] /usr/lib/python3/dist-packages/pkg_resources/__init__.py:116: PkgResourcesDeprecationWarning: 1.1build1 is an invalid version and will not be supported in a future release
[0.885s]   warnings.warn(
[1.005s] running egg_info
[1.005s] writing turtle_bot_12.egg-info/PKG-INFO
[1.005s] writing dependency_links to turtle_bot_12.egg-info/dependency_links.txt
[1.005s] writing entry points to turtle_bot_12.egg-info/entry_points.txt
[1.005s] writing requirements to turtle_bot_12.egg-info/requires.txt
[1.005s] writing top-level names to turtle_bot_12.egg-info/top_level.txt
[1.007s] reading manifest file 'turtle_bot_12.egg-info/SOURCES.txt'
[1.008s] writing manifest file 'turtle_bot_12.egg-info/SOURCES.txt'
[1.009s] running build_ext
[1.009s] Creating /home/sebastian/Uniandes202310/Robotica/Taller1/taller1_ws/install/turtle_bot_12/lib/python3.10/site-packages/turtle-bot-12.egg-link (link to .)
[1.010s] Installing turtle_bot_interface script to /home/sebastian/Uniandes202310/Robotica/Taller1/taller1_ws/install/turtle_bot_12/lib/turtle_bot_12
[1.010s] Installing turtle_bot_player script to /home/sebastian/Uniandes202310/Robotica/Taller1/taller1_ws/install/turtle_bot_12/lib/turtle_bot_12
[1.010s] Installing turtle_bot_teleop script to /home/sebastian/Uniandes202310/Robotica/Taller1/taller1_ws/install/turtle_bot_12/lib/turtle_bot_12
[1.010s] 
[1.010s] Installed /home/sebastian/Uniandes202310/Robotica/Taller1/taller1_ws/build/turtle_bot_12
[1.010s] running install_data
[1.037s] Invoked command in '/home/sebastian/Uniandes202310/Robotica/Taller1/taller1_ws/build/turtle_bot_12' returned '0': PYTHONPATH=/home/sebastian/Uniandes202310/Robotica/Taller1/taller1_ws/build/turtle_bot_12/prefix_override:/home/sebastian/Uniandes202310/Robotica/Taller1/taller1_ws/install/turtle_bot_12/lib/python3.10/site-packages:${PYTHONPATH} /usr/bin/python3 setup.py develop --editable --build-directory /home/sebastian/Uniandes202310/Robotica/Taller1/taller1_ws/build/turtle_bot_12/build --no-deps install_data
