[1.100s] Invoking command in '/home/sebastian/Uniandes202310/Robotica/Taller1/taller1_ws/src/turtle_bot_12': PYTHONPATH=/home/sebastian/Uniandes202310/Robotica/Taller1/taller1_ws/build/turtle_bot_12/prefix_override:/home/sebastian/Uniandes202310/Robotica/Taller1/taller1_ws/install/turtle_bot_12/lib/python3.10/site-packages:${PYTHONPATH} /usr/bin/python3 setup.py egg_info --egg-base ../../build/turtle_bot_12 build --build-base /home/sebastian/Uniandes202310/Robotica/Taller1/taller1_ws/build/turtle_bot_12/build install --record /home/sebastian/Uniandes202310/Robotica/Taller1/taller1_ws/build/turtle_bot_12/install.log --single-version-externally-managed
[1.567s] running egg_info
[1.569s] writing ../../build/turtle_bot_12/turtle_bot_12.egg-info/PKG-INFO
[1.569s] writing dependency_links to ../../build/turtle_bot_12/turtle_bot_12.egg-info/dependency_links.txt
[1.569s] writing entry points to ../../build/turtle_bot_12/turtle_bot_12.egg-info/entry_points.txt
[1.569s] writing requirements to ../../build/turtle_bot_12/turtle_bot_12.egg-info/requires.txt
[1.570s] writing top-level names to ../../build/turtle_bot_12/turtle_bot_12.egg-info/top_level.txt
[1.573s] reading manifest file '../../build/turtle_bot_12/turtle_bot_12.egg-info/SOURCES.txt'
[1.574s] writing manifest file '../../build/turtle_bot_12/turtle_bot_12.egg-info/SOURCES.txt'
[1.574s] running build
[1.574s] running build_py
[1.574s] copying turtle_bot_12/turtle_bot_interface.py -> /home/sebastian/Uniandes202310/Robotica/Taller1/taller1_ws/build/turtle_bot_12/build/lib/turtle_bot_12
[1.575s] running install
[1.576s] /usr/lib/python3/dist-packages/setuptools/command/install.py:34: SetuptoolsDeprecationWarning: setup.py install is deprecated. Use build and pip and other standards-based tools.
[1.576s]   warnings.warn(
[1.576s] running install_lib
[1.577s] copying /home/sebastian/Uniandes202310/Robotica/Taller1/taller1_ws/build/turtle_bot_12/build/lib/turtle_bot_12/turtle_bot_interface.py -> /home/sebastian/Uniandes202310/Robotica/Taller1/taller1_ws/install/turtle_bot_12/lib/python3.10/site-packages/turtle_bot_12
[1.578s] byte-compiling /home/sebastian/Uniandes202310/Robotica/Taller1/taller1_ws/install/turtle_bot_12/lib/python3.10/site-packages/turtle_bot_12/turtle_bot_interface.py to turtle_bot_interface.cpython-310.pyc
[1.581s] running install_data
[1.582s] running install_egg_info
[1.585s] removing '/home/sebastian/Uniandes202310/Robotica/Taller1/taller1_ws/install/turtle_bot_12/lib/python3.10/site-packages/turtle_bot_12-0.0.0-py3.10.egg-info' (and everything under it)
[1.585s] Copying ../../build/turtle_bot_12/turtle_bot_12.egg-info to /home/sebastian/Uniandes202310/Robotica/Taller1/taller1_ws/install/turtle_bot_12/lib/python3.10/site-packages/turtle_bot_12-0.0.0-py3.10.egg-info
[1.587s] running install_scripts
[1.620s] Installing client script to /home/sebastian/Uniandes202310/Robotica/Taller1/taller1_ws/install/turtle_bot_12/lib/turtle_bot_12
[1.621s] Installing service script to /home/sebastian/Uniandes202310/Robotica/Taller1/taller1_ws/install/turtle_bot_12/lib/turtle_bot_12
[1.621s] Installing turtle_bot_interface script to /home/sebastian/Uniandes202310/Robotica/Taller1/taller1_ws/install/turtle_bot_12/lib/turtle_bot_12
[1.621s] Installing turtle_bot_teleop script to /home/sebastian/Uniandes202310/Robotica/Taller1/taller1_ws/install/turtle_bot_12/lib/turtle_bot_12
[1.621s] writing list of installed files to '/home/sebastian/Uniandes202310/Robotica/Taller1/taller1_ws/build/turtle_bot_12/install.log'
[1.666s] Invoked command in '/home/sebastian/Uniandes202310/Robotica/Taller1/taller1_ws/src/turtle_bot_12' returned '0': PYTHONPATH=/home/sebastian/Uniandes202310/Robotica/Taller1/taller1_ws/build/turtle_bot_12/prefix_override:/home/sebastian/Uniandes202310/Robotica/Taller1/taller1_ws/install/turtle_bot_12/lib/python3.10/site-packages:${PYTHONPATH} /usr/bin/python3 setup.py egg_info --egg-base ../../build/turtle_bot_12 build --build-base /home/sebastian/Uniandes202310/Robotica/Taller1/taller1_ws/build/turtle_bot_12/build install --record /home/sebastian/Uniandes202310/Robotica/Taller1/taller1_ws/build/turtle_bot_12/install.log --single-version-externally-managed
