[0.266s] Invoking command in '/home/robotica/Documents/Taller1/taller1_ws/build/example_interfaces': CMAKE_PREFIX_PATH=${CMAKE_PREFIX_PATH}:/home/robotica/Documents/Taller1/taller1_ws/install/turtle_bot_12:/home/robotica/Documents/Taller1/taller1_ws/install/paquete_scr_servicios:/opt/ros/humble /usr/bin/cmake /home/robotica/Documents/Taller1/taller1_ws/src/example_interfaces -DAMENT_CMAKE_SYMLINK_INSTALL=1 -DCMAKE_INSTALL_PREFIX=/home/robotica/Documents/Taller1/taller1_ws/install/example_interfaces
[0.346s] -- Found ament_cmake: 1.3.3 (/opt/ros/humble/share/ament_cmake/cmake)
[1.006s] -- Override CMake install command with custom implementation using symlinks instead of copying resources
[1.140s] -- Found rosidl_default_generators: 1.2.0 (/opt/ros/humble/share/rosidl_default_generators/cmake)
[1.197s] -- Using all available rosidl_typesupport_c: rosidl_typesupport_fastrtps_c;rosidl_typesupport_introspection_c
[1.216s] -- Found rosidl_adapter: 3.1.4 (/opt/ros/humble/share/rosidl_adapter/cmake)
[1.539s] -- Using all available rosidl_typesupport_cpp: rosidl_typesupport_fastrtps_cpp;rosidl_typesupport_introspection_cpp
[3.709s] -- Found ament_cmake_ros: 0.10.0 (/opt/ros/humble/share/ament_cmake_ros/cmake)
[4.245s] -- Using all available rosidl_typesupport_c: rosidl_typesupport_fastrtps_c;rosidl_typesupport_introspection_c
[4.898s] -- Using all available rosidl_typesupport_cpp: rosidl_typesupport_fastrtps_cpp;rosidl_typesupport_introspection_cpp
[4.961s] -- Found python_cmake_module: 0.10.0 (/opt/ros/humble/share/python_cmake_module/cmake)
[5.028s] -- Using PYTHON_EXECUTABLE: /usr/bin/python3
[5.028s] -- Using PYTHON_INCLUDE_DIRS: /usr/include/python3.10
[5.028s] -- Using PYTHON_LIBRARIES: /usr/lib/x86_64-linux-gnu/libpython3.10.so
[5.234s] -- Configuring done
[5.649s] -- Generating done
[5.708s] -- Build files have been written to: /home/robotica/Documents/Taller1/taller1_ws/build/example_interfaces
[5.765s] Invoked command in '/home/robotica/Documents/Taller1/taller1_ws/build/example_interfaces' returned '0': CMAKE_PREFIX_PATH=${CMAKE_PREFIX_PATH}:/home/robotica/Documents/Taller1/taller1_ws/install/turtle_bot_12:/home/robotica/Documents/Taller1/taller1_ws/install/paquete_scr_servicios:/opt/ros/humble /usr/bin/cmake /home/robotica/Documents/Taller1/taller1_ws/src/example_interfaces -DAMENT_CMAKE_SYMLINK_INSTALL=1 -DCMAKE_INSTALL_PREFIX=/home/robotica/Documents/Taller1/taller1_ws/install/example_interfaces
[5.767s] Invoking command in '/home/robotica/Documents/Taller1/taller1_ws/build/example_interfaces': CMAKE_PREFIX_PATH=${CMAKE_PREFIX_PATH}:/home/robotica/Documents/Taller1/taller1_ws/install/turtle_bot_12:/home/robotica/Documents/Taller1/taller1_ws/install/paquete_scr_servicios:/opt/ros/humble /usr/bin/cmake --build /home/robotica/Documents/Taller1/taller1_ws/build/example_interfaces -- -j5 -l5
[6.090s] failed to create symbolic link '/home/robotica/Documents/Taller1/taller1_ws/build/example_interfaces/ament_cmake_python/example_interfaces/example_interfaces' because existing path cannot be removed: Is a directory
[6.112s] [  0%] Built target example_interfaces__cpp
[6.138s] [35m[1mConsolidate compiler generated dependencies of target example_interfaces__rosidl_generator_c[0m
[6.138s] gmake[2]: *** [CMakeFiles/ament_cmake_python_symlink_example_interfaces.dir/build.make:70: CMakeFiles/ament_cmake_python_symlink_example_interfaces] Error 1
[6.139s] gmake[1]: *** [CMakeFiles/Makefile2:421: CMakeFiles/ament_cmake_python_symlink_example_interfaces.dir/all] Error 2
[6.140s] gmake[1]: *** Waiting for unfinished jobs....
[6.281s] [ 12%] Built target example_interfaces__rosidl_generator_c
[6.283s] [35m[1mConsolidate compiler generated dependencies of target example_interfaces__rosidl_typesupport_cpp[0m
[6.416s] [ 24%] Built target example_interfaces__rosidl_typesupport_cpp
[6.419s] gmake: *** [Makefile:146: all] Error 2
[6.425s] Invoked command in '/home/robotica/Documents/Taller1/taller1_ws/build/example_interfaces' returned '2': CMAKE_PREFIX_PATH=${CMAKE_PREFIX_PATH}:/home/robotica/Documents/Taller1/taller1_ws/install/turtle_bot_12:/home/robotica/Documents/Taller1/taller1_ws/install/paquete_scr_servicios:/opt/ros/humble /usr/bin/cmake --build /home/robotica/Documents/Taller1/taller1_ws/build/example_interfaces -- -j5 -l5
