[1.435s] DEBUG:colcon:Command line arguments: ['/usr/bin/colcon', 'build']
[1.435s] DEBUG:colcon:Parsed command line arguments: Namespace(log_base=None, log_level=None, verb_name='build', build_base='build', install_base='install', merge_install=False, symlink_install=False, test_result_base=None, continue_on_error=False, executor='parallel', parallel_workers=5, event_handlers=None, ignore_user_meta=False, metas=['./colcon.meta'], base_paths=['.'], packages_ignore=None, packages_ignore_regex=None, paths=None, packages_up_to=None, packages_up_to_regex=None, packages_above=None, packages_above_and_dependencies=None, packages_above_depth=None, packages_select_by_dep=None, packages_skip_by_dep=None, packages_skip_up_to=None, packages_select_build_failed=False, packages_skip_build_finished=False, packages_select_test_failures=False, packages_skip_test_passed=False, packages_select=None, packages_skip=None, packages_select_regex=None, packages_skip_regex=None, packages_start=None, packages_end=None, allow_overriding=[], cmake_args=None, cmake_target=None, cmake_target_skip_unavailable=False, cmake_clean_cache=False, cmake_clean_first=False, cmake_force_configure=False, ament_cmake_args=None, catkin_cmake_args=None, catkin_skip_building_tests=False, verb_parser=<colcon_defaults.argument_parser.defaults.DefaultArgumentsDecorator object at 0x7f4a9da2b970>, verb_extension=<colcon_core.verb.build.BuildVerb object at 0x7f4a9e1ffeb0>, main=<bound method BuildVerb.main of <colcon_core.verb.build.BuildVerb object at 0x7f4a9e1ffeb0>>)
[1.545s] Level 1:colcon.colcon_core.package_discovery:discover_packages(colcon_meta) check parameters
[1.546s] Level 1:colcon.colcon_core.package_discovery:discover_packages(recursive) check parameters
[1.557s] Level 1:colcon.colcon_core.package_discovery:discover_packages(ignore) check parameters
[1.557s] Level 1:colcon.colcon_core.package_discovery:discover_packages(path) check parameters
[1.557s] Level 1:colcon.colcon_core.package_discovery:discover_packages(colcon_meta) discover
[1.558s] Level 1:colcon.colcon_core.package_discovery:discover_packages(recursive) discover
[1.558s] INFO:colcon.colcon_core.package_discovery:Crawling recursively for packages in '/home/robotica/Documents/Taller1/taller1_ws'
[1.558s] Level 1:colcon.colcon_core.package_identification:_identify(.) by extensions ['ignore', 'ignore_ament_install']
[1.559s] Level 1:colcon.colcon_core.package_identification:_identify(.) by extension 'ignore'
[1.559s] Level 1:colcon.colcon_core.package_identification:_identify(.) by extension 'ignore_ament_install'
[1.560s] Level 1:colcon.colcon_core.package_identification:_identify(.) by extensions ['colcon_pkg']
[1.560s] Level 1:colcon.colcon_core.package_identification:_identify(.) by extension 'colcon_pkg'
[1.560s] Level 1:colcon.colcon_core.package_identification:_identify(.) by extensions ['colcon_meta']
[1.560s] Level 1:colcon.colcon_core.package_identification:_identify(.) by extension 'colcon_meta'
[1.560s] Level 1:colcon.colcon_core.package_identification:_identify(.) by extensions ['ros']
[1.562s] Level 1:colcon.colcon_core.package_identification:_identify(.) by extension 'ros'
[1.618s] Level 1:colcon.colcon_core.package_identification:_identify(.) by extensions ['cmake', 'python']
[1.619s] Level 1:colcon.colcon_core.package_identification:_identify(.) by extension 'cmake'
[1.620s] Level 1:colcon.colcon_core.package_identification:_identify(.) by extension 'python'
[1.620s] Level 1:colcon.colcon_core.package_identification:_identify(.) by extensions ['python_setup_py']
[1.620s] Level 1:colcon.colcon_core.package_identification:_identify(.) by extension 'python_setup_py'
[1.621s] Level 1:colcon.colcon_core.package_identification:_identify(build) by extensions ['ignore', 'ignore_ament_install']
[1.621s] Level 1:colcon.colcon_core.package_identification:_identify(build) by extension 'ignore'
[1.621s] Level 1:colcon.colcon_core.package_identification:_identify(build) ignored
[1.624s] Level 1:colcon.colcon_core.package_identification:_identify(install) by extensions ['ignore', 'ignore_ament_install']
[1.624s] Level 1:colcon.colcon_core.package_identification:_identify(install) by extension 'ignore'
[1.625s] Level 1:colcon.colcon_core.package_identification:_identify(install) ignored
[1.625s] Level 1:colcon.colcon_core.package_identification:_identify(log) by extensions ['ignore', 'ignore_ament_install']
[1.625s] Level 1:colcon.colcon_core.package_identification:_identify(log) by extension 'ignore'
[1.625s] Level 1:colcon.colcon_core.package_identification:_identify(log) ignored
[1.625s] Level 1:colcon.colcon_core.package_identification:_identify(src) by extensions ['ignore', 'ignore_ament_install']
[1.625s] Level 1:colcon.colcon_core.package_identification:_identify(src) by extension 'ignore'
[1.626s] Level 1:colcon.colcon_core.package_identification:_identify(src) by extension 'ignore_ament_install'
[1.626s] Level 1:colcon.colcon_core.package_identification:_identify(src) by extensions ['colcon_pkg']
[1.626s] Level 1:colcon.colcon_core.package_identification:_identify(src) by extension 'colcon_pkg'
[1.626s] Level 1:colcon.colcon_core.package_identification:_identify(src) by extensions ['colcon_meta']
[1.626s] Level 1:colcon.colcon_core.package_identification:_identify(src) by extension 'colcon_meta'
[1.626s] Level 1:colcon.colcon_core.package_identification:_identify(src) by extensions ['ros']
[1.626s] Level 1:colcon.colcon_core.package_identification:_identify(src) by extension 'ros'
[1.626s] Level 1:colcon.colcon_core.package_identification:_identify(src) by extensions ['cmake', 'python']
[1.626s] Level 1:colcon.colcon_core.package_identification:_identify(src) by extension 'cmake'
[1.627s] Level 1:colcon.colcon_core.package_identification:_identify(src) by extension 'python'
[1.627s] Level 1:colcon.colcon_core.package_identification:_identify(src) by extensions ['python_setup_py']
[1.627s] Level 1:colcon.colcon_core.package_identification:_identify(src) by extension 'python_setup_py'
[1.627s] Level 1:colcon.colcon_core.package_identification:_identify(src/turtle_bot_12) by extensions ['ignore', 'ignore_ament_install']
[1.627s] Level 1:colcon.colcon_core.package_identification:_identify(src/turtle_bot_12) by extension 'ignore'
[1.629s] Level 1:colcon.colcon_core.package_identification:_identify(src/turtle_bot_12) by extension 'ignore_ament_install'
[1.631s] Level 1:colcon.colcon_core.package_identification:_identify(src/turtle_bot_12) by extensions ['colcon_pkg']
[1.635s] Level 1:colcon.colcon_core.package_identification:_identify(src/turtle_bot_12) by extension 'colcon_pkg'
[1.635s] Level 1:colcon.colcon_core.package_identification:_identify(src/turtle_bot_12) by extensions ['colcon_meta']
[1.635s] Level 1:colcon.colcon_core.package_identification:_identify(src/turtle_bot_12) by extension 'colcon_meta'
[1.635s] Level 1:colcon.colcon_core.package_identification:_identify(src/turtle_bot_12) by extensions ['ros']
[1.635s] Level 1:colcon.colcon_core.package_identification:_identify(src/turtle_bot_12) by extension 'ros'
[1.664s] DEBUG:colcon.colcon_core.package_identification:Package 'src/turtle_bot_12' with type 'ros.ament_python' and name 'turtle_bot_12'
[1.664s] Level 1:colcon.colcon_core.package_identification:_identify(src/turtle_bot_srv_12) by extensions ['ignore', 'ignore_ament_install']
[1.665s] Level 1:colcon.colcon_core.package_identification:_identify(src/turtle_bot_srv_12) by extension 'ignore'
[1.665s] Level 1:colcon.colcon_core.package_identification:_identify(src/turtle_bot_srv_12) by extension 'ignore_ament_install'
[1.665s] Level 1:colcon.colcon_core.package_identification:_identify(src/turtle_bot_srv_12) by extensions ['colcon_pkg']
[1.665s] Level 1:colcon.colcon_core.package_identification:_identify(src/turtle_bot_srv_12) by extension 'colcon_pkg'
[1.665s] Level 1:colcon.colcon_core.package_identification:_identify(src/turtle_bot_srv_12) by extensions ['colcon_meta']
[1.665s] Level 1:colcon.colcon_core.package_identification:_identify(src/turtle_bot_srv_12) by extension 'colcon_meta'
[1.666s] Level 1:colcon.colcon_core.package_identification:_identify(src/turtle_bot_srv_12) by extensions ['ros']
[1.666s] Level 1:colcon.colcon_core.package_identification:_identify(src/turtle_bot_srv_12) by extension 'ros'
[1.667s] DEBUG:colcon.colcon_core.package_identification:Package 'src/turtle_bot_srv_12' with type 'ros.ament_cmake' and name 'turtle_bot_srv_12'
[1.667s] Level 1:colcon.colcon_core.package_discovery:discover_packages(recursive) using defaults
[1.667s] Level 1:colcon.colcon_core.package_discovery:discover_packages(ignore) discover
[1.667s] Level 1:colcon.colcon_core.package_discovery:discover_packages(ignore) using defaults
[1.667s] Level 1:colcon.colcon_core.package_discovery:discover_packages(path) discover
[1.667s] Level 1:colcon.colcon_core.package_discovery:discover_packages(path) using defaults
[1.766s] Level 1:colcon.colcon_core.package_discovery:discover_packages(prefix_path) check parameters
[1.767s] Level 1:colcon.colcon_core.package_discovery:discover_packages(prefix_path) discover
[1.780s] DEBUG:colcon.colcon_installed_package_information.package_discovery:Found 2 installed packages in /home/robotica/Documents/Taller1/taller1_ws/install
[1.805s] DEBUG:colcon.colcon_installed_package_information.package_discovery:Found 284 installed packages in /opt/ros/humble
[1.822s] Level 1:colcon.colcon_core.package_discovery:discover_packages(prefix_path) using defaults
[2.120s] Level 5:colcon.colcon_core.verb:set package 'turtle_bot_12' build argument 'cmake_args' from command line to 'None'
[2.121s] Level 5:colcon.colcon_core.verb:set package 'turtle_bot_12' build argument 'cmake_target' from command line to 'None'
[2.135s] Level 5:colcon.colcon_core.verb:set package 'turtle_bot_12' build argument 'cmake_target_skip_unavailable' from command line to 'False'
[2.137s] Level 5:colcon.colcon_core.verb:set package 'turtle_bot_12' build argument 'cmake_clean_cache' from command line to 'False'
[2.137s] Level 5:colcon.colcon_core.verb:set package 'turtle_bot_12' build argument 'cmake_clean_first' from command line to 'False'
[2.138s] Level 5:colcon.colcon_core.verb:set package 'turtle_bot_12' build argument 'cmake_force_configure' from command line to 'False'
[2.138s] Level 5:colcon.colcon_core.verb:set package 'turtle_bot_12' build argument 'ament_cmake_args' from command line to 'None'
[2.138s] Level 5:colcon.colcon_core.verb:set package 'turtle_bot_12' build argument 'catkin_cmake_args' from command line to 'None'
[2.138s] Level 5:colcon.colcon_core.verb:set package 'turtle_bot_12' build argument 'catkin_skip_building_tests' from command line to 'False'
[2.138s] DEBUG:colcon.colcon_core.verb:Building package 'turtle_bot_12' with the following arguments: {'ament_cmake_args': None, 'build_base': '/home/robotica/Documents/Taller1/taller1_ws/build/turtle_bot_12', 'catkin_cmake_args': None, 'catkin_skip_building_tests': False, 'cmake_args': None, 'cmake_clean_cache': False, 'cmake_clean_first': False, 'cmake_force_configure': False, 'cmake_target': None, 'cmake_target_skip_unavailable': False, 'install_base': '/home/robotica/Documents/Taller1/taller1_ws/install/turtle_bot_12', 'merge_install': False, 'path': '/home/robotica/Documents/Taller1/taller1_ws/src/turtle_bot_12', 'symlink_install': False, 'test_result_base': None}
[2.142s] Level 5:colcon.colcon_core.verb:set package 'turtle_bot_srv_12' build argument 'cmake_args' from command line to 'None'
[2.143s] Level 5:colcon.colcon_core.verb:set package 'turtle_bot_srv_12' build argument 'cmake_target' from command line to 'None'
[2.143s] Level 5:colcon.colcon_core.verb:set package 'turtle_bot_srv_12' build argument 'cmake_target_skip_unavailable' from command line to 'False'
[2.143s] Level 5:colcon.colcon_core.verb:set package 'turtle_bot_srv_12' build argument 'cmake_clean_cache' from command line to 'False'
[2.144s] Level 5:colcon.colcon_core.verb:set package 'turtle_bot_srv_12' build argument 'cmake_clean_first' from command line to 'False'
[2.144s] Level 5:colcon.colcon_core.verb:set package 'turtle_bot_srv_12' build argument 'cmake_force_configure' from command line to 'False'
[2.144s] Level 5:colcon.colcon_core.verb:set package 'turtle_bot_srv_12' build argument 'ament_cmake_args' from command line to 'None'
[2.144s] Level 5:colcon.colcon_core.verb:set package 'turtle_bot_srv_12' build argument 'catkin_cmake_args' from command line to 'None'
[2.144s] Level 5:colcon.colcon_core.verb:set package 'turtle_bot_srv_12' build argument 'catkin_skip_building_tests' from command line to 'False'
[2.145s] DEBUG:colcon.colcon_core.verb:Building package 'turtle_bot_srv_12' with the following arguments: {'ament_cmake_args': None, 'build_base': '/home/robotica/Documents/Taller1/taller1_ws/build/turtle_bot_srv_12', 'catkin_cmake_args': None, 'catkin_skip_building_tests': False, 'cmake_args': None, 'cmake_clean_cache': False, 'cmake_clean_first': False, 'cmake_force_configure': False, 'cmake_target': None, 'cmake_target_skip_unavailable': False, 'install_base': '/home/robotica/Documents/Taller1/taller1_ws/install/turtle_bot_srv_12', 'merge_install': False, 'path': '/home/robotica/Documents/Taller1/taller1_ws/src/turtle_bot_srv_12', 'symlink_install': False, 'test_result_base': None}
[2.147s] INFO:colcon.colcon_core.executor:Executing jobs using 'parallel' executor
[2.163s] DEBUG:colcon.colcon_parallel_executor.executor.parallel:run_until_complete
[2.174s] INFO:colcon.colcon_ros.task.ament_python.build:Building ROS package in '/home/robotica/Documents/Taller1/taller1_ws/src/turtle_bot_12' with build type 'ament_python'
[2.182s] Level 1:colcon.colcon_core.shell:create_environment_hook('turtle_bot_12', 'ament_prefix_path')
[2.195s] INFO:colcon.colcon_core.plugin_system:Skipping extension 'colcon_core.shell.bat': Not used on non-Windows systems
[2.201s] INFO:colcon.colcon_core.shell:Creating environment hook '/home/robotica/Documents/Taller1/taller1_ws/install/turtle_bot_12/share/turtle_bot_12/hook/ament_prefix_path.ps1'
[2.205s] INFO:colcon.colcon_core.shell:Creating environment descriptor '/home/robotica/Documents/Taller1/taller1_ws/install/turtle_bot_12/share/turtle_bot_12/hook/ament_prefix_path.dsv'
[2.209s] INFO:colcon.colcon_core.shell:Creating environment hook '/home/robotica/Documents/Taller1/taller1_ws/install/turtle_bot_12/share/turtle_bot_12/hook/ament_prefix_path.sh'
[2.223s] INFO:colcon.colcon_core.shell:Skip shell extension 'powershell' for command environment: Not usable outside of PowerShell
[2.224s] DEBUG:colcon.colcon_core.shell:Skip shell extension 'dsv' for command environment
[2.254s] INFO:colcon.colcon_ros.task.ament_cmake.build:Building ROS package in '/home/robotica/Documents/Taller1/taller1_ws/src/turtle_bot_srv_12' with build type 'ament_cmake'
[2.255s] INFO:colcon.colcon_cmake.task.cmake.build:Building CMake package in '/home/robotica/Documents/Taller1/taller1_ws/src/turtle_bot_srv_12'
[2.261s] INFO:colcon.colcon_core.shell:Skip shell extension 'powershell' for command environment: Not usable outside of PowerShell
[2.262s] DEBUG:colcon.colcon_core.shell:Skip shell extension 'dsv' for command environment
[3.316s] INFO:colcon.colcon_core.task.python.build:Building Python package in '/home/robotica/Documents/Taller1/taller1_ws/src/turtle_bot_12'
[3.326s] INFO:colcon.colcon_core.shell:Skip shell extension 'powershell' for command environment: Not usable outside of PowerShell
[3.342s] DEBUG:colcon.colcon_core.shell:Skip shell extension 'dsv' for command environment
[3.712s] DEBUG:colcon.colcon_core.event_handler.log_command:Invoking command in '/home/robotica/Documents/Taller1/taller1_ws/build/turtle_bot_srv_12': CMAKE_PREFIX_PATH=${CMAKE_PREFIX_PATH}:/home/robotica/Documents/Taller1/taller1_ws/install/turtle_bot_12:/opt/ros/humble /usr/bin/cmake --build /home/robotica/Documents/Taller1/taller1_ws/build/turtle_bot_srv_12 -- -j5 -l5
[5.482s] DEBUG:colcon.colcon_core.event_handler.log_command:Invoking command in '/home/robotica/Documents/Taller1/taller1_ws/src/turtle_bot_12': PYTHONPATH=/home/robotica/Documents/Taller1/taller1_ws/build/turtle_bot_12/prefix_override:/home/robotica/Documents/Taller1/taller1_ws/install/turtle_bot_12/lib/python3.10/site-packages:${PYTHONPATH} /usr/bin/python3 setup.py egg_info --egg-base ../../build/turtle_bot_12 build --build-base /home/robotica/Documents/Taller1/taller1_ws/build/turtle_bot_12/build install --record /home/robotica/Documents/Taller1/taller1_ws/build/turtle_bot_12/install.log --single-version-externally-managed
[8.888s] DEBUG:colcon.colcon_core.event_handler.log_command:Invoked command in '/home/robotica/Documents/Taller1/taller1_ws/src/turtle_bot_12' returned '0': PYTHONPATH=/home/robotica/Documents/Taller1/taller1_ws/build/turtle_bot_12/prefix_override:/home/robotica/Documents/Taller1/taller1_ws/install/turtle_bot_12/lib/python3.10/site-packages:${PYTHONPATH} /usr/bin/python3 setup.py egg_info --egg-base ../../build/turtle_bot_12 build --build-base /home/robotica/Documents/Taller1/taller1_ws/build/turtle_bot_12/build install --record /home/robotica/Documents/Taller1/taller1_ws/build/turtle_bot_12/install.log --single-version-externally-managed
[8.962s] Level 1:colcon.colcon_core.environment:checking '/home/robotica/Documents/Taller1/taller1_ws/install/turtle_bot_12' for CMake module files
[8.965s] Level 1:colcon.colcon_core.environment:checking '/home/robotica/Documents/Taller1/taller1_ws/install/turtle_bot_12' for CMake config files
[8.968s] Level 1:colcon.colcon_core.environment:checking '/home/robotica/Documents/Taller1/taller1_ws/install/turtle_bot_12/lib'
[8.980s] Level 1:colcon.colcon_core.environment:checking '/home/robotica/Documents/Taller1/taller1_ws/install/turtle_bot_12/bin'
[8.981s] Level 1:colcon.colcon_core.environment:checking '/home/robotica/Documents/Taller1/taller1_ws/install/turtle_bot_12/lib/pkgconfig/turtle_bot_12.pc'
[8.983s] Level 1:colcon.colcon_core.environment:checking '/home/robotica/Documents/Taller1/taller1_ws/install/turtle_bot_12/lib/python3.10/site-packages'
[8.983s] Level 1:colcon.colcon_core.shell:create_environment_hook('turtle_bot_12', 'pythonpath')
[8.990s] INFO:colcon.colcon_core.shell:Creating environment hook '/home/robotica/Documents/Taller1/taller1_ws/install/turtle_bot_12/share/turtle_bot_12/hook/pythonpath.ps1'
[9.002s] INFO:colcon.colcon_core.shell:Creating environment descriptor '/home/robotica/Documents/Taller1/taller1_ws/install/turtle_bot_12/share/turtle_bot_12/hook/pythonpath.dsv'
[9.005s] INFO:colcon.colcon_core.shell:Creating environment hook '/home/robotica/Documents/Taller1/taller1_ws/install/turtle_bot_12/share/turtle_bot_12/hook/pythonpath.sh'
[9.041s] Level 1:colcon.colcon_core.environment:checking '/home/robotica/Documents/Taller1/taller1_ws/install/turtle_bot_12/bin'
[9.045s] Level 1:colcon.colcon_core.environment:create_environment_scripts_only(turtle_bot_12)
[9.067s] INFO:colcon.colcon_core.shell:Creating package script '/home/robotica/Documents/Taller1/taller1_ws/install/turtle_bot_12/share/turtle_bot_12/package.ps1'
[9.078s] INFO:colcon.colcon_core.shell:Creating package descriptor '/home/robotica/Documents/Taller1/taller1_ws/install/turtle_bot_12/share/turtle_bot_12/package.dsv'
[9.082s] INFO:colcon.colcon_core.shell:Creating package script '/home/robotica/Documents/Taller1/taller1_ws/install/turtle_bot_12/share/turtle_bot_12/package.sh'
[9.108s] INFO:colcon.colcon_core.shell:Creating package script '/home/robotica/Documents/Taller1/taller1_ws/install/turtle_bot_12/share/turtle_bot_12/package.bash'
[9.114s] INFO:colcon.colcon_core.shell:Creating package script '/home/robotica/Documents/Taller1/taller1_ws/install/turtle_bot_12/share/turtle_bot_12/package.zsh'
[9.119s] Level 1:colcon.colcon_core.environment:create_file_with_runtime_dependencies(/home/robotica/Documents/Taller1/taller1_ws/install/turtle_bot_12/share/colcon-core/packages/turtle_bot_12)
[10.066s] DEBUG:colcon.colcon_core.event_handler.log_command:Invoked command in '/home/robotica/Documents/Taller1/taller1_ws/build/turtle_bot_srv_12' returned '0': CMAKE_PREFIX_PATH=${CMAKE_PREFIX_PATH}:/home/robotica/Documents/Taller1/taller1_ws/install/turtle_bot_12:/opt/ros/humble /usr/bin/cmake --build /home/robotica/Documents/Taller1/taller1_ws/build/turtle_bot_srv_12 -- -j5 -l5
[11.658s] DEBUG:colcon.colcon_core.event_handler.log_command:Invoking command in '/home/robotica/Documents/Taller1/taller1_ws/build/turtle_bot_srv_12': CMAKE_PREFIX_PATH=${CMAKE_PREFIX_PATH}:/home/robotica/Documents/Taller1/taller1_ws/install/turtle_bot_12:/opt/ros/humble /usr/bin/cmake --install /home/robotica/Documents/Taller1/taller1_ws/build/turtle_bot_srv_12
[12.164s] Level 1:colcon.colcon_core.environment:create_environment_scripts_only(turtle_bot_srv_12)
[12.181s] Level 1:colcon.colcon_core.environment:checking '/home/robotica/Documents/Taller1/taller1_ws/install/turtle_bot_srv_12' for CMake module files
[12.211s] Level 1:colcon.colcon_core.environment:checking '/home/robotica/Documents/Taller1/taller1_ws/install/turtle_bot_srv_12' for CMake config files
[12.238s] DEBUG:colcon.colcon_core.event_handler.log_command:Invoked command in '/home/robotica/Documents/Taller1/taller1_ws/build/turtle_bot_srv_12' returned '0': CMAKE_PREFIX_PATH=${CMAKE_PREFIX_PATH}:/home/robotica/Documents/Taller1/taller1_ws/install/turtle_bot_12:/opt/ros/humble /usr/bin/cmake --install /home/robotica/Documents/Taller1/taller1_ws/build/turtle_bot_srv_12
[12.277s] Level 1:colcon.colcon_core.shell:create_environment_hook('turtle_bot_srv_12', 'cmake_prefix_path')
[12.282s] INFO:colcon.colcon_core.shell:Creating environment hook '/home/robotica/Documents/Taller1/taller1_ws/install/turtle_bot_srv_12/share/turtle_bot_srv_12/hook/cmake_prefix_path.ps1'
[12.289s] INFO:colcon.colcon_core.shell:Creating environment descriptor '/home/robotica/Documents/Taller1/taller1_ws/install/turtle_bot_srv_12/share/turtle_bot_srv_12/hook/cmake_prefix_path.dsv'
[12.297s] INFO:colcon.colcon_core.shell:Creating environment hook '/home/robotica/Documents/Taller1/taller1_ws/install/turtle_bot_srv_12/share/turtle_bot_srv_12/hook/cmake_prefix_path.sh'
[12.307s] Level 1:colcon.colcon_core.environment:checking '/home/robotica/Documents/Taller1/taller1_ws/install/turtle_bot_srv_12/lib'
[12.309s] Level 1:colcon.colcon_core.shell:create_environment_hook('turtle_bot_srv_12', 'ld_library_path_lib')
[12.314s] INFO:colcon.colcon_core.shell:Creating environment hook '/home/robotica/Documents/Taller1/taller1_ws/install/turtle_bot_srv_12/share/turtle_bot_srv_12/hook/ld_library_path_lib.ps1'
[12.348s] INFO:colcon.colcon_core.shell:Creating environment descriptor '/home/robotica/Documents/Taller1/taller1_ws/install/turtle_bot_srv_12/share/turtle_bot_srv_12/hook/ld_library_path_lib.dsv'
[12.372s] INFO:colcon.colcon_core.shell:Creating environment hook '/home/robotica/Documents/Taller1/taller1_ws/install/turtle_bot_srv_12/share/turtle_bot_srv_12/hook/ld_library_path_lib.sh'
[12.384s] Level 1:colcon.colcon_core.environment:checking '/home/robotica/Documents/Taller1/taller1_ws/install/turtle_bot_srv_12/bin'
[12.385s] Level 1:colcon.colcon_core.environment:checking '/home/robotica/Documents/Taller1/taller1_ws/install/turtle_bot_srv_12/lib/pkgconfig/turtle_bot_srv_12.pc'
[12.393s] Level 1:colcon.colcon_core.environment:checking '/home/robotica/Documents/Taller1/taller1_ws/install/turtle_bot_srv_12/lib/python3.10/site-packages'
[12.395s] Level 1:colcon.colcon_core.environment:checking '/home/robotica/Documents/Taller1/taller1_ws/install/turtle_bot_srv_12/bin'
[12.401s] INFO:colcon.colcon_core.shell:Creating package script '/home/robotica/Documents/Taller1/taller1_ws/install/turtle_bot_srv_12/share/turtle_bot_srv_12/package.ps1'
[12.403s] INFO:colcon.colcon_core.shell:Creating package descriptor '/home/robotica/Documents/Taller1/taller1_ws/install/turtle_bot_srv_12/share/turtle_bot_srv_12/package.dsv'
[12.406s] INFO:colcon.colcon_core.shell:Creating package script '/home/robotica/Documents/Taller1/taller1_ws/install/turtle_bot_srv_12/share/turtle_bot_srv_12/package.sh'
[12.409s] INFO:colcon.colcon_core.shell:Creating package script '/home/robotica/Documents/Taller1/taller1_ws/install/turtle_bot_srv_12/share/turtle_bot_srv_12/package.bash'
[12.419s] INFO:colcon.colcon_core.shell:Creating package script '/home/robotica/Documents/Taller1/taller1_ws/install/turtle_bot_srv_12/share/turtle_bot_srv_12/package.zsh'
[12.421s] Level 1:colcon.colcon_core.environment:create_file_with_runtime_dependencies(/home/robotica/Documents/Taller1/taller1_ws/install/turtle_bot_srv_12/share/colcon-core/packages/turtle_bot_srv_12)
[13.761s] Level 1:colcon.colcon_core.environment:create_environment_scripts_only(turtle_bot_srv_12)
[13.788s] Level 1:colcon.colcon_core.environment:checking '/home/robotica/Documents/Taller1/taller1_ws/install/turtle_bot_srv_12' for CMake module files
[13.799s] Level 1:colcon.colcon_core.environment:checking '/home/robotica/Documents/Taller1/taller1_ws/install/turtle_bot_srv_12' for CMake config files
[13.800s] Level 1:colcon.colcon_core.shell:create_environment_hook('turtle_bot_srv_12', 'cmake_prefix_path')
[13.815s] INFO:colcon.colcon_core.shell:Creating environment hook '/home/robotica/Documents/Taller1/taller1_ws/install/turtle_bot_srv_12/share/turtle_bot_srv_12/hook/cmake_prefix_path.ps1'
[13.835s] INFO:colcon.colcon_core.shell:Creating environment descriptor '/home/robotica/Documents/Taller1/taller1_ws/install/turtle_bot_srv_12/share/turtle_bot_srv_12/hook/cmake_prefix_path.dsv'
[13.839s] INFO:colcon.colcon_core.shell:Creating environment hook '/home/robotica/Documents/Taller1/taller1_ws/install/turtle_bot_srv_12/share/turtle_bot_srv_12/hook/cmake_prefix_path.sh'
[13.847s] Level 1:colcon.colcon_core.environment:checking '/home/robotica/Documents/Taller1/taller1_ws/install/turtle_bot_srv_12/lib'
[13.848s] Level 1:colcon.colcon_core.shell:create_environment_hook('turtle_bot_srv_12', 'ld_library_path_lib')
[13.852s] INFO:colcon.colcon_core.shell:Creating environment hook '/home/robotica/Documents/Taller1/taller1_ws/install/turtle_bot_srv_12/share/turtle_bot_srv_12/hook/ld_library_path_lib.ps1'
[13.854s] INFO:colcon.colcon_core.shell:Creating environment descriptor '/home/robotica/Documents/Taller1/taller1_ws/install/turtle_bot_srv_12/share/turtle_bot_srv_12/hook/ld_library_path_lib.dsv'
[13.858s] INFO:colcon.colcon_core.shell:Creating environment hook '/home/robotica/Documents/Taller1/taller1_ws/install/turtle_bot_srv_12/share/turtle_bot_srv_12/hook/ld_library_path_lib.sh'
[13.860s] Level 1:colcon.colcon_core.environment:checking '/home/robotica/Documents/Taller1/taller1_ws/install/turtle_bot_srv_12/bin'
[13.861s] Level 1:colcon.colcon_core.environment:checking '/home/robotica/Documents/Taller1/taller1_ws/install/turtle_bot_srv_12/lib/pkgconfig/turtle_bot_srv_12.pc'
[13.862s] Level 1:colcon.colcon_core.environment:checking '/home/robotica/Documents/Taller1/taller1_ws/install/turtle_bot_srv_12/lib/python3.10/site-packages'
[13.863s] Level 1:colcon.colcon_core.environment:checking '/home/robotica/Documents/Taller1/taller1_ws/install/turtle_bot_srv_12/bin'
[13.868s] INFO:colcon.colcon_core.shell:Creating package script '/home/robotica/Documents/Taller1/taller1_ws/install/turtle_bot_srv_12/share/turtle_bot_srv_12/package.ps1'
[13.871s] INFO:colcon.colcon_core.shell:Creating package descriptor '/home/robotica/Documents/Taller1/taller1_ws/install/turtle_bot_srv_12/share/turtle_bot_srv_12/package.dsv'
[13.878s] INFO:colcon.colcon_core.shell:Creating package script '/home/robotica/Documents/Taller1/taller1_ws/install/turtle_bot_srv_12/share/turtle_bot_srv_12/package.sh'
[13.883s] INFO:colcon.colcon_core.shell:Creating package script '/home/robotica/Documents/Taller1/taller1_ws/install/turtle_bot_srv_12/share/turtle_bot_srv_12/package.bash'
[13.885s] INFO:colcon.colcon_core.shell:Creating package script '/home/robotica/Documents/Taller1/taller1_ws/install/turtle_bot_srv_12/share/turtle_bot_srv_12/package.zsh'
[13.887s] Level 1:colcon.colcon_core.environment:create_file_with_runtime_dependencies(/home/robotica/Documents/Taller1/taller1_ws/install/turtle_bot_srv_12/share/colcon-core/packages/turtle_bot_srv_12)
[13.896s] DEBUG:colcon.colcon_parallel_executor.executor.parallel:closing loop
[13.900s] DEBUG:colcon.colcon_parallel_executor.executor.parallel:loop closed
[13.900s] DEBUG:colcon.colcon_parallel_executor.executor.parallel:run_until_complete finished with '0'
[13.900s] DEBUG:colcon.colcon_core.event_reactor:joining thread
[13.922s] INFO:colcon.colcon_core.plugin_system:Skipping extension 'colcon_notification.desktop_notification.terminal_notifier': Not used on non-Darwin systems
[13.923s] INFO:colcon.colcon_core.plugin_system:Skipping extension 'colcon_notification.desktop_notification.win32': Not used on non-Windows systems
[13.923s] INFO:colcon.colcon_notification.desktop_notification:Sending desktop notification using 'notify2'
[14.093s] DEBUG:colcon.colcon_core.event_reactor:joined thread
[14.099s] INFO:colcon.colcon_core.shell:Creating prefix script '/home/robotica/Documents/Taller1/taller1_ws/install/local_setup.ps1'
[14.102s] INFO:colcon.colcon_core.shell:Creating prefix util module '/home/robotica/Documents/Taller1/taller1_ws/install/_local_setup_util_ps1.py'
[14.110s] INFO:colcon.colcon_core.shell:Creating prefix chain script '/home/robotica/Documents/Taller1/taller1_ws/install/setup.ps1'
[14.118s] INFO:colcon.colcon_core.shell:Creating prefix script '/home/robotica/Documents/Taller1/taller1_ws/install/local_setup.sh'
[14.121s] INFO:colcon.colcon_core.shell:Creating prefix util module '/home/robotica/Documents/Taller1/taller1_ws/install/_local_setup_util_sh.py'
[14.123s] INFO:colcon.colcon_core.shell:Creating prefix chain script '/home/robotica/Documents/Taller1/taller1_ws/install/setup.sh'
[14.137s] INFO:colcon.colcon_core.shell:Creating prefix script '/home/robotica/Documents/Taller1/taller1_ws/install/local_setup.bash'
[14.142s] INFO:colcon.colcon_core.shell:Creating prefix chain script '/home/robotica/Documents/Taller1/taller1_ws/install/setup.bash'
[14.174s] INFO:colcon.colcon_core.shell:Creating prefix script '/home/robotica/Documents/Taller1/taller1_ws/install/local_setup.zsh'
[14.179s] INFO:colcon.colcon_core.shell:Creating prefix chain script '/home/robotica/Documents/Taller1/taller1_ws/install/setup.zsh'
