[1.573s] Invoking command in '/home/robotica/Documents/Taller1/taller1_ws/src/turtle_bot_12': PYTHONPATH=/home/robotica/Documents/Taller1/taller1_ws/build/turtle_bot_12/prefix_override:/home/robotica/Documents/Taller1/taller1_ws/install/turtle_bot_12/lib/python3.10/site-packages:${PYTHONPATH} /usr/bin/python3 setup.py egg_info --egg-base ../../build/turtle_bot_12 build --build-base /home/robotica/Documents/Taller1/taller1_ws/build/turtle_bot_12/build install --record /home/robotica/Documents/Taller1/taller1_ws/build/turtle_bot_12/install.log --single-version-externally-managed
[2.103s] running egg_info
[2.107s] writing ../../build/turtle_bot_12/turtle_bot_12.egg-info/PKG-INFO
[2.110s] writing dependency_links to ../../build/turtle_bot_12/turtle_bot_12.egg-info/dependency_links.txt
[2.112s] writing entry points to ../../build/turtle_bot_12/turtle_bot_12.egg-info/entry_points.txt
[2.114s] writing requirements to ../../build/turtle_bot_12/turtle_bot_12.egg-info/requires.txt
[2.116s] writing top-level names to ../../build/turtle_bot_12/turtle_bot_12.egg-info/top_level.txt
[2.123s] reading manifest file '../../build/turtle_bot_12/turtle_bot_12.egg-info/SOURCES.txt'
[2.134s] writing manifest file '../../build/turtle_bot_12/turtle_bot_12.egg-info/SOURCES.txt'
[2.141s] running build
[2.142s] running build_py
[2.146s] /usr/lib/python3/dist-packages/setuptools/command/install.py:34: SetuptoolsDeprecationWarning: setup.py install is deprecated. Use build and pip and other standards-based tools.
[2.147s]   warnings.warn(
[2.147s] copying turtle_bot_12/turtle_bot_teleop.py -> /home/robotica/Documents/Taller1/taller1_ws/build/turtle_bot_12/build/lib/turtle_bot_12
[2.147s] running install
[2.157s] running install_lib
[2.158s] copying /home/robotica/Documents/Taller1/taller1_ws/build/turtle_bot_12/build/lib/turtle_bot_12/turtle_bot_teleop.py -> /home/robotica/Documents/Taller1/taller1_ws/install/turtle_bot_12/lib/python3.10/site-packages/turtle_bot_12
[2.159s] byte-compiling /home/robotica/Documents/Taller1/taller1_ws/install/turtle_bot_12/lib/python3.10/site-packages/turtle_bot_12/turtle_bot_teleop.py to turtle_bot_teleop.cpython-310.pyc
[2.162s] running install_data
[2.165s] running install_egg_info
[2.181s] removing '/home/robotica/Documents/Taller1/taller1_ws/install/turtle_bot_12/lib/python3.10/site-packages/turtle_bot_12-0.0.0-py3.10.egg-info' (and everything under it)
[2.199s] Copying ../../build/turtle_bot_12/turtle_bot_12.egg-info to /home/robotica/Documents/Taller1/taller1_ws/install/turtle_bot_12/lib/python3.10/site-packages/turtle_bot_12-0.0.0-py3.10.egg-info
[2.204s] running install_scripts
[2.310s] Installing turtle_bot_interface script to /home/robotica/Documents/Taller1/taller1_ws/install/turtle_bot_12/lib/turtle_bot_12
[2.315s] Installing turtle_bot_player script to /home/robotica/Documents/Taller1/taller1_ws/install/turtle_bot_12/lib/turtle_bot_12
[2.328s] Installing turtle_bot_teleop script to /home/robotica/Documents/Taller1/taller1_ws/install/turtle_bot_12/lib/turtle_bot_12
[2.329s] writing list of installed files to '/home/robotica/Documents/Taller1/taller1_ws/build/turtle_bot_12/install.log'
[2.411s] Invoked command in '/home/robotica/Documents/Taller1/taller1_ws/src/turtle_bot_12' returned '0': PYTHONPATH=/home/robotica/Documents/Taller1/taller1_ws/build/turtle_bot_12/prefix_override:/home/robotica/Documents/Taller1/taller1_ws/install/turtle_bot_12/lib/python3.10/site-packages:${PYTHONPATH} /usr/bin/python3 setup.py egg_info --egg-base ../../build/turtle_bot_12 build --build-base /home/robotica/Documents/Taller1/taller1_ws/build/turtle_bot_12/build install --record /home/robotica/Documents/Taller1/taller1_ws/build/turtle_bot_12/install.log --single-version-externally-managed
