[0.920s] Invoking command in '/home/sebastian/Uniandes202310/Robotica/Taller1/taller1_ws/src/turtle_bot_12': PYTHONPATH=/home/sebastian/Uniandes202310/Robotica/Taller1/taller1_ws/build/turtle_bot_12/prefix_override:/home/sebastian/Uniandes202310/Robotica/Taller1/taller1_ws/install/turtle_bot_12/lib/python3.10/site-packages:${PYTHONPATH} /usr/bin/python3 setup.py egg_info --egg-base ../../build/turtle_bot_12 build --build-base /home/sebastian/Uniandes202310/Robotica/Taller1/taller1_ws/build/turtle_bot_12/build install --record /home/sebastian/Uniandes202310/Robotica/Taller1/taller1_ws/build/turtle_bot_12/install.log --single-version-externally-managed
[1.259s] running egg_info
[1.260s] writing ../../build/turtle_bot_12/turtle_bot_12.egg-info/PKG-INFO
[1.260s] writing dependency_links to ../../build/turtle_bot_12/turtle_bot_12.egg-info/dependency_links.txt
[1.260s] writing entry points to ../../build/turtle_bot_12/turtle_bot_12.egg-info/entry_points.txt
[1.260s] writing requirements to ../../build/turtle_bot_12/turtle_bot_12.egg-info/requires.txt
[1.260s] writing top-level names to ../../build/turtle_bot_12/turtle_bot_12.egg-info/top_level.txt
[1.262s] reading manifest file '../../build/turtle_bot_12/turtle_bot_12.egg-info/SOURCES.txt'
[1.263s] writing manifest file '../../build/turtle_bot_12/turtle_bot_12.egg-info/SOURCES.txt'
[1.263s] running build
[1.264s] running build_py
[1.265s] copying turtle_bot_12/turtle_bot_teleop.py -> /home/sebastian/Uniandes202310/Robotica/Taller1/taller1_ws/build/turtle_bot_12/build/lib/turtle_bot_12
[1.265s] running install
[1.265s] /usr/lib/python3/dist-packages/setuptools/command/install.py:34: SetuptoolsDeprecationWarning: setup.py install is deprecated. Use build and pip and other standards-based tools.
[1.266s]   warnings.warn(
[1.266s] running install_lib
[1.266s] copying /home/sebastian/Uniandes202310/Robotica/Taller1/taller1_ws/build/turtle_bot_12/build/lib/turtle_bot_12/turtle_bot_teleop.py -> /home/sebastian/Uniandes202310/Robotica/Taller1/taller1_ws/install/turtle_bot_12/lib/python3.10/site-packages/turtle_bot_12
[1.267s] byte-compiling /home/sebastian/Uniandes202310/Robotica/Taller1/taller1_ws/install/turtle_bot_12/lib/python3.10/site-packages/turtle_bot_12/turtle_bot_teleop.py to turtle_bot_teleop.cpython-310.pyc
[1.268s] running install_data
[1.269s] running install_egg_info
[1.271s] removing '/home/sebastian/Uniandes202310/Robotica/Taller1/taller1_ws/install/turtle_bot_12/lib/python3.10/site-packages/turtle_bot_12-0.0.0-py3.10.egg-info' (and everything under it)
[1.271s] Copying ../../build/turtle_bot_12/turtle_bot_12.egg-info to /home/sebastian/Uniandes202310/Robotica/Taller1/taller1_ws/install/turtle_bot_12/lib/python3.10/site-packages/turtle_bot_12-0.0.0-py3.10.egg-info
[1.272s] running install_scripts
[1.294s] Installing client script to /home/sebastian/Uniandes202310/Robotica/Taller1/taller1_ws/install/turtle_bot_12/lib/turtle_bot_12
[1.295s] Installing service script to /home/sebastian/Uniandes202310/Robotica/Taller1/taller1_ws/install/turtle_bot_12/lib/turtle_bot_12
[1.295s] Installing turtle_bot_interface script to /home/sebastian/Uniandes202310/Robotica/Taller1/taller1_ws/install/turtle_bot_12/lib/turtle_bot_12
[1.296s] Installing turtle_bot_teleop script to /home/sebastian/Uniandes202310/Robotica/Taller1/taller1_ws/install/turtle_bot_12/lib/turtle_bot_12
[1.297s] writing list of installed files to '/home/sebastian/Uniandes202310/Robotica/Taller1/taller1_ws/build/turtle_bot_12/install.log'
[1.331s] Invoked command in '/home/sebastian/Uniandes202310/Robotica/Taller1/taller1_ws/src/turtle_bot_12' returned '0': PYTHONPATH=/home/sebastian/Uniandes202310/Robotica/Taller1/taller1_ws/build/turtle_bot_12/prefix_override:/home/sebastian/Uniandes202310/Robotica/Taller1/taller1_ws/install/turtle_bot_12/lib/python3.10/site-packages:${PYTHONPATH} /usr/bin/python3 setup.py egg_info --egg-base ../../build/turtle_bot_12 build --build-base /home/sebastian/Uniandes202310/Robotica/Taller1/taller1_ws/build/turtle_bot_12/build install --record /home/sebastian/Uniandes202310/Robotica/Taller1/taller1_ws/build/turtle_bot_12/install.log --single-version-externally-managed
