[0.566s] Invoking command in '/home/sebastian/Uniandes202310/Robotica/Taller1/Taller1/taller1_ws/src/turtle_bot_12': PYTHONPATH=/home/sebastian/Uniandes202310/Robotica/Taller1/Taller1/taller1_ws/build/turtle_bot_12/prefix_override:/home/sebastian/Uniandes202310/Robotica/Taller1/Taller1/taller1_ws/install/turtle_bot_12/lib/python3.10/site-packages:${PYTHONPATH} /usr/bin/python3 setup.py egg_info --egg-base ../../build/turtle_bot_12 build --build-base /home/sebastian/Uniandes202310/Robotica/Taller1/Taller1/taller1_ws/build/turtle_bot_12/build install --record /home/sebastian/Uniandes202310/Robotica/Taller1/Taller1/taller1_ws/build/turtle_bot_12/install.log --single-version-externally-managed
[0.780s] running egg_info
[0.781s] writing ../../build/turtle_bot_12/turtle_bot_12.egg-info/PKG-INFO
[0.781s] writing dependency_links to ../../build/turtle_bot_12/turtle_bot_12.egg-info/dependency_links.txt
[0.781s] writing entry points to ../../build/turtle_bot_12/turtle_bot_12.egg-info/entry_points.txt
[0.781s] writing requirements to ../../build/turtle_bot_12/turtle_bot_12.egg-info/requires.txt
[0.781s] writing top-level names to ../../build/turtle_bot_12/turtle_bot_12.egg-info/top_level.txt
[0.784s] reading manifest file '../../build/turtle_bot_12/turtle_bot_12.egg-info/SOURCES.txt'
[0.785s] writing manifest file '../../build/turtle_bot_12/turtle_bot_12.egg-info/SOURCES.txt'
[0.785s] running build
[0.785s] running build_py
[0.785s] copying turtle_bot_12/turtle_bot_interface.py -> /home/sebastian/Uniandes202310/Robotica/Taller1/Taller1/taller1_ws/build/turtle_bot_12/build/lib/turtle_bot_12
[0.785s] running install
[0.785s] /usr/lib/python3/dist-packages/setuptools/command/install.py:34: SetuptoolsDeprecationWarning: setup.py install is deprecated. Use build and pip and other standards-based tools.
[0.786s]   warnings.warn(
[0.786s] running install_lib
[0.787s] copying /home/sebastian/Uniandes202310/Robotica/Taller1/Taller1/taller1_ws/build/turtle_bot_12/build/lib/turtle_bot_12/turtle_bot_interface.py -> /home/sebastian/Uniandes202310/Robotica/Taller1/Taller1/taller1_ws/install/turtle_bot_12/lib/python3.10/site-packages/turtle_bot_12
[0.788s] byte-compiling /home/sebastian/Uniandes202310/Robotica/Taller1/Taller1/taller1_ws/install/turtle_bot_12/lib/python3.10/site-packages/turtle_bot_12/turtle_bot_interface.py to turtle_bot_interface.cpython-310.pyc
[0.789s] running install_data
[0.789s] running install_egg_info
[0.791s] removing '/home/sebastian/Uniandes202310/Robotica/Taller1/Taller1/taller1_ws/install/turtle_bot_12/lib/python3.10/site-packages/turtle_bot_12-0.0.0-py3.10.egg-info' (and everything under it)
[0.791s] Copying ../../build/turtle_bot_12/turtle_bot_12.egg-info to /home/sebastian/Uniandes202310/Robotica/Taller1/Taller1/taller1_ws/install/turtle_bot_12/lib/python3.10/site-packages/turtle_bot_12-0.0.0-py3.10.egg-info
[0.792s] running install_scripts
[0.817s] Installing turtle_bot_interface script to /home/sebastian/Uniandes202310/Robotica/Taller1/Taller1/taller1_ws/install/turtle_bot_12/lib/turtle_bot_12
[0.818s] Installing turtle_bot_player script to /home/sebastian/Uniandes202310/Robotica/Taller1/Taller1/taller1_ws/install/turtle_bot_12/lib/turtle_bot_12
[0.818s] Installing turtle_bot_teleop script to /home/sebastian/Uniandes202310/Robotica/Taller1/Taller1/taller1_ws/install/turtle_bot_12/lib/turtle_bot_12
[0.818s] writing list of installed files to '/home/sebastian/Uniandes202310/Robotica/Taller1/Taller1/taller1_ws/build/turtle_bot_12/install.log'
[0.845s] Invoked command in '/home/sebastian/Uniandes202310/Robotica/Taller1/Taller1/taller1_ws/src/turtle_bot_12' returned '0': PYTHONPATH=/home/sebastian/Uniandes202310/Robotica/Taller1/Taller1/taller1_ws/build/turtle_bot_12/prefix_override:/home/sebastian/Uniandes202310/Robotica/Taller1/Taller1/taller1_ws/install/turtle_bot_12/lib/python3.10/site-packages:${PYTHONPATH} /usr/bin/python3 setup.py egg_info --egg-base ../../build/turtle_bot_12 build --build-base /home/sebastian/Uniandes202310/Robotica/Taller1/Taller1/taller1_ws/build/turtle_bot_12/build install --record /home/sebastian/Uniandes202310/Robotica/Taller1/Taller1/taller1_ws/build/turtle_bot_12/install.log --single-version-externally-managed
