[0.456s] Invoking command in '/home/sebastian/Uniandes202310/Robotica/Taller1/taller1_ws/build/turtle_bot_srv_12': CMAKE_PREFIX_PATH=${CMAKE_PREFIX_PATH}:/home/sebastian/Uniandes202310/Robotica/Taller1/taller1_ws/install/turtle_bot_12:/opt/ros/humble /usr/bin/cmake --build /home/sebastian/Uniandes202310/Robotica/Taller1/taller1_ws/build/turtle_bot_srv_12 -- -j8 -l8
[0.532s] [  2%] Built target turtle_bot_srv_12__cpp
[0.541s] [ 12%] Built target turtle_bot_srv_12__rosidl_generator_c
[0.588s] [ 12%] Built target ament_cmake_python_copy_turtle_bot_srv_12
[0.622s] [ 23%] Built target turtle_bot_srv_12__rosidl_typesupport_cpp
[0.622s] [ 33%] Built target turtle_bot_srv_12__rosidl_typesupport_introspection_cpp
[0.628s] [ 43%] Built target turtle_bot_srv_12__rosidl_typesupport_fastrtps_cpp
[0.679s] [ 53%] Built target turtle_bot_srv_12__rosidl_typesupport_c
[0.679s] [ 64%] Built target turtle_bot_srv_12__rosidl_typesupport_fastrtps_c
[0.683s] [ 74%] Built target turtle_bot_srv_12__rosidl_typesupport_introspection_c
[0.715s] [ 74%] Built target turtle_bot_srv_12
[0.754s] [ 76%] Built target turtle_bot_srv_12__py
[0.788s] [ 84%] Built target turtle_bot_srv_12__rosidl_generator_py
[0.825s] [ 94%] Built target turtle_bot_srv_12__rosidl_typesupport_introspection_c__pyext
[0.825s] [100%] Built target turtle_bot_srv_12__rosidl_typesupport_fastrtps_c__pyext
[0.827s] [100%] Built target turtle_bot_srv_12__rosidl_typesupport_c__pyext
[1.179s] running egg_info
[1.181s] writing turtle_bot_srv_12.egg-info/PKG-INFO
[1.181s] writing dependency_links to turtle_bot_srv_12.egg-info/dependency_links.txt
[1.181s] writing top-level names to turtle_bot_srv_12.egg-info/top_level.txt
[1.188s] reading manifest file 'turtle_bot_srv_12.egg-info/SOURCES.txt'
[1.189s] writing manifest file 'turtle_bot_srv_12.egg-info/SOURCES.txt'
[1.239s] [100%] Built target ament_cmake_python_build_turtle_bot_srv_12_egg
[1.260s] Invoked command in '/home/sebastian/Uniandes202310/Robotica/Taller1/taller1_ws/build/turtle_bot_srv_12' returned '0': CMAKE_PREFIX_PATH=${CMAKE_PREFIX_PATH}:/home/sebastian/Uniandes202310/Robotica/Taller1/taller1_ws/install/turtle_bot_12:/opt/ros/humble /usr/bin/cmake --build /home/sebastian/Uniandes202310/Robotica/Taller1/taller1_ws/build/turtle_bot_srv_12 -- -j8 -l8
[1.367s] Invoking command in '/home/sebastian/Uniandes202310/Robotica/Taller1/taller1_ws/build/turtle_bot_srv_12': CMAKE_PREFIX_PATH=${CMAKE_PREFIX_PATH}:/home/sebastian/Uniandes202310/Robotica/Taller1/taller1_ws/install/turtle_bot_12:/opt/ros/humble /usr/bin/cmake --install /home/sebastian/Uniandes202310/Robotica/Taller1/taller1_ws/build/turtle_bot_srv_12
[1.378s] -- Install configuration: ""
[1.379s] -- Up-to-date: /home/sebastian/Uniandes202310/Robotica/Taller1/taller1_ws/install/turtle_bot_srv_12/share/ament_index/resource_index/rosidl_interfaces/turtle_bot_srv_12
[1.379s] -- Up-to-date: /home/sebastian/Uniandes202310/Robotica/Taller1/taller1_ws/install/turtle_bot_srv_12/include/turtle_bot_srv_12/turtle_bot_srv_12
[1.379s] -- Up-to-date: /home/sebastian/Uniandes202310/Robotica/Taller1/taller1_ws/install/turtle_bot_srv_12/include/turtle_bot_srv_12/turtle_bot_srv_12/srv
[1.379s] -- Up-to-date: /home/sebastian/Uniandes202310/Robotica/Taller1/taller1_ws/install/turtle_bot_srv_12/include/turtle_bot_srv_12/turtle_bot_srv_12/srv/read_txt.h
[1.379s] -- Up-to-date: /home/sebastian/Uniandes202310/Robotica/Taller1/taller1_ws/install/turtle_bot_srv_12/include/turtle_bot_srv_12/turtle_bot_srv_12/srv/detail
[1.379s] -- Up-to-date: /home/sebastian/Uniandes202310/Robotica/Taller1/taller1_ws/install/turtle_bot_srv_12/include/turtle_bot_srv_12/turtle_bot_srv_12/srv/detail/read_txt__struct.h
[1.380s] -- Up-to-date: /home/sebastian/Uniandes202310/Robotica/Taller1/taller1_ws/install/turtle_bot_srv_12/include/turtle_bot_srv_12/turtle_bot_srv_12/srv/detail/read_txt__functions.h
[1.380s] -- Up-to-date: /home/sebastian/Uniandes202310/Robotica/Taller1/taller1_ws/install/turtle_bot_srv_12/include/turtle_bot_srv_12/turtle_bot_srv_12/srv/detail/read_txt__type_support.h
[1.380s] -- Up-to-date: /home/sebastian/Uniandes202310/Robotica/Taller1/taller1_ws/install/turtle_bot_srv_12/include/turtle_bot_srv_12/turtle_bot_srv_12/srv/detail/read_txt__functions.c
[1.380s] -- Up-to-date: /home/sebastian/Uniandes202310/Robotica/Taller1/taller1_ws/install/turtle_bot_srv_12/include/turtle_bot_srv_12/turtle_bot_srv_12/msg
[1.381s] -- Up-to-date: /home/sebastian/Uniandes202310/Robotica/Taller1/taller1_ws/install/turtle_bot_srv_12/include/turtle_bot_srv_12/turtle_bot_srv_12/msg/string.h
[1.381s] -- Up-to-date: /home/sebastian/Uniandes202310/Robotica/Taller1/taller1_ws/install/turtle_bot_srv_12/include/turtle_bot_srv_12/turtle_bot_srv_12/msg/detail
[1.381s] -- Up-to-date: /home/sebastian/Uniandes202310/Robotica/Taller1/taller1_ws/install/turtle_bot_srv_12/include/turtle_bot_srv_12/turtle_bot_srv_12/msg/detail/string__functions.h
[1.382s] -- Up-to-date: /home/sebastian/Uniandes202310/Robotica/Taller1/taller1_ws/install/turtle_bot_srv_12/include/turtle_bot_srv_12/turtle_bot_srv_12/msg/detail/string__functions.c
[1.382s] -- Up-to-date: /home/sebastian/Uniandes202310/Robotica/Taller1/taller1_ws/install/turtle_bot_srv_12/include/turtle_bot_srv_12/turtle_bot_srv_12/msg/detail/string__struct.h
[1.382s] -- Up-to-date: /home/sebastian/Uniandes202310/Robotica/Taller1/taller1_ws/install/turtle_bot_srv_12/include/turtle_bot_srv_12/turtle_bot_srv_12/msg/detail/string__type_support.h
[1.383s] -- Up-to-date: /home/sebastian/Uniandes202310/Robotica/Taller1/taller1_ws/install/turtle_bot_srv_12/include/turtle_bot_srv_12/turtle_bot_srv_12/msg/rosidl_generator_c__visibility_control.h
[1.383s] -- Up-to-date: /home/sebastian/Uniandes202310/Robotica/Taller1/taller1_ws/install/turtle_bot_srv_12/share/turtle_bot_srv_12/environment/library_path.sh
[1.383s] -- Up-to-date: /home/sebastian/Uniandes202310/Robotica/Taller1/taller1_ws/install/turtle_bot_srv_12/share/turtle_bot_srv_12/environment/library_path.dsv
[1.384s] -- Up-to-date: /home/sebastian/Uniandes202310/Robotica/Taller1/taller1_ws/install/turtle_bot_srv_12/lib/libturtle_bot_srv_12__rosidl_generator_c.so
[1.384s] -- Up-to-date: /home/sebastian/Uniandes202310/Robotica/Taller1/taller1_ws/install/turtle_bot_srv_12/include/turtle_bot_srv_12/turtle_bot_srv_12
[1.384s] -- Up-to-date: /home/sebastian/Uniandes202310/Robotica/Taller1/taller1_ws/install/turtle_bot_srv_12/include/turtle_bot_srv_12/turtle_bot_srv_12/srv
[1.384s] -- Up-to-date: /home/sebastian/Uniandes202310/Robotica/Taller1/taller1_ws/install/turtle_bot_srv_12/include/turtle_bot_srv_12/turtle_bot_srv_12/srv/detail
[1.385s] -- Up-to-date: /home/sebastian/Uniandes202310/Robotica/Taller1/taller1_ws/install/turtle_bot_srv_12/include/turtle_bot_srv_12/turtle_bot_srv_12/srv/detail/read_txt__rosidl_typesupport_fastrtps_c.h
[1.385s] -- Up-to-date: /home/sebastian/Uniandes202310/Robotica/Taller1/taller1_ws/install/turtle_bot_srv_12/include/turtle_bot_srv_12/turtle_bot_srv_12/msg
[1.385s] -- Up-to-date: /home/sebastian/Uniandes202310/Robotica/Taller1/taller1_ws/install/turtle_bot_srv_12/include/turtle_bot_srv_12/turtle_bot_srv_12/msg/rosidl_typesupport_fastrtps_c__visibility_control.h
[1.386s] -- Up-to-date: /home/sebastian/Uniandes202310/Robotica/Taller1/taller1_ws/install/turtle_bot_srv_12/include/turtle_bot_srv_12/turtle_bot_srv_12/msg/detail
[1.386s] -- Up-to-date: /home/sebastian/Uniandes202310/Robotica/Taller1/taller1_ws/install/turtle_bot_srv_12/include/turtle_bot_srv_12/turtle_bot_srv_12/msg/detail/string__rosidl_typesupport_fastrtps_c.h
[1.386s] -- Up-to-date: /home/sebastian/Uniandes202310/Robotica/Taller1/taller1_ws/install/turtle_bot_srv_12/lib/libturtle_bot_srv_12__rosidl_typesupport_fastrtps_c.so
[1.387s] -- Up-to-date: /home/sebastian/Uniandes202310/Robotica/Taller1/taller1_ws/install/turtle_bot_srv_12/include/turtle_bot_srv_12/turtle_bot_srv_12
[1.387s] -- Up-to-date: /home/sebastian/Uniandes202310/Robotica/Taller1/taller1_ws/install/turtle_bot_srv_12/include/turtle_bot_srv_12/turtle_bot_srv_12/srv
[1.387s] -- Up-to-date: /home/sebastian/Uniandes202310/Robotica/Taller1/taller1_ws/install/turtle_bot_srv_12/include/turtle_bot_srv_12/turtle_bot_srv_12/srv/detail
[1.388s] -- Up-to-date: /home/sebastian/Uniandes202310/Robotica/Taller1/taller1_ws/install/turtle_bot_srv_12/include/turtle_bot_srv_12/turtle_bot_srv_12/srv/detail/read_txt__type_support.c
[1.388s] -- Up-to-date: /home/sebastian/Uniandes202310/Robotica/Taller1/taller1_ws/install/turtle_bot_srv_12/include/turtle_bot_srv_12/turtle_bot_srv_12/srv/detail/read_txt__rosidl_typesupport_introspection_c.h
[1.388s] -- Up-to-date: /home/sebastian/Uniandes202310/Robotica/Taller1/taller1_ws/install/turtle_bot_srv_12/include/turtle_bot_srv_12/turtle_bot_srv_12/msg
[1.389s] -- Up-to-date: /home/sebastian/Uniandes202310/Robotica/Taller1/taller1_ws/install/turtle_bot_srv_12/include/turtle_bot_srv_12/turtle_bot_srv_12/msg/rosidl_typesupport_introspection_c__visibility_control.h
[1.389s] -- Up-to-date: /home/sebastian/Uniandes202310/Robotica/Taller1/taller1_ws/install/turtle_bot_srv_12/include/turtle_bot_srv_12/turtle_bot_srv_12/msg/detail
[1.389s] -- Up-to-date: /home/sebastian/Uniandes202310/Robotica/Taller1/taller1_ws/install/turtle_bot_srv_12/include/turtle_bot_srv_12/turtle_bot_srv_12/msg/detail/string__rosidl_typesupport_introspection_c.h
[1.390s] -- Up-to-date: /home/sebastian/Uniandes202310/Robotica/Taller1/taller1_ws/install/turtle_bot_srv_12/include/turtle_bot_srv_12/turtle_bot_srv_12/msg/detail/string__type_support.c
[1.390s] -- Up-to-date: /home/sebastian/Uniandes202310/Robotica/Taller1/taller1_ws/install/turtle_bot_srv_12/lib/libturtle_bot_srv_12__rosidl_typesupport_introspection_c.so
[1.390s] -- Up-to-date: /home/sebastian/Uniandes202310/Robotica/Taller1/taller1_ws/install/turtle_bot_srv_12/lib/libturtle_bot_srv_12__rosidl_typesupport_c.so
[1.390s] -- Up-to-date: /home/sebastian/Uniandes202310/Robotica/Taller1/taller1_ws/install/turtle_bot_srv_12/include/turtle_bot_srv_12/turtle_bot_srv_12
[1.390s] -- Up-to-date: /home/sebastian/Uniandes202310/Robotica/Taller1/taller1_ws/install/turtle_bot_srv_12/include/turtle_bot_srv_12/turtle_bot_srv_12/srv
[1.390s] -- Up-to-date: /home/sebastian/Uniandes202310/Robotica/Taller1/taller1_ws/install/turtle_bot_srv_12/include/turtle_bot_srv_12/turtle_bot_srv_12/srv/detail
[1.391s] -- Up-to-date: /home/sebastian/Uniandes202310/Robotica/Taller1/taller1_ws/install/turtle_bot_srv_12/include/turtle_bot_srv_12/turtle_bot_srv_12/srv/detail/read_txt__traits.hpp
[1.391s] -- Up-to-date: /home/sebastian/Uniandes202310/Robotica/Taller1/taller1_ws/install/turtle_bot_srv_12/include/turtle_bot_srv_12/turtle_bot_srv_12/srv/detail/read_txt__builder.hpp
[1.391s] -- Up-to-date: /home/sebastian/Uniandes202310/Robotica/Taller1/taller1_ws/install/turtle_bot_srv_12/include/turtle_bot_srv_12/turtle_bot_srv_12/srv/detail/read_txt__struct.hpp
[1.391s] -- Up-to-date: /home/sebastian/Uniandes202310/Robotica/Taller1/taller1_ws/install/turtle_bot_srv_12/include/turtle_bot_srv_12/turtle_bot_srv_12/srv/read_txt.hpp
[1.392s] -- Up-to-date: /home/sebastian/Uniandes202310/Robotica/Taller1/taller1_ws/install/turtle_bot_srv_12/include/turtle_bot_srv_12/turtle_bot_srv_12/msg
[1.392s] -- Up-to-date: /home/sebastian/Uniandes202310/Robotica/Taller1/taller1_ws/install/turtle_bot_srv_12/include/turtle_bot_srv_12/turtle_bot_srv_12/msg/string.hpp
[1.392s] -- Up-to-date: /home/sebastian/Uniandes202310/Robotica/Taller1/taller1_ws/install/turtle_bot_srv_12/include/turtle_bot_srv_12/turtle_bot_srv_12/msg/detail
[1.392s] -- Up-to-date: /home/sebastian/Uniandes202310/Robotica/Taller1/taller1_ws/install/turtle_bot_srv_12/include/turtle_bot_srv_12/turtle_bot_srv_12/msg/detail/string__builder.hpp
[1.393s] -- Up-to-date: /home/sebastian/Uniandes202310/Robotica/Taller1/taller1_ws/install/turtle_bot_srv_12/include/turtle_bot_srv_12/turtle_bot_srv_12/msg/detail/string__struct.hpp
[1.393s] -- Up-to-date: /home/sebastian/Uniandes202310/Robotica/Taller1/taller1_ws/install/turtle_bot_srv_12/include/turtle_bot_srv_12/turtle_bot_srv_12/msg/detail/string__traits.hpp
[1.394s] -- Up-to-date: /home/sebastian/Uniandes202310/Robotica/Taller1/taller1_ws/install/turtle_bot_srv_12/include/turtle_bot_srv_12/turtle_bot_srv_12
[1.394s] -- Up-to-date: /home/sebastian/Uniandes202310/Robotica/Taller1/taller1_ws/install/turtle_bot_srv_12/include/turtle_bot_srv_12/turtle_bot_srv_12/srv
[1.394s] -- Up-to-date: /home/sebastian/Uniandes202310/Robotica/Taller1/taller1_ws/install/turtle_bot_srv_12/include/turtle_bot_srv_12/turtle_bot_srv_12/srv/detail
[1.394s] -- Up-to-date: /home/sebastian/Uniandes202310/Robotica/Taller1/taller1_ws/install/turtle_bot_srv_12/include/turtle_bot_srv_12/turtle_bot_srv_12/srv/detail/dds_fastrtps
[1.394s] -- Up-to-date: /home/sebastian/Uniandes202310/Robotica/Taller1/taller1_ws/install/turtle_bot_srv_12/include/turtle_bot_srv_12/turtle_bot_srv_12/srv/detail/read_txt__rosidl_typesupport_fastrtps_cpp.hpp
[1.395s] -- Up-to-date: /home/sebastian/Uniandes202310/Robotica/Taller1/taller1_ws/install/turtle_bot_srv_12/include/turtle_bot_srv_12/turtle_bot_srv_12/msg
[1.395s] -- Up-to-date: /home/sebastian/Uniandes202310/Robotica/Taller1/taller1_ws/install/turtle_bot_srv_12/include/turtle_bot_srv_12/turtle_bot_srv_12/msg/rosidl_typesupport_fastrtps_cpp__visibility_control.h
[1.395s] -- Up-to-date: /home/sebastian/Uniandes202310/Robotica/Taller1/taller1_ws/install/turtle_bot_srv_12/include/turtle_bot_srv_12/turtle_bot_srv_12/msg/detail
[1.395s] -- Up-to-date: /home/sebastian/Uniandes202310/Robotica/Taller1/taller1_ws/install/turtle_bot_srv_12/include/turtle_bot_srv_12/turtle_bot_srv_12/msg/detail/dds_fastrtps
[1.395s] -- Up-to-date: /home/sebastian/Uniandes202310/Robotica/Taller1/taller1_ws/install/turtle_bot_srv_12/include/turtle_bot_srv_12/turtle_bot_srv_12/msg/detail/string__rosidl_typesupport_fastrtps_cpp.hpp
[1.395s] -- Up-to-date: /home/sebastian/Uniandes202310/Robotica/Taller1/taller1_ws/install/turtle_bot_srv_12/lib/libturtle_bot_srv_12__rosidl_typesupport_fastrtps_cpp.so
[1.396s] -- Up-to-date: /home/sebastian/Uniandes202310/Robotica/Taller1/taller1_ws/install/turtle_bot_srv_12/include/turtle_bot_srv_12/turtle_bot_srv_12
[1.396s] -- Up-to-date: /home/sebastian/Uniandes202310/Robotica/Taller1/taller1_ws/install/turtle_bot_srv_12/include/turtle_bot_srv_12/turtle_bot_srv_12/srv
[1.396s] -- Up-to-date: /home/sebastian/Uniandes202310/Robotica/Taller1/taller1_ws/install/turtle_bot_srv_12/include/turtle_bot_srv_12/turtle_bot_srv_12/srv/detail
[1.397s] -- Up-to-date: /home/sebastian/Uniandes202310/Robotica/Taller1/taller1_ws/install/turtle_bot_srv_12/include/turtle_bot_srv_12/turtle_bot_srv_12/srv/detail/read_txt__type_support.cpp
[1.397s] -- Up-to-date: /home/sebastian/Uniandes202310/Robotica/Taller1/taller1_ws/install/turtle_bot_srv_12/include/turtle_bot_srv_12/turtle_bot_srv_12/srv/detail/read_txt__rosidl_typesupport_introspection_cpp.hpp
[1.397s] -- Up-to-date: /home/sebastian/Uniandes202310/Robotica/Taller1/taller1_ws/install/turtle_bot_srv_12/include/turtle_bot_srv_12/turtle_bot_srv_12/msg
[1.397s] -- Up-to-date: /home/sebastian/Uniandes202310/Robotica/Taller1/taller1_ws/install/turtle_bot_srv_12/include/turtle_bot_srv_12/turtle_bot_srv_12/msg/detail
[1.397s] -- Up-to-date: /home/sebastian/Uniandes202310/Robotica/Taller1/taller1_ws/install/turtle_bot_srv_12/include/turtle_bot_srv_12/turtle_bot_srv_12/msg/detail/string__rosidl_typesupport_introspection_cpp.hpp
[1.397s] -- Up-to-date: /home/sebastian/Uniandes202310/Robotica/Taller1/taller1_ws/install/turtle_bot_srv_12/include/turtle_bot_srv_12/turtle_bot_srv_12/msg/detail/string__type_support.cpp
[1.398s] -- Up-to-date: /home/sebastian/Uniandes202310/Robotica/Taller1/taller1_ws/install/turtle_bot_srv_12/lib/libturtle_bot_srv_12__rosidl_typesupport_introspection_cpp.so
[1.398s] -- Up-to-date: /home/sebastian/Uniandes202310/Robotica/Taller1/taller1_ws/install/turtle_bot_srv_12/lib/libturtle_bot_srv_12__rosidl_typesupport_cpp.so
[1.398s] -- Up-to-date: /home/sebastian/Uniandes202310/Robotica/Taller1/taller1_ws/install/turtle_bot_srv_12/share/turtle_bot_srv_12/environment/pythonpath.sh
[1.398s] -- Up-to-date: /home/sebastian/Uniandes202310/Robotica/Taller1/taller1_ws/install/turtle_bot_srv_12/share/turtle_bot_srv_12/environment/pythonpath.dsv
[1.398s] -- Up-to-date: /home/sebastian/Uniandes202310/Robotica/Taller1/taller1_ws/install/turtle_bot_srv_12/local/lib/python3.10/dist-packages/turtle_bot_srv_12-0.0.0-py3.10.egg-info
[1.399s] -- Installing: /home/sebastian/Uniandes202310/Robotica/Taller1/taller1_ws/install/turtle_bot_srv_12/local/lib/python3.10/dist-packages/turtle_bot_srv_12-0.0.0-py3.10.egg-info/SOURCES.txt
[1.399s] -- Installing: /home/sebastian/Uniandes202310/Robotica/Taller1/taller1_ws/install/turtle_bot_srv_12/local/lib/python3.10/dist-packages/turtle_bot_srv_12-0.0.0-py3.10.egg-info/top_level.txt
[1.399s] -- Installing: /home/sebastian/Uniandes202310/Robotica/Taller1/taller1_ws/install/turtle_bot_srv_12/local/lib/python3.10/dist-packages/turtle_bot_srv_12-0.0.0-py3.10.egg-info/PKG-INFO
[1.399s] -- Installing: /home/sebastian/Uniandes202310/Robotica/Taller1/taller1_ws/install/turtle_bot_srv_12/local/lib/python3.10/dist-packages/turtle_bot_srv_12-0.0.0-py3.10.egg-info/dependency_links.txt
[1.399s] -- Up-to-date: /home/sebastian/Uniandes202310/Robotica/Taller1/taller1_ws/install/turtle_bot_srv_12/local/lib/python3.10/dist-packages/turtle_bot_srv_12
[1.399s] -- Up-to-date: /home/sebastian/Uniandes202310/Robotica/Taller1/taller1_ws/install/turtle_bot_srv_12/local/lib/python3.10/dist-packages/turtle_bot_srv_12/_turtle_bot_srv_12_s.ep.rosidl_typesupport_c.c
[1.400s] -- Up-to-date: /home/sebastian/Uniandes202310/Robotica/Taller1/taller1_ws/install/turtle_bot_srv_12/local/lib/python3.10/dist-packages/turtle_bot_srv_12/libturtle_bot_srv_12__rosidl_generator_py.so
[1.400s] -- Up-to-date: /home/sebastian/Uniandes202310/Robotica/Taller1/taller1_ws/install/turtle_bot_srv_12/local/lib/python3.10/dist-packages/turtle_bot_srv_12/_turtle_bot_srv_12_s.ep.rosidl_typesupport_fastrtps_c.c
[1.400s] -- Up-to-date: /home/sebastian/Uniandes202310/Robotica/Taller1/taller1_ws/install/turtle_bot_srv_12/local/lib/python3.10/dist-packages/turtle_bot_srv_12/__init__.py
[1.400s] -- Up-to-date: /home/sebastian/Uniandes202310/Robotica/Taller1/taller1_ws/install/turtle_bot_srv_12/local/lib/python3.10/dist-packages/turtle_bot_srv_12/turtle_bot_srv_12_s__rosidl_typesupport_c.cpython-310-x86_64-linux-gnu.so
[1.400s] -- Up-to-date: /home/sebastian/Uniandes202310/Robotica/Taller1/taller1_ws/install/turtle_bot_srv_12/local/lib/python3.10/dist-packages/turtle_bot_srv_12/srv
[1.400s] -- Up-to-date: /home/sebastian/Uniandes202310/Robotica/Taller1/taller1_ws/install/turtle_bot_srv_12/local/lib/python3.10/dist-packages/turtle_bot_srv_12/srv/_read_txt_s.c
[1.401s] -- Up-to-date: /home/sebastian/Uniandes202310/Robotica/Taller1/taller1_ws/install/turtle_bot_srv_12/local/lib/python3.10/dist-packages/turtle_bot_srv_12/srv/__init__.py
[1.401s] -- Up-to-date: /home/sebastian/Uniandes202310/Robotica/Taller1/taller1_ws/install/turtle_bot_srv_12/local/lib/python3.10/dist-packages/turtle_bot_srv_12/srv/_read_txt.py
[1.402s] -- Up-to-date: /home/sebastian/Uniandes202310/Robotica/Taller1/taller1_ws/install/turtle_bot_srv_12/local/lib/python3.10/dist-packages/turtle_bot_srv_12/msg
[1.402s] -- Up-to-date: /home/sebastian/Uniandes202310/Robotica/Taller1/taller1_ws/install/turtle_bot_srv_12/local/lib/python3.10/dist-packages/turtle_bot_srv_12/msg/__init__.py
[1.402s] -- Up-to-date: /home/sebastian/Uniandes202310/Robotica/Taller1/taller1_ws/install/turtle_bot_srv_12/local/lib/python3.10/dist-packages/turtle_bot_srv_12/msg/_string_s.c
[1.402s] -- Up-to-date: /home/sebastian/Uniandes202310/Robotica/Taller1/taller1_ws/install/turtle_bot_srv_12/local/lib/python3.10/dist-packages/turtle_bot_srv_12/msg/_string.py
[1.403s] -- Up-to-date: /home/sebastian/Uniandes202310/Robotica/Taller1/taller1_ws/install/turtle_bot_srv_12/local/lib/python3.10/dist-packages/turtle_bot_srv_12/_turtle_bot_srv_12_s.ep.rosidl_typesupport_introspection_c.c
[1.404s] -- Up-to-date: /home/sebastian/Uniandes202310/Robotica/Taller1/taller1_ws/install/turtle_bot_srv_12/local/lib/python3.10/dist-packages/turtle_bot_srv_12/turtle_bot_srv_12_s__rosidl_typesupport_introspection_c.cpython-310-x86_64-linux-gnu.so
[1.404s] -- Up-to-date: /home/sebastian/Uniandes202310/Robotica/Taller1/taller1_ws/install/turtle_bot_srv_12/local/lib/python3.10/dist-packages/turtle_bot_srv_12/turtle_bot_srv_12_s__rosidl_typesupport_fastrtps_c.cpython-310-x86_64-linux-gnu.so
[1.455s] Listing '/home/sebastian/Uniandes202310/Robotica/Taller1/taller1_ws/install/turtle_bot_srv_12/local/lib/python3.10/dist-packages/turtle_bot_srv_12'...
[1.455s] Listing '/home/sebastian/Uniandes202310/Robotica/Taller1/taller1_ws/install/turtle_bot_srv_12/local/lib/python3.10/dist-packages/turtle_bot_srv_12/msg'...
[1.456s] Listing '/home/sebastian/Uniandes202310/Robotica/Taller1/taller1_ws/install/turtle_bot_srv_12/local/lib/python3.10/dist-packages/turtle_bot_srv_12/srv'...
[1.464s] -- Up-to-date: /home/sebastian/Uniandes202310/Robotica/Taller1/taller1_ws/install/turtle_bot_srv_12/local/lib/python3.10/dist-packages/turtle_bot_srv_12/turtle_bot_srv_12_s__rosidl_typesupport_fastrtps_c.cpython-310-x86_64-linux-gnu.so
[1.465s] -- Up-to-date: /home/sebastian/Uniandes202310/Robotica/Taller1/taller1_ws/install/turtle_bot_srv_12/local/lib/python3.10/dist-packages/turtle_bot_srv_12/turtle_bot_srv_12_s__rosidl_typesupport_introspection_c.cpython-310-x86_64-linux-gnu.so
[1.465s] -- Up-to-date: /home/sebastian/Uniandes202310/Robotica/Taller1/taller1_ws/install/turtle_bot_srv_12/local/lib/python3.10/dist-packages/turtle_bot_srv_12/turtle_bot_srv_12_s__rosidl_typesupport_c.cpython-310-x86_64-linux-gnu.so
[1.466s] -- Up-to-date: /home/sebastian/Uniandes202310/Robotica/Taller1/taller1_ws/install/turtle_bot_srv_12/lib/libturtle_bot_srv_12__rosidl_generator_py.so
[1.467s] -- Up-to-date: /home/sebastian/Uniandes202310/Robotica/Taller1/taller1_ws/install/turtle_bot_srv_12/share/turtle_bot_srv_12/msg/String.idl
[1.467s] -- Up-to-date: /home/sebastian/Uniandes202310/Robotica/Taller1/taller1_ws/install/turtle_bot_srv_12/share/turtle_bot_srv_12/srv/ReadTxt.idl
[1.469s] -- Up-to-date: /home/sebastian/Uniandes202310/Robotica/Taller1/taller1_ws/install/turtle_bot_srv_12/share/turtle_bot_srv_12/msg/String.msg
[1.470s] -- Up-to-date: /home/sebastian/Uniandes202310/Robotica/Taller1/taller1_ws/install/turtle_bot_srv_12/share/turtle_bot_srv_12/srv/ReadTxt.srv
[1.470s] -- Up-to-date: /home/sebastian/Uniandes202310/Robotica/Taller1/taller1_ws/install/turtle_bot_srv_12/share/turtle_bot_srv_12/srv/ReadTxt_Request.msg
[1.470s] -- Up-to-date: /home/sebastian/Uniandes202310/Robotica/Taller1/taller1_ws/install/turtle_bot_srv_12/share/turtle_bot_srv_12/srv/ReadTxt_Response.msg
[1.471s] -- Up-to-date: /home/sebastian/Uniandes202310/Robotica/Taller1/taller1_ws/install/turtle_bot_srv_12/share/ament_index/resource_index/package_run_dependencies/turtle_bot_srv_12
[1.473s] -- Up-to-date: /home/sebastian/Uniandes202310/Robotica/Taller1/taller1_ws/install/turtle_bot_srv_12/share/ament_index/resource_index/parent_prefix_path/turtle_bot_srv_12
[1.474s] -- Up-to-date: /home/sebastian/Uniandes202310/Robotica/Taller1/taller1_ws/install/turtle_bot_srv_12/share/turtle_bot_srv_12/environment/ament_prefix_path.sh
[1.474s] -- Up-to-date: /home/sebastian/Uniandes202310/Robotica/Taller1/taller1_ws/install/turtle_bot_srv_12/share/turtle_bot_srv_12/environment/ament_prefix_path.dsv
[1.474s] -- Up-to-date: /home/sebastian/Uniandes202310/Robotica/Taller1/taller1_ws/install/turtle_bot_srv_12/share/turtle_bot_srv_12/environment/path.sh
[1.474s] -- Up-to-date: /home/sebastian/Uniandes202310/Robotica/Taller1/taller1_ws/install/turtle_bot_srv_12/share/turtle_bot_srv_12/environment/path.dsv
[1.474s] -- Up-to-date: /home/sebastian/Uniandes202310/Robotica/Taller1/taller1_ws/install/turtle_bot_srv_12/share/turtle_bot_srv_12/local_setup.bash
[1.474s] -- Up-to-date: /home/sebastian/Uniandes202310/Robotica/Taller1/taller1_ws/install/turtle_bot_srv_12/share/turtle_bot_srv_12/local_setup.sh
[1.475s] -- Up-to-date: /home/sebastian/Uniandes202310/Robotica/Taller1/taller1_ws/install/turtle_bot_srv_12/share/turtle_bot_srv_12/local_setup.zsh
[1.475s] -- Up-to-date: /home/sebastian/Uniandes202310/Robotica/Taller1/taller1_ws/install/turtle_bot_srv_12/share/turtle_bot_srv_12/local_setup.dsv
[1.475s] -- Installing: /home/sebastian/Uniandes202310/Robotica/Taller1/taller1_ws/install/turtle_bot_srv_12/share/turtle_bot_srv_12/package.dsv
[1.475s] -- Up-to-date: /home/sebastian/Uniandes202310/Robotica/Taller1/taller1_ws/install/turtle_bot_srv_12/share/ament_index/resource_index/packages/turtle_bot_srv_12
[1.475s] -- Up-to-date: /home/sebastian/Uniandes202310/Robotica/Taller1/taller1_ws/install/turtle_bot_srv_12/share/turtle_bot_srv_12/cmake/export_turtle_bot_srv_12__rosidl_generator_cExport.cmake
[1.475s] -- Up-to-date: /home/sebastian/Uniandes202310/Robotica/Taller1/taller1_ws/install/turtle_bot_srv_12/share/turtle_bot_srv_12/cmake/export_turtle_bot_srv_12__rosidl_generator_cExport-noconfig.cmake
[1.476s] -- Up-to-date: /home/sebastian/Uniandes202310/Robotica/Taller1/taller1_ws/install/turtle_bot_srv_12/share/turtle_bot_srv_12/cmake/export_turtle_bot_srv_12__rosidl_typesupport_fastrtps_cExport.cmake
[1.478s] -- Up-to-date: /home/sebastian/Uniandes202310/Robotica/Taller1/taller1_ws/install/turtle_bot_srv_12/share/turtle_bot_srv_12/cmake/export_turtle_bot_srv_12__rosidl_typesupport_fastrtps_cExport-noconfig.cmake
[1.478s] -- Up-to-date: /home/sebastian/Uniandes202310/Robotica/Taller1/taller1_ws/install/turtle_bot_srv_12/share/turtle_bot_srv_12/cmake/turtle_bot_srv_12__rosidl_typesupport_introspection_cExport.cmake
[1.479s] -- Up-to-date: /home/sebastian/Uniandes202310/Robotica/Taller1/taller1_ws/install/turtle_bot_srv_12/share/turtle_bot_srv_12/cmake/turtle_bot_srv_12__rosidl_typesupport_introspection_cExport-noconfig.cmake
[1.479s] -- Up-to-date: /home/sebastian/Uniandes202310/Robotica/Taller1/taller1_ws/install/turtle_bot_srv_12/share/turtle_bot_srv_12/cmake/turtle_bot_srv_12__rosidl_typesupport_cExport.cmake
[1.479s] -- Up-to-date: /home/sebastian/Uniandes202310/Robotica/Taller1/taller1_ws/install/turtle_bot_srv_12/share/turtle_bot_srv_12/cmake/turtle_bot_srv_12__rosidl_typesupport_cExport-noconfig.cmake
[1.479s] -- Up-to-date: /home/sebastian/Uniandes202310/Robotica/Taller1/taller1_ws/install/turtle_bot_srv_12/share/turtle_bot_srv_12/cmake/export_turtle_bot_srv_12__rosidl_generator_cppExport.cmake
[1.479s] -- Up-to-date: /home/sebastian/Uniandes202310/Robotica/Taller1/taller1_ws/install/turtle_bot_srv_12/share/turtle_bot_srv_12/cmake/export_turtle_bot_srv_12__rosidl_typesupport_fastrtps_cppExport.cmake
[1.479s] -- Up-to-date: /home/sebastian/Uniandes202310/Robotica/Taller1/taller1_ws/install/turtle_bot_srv_12/share/turtle_bot_srv_12/cmake/export_turtle_bot_srv_12__rosidl_typesupport_fastrtps_cppExport-noconfig.cmake
[1.480s] -- Up-to-date: /home/sebastian/Uniandes202310/Robotica/Taller1/taller1_ws/install/turtle_bot_srv_12/share/turtle_bot_srv_12/cmake/turtle_bot_srv_12__rosidl_typesupport_introspection_cppExport.cmake
[1.480s] -- Up-to-date: /home/sebastian/Uniandes202310/Robotica/Taller1/taller1_ws/install/turtle_bot_srv_12/share/turtle_bot_srv_12/cmake/turtle_bot_srv_12__rosidl_typesupport_introspection_cppExport-noconfig.cmake
[1.480s] -- Up-to-date: /home/sebastian/Uniandes202310/Robotica/Taller1/taller1_ws/install/turtle_bot_srv_12/share/turtle_bot_srv_12/cmake/turtle_bot_srv_12__rosidl_typesupport_cppExport.cmake
[1.480s] -- Up-to-date: /home/sebastian/Uniandes202310/Robotica/Taller1/taller1_ws/install/turtle_bot_srv_12/share/turtle_bot_srv_12/cmake/turtle_bot_srv_12__rosidl_typesupport_cppExport-noconfig.cmake
[1.481s] -- Up-to-date: /home/sebastian/Uniandes202310/Robotica/Taller1/taller1_ws/install/turtle_bot_srv_12/share/turtle_bot_srv_12/cmake/export_turtle_bot_srv_12__rosidl_generator_pyExport.cmake
[1.482s] -- Up-to-date: /home/sebastian/Uniandes202310/Robotica/Taller1/taller1_ws/install/turtle_bot_srv_12/share/turtle_bot_srv_12/cmake/export_turtle_bot_srv_12__rosidl_generator_pyExport-noconfig.cmake
[1.486s] -- Up-to-date: /home/sebastian/Uniandes202310/Robotica/Taller1/taller1_ws/install/turtle_bot_srv_12/share/turtle_bot_srv_12/cmake/rosidl_cmake-extras.cmake
[1.499s] -- Up-to-date: /home/sebastian/Uniandes202310/Robotica/Taller1/taller1_ws/install/turtle_bot_srv_12/share/turtle_bot_srv_12/cmake/ament_cmake_export_include_directories-extras.cmake
[1.500s] -- Up-to-date: /home/sebastian/Uniandes202310/Robotica/Taller1/taller1_ws/install/turtle_bot_srv_12/share/turtle_bot_srv_12/cmake/ament_cmake_export_libraries-extras.cmake
[1.506s] -- Up-to-date: /home/sebastian/Uniandes202310/Robotica/Taller1/taller1_ws/install/turtle_bot_srv_12/share/turtle_bot_srv_12/cmake/ament_cmake_export_targets-extras.cmake
[1.507s] -- Up-to-date: /home/sebastian/Uniandes202310/Robotica/Taller1/taller1_ws/install/turtle_bot_srv_12/share/turtle_bot_srv_12/cmake/rosidl_cmake_export_typesupport_targets-extras.cmake
[1.507s] -- Up-to-date: /home/sebastian/Uniandes202310/Robotica/Taller1/taller1_ws/install/turtle_bot_srv_12/share/turtle_bot_srv_12/cmake/ament_cmake_export_dependencies-extras.cmake
[1.507s] -- Up-to-date: /home/sebastian/Uniandes202310/Robotica/Taller1/taller1_ws/install/turtle_bot_srv_12/share/turtle_bot_srv_12/cmake/rosidl_cmake_export_typesupport_libraries-extras.cmake
[1.508s] -- Up-to-date: /home/sebastian/Uniandes202310/Robotica/Taller1/taller1_ws/install/turtle_bot_srv_12/share/turtle_bot_srv_12/cmake/turtle_bot_srv_12Config.cmake
[1.508s] -- Up-to-date: /home/sebastian/Uniandes202310/Robotica/Taller1/taller1_ws/install/turtle_bot_srv_12/share/turtle_bot_srv_12/cmake/turtle_bot_srv_12Config-version.cmake
[1.508s] -- Up-to-date: /home/sebastian/Uniandes202310/Robotica/Taller1/taller1_ws/install/turtle_bot_srv_12/share/turtle_bot_srv_12/package.xml
[1.508s] Invoked command in '/home/sebastian/Uniandes202310/Robotica/Taller1/taller1_ws/build/turtle_bot_srv_12' returned '0': CMAKE_PREFIX_PATH=${CMAKE_PREFIX_PATH}:/home/sebastian/Uniandes202310/Robotica/Taller1/taller1_ws/install/turtle_bot_12:/opt/ros/humble /usr/bin/cmake --install /home/sebastian/Uniandes202310/Robotica/Taller1/taller1_ws/build/turtle_bot_srv_12
