[0.177s] Invoking command in '/home/robotica/Documents/Taller1/taller1_ws/build/example_interfaces': CMAKE_PREFIX_PATH=${CMAKE_PREFIX_PATH}:/home/robotica/Documents/Taller1/taller1_ws/install/turtle_bot_12:/home/robotica/Documents/Taller1/taller1_ws/install/paquete_scr_servicios:/opt/ros/humble /usr/bin/cmake --build /home/robotica/Documents/Taller1/taller1_ws/build/example_interfaces -- -j5 -l5
[0.707s] [  0%] Built target example_interfaces__cpp
[0.762s] [ 12%] Built target example_interfaces__rosidl_generator_c
[0.830s] [ 12%] Built target ament_cmake_python_copy_example_interfaces
[1.067s] [ 33%] Built target example_interfaces__rosidl_typesupport_fastrtps_c
[1.069s] [ 37%] Built target example_interfaces__rosidl_typesupport_cpp
[1.163s] [ 50%] Built target example_interfaces__rosidl_typesupport_introspection_c
[1.164s] [ 62%] Built target example_interfaces__rosidl_typesupport_c
[1.208s] [ 74%] Built target example_interfaces__rosidl_typesupport_fastrtps_cpp
[1.358s] [ 87%] Built target example_interfaces__rosidl_typesupport_introspection_cpp
[1.479s] [ 87%] Built target example_interfaces
[1.591s] [ 87%] Built target example_interfaces__py
[1.812s] [ 99%] Built target example_interfaces__rosidl_generator_py
[1.942s] [ 99%] Built target example_interfaces__rosidl_typesupport_introspection_c__pyext
[1.952s] [ 99%] Built target example_interfaces__rosidl_typesupport_fastrtps_c__pyext
[2.111s] [100%] Built target example_interfaces__rosidl_typesupport_c__pyext
[2.162s] running egg_info
[2.164s] writing example_interfaces.egg-info/PKG-INFO
[2.164s] writing dependency_links to example_interfaces.egg-info/dependency_links.txt
[2.164s] writing top-level names to example_interfaces.egg-info/top_level.txt
[2.172s] reading manifest file 'example_interfaces.egg-info/SOURCES.txt'
[2.176s] writing manifest file 'example_interfaces.egg-info/SOURCES.txt'
[2.258s] [100%] Built target ament_cmake_python_build_example_interfaces_egg
