[0.133s] Invoking command in '/home/robotica/Documents/Taller1/taller1_ws/build/example_interfaces': CMAKE_PREFIX_PATH=${CMAKE_PREFIX_PATH}:/home/robotica/Documents/Taller1/taller1_ws/install/turtle_bot_12:/home/robotica/Documents/Taller1/taller1_ws/install/paquete_scr_servicios:/opt/ros/humble /usr/bin/cmake --build /home/robotica/Documents/Taller1/taller1_ws/build/example_interfaces -- -j5 -l5
[0.420s] [  0%] Built target example_interfaces__cpp
[0.534s] [  0%] Built target ament_cmake_python_copy_example_interfaces
[0.571s] [ 12%] Built target example_interfaces__rosidl_generator_c
[0.748s] [ 24%] Built target example_interfaces__rosidl_typesupport_fastrtps_cpp
[0.825s] [ 36%] Built target example_interfaces__rosidl_typesupport_cpp
[0.829s] [ 49%] Built target example_interfaces__rosidl_typesupport_introspection_cpp
[0.910s] [ 62%] Built target example_interfaces__rosidl_typesupport_fastrtps_c
[1.027s] [ 75%] Built target example_interfaces__rosidl_typesupport_introspection_c
[1.028s] [ 87%] Built target example_interfaces__rosidl_typesupport_c
[1.126s] [ 87%] Built target example_interfaces
[1.261s] [ 87%] Built target example_interfaces__py
[1.486s] [ 99%] Built target example_interfaces__rosidl_generator_py
[1.689s] [ 99%] Built target example_interfaces__rosidl_typesupport_fastrtps_c__pyext
[1.763s] running egg_info
[1.780s] writing example_interfaces.egg-info/PKG-INFO
[1.786s] writing dependency_links to example_interfaces.egg-info/dependency_links.txt
[1.786s] writing top-level names to example_interfaces.egg-info/top_level.txt
[1.790s] reading manifest file 'example_interfaces.egg-info/SOURCES.txt'
[1.807s] writing manifest file 'example_interfaces.egg-info/SOURCES.txt'
[1.850s] [100%] Built target example_interfaces__rosidl_typesupport_c__pyext
[1.896s] [100%] Built target ament_cmake_python_build_example_interfaces_egg
[1.965s] [100%] Built target example_interfaces__rosidl_typesupport_introspection_c__pyext
