[0.456s] Invoking command in '/home/sebastian/Uniandes202310/Robotica/Taller1/taller1_ws/build/turtle_bot_srv_12': CMAKE_PREFIX_PATH=${CMAKE_PREFIX_PATH}:/home/sebastian/Uniandes202310/Robotica/Taller1/taller1_ws/install/turtle_bot_12:/opt/ros/humble /usr/bin/cmake --build /home/sebastian/Uniandes202310/Robotica/Taller1/taller1_ws/build/turtle_bot_srv_12 -- -j8 -l8
[0.518s] [  2%] Built target turtle_bot_srv_12__cpp
[0.520s] [ 12%] Built target turtle_bot_srv_12__rosidl_generator_c
[0.531s] [ 12%] Built target ament_cmake_python_copy_turtle_bot_srv_12
[0.570s] [ 23%] Built target turtle_bot_srv_12__rosidl_typesupport_introspection_c
[0.573s] [ 33%] Built target turtle_bot_srv_12__rosidl_typesupport_introspection_cpp
[0.579s] [ 53%] Built target turtle_bot_srv_12__rosidl_typesupport_c
[0.580s] [ 53%] Built target turtle_bot_srv_12__rosidl_typesupport_fastrtps_cpp
[0.582s] [ 64%] Built target turtle_bot_srv_12__rosidl_typesupport_cpp
[0.588s] [ 74%] Built target turtle_bot_srv_12__rosidl_typesupport_fastrtps_c
[0.615s] [ 74%] Built target turtle_bot_srv_12
[0.641s] [ 76%] Built target turtle_bot_srv_12__py
[0.669s] [ 84%] Built target turtle_bot_srv_12__rosidl_generator_py
[0.706s] [ 97%] Built target turtle_bot_srv_12__rosidl_typesupport_introspection_c__pyext
[0.707s] [ 97%] Built target turtle_bot_srv_12__rosidl_typesupport_c__pyext
[0.707s] [100%] Built target turtle_bot_srv_12__rosidl_typesupport_fastrtps_c__pyext
[1.012s] running egg_info
[1.014s] writing turtle_bot_srv_12.egg-info/PKG-INFO
[1.014s] writing dependency_links to turtle_bot_srv_12.egg-info/dependency_links.txt
[1.014s] writing top-level names to turtle_bot_srv_12.egg-info/top_level.txt
[1.019s] reading manifest file 'turtle_bot_srv_12.egg-info/SOURCES.txt'
[1.020s] writing manifest file 'turtle_bot_srv_12.egg-info/SOURCES.txt'
[1.063s] [100%] Built target ament_cmake_python_build_turtle_bot_srv_12_egg
[1.077s] Invoked command in '/home/sebastian/Uniandes202310/Robotica/Taller1/taller1_ws/build/turtle_bot_srv_12' returned '0': CMAKE_PREFIX_PATH=${CMAKE_PREFIX_PATH}:/home/sebastian/Uniandes202310/Robotica/Taller1/taller1_ws/install/turtle_bot_12:/opt/ros/humble /usr/bin/cmake --build /home/sebastian/Uniandes202310/Robotica/Taller1/taller1_ws/build/turtle_bot_srv_12 -- -j8 -l8
[1.182s] Invoking command in '/home/sebastian/Uniandes202310/Robotica/Taller1/taller1_ws/build/turtle_bot_srv_12': CMAKE_PREFIX_PATH=${CMAKE_PREFIX_PATH}:/home/sebastian/Uniandes202310/Robotica/Taller1/taller1_ws/install/turtle_bot_12:/opt/ros/humble /usr/bin/cmake --install /home/sebastian/Uniandes202310/Robotica/Taller1/taller1_ws/build/turtle_bot_srv_12
[1.192s] -- Install configuration: ""
[1.192s] -- Up-to-date: /home/sebastian/Uniandes202310/Robotica/Taller1/taller1_ws/install/turtle_bot_srv_12/share/ament_index/resource_index/rosidl_interfaces/turtle_bot_srv_12
[1.192s] -- Up-to-date: /home/sebastian/Uniandes202310/Robotica/Taller1/taller1_ws/install/turtle_bot_srv_12/include/turtle_bot_srv_12/turtle_bot_srv_12
[1.192s] -- Up-to-date: /home/sebastian/Uniandes202310/Robotica/Taller1/taller1_ws/install/turtle_bot_srv_12/include/turtle_bot_srv_12/turtle_bot_srv_12/srv
[1.193s] -- Up-to-date: /home/sebastian/Uniandes202310/Robotica/Taller1/taller1_ws/install/turtle_bot_srv_12/include/turtle_bot_srv_12/turtle_bot_srv_12/srv/read_txt.h
[1.193s] -- Up-to-date: /home/sebastian/Uniandes202310/Robotica/Taller1/taller1_ws/install/turtle_bot_srv_12/include/turtle_bot_srv_12/turtle_bot_srv_12/srv/detail
[1.193s] -- Up-to-date: /home/sebastian/Uniandes202310/Robotica/Taller1/taller1_ws/install/turtle_bot_srv_12/include/turtle_bot_srv_12/turtle_bot_srv_12/srv/detail/read_txt__struct.h
[1.193s] -- Up-to-date: /home/sebastian/Uniandes202310/Robotica/Taller1/taller1_ws/install/turtle_bot_srv_12/include/turtle_bot_srv_12/turtle_bot_srv_12/srv/detail/read_txt__functions.h
[1.194s] -- Up-to-date: /home/sebastian/Uniandes202310/Robotica/Taller1/taller1_ws/install/turtle_bot_srv_12/include/turtle_bot_srv_12/turtle_bot_srv_12/srv/detail/read_txt__type_support.h
[1.194s] -- Up-to-date: /home/sebastian/Uniandes202310/Robotica/Taller1/taller1_ws/install/turtle_bot_srv_12/include/turtle_bot_srv_12/turtle_bot_srv_12/srv/detail/read_txt__functions.c
[1.194s] -- Up-to-date: /home/sebastian/Uniandes202310/Robotica/Taller1/taller1_ws/install/turtle_bot_srv_12/include/turtle_bot_srv_12/turtle_bot_srv_12/msg
[1.194s] -- Up-to-date: /home/sebastian/Uniandes202310/Robotica/Taller1/taller1_ws/install/turtle_bot_srv_12/include/turtle_bot_srv_12/turtle_bot_srv_12/msg/string.h
[1.195s] -- Up-to-date: /home/sebastian/Uniandes202310/Robotica/Taller1/taller1_ws/install/turtle_bot_srv_12/include/turtle_bot_srv_12/turtle_bot_srv_12/msg/detail
[1.195s] -- Up-to-date: /home/sebastian/Uniandes202310/Robotica/Taller1/taller1_ws/install/turtle_bot_srv_12/include/turtle_bot_srv_12/turtle_bot_srv_12/msg/detail/string__functions.h
[1.195s] -- Up-to-date: /home/sebastian/Uniandes202310/Robotica/Taller1/taller1_ws/install/turtle_bot_srv_12/include/turtle_bot_srv_12/turtle_bot_srv_12/msg/detail/string__functions.c
[1.195s] -- Up-to-date: /home/sebastian/Uniandes202310/Robotica/Taller1/taller1_ws/install/turtle_bot_srv_12/include/turtle_bot_srv_12/turtle_bot_srv_12/msg/detail/string__struct.h
[1.196s] -- Up-to-date: /home/sebastian/Uniandes202310/Robotica/Taller1/taller1_ws/install/turtle_bot_srv_12/include/turtle_bot_srv_12/turtle_bot_srv_12/msg/detail/string__type_support.h
[1.196s] -- Up-to-date: /home/sebastian/Uniandes202310/Robotica/Taller1/taller1_ws/install/turtle_bot_srv_12/include/turtle_bot_srv_12/turtle_bot_srv_12/msg/rosidl_generator_c__visibility_control.h
[1.196s] -- Up-to-date: /home/sebastian/Uniandes202310/Robotica/Taller1/taller1_ws/install/turtle_bot_srv_12/share/turtle_bot_srv_12/environment/library_path.sh
[1.196s] -- Up-to-date: /home/sebastian/Uniandes202310/Robotica/Taller1/taller1_ws/install/turtle_bot_srv_12/share/turtle_bot_srv_12/environment/library_path.dsv
[1.197s] -- Up-to-date: /home/sebastian/Uniandes202310/Robotica/Taller1/taller1_ws/install/turtle_bot_srv_12/lib/libturtle_bot_srv_12__rosidl_generator_c.so
[1.197s] -- Up-to-date: /home/sebastian/Uniandes202310/Robotica/Taller1/taller1_ws/install/turtle_bot_srv_12/include/turtle_bot_srv_12/turtle_bot_srv_12
[1.197s] -- Up-to-date: /home/sebastian/Uniandes202310/Robotica/Taller1/taller1_ws/install/turtle_bot_srv_12/include/turtle_bot_srv_12/turtle_bot_srv_12/srv
[1.197s] -- Up-to-date: /home/sebastian/Uniandes202310/Robotica/Taller1/taller1_ws/install/turtle_bot_srv_12/include/turtle_bot_srv_12/turtle_bot_srv_12/srv/detail
[1.198s] -- Up-to-date: /home/sebastian/Uniandes202310/Robotica/Taller1/taller1_ws/install/turtle_bot_srv_12/include/turtle_bot_srv_12/turtle_bot_srv_12/srv/detail/read_txt__rosidl_typesupport_fastrtps_c.h
[1.198s] -- Up-to-date: /home/sebastian/Uniandes202310/Robotica/Taller1/taller1_ws/install/turtle_bot_srv_12/include/turtle_bot_srv_12/turtle_bot_srv_12/msg
[1.198s] -- Up-to-date: /home/sebastian/Uniandes202310/Robotica/Taller1/taller1_ws/install/turtle_bot_srv_12/include/turtle_bot_srv_12/turtle_bot_srv_12/msg/rosidl_typesupport_fastrtps_c__visibility_control.h
[1.198s] -- Up-to-date: /home/sebastian/Uniandes202310/Robotica/Taller1/taller1_ws/install/turtle_bot_srv_12/include/turtle_bot_srv_12/turtle_bot_srv_12/msg/detail
[1.198s] -- Up-to-date: /home/sebastian/Uniandes202310/Robotica/Taller1/taller1_ws/install/turtle_bot_srv_12/include/turtle_bot_srv_12/turtle_bot_srv_12/msg/detail/string__rosidl_typesupport_fastrtps_c.h
[1.199s] -- Up-to-date: /home/sebastian/Uniandes202310/Robotica/Taller1/taller1_ws/install/turtle_bot_srv_12/lib/libturtle_bot_srv_12__rosidl_typesupport_fastrtps_c.so
[1.199s] -- Up-to-date: /home/sebastian/Uniandes202310/Robotica/Taller1/taller1_ws/install/turtle_bot_srv_12/include/turtle_bot_srv_12/turtle_bot_srv_12
[1.199s] -- Up-to-date: /home/sebastian/Uniandes202310/Robotica/Taller1/taller1_ws/install/turtle_bot_srv_12/include/turtle_bot_srv_12/turtle_bot_srv_12/srv
[1.199s] -- Up-to-date: /home/sebastian/Uniandes202310/Robotica/Taller1/taller1_ws/install/turtle_bot_srv_12/include/turtle_bot_srv_12/turtle_bot_srv_12/srv/detail
[1.199s] -- Up-to-date: /home/sebastian/Uniandes202310/Robotica/Taller1/taller1_ws/install/turtle_bot_srv_12/include/turtle_bot_srv_12/turtle_bot_srv_12/srv/detail/read_txt__type_support.c
[1.199s] -- Up-to-date: /home/sebastian/Uniandes202310/Robotica/Taller1/taller1_ws/install/turtle_bot_srv_12/include/turtle_bot_srv_12/turtle_bot_srv_12/srv/detail/read_txt__rosidl_typesupport_introspection_c.h
[1.200s] -- Up-to-date: /home/sebastian/Uniandes202310/Robotica/Taller1/taller1_ws/install/turtle_bot_srv_12/include/turtle_bot_srv_12/turtle_bot_srv_12/msg
[1.200s] -- Up-to-date: /home/sebastian/Uniandes202310/Robotica/Taller1/taller1_ws/install/turtle_bot_srv_12/include/turtle_bot_srv_12/turtle_bot_srv_12/msg/rosidl_typesupport_introspection_c__visibility_control.h
[1.200s] -- Up-to-date: /home/sebastian/Uniandes202310/Robotica/Taller1/taller1_ws/install/turtle_bot_srv_12/include/turtle_bot_srv_12/turtle_bot_srv_12/msg/detail
[1.200s] -- Up-to-date: /home/sebastian/Uniandes202310/Robotica/Taller1/taller1_ws/install/turtle_bot_srv_12/include/turtle_bot_srv_12/turtle_bot_srv_12/msg/detail/string__rosidl_typesupport_introspection_c.h
[1.200s] -- Up-to-date: /home/sebastian/Uniandes202310/Robotica/Taller1/taller1_ws/install/turtle_bot_srv_12/include/turtle_bot_srv_12/turtle_bot_srv_12/msg/detail/string__type_support.c
[1.200s] -- Up-to-date: /home/sebastian/Uniandes202310/Robotica/Taller1/taller1_ws/install/turtle_bot_srv_12/lib/libturtle_bot_srv_12__rosidl_typesupport_introspection_c.so
[1.201s] -- Up-to-date: /home/sebastian/Uniandes202310/Robotica/Taller1/taller1_ws/install/turtle_bot_srv_12/lib/libturtle_bot_srv_12__rosidl_typesupport_c.so
[1.201s] -- Up-to-date: /home/sebastian/Uniandes202310/Robotica/Taller1/taller1_ws/install/turtle_bot_srv_12/include/turtle_bot_srv_12/turtle_bot_srv_12
[1.201s] -- Up-to-date: /home/sebastian/Uniandes202310/Robotica/Taller1/taller1_ws/install/turtle_bot_srv_12/include/turtle_bot_srv_12/turtle_bot_srv_12/srv
[1.201s] -- Up-to-date: /home/sebastian/Uniandes202310/Robotica/Taller1/taller1_ws/install/turtle_bot_srv_12/include/turtle_bot_srv_12/turtle_bot_srv_12/srv/detail
[1.201s] -- Up-to-date: /home/sebastian/Uniandes202310/Robotica/Taller1/taller1_ws/install/turtle_bot_srv_12/include/turtle_bot_srv_12/turtle_bot_srv_12/srv/detail/read_txt__traits.hpp
[1.202s] -- Up-to-date: /home/sebastian/Uniandes202310/Robotica/Taller1/taller1_ws/install/turtle_bot_srv_12/include/turtle_bot_srv_12/turtle_bot_srv_12/srv/detail/read_txt__builder.hpp
[1.202s] -- Up-to-date: /home/sebastian/Uniandes202310/Robotica/Taller1/taller1_ws/install/turtle_bot_srv_12/include/turtle_bot_srv_12/turtle_bot_srv_12/srv/detail/read_txt__struct.hpp
[1.202s] -- Up-to-date: /home/sebastian/Uniandes202310/Robotica/Taller1/taller1_ws/install/turtle_bot_srv_12/include/turtle_bot_srv_12/turtle_bot_srv_12/srv/read_txt.hpp
[1.202s] -- Up-to-date: /home/sebastian/Uniandes202310/Robotica/Taller1/taller1_ws/install/turtle_bot_srv_12/include/turtle_bot_srv_12/turtle_bot_srv_12/msg
[1.202s] -- Up-to-date: /home/sebastian/Uniandes202310/Robotica/Taller1/taller1_ws/install/turtle_bot_srv_12/include/turtle_bot_srv_12/turtle_bot_srv_12/msg/string.hpp
[1.203s] -- Up-to-date: /home/sebastian/Uniandes202310/Robotica/Taller1/taller1_ws/install/turtle_bot_srv_12/include/turtle_bot_srv_12/turtle_bot_srv_12/msg/detail
[1.203s] -- Up-to-date: /home/sebastian/Uniandes202310/Robotica/Taller1/taller1_ws/install/turtle_bot_srv_12/include/turtle_bot_srv_12/turtle_bot_srv_12/msg/detail/string__builder.hpp
[1.203s] -- Up-to-date: /home/sebastian/Uniandes202310/Robotica/Taller1/taller1_ws/install/turtle_bot_srv_12/include/turtle_bot_srv_12/turtle_bot_srv_12/msg/detail/string__struct.hpp
[1.203s] -- Up-to-date: /home/sebastian/Uniandes202310/Robotica/Taller1/taller1_ws/install/turtle_bot_srv_12/include/turtle_bot_srv_12/turtle_bot_srv_12/msg/detail/string__traits.hpp
[1.203s] -- Up-to-date: /home/sebastian/Uniandes202310/Robotica/Taller1/taller1_ws/install/turtle_bot_srv_12/include/turtle_bot_srv_12/turtle_bot_srv_12
[1.203s] -- Up-to-date: /home/sebastian/Uniandes202310/Robotica/Taller1/taller1_ws/install/turtle_bot_srv_12/include/turtle_bot_srv_12/turtle_bot_srv_12/srv
[1.204s] -- Up-to-date: /home/sebastian/Uniandes202310/Robotica/Taller1/taller1_ws/install/turtle_bot_srv_12/include/turtle_bot_srv_12/turtle_bot_srv_12/srv/detail
[1.204s] -- Up-to-date: /home/sebastian/Uniandes202310/Robotica/Taller1/taller1_ws/install/turtle_bot_srv_12/include/turtle_bot_srv_12/turtle_bot_srv_12/srv/detail/dds_fastrtps
[1.204s] -- Up-to-date: /home/sebastian/Uniandes202310/Robotica/Taller1/taller1_ws/install/turtle_bot_srv_12/include/turtle_bot_srv_12/turtle_bot_srv_12/srv/detail/read_txt__rosidl_typesupport_fastrtps_cpp.hpp
[1.204s] -- Up-to-date: /home/sebastian/Uniandes202310/Robotica/Taller1/taller1_ws/install/turtle_bot_srv_12/include/turtle_bot_srv_12/turtle_bot_srv_12/msg
[1.204s] -- Up-to-date: /home/sebastian/Uniandes202310/Robotica/Taller1/taller1_ws/install/turtle_bot_srv_12/include/turtle_bot_srv_12/turtle_bot_srv_12/msg/rosidl_typesupport_fastrtps_cpp__visibility_control.h
[1.204s] -- Up-to-date: /home/sebastian/Uniandes202310/Robotica/Taller1/taller1_ws/install/turtle_bot_srv_12/include/turtle_bot_srv_12/turtle_bot_srv_12/msg/detail
[1.205s] -- Up-to-date: /home/sebastian/Uniandes202310/Robotica/Taller1/taller1_ws/install/turtle_bot_srv_12/include/turtle_bot_srv_12/turtle_bot_srv_12/msg/detail/dds_fastrtps
[1.205s] -- Up-to-date: /home/sebastian/Uniandes202310/Robotica/Taller1/taller1_ws/install/turtle_bot_srv_12/include/turtle_bot_srv_12/turtle_bot_srv_12/msg/detail/string__rosidl_typesupport_fastrtps_cpp.hpp
[1.205s] -- Up-to-date: /home/sebastian/Uniandes202310/Robotica/Taller1/taller1_ws/install/turtle_bot_srv_12/lib/libturtle_bot_srv_12__rosidl_typesupport_fastrtps_cpp.so
[1.205s] -- Up-to-date: /home/sebastian/Uniandes202310/Robotica/Taller1/taller1_ws/install/turtle_bot_srv_12/include/turtle_bot_srv_12/turtle_bot_srv_12
[1.205s] -- Up-to-date: /home/sebastian/Uniandes202310/Robotica/Taller1/taller1_ws/install/turtle_bot_srv_12/include/turtle_bot_srv_12/turtle_bot_srv_12/srv
[1.205s] -- Up-to-date: /home/sebastian/Uniandes202310/Robotica/Taller1/taller1_ws/install/turtle_bot_srv_12/include/turtle_bot_srv_12/turtle_bot_srv_12/srv/detail
[1.206s] -- Up-to-date: /home/sebastian/Uniandes202310/Robotica/Taller1/taller1_ws/install/turtle_bot_srv_12/include/turtle_bot_srv_12/turtle_bot_srv_12/srv/detail/read_txt__type_support.cpp
[1.206s] -- Up-to-date: /home/sebastian/Uniandes202310/Robotica/Taller1/taller1_ws/install/turtle_bot_srv_12/include/turtle_bot_srv_12/turtle_bot_srv_12/srv/detail/read_txt__rosidl_typesupport_introspection_cpp.hpp
[1.206s] -- Up-to-date: /home/sebastian/Uniandes202310/Robotica/Taller1/taller1_ws/install/turtle_bot_srv_12/include/turtle_bot_srv_12/turtle_bot_srv_12/msg
[1.206s] -- Up-to-date: /home/sebastian/Uniandes202310/Robotica/Taller1/taller1_ws/install/turtle_bot_srv_12/include/turtle_bot_srv_12/turtle_bot_srv_12/msg/detail
[1.206s] -- Up-to-date: /home/sebastian/Uniandes202310/Robotica/Taller1/taller1_ws/install/turtle_bot_srv_12/include/turtle_bot_srv_12/turtle_bot_srv_12/msg/detail/string__rosidl_typesupport_introspection_cpp.hpp
[1.207s] -- Up-to-date: /home/sebastian/Uniandes202310/Robotica/Taller1/taller1_ws/install/turtle_bot_srv_12/include/turtle_bot_srv_12/turtle_bot_srv_12/msg/detail/string__type_support.cpp
[1.207s] -- Up-to-date: /home/sebastian/Uniandes202310/Robotica/Taller1/taller1_ws/install/turtle_bot_srv_12/lib/libturtle_bot_srv_12__rosidl_typesupport_introspection_cpp.so
[1.207s] -- Up-to-date: /home/sebastian/Uniandes202310/Robotica/Taller1/taller1_ws/install/turtle_bot_srv_12/lib/libturtle_bot_srv_12__rosidl_typesupport_cpp.so
[1.207s] -- Up-to-date: /home/sebastian/Uniandes202310/Robotica/Taller1/taller1_ws/install/turtle_bot_srv_12/share/turtle_bot_srv_12/environment/pythonpath.sh
[1.207s] -- Up-to-date: /home/sebastian/Uniandes202310/Robotica/Taller1/taller1_ws/install/turtle_bot_srv_12/share/turtle_bot_srv_12/environment/pythonpath.dsv
[1.207s] -- Up-to-date: /home/sebastian/Uniandes202310/Robotica/Taller1/taller1_ws/install/turtle_bot_srv_12/local/lib/python3.10/dist-packages/turtle_bot_srv_12-0.0.0-py3.10.egg-info
[1.208s] -- Installing: /home/sebastian/Uniandes202310/Robotica/Taller1/taller1_ws/install/turtle_bot_srv_12/local/lib/python3.10/dist-packages/turtle_bot_srv_12-0.0.0-py3.10.egg-info/SOURCES.txt
[1.208s] -- Installing: /home/sebastian/Uniandes202310/Robotica/Taller1/taller1_ws/install/turtle_bot_srv_12/local/lib/python3.10/dist-packages/turtle_bot_srv_12-0.0.0-py3.10.egg-info/top_level.txt
[1.208s] -- Installing: /home/sebastian/Uniandes202310/Robotica/Taller1/taller1_ws/install/turtle_bot_srv_12/local/lib/python3.10/dist-packages/turtle_bot_srv_12-0.0.0-py3.10.egg-info/PKG-INFO
[1.208s] -- Installing: /home/sebastian/Uniandes202310/Robotica/Taller1/taller1_ws/install/turtle_bot_srv_12/local/lib/python3.10/dist-packages/turtle_bot_srv_12-0.0.0-py3.10.egg-info/dependency_links.txt
[1.208s] -- Up-to-date: /home/sebastian/Uniandes202310/Robotica/Taller1/taller1_ws/install/turtle_bot_srv_12/local/lib/python3.10/dist-packages/turtle_bot_srv_12
[1.209s] -- Up-to-date: /home/sebastian/Uniandes202310/Robotica/Taller1/taller1_ws/install/turtle_bot_srv_12/local/lib/python3.10/dist-packages/turtle_bot_srv_12/_turtle_bot_srv_12_s.ep.rosidl_typesupport_c.c
[1.209s] -- Up-to-date: /home/sebastian/Uniandes202310/Robotica/Taller1/taller1_ws/install/turtle_bot_srv_12/local/lib/python3.10/dist-packages/turtle_bot_srv_12/libturtle_bot_srv_12__rosidl_generator_py.so
[1.209s] -- Up-to-date: /home/sebastian/Uniandes202310/Robotica/Taller1/taller1_ws/install/turtle_bot_srv_12/local/lib/python3.10/dist-packages/turtle_bot_srv_12/_turtle_bot_srv_12_s.ep.rosidl_typesupport_fastrtps_c.c
[1.209s] -- Up-to-date: /home/sebastian/Uniandes202310/Robotica/Taller1/taller1_ws/install/turtle_bot_srv_12/local/lib/python3.10/dist-packages/turtle_bot_srv_12/__init__.py
[1.209s] -- Up-to-date: /home/sebastian/Uniandes202310/Robotica/Taller1/taller1_ws/install/turtle_bot_srv_12/local/lib/python3.10/dist-packages/turtle_bot_srv_12/turtle_bot_srv_12_s__rosidl_typesupport_c.cpython-310-x86_64-linux-gnu.so
[1.210s] -- Up-to-date: /home/sebastian/Uniandes202310/Robotica/Taller1/taller1_ws/install/turtle_bot_srv_12/local/lib/python3.10/dist-packages/turtle_bot_srv_12/srv
[1.210s] -- Up-to-date: /home/sebastian/Uniandes202310/Robotica/Taller1/taller1_ws/install/turtle_bot_srv_12/local/lib/python3.10/dist-packages/turtle_bot_srv_12/srv/_read_txt_s.c
[1.210s] -- Up-to-date: /home/sebastian/Uniandes202310/Robotica/Taller1/taller1_ws/install/turtle_bot_srv_12/local/lib/python3.10/dist-packages/turtle_bot_srv_12/srv/__init__.py
[1.210s] -- Up-to-date: /home/sebastian/Uniandes202310/Robotica/Taller1/taller1_ws/install/turtle_bot_srv_12/local/lib/python3.10/dist-packages/turtle_bot_srv_12/srv/_read_txt.py
[1.210s] -- Up-to-date: /home/sebastian/Uniandes202310/Robotica/Taller1/taller1_ws/install/turtle_bot_srv_12/local/lib/python3.10/dist-packages/turtle_bot_srv_12/msg
[1.210s] -- Up-to-date: /home/sebastian/Uniandes202310/Robotica/Taller1/taller1_ws/install/turtle_bot_srv_12/local/lib/python3.10/dist-packages/turtle_bot_srv_12/msg/__init__.py
[1.210s] -- Up-to-date: /home/sebastian/Uniandes202310/Robotica/Taller1/taller1_ws/install/turtle_bot_srv_12/local/lib/python3.10/dist-packages/turtle_bot_srv_12/msg/_string_s.c
[1.211s] -- Up-to-date: /home/sebastian/Uniandes202310/Robotica/Taller1/taller1_ws/install/turtle_bot_srv_12/local/lib/python3.10/dist-packages/turtle_bot_srv_12/msg/_string.py
[1.211s] -- Up-to-date: /home/sebastian/Uniandes202310/Robotica/Taller1/taller1_ws/install/turtle_bot_srv_12/local/lib/python3.10/dist-packages/turtle_bot_srv_12/_turtle_bot_srv_12_s.ep.rosidl_typesupport_introspection_c.c
[1.211s] -- Up-to-date: /home/sebastian/Uniandes202310/Robotica/Taller1/taller1_ws/install/turtle_bot_srv_12/local/lib/python3.10/dist-packages/turtle_bot_srv_12/turtle_bot_srv_12_s__rosidl_typesupport_introspection_c.cpython-310-x86_64-linux-gnu.so
[1.211s] -- Up-to-date: /home/sebastian/Uniandes202310/Robotica/Taller1/taller1_ws/install/turtle_bot_srv_12/local/lib/python3.10/dist-packages/turtle_bot_srv_12/turtle_bot_srv_12_s__rosidl_typesupport_fastrtps_c.cpython-310-x86_64-linux-gnu.so
[1.252s] Listing '/home/sebastian/Uniandes202310/Robotica/Taller1/taller1_ws/install/turtle_bot_srv_12/local/lib/python3.10/dist-packages/turtle_bot_srv_12'...
[1.252s] Listing '/home/sebastian/Uniandes202310/Robotica/Taller1/taller1_ws/install/turtle_bot_srv_12/local/lib/python3.10/dist-packages/turtle_bot_srv_12/msg'...
[1.253s] Listing '/home/sebastian/Uniandes202310/Robotica/Taller1/taller1_ws/install/turtle_bot_srv_12/local/lib/python3.10/dist-packages/turtle_bot_srv_12/srv'...
[1.262s] -- Up-to-date: /home/sebastian/Uniandes202310/Robotica/Taller1/taller1_ws/install/turtle_bot_srv_12/local/lib/python3.10/dist-packages/turtle_bot_srv_12/turtle_bot_srv_12_s__rosidl_typesupport_fastrtps_c.cpython-310-x86_64-linux-gnu.so
[1.262s] -- Up-to-date: /home/sebastian/Uniandes202310/Robotica/Taller1/taller1_ws/install/turtle_bot_srv_12/local/lib/python3.10/dist-packages/turtle_bot_srv_12/turtle_bot_srv_12_s__rosidl_typesupport_introspection_c.cpython-310-x86_64-linux-gnu.so
[1.262s] -- Up-to-date: /home/sebastian/Uniandes202310/Robotica/Taller1/taller1_ws/install/turtle_bot_srv_12/local/lib/python3.10/dist-packages/turtle_bot_srv_12/turtle_bot_srv_12_s__rosidl_typesupport_c.cpython-310-x86_64-linux-gnu.so
[1.262s] -- Up-to-date: /home/sebastian/Uniandes202310/Robotica/Taller1/taller1_ws/install/turtle_bot_srv_12/lib/libturtle_bot_srv_12__rosidl_generator_py.so
[1.263s] -- Up-to-date: /home/sebastian/Uniandes202310/Robotica/Taller1/taller1_ws/install/turtle_bot_srv_12/share/turtle_bot_srv_12/msg/String.idl
[1.263s] -- Up-to-date: /home/sebastian/Uniandes202310/Robotica/Taller1/taller1_ws/install/turtle_bot_srv_12/share/turtle_bot_srv_12/srv/ReadTxt.idl
[1.263s] -- Up-to-date: /home/sebastian/Uniandes202310/Robotica/Taller1/taller1_ws/install/turtle_bot_srv_12/share/turtle_bot_srv_12/msg/String.msg
[1.264s] -- Up-to-date: /home/sebastian/Uniandes202310/Robotica/Taller1/taller1_ws/install/turtle_bot_srv_12/share/turtle_bot_srv_12/srv/ReadTxt.srv
[1.264s] -- Up-to-date: /home/sebastian/Uniandes202310/Robotica/Taller1/taller1_ws/install/turtle_bot_srv_12/share/turtle_bot_srv_12/srv/ReadTxt_Request.msg
[1.264s] -- Up-to-date: /home/sebastian/Uniandes202310/Robotica/Taller1/taller1_ws/install/turtle_bot_srv_12/share/turtle_bot_srv_12/srv/ReadTxt_Response.msg
[1.264s] -- Up-to-date: /home/sebastian/Uniandes202310/Robotica/Taller1/taller1_ws/install/turtle_bot_srv_12/share/ament_index/resource_index/package_run_dependencies/turtle_bot_srv_12
[1.265s] -- Up-to-date: /home/sebastian/Uniandes202310/Robotica/Taller1/taller1_ws/install/turtle_bot_srv_12/share/ament_index/resource_index/parent_prefix_path/turtle_bot_srv_12
[1.265s] -- Up-to-date: /home/sebastian/Uniandes202310/Robotica/Taller1/taller1_ws/install/turtle_bot_srv_12/share/turtle_bot_srv_12/environment/ament_prefix_path.sh
[1.265s] -- Up-to-date: /home/sebastian/Uniandes202310/Robotica/Taller1/taller1_ws/install/turtle_bot_srv_12/share/turtle_bot_srv_12/environment/ament_prefix_path.dsv
[1.265s] -- Up-to-date: /home/sebastian/Uniandes202310/Robotica/Taller1/taller1_ws/install/turtle_bot_srv_12/share/turtle_bot_srv_12/environment/path.sh
[1.265s] -- Up-to-date: /home/sebastian/Uniandes202310/Robotica/Taller1/taller1_ws/install/turtle_bot_srv_12/share/turtle_bot_srv_12/environment/path.dsv
[1.266s] -- Up-to-date: /home/sebastian/Uniandes202310/Robotica/Taller1/taller1_ws/install/turtle_bot_srv_12/share/turtle_bot_srv_12/local_setup.bash
[1.266s] -- Up-to-date: /home/sebastian/Uniandes202310/Robotica/Taller1/taller1_ws/install/turtle_bot_srv_12/share/turtle_bot_srv_12/local_setup.sh
[1.266s] -- Up-to-date: /home/sebastian/Uniandes202310/Robotica/Taller1/taller1_ws/install/turtle_bot_srv_12/share/turtle_bot_srv_12/local_setup.zsh
[1.266s] -- Up-to-date: /home/sebastian/Uniandes202310/Robotica/Taller1/taller1_ws/install/turtle_bot_srv_12/share/turtle_bot_srv_12/local_setup.dsv
[1.267s] -- Installing: /home/sebastian/Uniandes202310/Robotica/Taller1/taller1_ws/install/turtle_bot_srv_12/share/turtle_bot_srv_12/package.dsv
[1.267s] -- Up-to-date: /home/sebastian/Uniandes202310/Robotica/Taller1/taller1_ws/install/turtle_bot_srv_12/share/ament_index/resource_index/packages/turtle_bot_srv_12
[1.267s] -- Up-to-date: /home/sebastian/Uniandes202310/Robotica/Taller1/taller1_ws/install/turtle_bot_srv_12/share/turtle_bot_srv_12/cmake/export_turtle_bot_srv_12__rosidl_generator_cExport.cmake
[1.267s] -- Up-to-date: /home/sebastian/Uniandes202310/Robotica/Taller1/taller1_ws/install/turtle_bot_srv_12/share/turtle_bot_srv_12/cmake/export_turtle_bot_srv_12__rosidl_generator_cExport-noconfig.cmake
[1.267s] -- Up-to-date: /home/sebastian/Uniandes202310/Robotica/Taller1/taller1_ws/install/turtle_bot_srv_12/share/turtle_bot_srv_12/cmake/export_turtle_bot_srv_12__rosidl_typesupport_fastrtps_cExport.cmake
[1.268s] -- Up-to-date: /home/sebastian/Uniandes202310/Robotica/Taller1/taller1_ws/install/turtle_bot_srv_12/share/turtle_bot_srv_12/cmake/export_turtle_bot_srv_12__rosidl_typesupport_fastrtps_cExport-noconfig.cmake
[1.268s] -- Up-to-date: /home/sebastian/Uniandes202310/Robotica/Taller1/taller1_ws/install/turtle_bot_srv_12/share/turtle_bot_srv_12/cmake/turtle_bot_srv_12__rosidl_typesupport_introspection_cExport.cmake
[1.268s] -- Up-to-date: /home/sebastian/Uniandes202310/Robotica/Taller1/taller1_ws/install/turtle_bot_srv_12/share/turtle_bot_srv_12/cmake/turtle_bot_srv_12__rosidl_typesupport_introspection_cExport-noconfig.cmake
[1.268s] -- Up-to-date: /home/sebastian/Uniandes202310/Robotica/Taller1/taller1_ws/install/turtle_bot_srv_12/share/turtle_bot_srv_12/cmake/turtle_bot_srv_12__rosidl_typesupport_cExport.cmake
[1.269s] -- Up-to-date: /home/sebastian/Uniandes202310/Robotica/Taller1/taller1_ws/install/turtle_bot_srv_12/share/turtle_bot_srv_12/cmake/turtle_bot_srv_12__rosidl_typesupport_cExport-noconfig.cmake
[1.269s] -- Up-to-date: /home/sebastian/Uniandes202310/Robotica/Taller1/taller1_ws/install/turtle_bot_srv_12/share/turtle_bot_srv_12/cmake/export_turtle_bot_srv_12__rosidl_generator_cppExport.cmake
[1.269s] -- Up-to-date: /home/sebastian/Uniandes202310/Robotica/Taller1/taller1_ws/install/turtle_bot_srv_12/share/turtle_bot_srv_12/cmake/export_turtle_bot_srv_12__rosidl_typesupport_fastrtps_cppExport.cmake
[1.269s] -- Up-to-date: /home/sebastian/Uniandes202310/Robotica/Taller1/taller1_ws/install/turtle_bot_srv_12/share/turtle_bot_srv_12/cmake/export_turtle_bot_srv_12__rosidl_typesupport_fastrtps_cppExport-noconfig.cmake
[1.270s] -- Up-to-date: /home/sebastian/Uniandes202310/Robotica/Taller1/taller1_ws/install/turtle_bot_srv_12/share/turtle_bot_srv_12/cmake/turtle_bot_srv_12__rosidl_typesupport_introspection_cppExport.cmake
[1.270s] -- Up-to-date: /home/sebastian/Uniandes202310/Robotica/Taller1/taller1_ws/install/turtle_bot_srv_12/share/turtle_bot_srv_12/cmake/turtle_bot_srv_12__rosidl_typesupport_introspection_cppExport-noconfig.cmake
[1.271s] -- Up-to-date: /home/sebastian/Uniandes202310/Robotica/Taller1/taller1_ws/install/turtle_bot_srv_12/share/turtle_bot_srv_12/cmake/turtle_bot_srv_12__rosidl_typesupport_cppExport.cmake
[1.271s] -- Up-to-date: /home/sebastian/Uniandes202310/Robotica/Taller1/taller1_ws/install/turtle_bot_srv_12/share/turtle_bot_srv_12/cmake/turtle_bot_srv_12__rosidl_typesupport_cppExport-noconfig.cmake
[1.272s] -- Up-to-date: /home/sebastian/Uniandes202310/Robotica/Taller1/taller1_ws/install/turtle_bot_srv_12/share/turtle_bot_srv_12/cmake/export_turtle_bot_srv_12__rosidl_generator_pyExport.cmake
[1.274s] -- Up-to-date: /home/sebastian/Uniandes202310/Robotica/Taller1/taller1_ws/install/turtle_bot_srv_12/share/turtle_bot_srv_12/cmake/export_turtle_bot_srv_12__rosidl_generator_pyExport-noconfig.cmake
[1.274s] -- Up-to-date: /home/sebastian/Uniandes202310/Robotica/Taller1/taller1_ws/install/turtle_bot_srv_12/share/turtle_bot_srv_12/cmake/rosidl_cmake-extras.cmake
[1.275s] -- Up-to-date: /home/sebastian/Uniandes202310/Robotica/Taller1/taller1_ws/install/turtle_bot_srv_12/share/turtle_bot_srv_12/cmake/ament_cmake_export_include_directories-extras.cmake
[1.276s] -- Up-to-date: /home/sebastian/Uniandes202310/Robotica/Taller1/taller1_ws/install/turtle_bot_srv_12/share/turtle_bot_srv_12/cmake/ament_cmake_export_libraries-extras.cmake
[1.276s] -- Up-to-date: /home/sebastian/Uniandes202310/Robotica/Taller1/taller1_ws/install/turtle_bot_srv_12/share/turtle_bot_srv_12/cmake/ament_cmake_export_targets-extras.cmake
[1.278s] -- Up-to-date: /home/sebastian/Uniandes202310/Robotica/Taller1/taller1_ws/install/turtle_bot_srv_12/share/turtle_bot_srv_12/cmake/rosidl_cmake_export_typesupport_targets-extras.cmake
[1.278s] -- Up-to-date: /home/sebastian/Uniandes202310/Robotica/Taller1/taller1_ws/install/turtle_bot_srv_12/share/turtle_bot_srv_12/cmake/ament_cmake_export_dependencies-extras.cmake
[1.278s] -- Up-to-date: /home/sebastian/Uniandes202310/Robotica/Taller1/taller1_ws/install/turtle_bot_srv_12/share/turtle_bot_srv_12/cmake/rosidl_cmake_export_typesupport_libraries-extras.cmake
[1.278s] -- Up-to-date: /home/sebastian/Uniandes202310/Robotica/Taller1/taller1_ws/install/turtle_bot_srv_12/share/turtle_bot_srv_12/cmake/turtle_bot_srv_12Config.cmake
[1.278s] -- Up-to-date: /home/sebastian/Uniandes202310/Robotica/Taller1/taller1_ws/install/turtle_bot_srv_12/share/turtle_bot_srv_12/cmake/turtle_bot_srv_12Config-version.cmake
[1.278s] -- Up-to-date: /home/sebastian/Uniandes202310/Robotica/Taller1/taller1_ws/install/turtle_bot_srv_12/share/turtle_bot_srv_12/package.xml
[1.279s] Invoked command in '/home/sebastian/Uniandes202310/Robotica/Taller1/taller1_ws/build/turtle_bot_srv_12' returned '0': CMAKE_PREFIX_PATH=${CMAKE_PREFIX_PATH}:/home/sebastian/Uniandes202310/Robotica/Taller1/taller1_ws/install/turtle_bot_12:/opt/ros/humble /usr/bin/cmake --install /home/sebastian/Uniandes202310/Robotica/Taller1/taller1_ws/build/turtle_bot_srv_12
