[1.230s] Invoking command in '/home/robotica/Documents/Taller1/taller1_ws/build/turtle_bot_srv_12': CMAKE_PREFIX_PATH=${CMAKE_PREFIX_PATH}:/home/robotica/Documents/Taller1/taller1_ws/install/turtle_bot_12:/home/robotica/Documents/Taller1/taller1_ws/install/paquete_scr_servicios:/opt/ros/humble /usr/bin/cmake /home/robotica/Documents/Taller1/taller1_ws/src/turtle_bot_srv_12 -DCMAKE_INSTALL_PREFIX=/home/robotica/Documents/Taller1/taller1_ws/install/turtle_bot_srv_12
[2.651s] -- The C compiler identification is GNU 11.3.0
[3.513s] -- The CXX compiler identification is GNU 11.3.0
[3.564s] -- Detecting C compiler ABI info
[3.952s] -- Detecting C compiler ABI info - done
[3.975s] -- Check for working C compiler: /usr/bin/cc - skipped
[3.978s] -- Detecting C compile features
[4.001s] -- Detecting C compile features - done
[4.014s] -- Detecting CXX compiler ABI info
[4.649s] -- Detecting CXX compiler ABI info - done
[4.680s] -- Check for working CXX compiler: /usr/bin/c++ - skipped
[4.708s] -- Detecting CXX compile features
[4.711s] -- Detecting CXX compile features - done
[4.773s] -- Found ament_cmake: 1.3.3 (/opt/ros/humble/share/ament_cmake/cmake)
[5.584s] -- Found Python3: /usr/bin/python3.10 (found version "3.10.6") found components: Interpreter 
[5.941s] -- Found rosidl_default_generators: 1.2.0 (/opt/ros/humble/share/rosidl_default_generators/cmake)
[5.975s] -- Using all available rosidl_typesupport_c: rosidl_typesupport_fastrtps_c;rosidl_typesupport_introspection_c
[6.031s] -- Found rosidl_adapter: 3.1.4 (/opt/ros/humble/share/rosidl_adapter/cmake)
[6.334s] -- Using all available rosidl_typesupport_cpp: rosidl_typesupport_fastrtps_cpp;rosidl_typesupport_introspection_cpp
[8.057s] -- Found ament_cmake_ros: 0.10.0 (/opt/ros/humble/share/ament_cmake_ros/cmake)
[8.831s] -- Using all available rosidl_typesupport_c: rosidl_typesupport_fastrtps_c;rosidl_typesupport_introspection_c
[9.671s] -- Using all available rosidl_typesupport_cpp: rosidl_typesupport_fastrtps_cpp;rosidl_typesupport_introspection_cpp
[9.766s] -- Found PythonInterp: /usr/bin/python3 (found suitable version "3.10.6", minimum required is "3.6") 
[9.768s] -- Found python_cmake_module: 0.10.0 (/opt/ros/humble/share/python_cmake_module/cmake)
[9.868s] -- Found PythonLibs: /usr/lib/x86_64-linux-gnu/libpython3.10.so (found suitable version "3.10.6", minimum required is "3.5") 
[9.868s] -- Using PYTHON_EXECUTABLE: /usr/bin/python3
[9.869s] -- Using PYTHON_INCLUDE_DIRS: /usr/include/python3.10
[9.869s] -- Using PYTHON_LIBRARIES: /usr/lib/x86_64-linux-gnu/libpython3.10.so
[9.948s] -- Found PythonExtra: .so  
[10.060s] -- Found ament_lint_auto: 0.12.4 (/opt/ros/humble/share/ament_lint_auto/cmake)
[10.264s] -- Added test 'lint_cmake' to check CMake code style
[10.274s] -- Added test 'xmllint' to check XML markup files
[10.287s] [31mCMake Error at /opt/ros/humble/share/ament_cmake_export_dependencies/cmake/ament_export_dependencies.cmake:29 (message):
[10.287s]   ament_export_dependencies() must be called before ament_package()
[10.287s] Call Stack (most recent call first):
[10.287s]   CMakeLists.txt:40 (ament_export_dependencies)
[10.287s] 
[10.288s] [0m
[10.289s] -- Configuring incomplete, errors occurred!
[10.289s] See also "/home/robotica/Documents/Taller1/taller1_ws/build/turtle_bot_srv_12/CMakeFiles/CMakeOutput.log".
