[1.789s] Invoking command in '/home/robotica/Documents/Taller1/taller1_ws/src/turtle_bot_12': AMENT_PREFIX_PATH=/home/robotica/Documents/Taller1/taller1_ws/install/example_interfaces:${AMENT_PREFIX_PATH} CMAKE_PREFIX_PATH=/home/robotica/Documents/Taller1/taller1_ws/install/example_interfaces LD_LIBRARY_PATH=/home/robotica/Documents/Taller1/taller1_ws/install/example_interfaces/lib:${LD_LIBRARY_PATH} PYTHONPATH=/home/robotica/Documents/Taller1/taller1_ws/build/turtle_bot_12/prefix_override:/home/robotica/Documents/Taller1/taller1_ws/install/turtle_bot_12/lib/python3.10/site-packages:/home/robotica/Documents/Taller1/taller1_ws/install/example_interfaces/local/lib/python3.10/dist-packages:${PYTHONPATH} /usr/bin/python3 setup.py egg_info --egg-base ../../build/turtle_bot_12 build --build-base /home/robotica/Documents/Taller1/taller1_ws/build/turtle_bot_12/build install --record /home/robotica/Documents/Taller1/taller1_ws/build/turtle_bot_12/install.log --single-version-externally-managed
[2.341s] running egg_info
[2.343s] writing ../../build/turtle_bot_12/turtle_bot_12.egg-info/PKG-INFO
[2.345s] writing dependency_links to ../../build/turtle_bot_12/turtle_bot_12.egg-info/dependency_links.txt
[2.347s] writing entry points to ../../build/turtle_bot_12/turtle_bot_12.egg-info/entry_points.txt
[2.352s] writing requirements to ../../build/turtle_bot_12/turtle_bot_12.egg-info/requires.txt
[2.352s] writing top-level names to ../../build/turtle_bot_12/turtle_bot_12.egg-info/top_level.txt
[2.360s] reading manifest file '../../build/turtle_bot_12/turtle_bot_12.egg-info/SOURCES.txt'
[2.364s] writing manifest file '../../build/turtle_bot_12/turtle_bot_12.egg-info/SOURCES.txt'
[2.388s] /usr/lib/python3/dist-packages/setuptools/command/install.py:34: SetuptoolsDeprecationWarning: setup.py install is deprecated. Use build and pip and other standards-based tools.
[2.388s]   warnings.warn(
[2.389s] running build
[2.390s] running build_py
[2.391s] copying turtle_bot_12/turtle_bot_player.py -> /home/robotica/Documents/Taller1/taller1_ws/build/turtle_bot_12/build/lib/turtle_bot_12
[2.391s] running install
[2.391s] running install_lib
[2.391s] copying /home/robotica/Documents/Taller1/taller1_ws/build/turtle_bot_12/build/lib/turtle_bot_12/turtle_bot_player.py -> /home/robotica/Documents/Taller1/taller1_ws/install/turtle_bot_12/lib/python3.10/site-packages/turtle_bot_12
[2.392s] byte-compiling /home/robotica/Documents/Taller1/taller1_ws/install/turtle_bot_12/lib/python3.10/site-packages/turtle_bot_12/turtle_bot_player.py to turtle_bot_player.cpython-310.pyc
[2.392s] running install_data
[2.392s] copying package.xml -> /home/robotica/Documents/Taller1/taller1_ws/install/turtle_bot_12/share/turtle_bot_12
[2.392s] running install_egg_info
[2.393s] removing '/home/robotica/Documents/Taller1/taller1_ws/install/turtle_bot_12/lib/python3.10/site-packages/turtle_bot_12-0.0.0-py3.10.egg-info' (and everything under it)
[2.393s] Copying ../../build/turtle_bot_12/turtle_bot_12.egg-info to /home/robotica/Documents/Taller1/taller1_ws/install/turtle_bot_12/lib/python3.10/site-packages/turtle_bot_12-0.0.0-py3.10.egg-info
[2.394s] running install_scripts
[2.465s] Installing client script to /home/robotica/Documents/Taller1/taller1_ws/install/turtle_bot_12/lib/turtle_bot_12
[2.468s] Installing service script to /home/robotica/Documents/Taller1/taller1_ws/install/turtle_bot_12/lib/turtle_bot_12
[2.469s] Installing turtle_bot_interface script to /home/robotica/Documents/Taller1/taller1_ws/install/turtle_bot_12/lib/turtle_bot_12
[2.470s] Installing turtle_bot_teleop script to /home/robotica/Documents/Taller1/taller1_ws/install/turtle_bot_12/lib/turtle_bot_12
[2.477s] writing list of installed files to '/home/robotica/Documents/Taller1/taller1_ws/build/turtle_bot_12/install.log'
[2.575s] Invoked command in '/home/robotica/Documents/Taller1/taller1_ws/src/turtle_bot_12' returned '0': AMENT_PREFIX_PATH=/home/robotica/Documents/Taller1/taller1_ws/install/example_interfaces:${AMENT_PREFIX_PATH} CMAKE_PREFIX_PATH=/home/robotica/Documents/Taller1/taller1_ws/install/example_interfaces LD_LIBRARY_PATH=/home/robotica/Documents/Taller1/taller1_ws/install/example_interfaces/lib:${LD_LIBRARY_PATH} PYTHONPATH=/home/robotica/Documents/Taller1/taller1_ws/build/turtle_bot_12/prefix_override:/home/robotica/Documents/Taller1/taller1_ws/install/turtle_bot_12/lib/python3.10/site-packages:/home/robotica/Documents/Taller1/taller1_ws/install/example_interfaces/local/lib/python3.10/dist-packages:${PYTHONPATH} /usr/bin/python3 setup.py egg_info --egg-base ../../build/turtle_bot_12 build --build-base /home/robotica/Documents/Taller1/taller1_ws/build/turtle_bot_12/build install --record /home/robotica/Documents/Taller1/taller1_ws/build/turtle_bot_12/install.log --single-version-externally-managed
