[0.043s] Invoking command in '/home/robotica/Documents/Taller1/taller1_ws/build/example_interfaces': CMAKE_PREFIX_PATH=${CMAKE_PREFIX_PATH}:/home/robotica/Documents/Taller1/taller1_ws/install/turtle_bot_12:/home/robotica/Documents/Taller1/taller1_ws/install/paquete_scr_servicios:/opt/ros/humble /usr/bin/cmake --build /home/robotica/Documents/Taller1/taller1_ws/build/example_interfaces -- -j4 -l4
[0.295s] [  0%] Built target example_interfaces__cpp
[0.407s] [  0%] Built target ament_cmake_python_copy_example_interfaces
[0.481s] [ 12%] Built target example_interfaces__rosidl_typesupport_fastrtps_cpp
[0.553s] [ 25%] Built target example_interfaces__rosidl_typesupport_introspection_cpp
[0.992s] running egg_info
[0.993s] writing example_interfaces.egg-info/PKG-INFO
[1.005s] writing dependency_links to example_interfaces.egg-info/dependency_links.txt
[1.007s] writing top-level names to example_interfaces.egg-info/top_level.txt
[1.016s] reading manifest file 'example_interfaces.egg-info/SOURCES.txt'
[1.019s] writing manifest file 'example_interfaces.egg-info/SOURCES.txt'
[1.145s] [ 25%] Built target ament_cmake_python_build_example_interfaces_egg
[1.652s] [ 37%] Built target example_interfaces__rosidl_typesupport_cpp
[1.725s] [ 49%] Built target example_interfaces__rosidl_generator_c
[1.806s] [ 62%] Built target example_interfaces__rosidl_typesupport_fastrtps_c
[1.861s] [ 74%] Built target example_interfaces__rosidl_typesupport_c
[1.932s] [ 87%] Built target example_interfaces__rosidl_typesupport_introspection_c
[2.012s] [ 87%] Built target example_interfaces
[2.024s] gmake[2]: *** wait: No child processes.  Stop.
[2.024s] gmake[2]: *** Waiting for unfinished jobs....
[2.024s] gmake[2]: *** wait: No child processes.  Stop.
[2.043s] gmake[1]: *** [CMakeFiles/Makefile2:589: example_interfaces__py/CMakeFiles/example_interfaces__py.dir/all] Error 2
[2.048s] gmake: *** [Makefile:146: all] Interrupt
[2.056s] Invoked command in '/home/robotica/Documents/Taller1/taller1_ws/build/example_interfaces' returned '-2': CMAKE_PREFIX_PATH=${CMAKE_PREFIX_PATH}:/home/robotica/Documents/Taller1/taller1_ws/install/turtle_bot_12:/home/robotica/Documents/Taller1/taller1_ws/install/paquete_scr_servicios:/opt/ros/humble /usr/bin/cmake --build /home/robotica/Documents/Taller1/taller1_ws/build/example_interfaces -- -j4 -l4
