[1.455s] Invoking command in '/home/robotica/Documents/Taller1/taller1_ws/build/turtle_bot_srv_12': CMAKE_PREFIX_PATH=${CMAKE_PREFIX_PATH}:/home/robotica/Documents/Taller1/taller1_ws/install/turtle_bot_12:/home/robotica/Documents/Taller1/taller1_ws/install/paquete_scr_servicios:/opt/ros/humble /usr/bin/cmake /home/robotica/Documents/Taller1/taller1_ws/src/turtle_bot_srv_12 -DCMAKE_INSTALL_PREFIX=/home/robotica/Documents/Taller1/taller1_ws/install/turtle_bot_srv_12
[1.470s] -- Found ament_cmake: 1.3.3 (/opt/ros/humble/share/ament_cmake/cmake)
[2.008s] -- Found rosidl_default_generators: 1.2.0 (/opt/ros/humble/share/rosidl_default_generators/cmake)
[2.014s] -- Using all available rosidl_typesupport_c: rosidl_typesupport_fastrtps_c;rosidl_typesupport_introspection_c
[2.025s] -- Found rosidl_adapter: 3.1.4 (/opt/ros/humble/share/rosidl_adapter/cmake)
[2.126s] -- Using all available rosidl_typesupport_cpp: rosidl_typesupport_fastrtps_cpp;rosidl_typesupport_introspection_cpp
[3.210s] -- Found ament_cmake_ros: 0.10.0 (/opt/ros/humble/share/ament_cmake_ros/cmake)
[4.018s] -- Using all available rosidl_typesupport_c: rosidl_typesupport_fastrtps_c;rosidl_typesupport_introspection_c
[5.012s] -- Using all available rosidl_typesupport_cpp: rosidl_typesupport_fastrtps_cpp;rosidl_typesupport_introspection_cpp
[5.108s] -- Found python_cmake_module: 0.10.0 (/opt/ros/humble/share/python_cmake_module/cmake)
[5.228s] -- Using PYTHON_EXECUTABLE: /usr/bin/python3
[5.228s] -- Using PYTHON_INCLUDE_DIRS: /usr/include/python3.10
[5.228s] -- Using PYTHON_LIBRARIES: /usr/lib/x86_64-linux-gnu/libpython3.10.so
[5.313s] -- Found ament_lint_auto: 0.12.4 (/opt/ros/humble/share/ament_lint_auto/cmake)
[5.358s] -- Added test 'lint_cmake' to check CMake code style
[5.361s] -- Added test 'xmllint' to check XML markup files
[5.365s] [31mCMake Error at /opt/ros/humble/share/ament_cmake_export_dependencies/cmake/ament_export_dependencies.cmake:29 (message):
[5.366s]   ament_export_dependencies() must be called before ament_package()
[5.367s] Call Stack (most recent call first):
[5.368s]   CMakeLists.txt:40 (ament_export_dependencies)
[5.368s] 
[5.368s] [0m
[5.368s] -- Configuring incomplete, errors occurred!
[5.368s] See also "/home/robotica/Documents/Taller1/taller1_ws/build/turtle_bot_srv_12/CMakeFiles/CMakeOutput.log".
[5.513s] Invoked command in '/home/robotica/Documents/Taller1/taller1_ws/build/turtle_bot_srv_12' returned '1': CMAKE_PREFIX_PATH=${CMAKE_PREFIX_PATH}:/home/robotica/Documents/Taller1/taller1_ws/install/turtle_bot_12:/home/robotica/Documents/Taller1/taller1_ws/install/paquete_scr_servicios:/opt/ros/humble /usr/bin/cmake /home/robotica/Documents/Taller1/taller1_ws/src/turtle_bot_srv_12 -DCMAKE_INSTALL_PREFIX=/home/robotica/Documents/Taller1/taller1_ws/install/turtle_bot_srv_12
