[0.712s] DEBUG:colcon:Command line arguments: ['/usr/bin/colcon', 'build']
[0.712s] DEBUG:colcon:Parsed command line arguments: Namespace(log_base=None, log_level=None, verb_name='build', build_base='build', install_base='install', merge_install=False, symlink_install=False, test_result_base=None, continue_on_error=False, executor='parallel', parallel_workers=4, event_handlers=None, ignore_user_meta=False, metas=['./colcon.meta'], base_paths=['.'], packages_ignore=None, packages_ignore_regex=None, paths=None, packages_up_to=None, packages_up_to_regex=None, packages_above=None, packages_above_and_dependencies=None, packages_above_depth=None, packages_select_by_dep=None, packages_skip_by_dep=None, packages_skip_up_to=None, packages_select_build_failed=False, packages_skip_build_finished=False, packages_select_test_failures=False, packages_skip_test_passed=False, packages_select=None, packages_skip=None, packages_select_regex=None, packages_skip_regex=None, packages_start=None, packages_end=None, allow_overriding=[], cmake_args=None, cmake_target=None, cmake_target_skip_unavailable=False, cmake_clean_cache=False, cmake_clean_first=False, cmake_force_configure=False, ament_cmake_args=None, catkin_cmake_args=None, catkin_skip_building_tests=False, verb_parser=<colcon_defaults.argument_parser.defaults.DefaultArgumentsDecorator object at 0x7fc0c2633a00>, verb_extension=<colcon_core.verb.build.BuildVerb object at 0x7fc0c277feb0>, main=<bound method BuildVerb.main of <colcon_core.verb.build.BuildVerb object at 0x7fc0c277feb0>>)
[0.758s] Level 1:colcon.colcon_core.package_discovery:discover_packages(colcon_meta) check parameters
[0.758s] Level 1:colcon.colcon_core.package_discovery:discover_packages(recursive) check parameters
[0.759s] Level 1:colcon.colcon_core.package_discovery:discover_packages(ignore) check parameters
[0.759s] Level 1:colcon.colcon_core.package_discovery:discover_packages(path) check parameters
[0.759s] Level 1:colcon.colcon_core.package_discovery:discover_packages(colcon_meta) discover
[0.759s] Level 1:colcon.colcon_core.package_discovery:discover_packages(recursive) discover
[0.759s] INFO:colcon.colcon_core.package_discovery:Crawling recursively for packages in '/home/robotica/Documents/Taller1/taller1_ws'
[0.759s] Level 1:colcon.colcon_core.package_identification:_identify(.) by extensions ['ignore', 'ignore_ament_install']
[0.759s] Level 1:colcon.colcon_core.package_identification:_identify(.) by extension 'ignore'
[0.759s] Level 1:colcon.colcon_core.package_identification:_identify(.) by extension 'ignore_ament_install'
[0.760s] Level 1:colcon.colcon_core.package_identification:_identify(.) by extensions ['colcon_pkg']
[0.760s] Level 1:colcon.colcon_core.package_identification:_identify(.) by extension 'colcon_pkg'
[0.760s] Level 1:colcon.colcon_core.package_identification:_identify(.) by extensions ['colcon_meta']
[0.760s] Level 1:colcon.colcon_core.package_identification:_identify(.) by extension 'colcon_meta'
[0.760s] Level 1:colcon.colcon_core.package_identification:_identify(.) by extensions ['ros']
[0.760s] Level 1:colcon.colcon_core.package_identification:_identify(.) by extension 'ros'
[0.819s] Level 1:colcon.colcon_core.package_identification:_identify(.) by extensions ['cmake', 'python']
[0.820s] Level 1:colcon.colcon_core.package_identification:_identify(.) by extension 'cmake'
[0.820s] Level 1:colcon.colcon_core.package_identification:_identify(.) by extension 'python'
[0.820s] Level 1:colcon.colcon_core.package_identification:_identify(.) by extensions ['python_setup_py']
[0.820s] Level 1:colcon.colcon_core.package_identification:_identify(.) by extension 'python_setup_py'
[0.821s] Level 1:colcon.colcon_core.package_identification:_identify(build) by extensions ['ignore', 'ignore_ament_install']
[0.821s] Level 1:colcon.colcon_core.package_identification:_identify(build) by extension 'ignore'
[0.822s] Level 1:colcon.colcon_core.package_identification:_identify(build) ignored
[0.822s] Level 1:colcon.colcon_core.package_identification:_identify(install) by extensions ['ignore', 'ignore_ament_install']
[0.822s] Level 1:colcon.colcon_core.package_identification:_identify(install) by extension 'ignore'
[0.823s] Level 1:colcon.colcon_core.package_identification:_identify(install) ignored
[0.824s] Level 1:colcon.colcon_core.package_identification:_identify(log) by extensions ['ignore', 'ignore_ament_install']
[0.824s] Level 1:colcon.colcon_core.package_identification:_identify(log) by extension 'ignore'
[0.824s] Level 1:colcon.colcon_core.package_identification:_identify(log) ignored
[0.825s] Level 1:colcon.colcon_core.package_identification:_identify(src) by extensions ['ignore', 'ignore_ament_install']
[0.825s] Level 1:colcon.colcon_core.package_identification:_identify(src) by extension 'ignore'
[0.825s] Level 1:colcon.colcon_core.package_identification:_identify(src) by extension 'ignore_ament_install'
[0.825s] Level 1:colcon.colcon_core.package_identification:_identify(src) by extensions ['colcon_pkg']
[0.826s] Level 1:colcon.colcon_core.package_identification:_identify(src) by extension 'colcon_pkg'
[0.826s] Level 1:colcon.colcon_core.package_identification:_identify(src) by extensions ['colcon_meta']
[0.826s] Level 1:colcon.colcon_core.package_identification:_identify(src) by extension 'colcon_meta'
[0.826s] Level 1:colcon.colcon_core.package_identification:_identify(src) by extensions ['ros']
[0.826s] Level 1:colcon.colcon_core.package_identification:_identify(src) by extension 'ros'
[0.826s] Level 1:colcon.colcon_core.package_identification:_identify(src) by extensions ['cmake', 'python']
[0.826s] Level 1:colcon.colcon_core.package_identification:_identify(src) by extension 'cmake'
[0.827s] Level 1:colcon.colcon_core.package_identification:_identify(src) by extension 'python'
[0.827s] Level 1:colcon.colcon_core.package_identification:_identify(src) by extensions ['python_setup_py']
[0.827s] Level 1:colcon.colcon_core.package_identification:_identify(src) by extension 'python_setup_py'
[0.827s] Level 1:colcon.colcon_core.package_identification:_identify(src/build) by extensions ['ignore', 'ignore_ament_install']
[0.827s] Level 1:colcon.colcon_core.package_identification:_identify(src/build) by extension 'ignore'
[0.827s] Level 1:colcon.colcon_core.package_identification:_identify(src/build) ignored
[0.828s] Level 1:colcon.colcon_core.package_identification:_identify(src/install) by extensions ['ignore', 'ignore_ament_install']
[0.828s] Level 1:colcon.colcon_core.package_identification:_identify(src/install) by extension 'ignore'
[0.828s] Level 1:colcon.colcon_core.package_identification:_identify(src/install) ignored
[0.829s] Level 1:colcon.colcon_core.package_identification:_identify(src/log) by extensions ['ignore', 'ignore_ament_install']
[0.829s] Level 1:colcon.colcon_core.package_identification:_identify(src/log) by extension 'ignore'
[0.829s] Level 1:colcon.colcon_core.package_identification:_identify(src/log) ignored
[0.830s] Level 1:colcon.colcon_core.package_identification:_identify(src/turtle_bot_12) by extensions ['ignore', 'ignore_ament_install']
[0.830s] Level 1:colcon.colcon_core.package_identification:_identify(src/turtle_bot_12) by extension 'ignore'
[0.830s] Level 1:colcon.colcon_core.package_identification:_identify(src/turtle_bot_12) by extension 'ignore_ament_install'
[0.830s] Level 1:colcon.colcon_core.package_identification:_identify(src/turtle_bot_12) by extensions ['colcon_pkg']
[0.831s] Level 1:colcon.colcon_core.package_identification:_identify(src/turtle_bot_12) by extension 'colcon_pkg'
[0.831s] Level 1:colcon.colcon_core.package_identification:_identify(src/turtle_bot_12) by extensions ['colcon_meta']
[0.831s] Level 1:colcon.colcon_core.package_identification:_identify(src/turtle_bot_12) by extension 'colcon_meta'
[0.831s] Level 1:colcon.colcon_core.package_identification:_identify(src/turtle_bot_12) by extensions ['ros']
[0.831s] Level 1:colcon.colcon_core.package_identification:_identify(src/turtle_bot_12) by extension 'ros'
[0.839s] DEBUG:colcon.colcon_core.package_identification:Package 'src/turtle_bot_12' with type 'ros.ament_python' and name 'turtle_bot_12'
[0.839s] Level 1:colcon.colcon_core.package_discovery:discover_packages(recursive) using defaults
[0.840s] Level 1:colcon.colcon_core.package_discovery:discover_packages(ignore) discover
[0.841s] Level 1:colcon.colcon_core.package_discovery:discover_packages(ignore) using defaults
[0.841s] Level 1:colcon.colcon_core.package_discovery:discover_packages(path) discover
[0.841s] Level 1:colcon.colcon_core.package_discovery:discover_packages(path) using defaults
[0.927s] Level 1:colcon.colcon_core.package_discovery:discover_packages(prefix_path) check parameters
[0.927s] Level 1:colcon.colcon_core.package_discovery:discover_packages(prefix_path) discover
[0.934s] DEBUG:colcon.colcon_installed_package_information.package_discovery:Found 1 installed packages in /home/robotica/Documents/Taller1/taller1_ws/install
[0.939s] DEBUG:colcon.colcon_installed_package_information.package_discovery:Found 284 installed packages in /opt/ros/humble
[0.942s] Level 1:colcon.colcon_core.package_discovery:discover_packages(prefix_path) using defaults
[1.077s] Level 5:colcon.colcon_core.verb:set package 'turtle_bot_12' build argument 'cmake_args' from command line to 'None'
[1.077s] Level 5:colcon.colcon_core.verb:set package 'turtle_bot_12' build argument 'cmake_target' from command line to 'None'
[1.077s] Level 5:colcon.colcon_core.verb:set package 'turtle_bot_12' build argument 'cmake_target_skip_unavailable' from command line to 'False'
[1.077s] Level 5:colcon.colcon_core.verb:set package 'turtle_bot_12' build argument 'cmake_clean_cache' from command line to 'False'
[1.078s] Level 5:colcon.colcon_core.verb:set package 'turtle_bot_12' build argument 'cmake_clean_first' from command line to 'False'
[1.078s] Level 5:colcon.colcon_core.verb:set package 'turtle_bot_12' build argument 'cmake_force_configure' from command line to 'False'
[1.078s] Level 5:colcon.colcon_core.verb:set package 'turtle_bot_12' build argument 'ament_cmake_args' from command line to 'None'
[1.078s] Level 5:colcon.colcon_core.verb:set package 'turtle_bot_12' build argument 'catkin_cmake_args' from command line to 'None'
[1.078s] Level 5:colcon.colcon_core.verb:set package 'turtle_bot_12' build argument 'catkin_skip_building_tests' from command line to 'False'
[1.078s] DEBUG:colcon.colcon_core.verb:Building package 'turtle_bot_12' with the following arguments: {'ament_cmake_args': None, 'build_base': '/home/robotica/Documents/Taller1/taller1_ws/build/turtle_bot_12', 'catkin_cmake_args': None, 'catkin_skip_building_tests': False, 'cmake_args': None, 'cmake_clean_cache': False, 'cmake_clean_first': False, 'cmake_force_configure': False, 'cmake_target': None, 'cmake_target_skip_unavailable': False, 'install_base': '/home/robotica/Documents/Taller1/taller1_ws/install/turtle_bot_12', 'merge_install': False, 'path': '/home/robotica/Documents/Taller1/taller1_ws/src/turtle_bot_12', 'symlink_install': False, 'test_result_base': None}
[1.079s] INFO:colcon.colcon_core.executor:Executing jobs using 'parallel' executor
[1.088s] DEBUG:colcon.colcon_parallel_executor.executor.parallel:run_until_complete
[1.089s] INFO:colcon.colcon_ros.task.ament_python.build:Building ROS package in '/home/robotica/Documents/Taller1/taller1_ws/src/turtle_bot_12' with build type 'ament_python'
[1.090s] Level 1:colcon.colcon_core.shell:create_environment_hook('turtle_bot_12', 'ament_prefix_path')
[1.105s] INFO:colcon.colcon_core.plugin_system:Skipping extension 'colcon_core.shell.bat': Not used on non-Windows systems
[1.106s] INFO:colcon.colcon_core.shell:Creating environment hook '/home/robotica/Documents/Taller1/taller1_ws/install/turtle_bot_12/share/turtle_bot_12/hook/ament_prefix_path.ps1'
[1.109s] INFO:colcon.colcon_core.shell:Creating environment descriptor '/home/robotica/Documents/Taller1/taller1_ws/install/turtle_bot_12/share/turtle_bot_12/hook/ament_prefix_path.dsv'
[1.113s] INFO:colcon.colcon_core.shell:Creating environment hook '/home/robotica/Documents/Taller1/taller1_ws/install/turtle_bot_12/share/turtle_bot_12/hook/ament_prefix_path.sh'
[1.120s] INFO:colcon.colcon_core.shell:Skip shell extension 'powershell' for command environment: Not usable outside of PowerShell
[1.121s] DEBUG:colcon.colcon_core.shell:Skip shell extension 'dsv' for command environment
[2.171s] INFO:colcon.colcon_core.task.python.build:Building Python package in '/home/robotica/Documents/Taller1/taller1_ws/src/turtle_bot_12'
[2.178s] INFO:colcon.colcon_core.shell:Skip shell extension 'powershell' for command environment: Not usable outside of PowerShell
[2.179s] DEBUG:colcon.colcon_core.shell:Skip shell extension 'dsv' for command environment
[3.211s] DEBUG:colcon.colcon_core.event_handler.log_command:Invoking command in '/home/robotica/Documents/Taller1/taller1_ws/src/turtle_bot_12': PYTHONPATH=/home/robotica/Documents/Taller1/taller1_ws/build/turtle_bot_12/prefix_override:/home/robotica/Documents/Taller1/taller1_ws/install/turtle_bot_12/lib/python3.10/site-packages:${PYTHONPATH} /usr/bin/python3 setup.py egg_info --egg-base ../../build/turtle_bot_12 build --build-base /home/robotica/Documents/Taller1/taller1_ws/build/turtle_bot_12/build install --record /home/robotica/Documents/Taller1/taller1_ws/build/turtle_bot_12/install.log --single-version-externally-managed
[4.076s] DEBUG:colcon.colcon_core.event_handler.log_command:Invoked command in '/home/robotica/Documents/Taller1/taller1_ws/src/turtle_bot_12' returned '0': PYTHONPATH=/home/robotica/Documents/Taller1/taller1_ws/build/turtle_bot_12/prefix_override:/home/robotica/Documents/Taller1/taller1_ws/install/turtle_bot_12/lib/python3.10/site-packages:${PYTHONPATH} /usr/bin/python3 setup.py egg_info --egg-base ../../build/turtle_bot_12 build --build-base /home/robotica/Documents/Taller1/taller1_ws/build/turtle_bot_12/build install --record /home/robotica/Documents/Taller1/taller1_ws/build/turtle_bot_12/install.log --single-version-externally-managed
[4.092s] Level 1:colcon.colcon_core.environment:checking '/home/robotica/Documents/Taller1/taller1_ws/install/turtle_bot_12' for CMake module files
[4.093s] Level 1:colcon.colcon_core.environment:checking '/home/robotica/Documents/Taller1/taller1_ws/install/turtle_bot_12' for CMake config files
[4.094s] Level 1:colcon.colcon_core.environment:checking '/home/robotica/Documents/Taller1/taller1_ws/install/turtle_bot_12/lib'
[4.095s] Level 1:colcon.colcon_core.environment:checking '/home/robotica/Documents/Taller1/taller1_ws/install/turtle_bot_12/bin'
[4.095s] Level 1:colcon.colcon_core.environment:checking '/home/robotica/Documents/Taller1/taller1_ws/install/turtle_bot_12/lib/pkgconfig/turtle_bot_12.pc'
[4.096s] Level 1:colcon.colcon_core.environment:checking '/home/robotica/Documents/Taller1/taller1_ws/install/turtle_bot_12/lib/python3.10/site-packages'
[4.096s] Level 1:colcon.colcon_core.shell:create_environment_hook('turtle_bot_12', 'pythonpath')
[4.101s] INFO:colcon.colcon_core.shell:Creating environment hook '/home/robotica/Documents/Taller1/taller1_ws/install/turtle_bot_12/share/turtle_bot_12/hook/pythonpath.ps1'
[4.103s] INFO:colcon.colcon_core.shell:Creating environment descriptor '/home/robotica/Documents/Taller1/taller1_ws/install/turtle_bot_12/share/turtle_bot_12/hook/pythonpath.dsv'
[4.105s] INFO:colcon.colcon_core.shell:Creating environment hook '/home/robotica/Documents/Taller1/taller1_ws/install/turtle_bot_12/share/turtle_bot_12/hook/pythonpath.sh'
[4.107s] Level 1:colcon.colcon_core.environment:checking '/home/robotica/Documents/Taller1/taller1_ws/install/turtle_bot_12/bin'
[4.107s] Level 1:colcon.colcon_core.environment:create_environment_scripts_only(turtle_bot_12)
[4.110s] INFO:colcon.colcon_core.shell:Creating package script '/home/robotica/Documents/Taller1/taller1_ws/install/turtle_bot_12/share/turtle_bot_12/package.ps1'
[4.119s] INFO:colcon.colcon_core.shell:Creating package descriptor '/home/robotica/Documents/Taller1/taller1_ws/install/turtle_bot_12/share/turtle_bot_12/package.dsv'
[4.122s] INFO:colcon.colcon_core.shell:Creating package script '/home/robotica/Documents/Taller1/taller1_ws/install/turtle_bot_12/share/turtle_bot_12/package.sh'
[4.127s] INFO:colcon.colcon_core.shell:Creating package script '/home/robotica/Documents/Taller1/taller1_ws/install/turtle_bot_12/share/turtle_bot_12/package.bash'
[4.130s] INFO:colcon.colcon_core.shell:Creating package script '/home/robotica/Documents/Taller1/taller1_ws/install/turtle_bot_12/share/turtle_bot_12/package.zsh'
[4.133s] Level 1:colcon.colcon_core.environment:create_file_with_runtime_dependencies(/home/robotica/Documents/Taller1/taller1_ws/install/turtle_bot_12/share/colcon-core/packages/turtle_bot_12)
[4.135s] DEBUG:colcon.colcon_parallel_executor.executor.parallel:closing loop
[4.136s] DEBUG:colcon.colcon_parallel_executor.executor.parallel:loop closed
[4.136s] DEBUG:colcon.colcon_parallel_executor.executor.parallel:run_until_complete finished with '0'
[4.136s] DEBUG:colcon.colcon_core.event_reactor:joining thread
[4.147s] INFO:colcon.colcon_core.plugin_system:Skipping extension 'colcon_notification.desktop_notification.terminal_notifier': Not used on non-Darwin systems
[4.148s] INFO:colcon.colcon_core.plugin_system:Skipping extension 'colcon_notification.desktop_notification.win32': Not used on non-Windows systems
[4.148s] INFO:colcon.colcon_notification.desktop_notification:Sending desktop notification using 'notify2'
[4.208s] DEBUG:colcon.colcon_core.event_reactor:joined thread
[4.211s] INFO:colcon.colcon_core.shell:Creating prefix script '/home/robotica/Documents/Taller1/taller1_ws/install/local_setup.ps1'
[4.215s] INFO:colcon.colcon_core.shell:Creating prefix util module '/home/robotica/Documents/Taller1/taller1_ws/install/_local_setup_util_ps1.py'
[4.219s] INFO:colcon.colcon_core.shell:Creating prefix chain script '/home/robotica/Documents/Taller1/taller1_ws/install/setup.ps1'
[4.222s] INFO:colcon.colcon_core.shell:Creating prefix script '/home/robotica/Documents/Taller1/taller1_ws/install/local_setup.sh'
[4.224s] INFO:colcon.colcon_core.shell:Creating prefix util module '/home/robotica/Documents/Taller1/taller1_ws/install/_local_setup_util_sh.py'
[4.226s] INFO:colcon.colcon_core.shell:Creating prefix chain script '/home/robotica/Documents/Taller1/taller1_ws/install/setup.sh'
[4.229s] INFO:colcon.colcon_core.shell:Creating prefix script '/home/robotica/Documents/Taller1/taller1_ws/install/local_setup.bash'
[4.230s] INFO:colcon.colcon_core.shell:Creating prefix chain script '/home/robotica/Documents/Taller1/taller1_ws/install/setup.bash'
[4.233s] INFO:colcon.colcon_core.shell:Creating prefix script '/home/robotica/Documents/Taller1/taller1_ws/install/local_setup.zsh'
[4.235s] INFO:colcon.colcon_core.shell:Creating prefix chain script '/home/robotica/Documents/Taller1/taller1_ws/install/setup.zsh'
