[1.229s] Invoking command in '/home/robotica/Documents/Taller1/taller1_ws/src/turtle_bot_12': PYTHONPATH=/home/robotica/Documents/Taller1/taller1_ws/build/turtle_bot_12/prefix_override:/home/robotica/Documents/Taller1/taller1_ws/install/turtle_bot_12/lib/python3.10/site-packages:${PYTHONPATH} /usr/bin/python3 setup.py egg_info --egg-base ../../build/turtle_bot_12 build --build-base /home/robotica/Documents/Taller1/taller1_ws/build/turtle_bot_12/build install --record /home/robotica/Documents/Taller1/taller1_ws/build/turtle_bot_12/install.log --single-version-externally-managed
[1.770s] running egg_info
[1.778s] writing ../../build/turtle_bot_12/turtle_bot_12.egg-info/PKG-INFO
[1.780s] writing dependency_links to ../../build/turtle_bot_12/turtle_bot_12.egg-info/dependency_links.txt
[1.781s] writing entry points to ../../build/turtle_bot_12/turtle_bot_12.egg-info/entry_points.txt
[1.782s] writing requirements to ../../build/turtle_bot_12/turtle_bot_12.egg-info/requires.txt
[1.785s] writing top-level names to ../../build/turtle_bot_12/turtle_bot_12.egg-info/top_level.txt
[1.787s] reading manifest file '../../build/turtle_bot_12/turtle_bot_12.egg-info/SOURCES.txt'
[1.788s] writing manifest file '../../build/turtle_bot_12/turtle_bot_12.egg-info/SOURCES.txt'
[1.793s] running build
[1.793s] running build_py
[1.794s] copying turtle_bot_12/turtle_bot_teleop.py -> /home/robotica/Documents/Taller1/taller1_ws/build/turtle_bot_12/build/lib/turtle_bot_12
[1.794s] running install
[1.794s] /usr/lib/python3/dist-packages/setuptools/command/install.py:34: SetuptoolsDeprecationWarning: setup.py install is deprecated. Use build and pip and other standards-based tools.
[1.795s]   warnings.warn(
[1.795s] running install_lib
[1.795s] copying /home/robotica/Documents/Taller1/taller1_ws/build/turtle_bot_12/build/lib/turtle_bot_12/turtle_bot_teleop.py -> /home/robotica/Documents/Taller1/taller1_ws/install/turtle_bot_12/lib/python3.10/site-packages/turtle_bot_12
[1.795s] byte-compiling /home/robotica/Documents/Taller1/taller1_ws/install/turtle_bot_12/lib/python3.10/site-packages/turtle_bot_12/turtle_bot_teleop.py to turtle_bot_teleop.cpython-310.pyc
[1.797s] running install_data
[1.803s] running install_egg_info
[1.803s] removing '/home/robotica/Documents/Taller1/taller1_ws/install/turtle_bot_12/lib/python3.10/site-packages/turtle_bot_12-0.0.0-py3.10.egg-info' (and everything under it)
[1.810s] Copying ../../build/turtle_bot_12/turtle_bot_12.egg-info to /home/robotica/Documents/Taller1/taller1_ws/install/turtle_bot_12/lib/python3.10/site-packages/turtle_bot_12-0.0.0-py3.10.egg-info
[1.819s] running install_scripts
[1.861s] Installing turtle_bot_interface script to /home/robotica/Documents/Taller1/taller1_ws/install/turtle_bot_12/lib/turtle_bot_12
[1.862s] Installing turtle_bot_player script to /home/robotica/Documents/Taller1/taller1_ws/install/turtle_bot_12/lib/turtle_bot_12
[1.862s] Installing turtle_bot_teleop script to /home/robotica/Documents/Taller1/taller1_ws/install/turtle_bot_12/lib/turtle_bot_12
[1.863s] writing list of installed files to '/home/robotica/Documents/Taller1/taller1_ws/build/turtle_bot_12/install.log'
[1.929s] Invoked command in '/home/robotica/Documents/Taller1/taller1_ws/src/turtle_bot_12' returned '0': PYTHONPATH=/home/robotica/Documents/Taller1/taller1_ws/build/turtle_bot_12/prefix_override:/home/robotica/Documents/Taller1/taller1_ws/install/turtle_bot_12/lib/python3.10/site-packages:${PYTHONPATH} /usr/bin/python3 setup.py egg_info --egg-base ../../build/turtle_bot_12 build --build-base /home/robotica/Documents/Taller1/taller1_ws/build/turtle_bot_12/build install --record /home/robotica/Documents/Taller1/taller1_ws/build/turtle_bot_12/install.log --single-version-externally-managed
