[0.497s] DEBUG:colcon:Command line arguments: ['/usr/bin/colcon', 'build']
[0.497s] DEBUG:colcon:Parsed command line arguments: Namespace(log_base=None, log_level=None, verb_name='build', build_base='build', install_base='install', merge_install=False, symlink_install=False, test_result_base=None, continue_on_error=False, executor='parallel', parallel_workers=8, event_handlers=None, ignore_user_meta=False, metas=['./colcon.meta'], base_paths=['.'], packages_ignore=None, packages_ignore_regex=None, paths=None, packages_up_to=None, packages_up_to_regex=None, packages_above=None, packages_above_and_dependencies=None, packages_above_depth=None, packages_select_by_dep=None, packages_skip_by_dep=None, packages_skip_up_to=None, packages_select_build_failed=False, packages_skip_build_finished=False, packages_select_test_failures=False, packages_skip_test_passed=False, packages_select=None, packages_skip=None, packages_select_regex=None, packages_skip_regex=None, packages_start=None, packages_end=None, allow_overriding=[], cmake_args=None, cmake_target=None, cmake_target_skip_unavailable=False, cmake_clean_cache=False, cmake_clean_first=False, cmake_force_configure=False, ament_cmake_args=None, catkin_cmake_args=None, catkin_skip_building_tests=False, verb_parser=<colcon_defaults.argument_parser.defaults.DefaultArgumentsDecorator object at 0x7f797bd20d60>, verb_extension=<colcon_core.verb.build.BuildVerb object at 0x7f797c705480>, main=<bound method BuildVerb.main of <colcon_core.verb.build.BuildVerb object at 0x7f797c705480>>)
[0.536s] Level 1:colcon.colcon_core.package_discovery:discover_packages(colcon_meta) check parameters
[0.536s] Level 1:colcon.colcon_core.package_discovery:discover_packages(recursive) check parameters
[0.536s] Level 1:colcon.colcon_core.package_discovery:discover_packages(ignore) check parameters
[0.536s] Level 1:colcon.colcon_core.package_discovery:discover_packages(path) check parameters
[0.536s] Level 1:colcon.colcon_core.package_discovery:discover_packages(colcon_meta) discover
[0.537s] Level 1:colcon.colcon_core.package_discovery:discover_packages(recursive) discover
[0.537s] INFO:colcon.colcon_core.package_discovery:Crawling recursively for packages in '/home/sebastian/Uniandes202310/Robotica/Taller1/taller1_ws'
[0.537s] Level 1:colcon.colcon_core.package_identification:_identify(.) by extensions ['ignore', 'ignore_ament_install']
[0.537s] Level 1:colcon.colcon_core.package_identification:_identify(.) by extension 'ignore'
[0.537s] Level 1:colcon.colcon_core.package_identification:_identify(.) by extension 'ignore_ament_install'
[0.537s] Level 1:colcon.colcon_core.package_identification:_identify(.) by extensions ['colcon_pkg']
[0.537s] Level 1:colcon.colcon_core.package_identification:_identify(.) by extension 'colcon_pkg'
[0.537s] Level 1:colcon.colcon_core.package_identification:_identify(.) by extensions ['colcon_meta']
[0.537s] Level 1:colcon.colcon_core.package_identification:_identify(.) by extension 'colcon_meta'
[0.538s] Level 1:colcon.colcon_core.package_identification:_identify(.) by extensions ['ros']
[0.538s] Level 1:colcon.colcon_core.package_identification:_identify(.) by extension 'ros'
[0.556s] Level 1:colcon.colcon_core.package_identification:_identify(.) by extensions ['cmake', 'python']
[0.556s] Level 1:colcon.colcon_core.package_identification:_identify(.) by extension 'cmake'
[0.556s] Level 1:colcon.colcon_core.package_identification:_identify(.) by extension 'python'
[0.556s] Level 1:colcon.colcon_core.package_identification:_identify(.) by extensions ['python_setup_py']
[0.556s] Level 1:colcon.colcon_core.package_identification:_identify(.) by extension 'python_setup_py'
[0.556s] Level 1:colcon.colcon_core.package_identification:_identify(build) by extensions ['ignore', 'ignore_ament_install']
[0.557s] Level 1:colcon.colcon_core.package_identification:_identify(build) by extension 'ignore'
[0.557s] Level 1:colcon.colcon_core.package_identification:_identify(build) ignored
[0.557s] Level 1:colcon.colcon_core.package_identification:_identify(install) by extensions ['ignore', 'ignore_ament_install']
[0.557s] Level 1:colcon.colcon_core.package_identification:_identify(install) by extension 'ignore'
[0.557s] Level 1:colcon.colcon_core.package_identification:_identify(install) ignored
[0.557s] Level 1:colcon.colcon_core.package_identification:_identify(log) by extensions ['ignore', 'ignore_ament_install']
[0.557s] Level 1:colcon.colcon_core.package_identification:_identify(log) by extension 'ignore'
[0.558s] Level 1:colcon.colcon_core.package_identification:_identify(log) ignored
[0.558s] Level 1:colcon.colcon_core.package_identification:_identify(src) by extensions ['ignore', 'ignore_ament_install']
[0.558s] Level 1:colcon.colcon_core.package_identification:_identify(src) by extension 'ignore'
[0.558s] Level 1:colcon.colcon_core.package_identification:_identify(src) by extension 'ignore_ament_install'
[0.558s] Level 1:colcon.colcon_core.package_identification:_identify(src) by extensions ['colcon_pkg']
[0.558s] Level 1:colcon.colcon_core.package_identification:_identify(src) by extension 'colcon_pkg'
[0.558s] Level 1:colcon.colcon_core.package_identification:_identify(src) by extensions ['colcon_meta']
[0.558s] Level 1:colcon.colcon_core.package_identification:_identify(src) by extension 'colcon_meta'
[0.558s] Level 1:colcon.colcon_core.package_identification:_identify(src) by extensions ['ros']
[0.558s] Level 1:colcon.colcon_core.package_identification:_identify(src) by extension 'ros'
[0.559s] Level 1:colcon.colcon_core.package_identification:_identify(src) by extensions ['cmake', 'python']
[0.559s] Level 1:colcon.colcon_core.package_identification:_identify(src) by extension 'cmake'
[0.559s] Level 1:colcon.colcon_core.package_identification:_identify(src) by extension 'python'
[0.559s] Level 1:colcon.colcon_core.package_identification:_identify(src) by extensions ['python_setup_py']
[0.559s] Level 1:colcon.colcon_core.package_identification:_identify(src) by extension 'python_setup_py'
[0.559s] Level 1:colcon.colcon_core.package_identification:_identify(src/turtle_bot_12) by extensions ['ignore', 'ignore_ament_install']
[0.559s] Level 1:colcon.colcon_core.package_identification:_identify(src/turtle_bot_12) by extension 'ignore'
[0.559s] Level 1:colcon.colcon_core.package_identification:_identify(src/turtle_bot_12) by extension 'ignore_ament_install'
[0.559s] Level 1:colcon.colcon_core.package_identification:_identify(src/turtle_bot_12) by extensions ['colcon_pkg']
[0.560s] Level 1:colcon.colcon_core.package_identification:_identify(src/turtle_bot_12) by extension 'colcon_pkg'
[0.560s] Level 1:colcon.colcon_core.package_identification:_identify(src/turtle_bot_12) by extensions ['colcon_meta']
[0.560s] Level 1:colcon.colcon_core.package_identification:_identify(src/turtle_bot_12) by extension 'colcon_meta'
[0.560s] Level 1:colcon.colcon_core.package_identification:_identify(src/turtle_bot_12) by extensions ['ros']
[0.560s] Level 1:colcon.colcon_core.package_identification:_identify(src/turtle_bot_12) by extension 'ros'
[0.566s] DEBUG:colcon.colcon_core.package_identification:Package 'src/turtle_bot_12' with type 'ros.ament_python' and name 'turtle_bot_12'
[0.566s] Level 1:colcon.colcon_core.package_identification:_identify(src/turtle_bot_srv_12) by extensions ['ignore', 'ignore_ament_install']
[0.566s] Level 1:colcon.colcon_core.package_identification:_identify(src/turtle_bot_srv_12) by extension 'ignore'
[0.567s] Level 1:colcon.colcon_core.package_identification:_identify(src/turtle_bot_srv_12) by extension 'ignore_ament_install'
[0.567s] Level 1:colcon.colcon_core.package_identification:_identify(src/turtle_bot_srv_12) by extensions ['colcon_pkg']
[0.567s] Level 1:colcon.colcon_core.package_identification:_identify(src/turtle_bot_srv_12) by extension 'colcon_pkg'
[0.567s] Level 1:colcon.colcon_core.package_identification:_identify(src/turtle_bot_srv_12) by extensions ['colcon_meta']
[0.567s] Level 1:colcon.colcon_core.package_identification:_identify(src/turtle_bot_srv_12) by extension 'colcon_meta'
[0.567s] Level 1:colcon.colcon_core.package_identification:_identify(src/turtle_bot_srv_12) by extensions ['ros']
[0.567s] Level 1:colcon.colcon_core.package_identification:_identify(src/turtle_bot_srv_12) by extension 'ros'
[0.568s] DEBUG:colcon.colcon_core.package_identification:Package 'src/turtle_bot_srv_12' with type 'ros.ament_cmake' and name 'turtle_bot_srv_12'
[0.568s] Level 1:colcon.colcon_core.package_discovery:discover_packages(recursive) using defaults
[0.568s] Level 1:colcon.colcon_core.package_discovery:discover_packages(ignore) discover
[0.568s] Level 1:colcon.colcon_core.package_discovery:discover_packages(ignore) using defaults
[0.568s] Level 1:colcon.colcon_core.package_discovery:discover_packages(path) discover
[0.568s] Level 1:colcon.colcon_core.package_discovery:discover_packages(path) using defaults
[0.607s] Level 1:colcon.colcon_core.package_discovery:discover_packages(prefix_path) check parameters
[0.607s] Level 1:colcon.colcon_core.package_discovery:discover_packages(prefix_path) discover
[0.611s] DEBUG:colcon.colcon_installed_package_information.package_discovery:Found 2 installed packages in /home/sebastian/Uniandes202310/Robotica/Taller1/taller1_ws/install
[0.614s] DEBUG:colcon.colcon_installed_package_information.package_discovery:Found 270 installed packages in /opt/ros/humble
[0.616s] Level 1:colcon.colcon_core.package_discovery:discover_packages(prefix_path) using defaults
[0.714s] Level 5:colcon.colcon_core.verb:set package 'turtle_bot_12' build argument 'cmake_args' from command line to 'None'
[0.714s] Level 5:colcon.colcon_core.verb:set package 'turtle_bot_12' build argument 'cmake_target' from command line to 'None'
[0.714s] Level 5:colcon.colcon_core.verb:set package 'turtle_bot_12' build argument 'cmake_target_skip_unavailable' from command line to 'False'
[0.714s] Level 5:colcon.colcon_core.verb:set package 'turtle_bot_12' build argument 'cmake_clean_cache' from command line to 'False'
[0.714s] Level 5:colcon.colcon_core.verb:set package 'turtle_bot_12' build argument 'cmake_clean_first' from command line to 'False'
[0.714s] Level 5:colcon.colcon_core.verb:set package 'turtle_bot_12' build argument 'cmake_force_configure' from command line to 'False'
[0.714s] Level 5:colcon.colcon_core.verb:set package 'turtle_bot_12' build argument 'ament_cmake_args' from command line to 'None'
[0.714s] Level 5:colcon.colcon_core.verb:set package 'turtle_bot_12' build argument 'catkin_cmake_args' from command line to 'None'
[0.714s] Level 5:colcon.colcon_core.verb:set package 'turtle_bot_12' build argument 'catkin_skip_building_tests' from command line to 'False'
[0.714s] DEBUG:colcon.colcon_core.verb:Building package 'turtle_bot_12' with the following arguments: {'ament_cmake_args': None, 'build_base': '/home/sebastian/Uniandes202310/Robotica/Taller1/taller1_ws/build/turtle_bot_12', 'catkin_cmake_args': None, 'catkin_skip_building_tests': False, 'cmake_args': None, 'cmake_clean_cache': False, 'cmake_clean_first': False, 'cmake_force_configure': False, 'cmake_target': None, 'cmake_target_skip_unavailable': False, 'install_base': '/home/sebastian/Uniandes202310/Robotica/Taller1/taller1_ws/install/turtle_bot_12', 'merge_install': False, 'path': '/home/sebastian/Uniandes202310/Robotica/Taller1/taller1_ws/src/turtle_bot_12', 'symlink_install': False, 'test_result_base': None}
[0.716s] Level 5:colcon.colcon_core.verb:set package 'turtle_bot_srv_12' build argument 'cmake_args' from command line to 'None'
[0.717s] Level 5:colcon.colcon_core.verb:set package 'turtle_bot_srv_12' build argument 'cmake_target' from command line to 'None'
[0.717s] Level 5:colcon.colcon_core.verb:set package 'turtle_bot_srv_12' build argument 'cmake_target_skip_unavailable' from command line to 'False'
[0.717s] Level 5:colcon.colcon_core.verb:set package 'turtle_bot_srv_12' build argument 'cmake_clean_cache' from command line to 'False'
[0.717s] Level 5:colcon.colcon_core.verb:set package 'turtle_bot_srv_12' build argument 'cmake_clean_first' from command line to 'False'
[0.717s] Level 5:colcon.colcon_core.verb:set package 'turtle_bot_srv_12' build argument 'cmake_force_configure' from command line to 'False'
[0.717s] Level 5:colcon.colcon_core.verb:set package 'turtle_bot_srv_12' build argument 'ament_cmake_args' from command line to 'None'
[0.717s] Level 5:colcon.colcon_core.verb:set package 'turtle_bot_srv_12' build argument 'catkin_cmake_args' from command line to 'None'
[0.717s] Level 5:colcon.colcon_core.verb:set package 'turtle_bot_srv_12' build argument 'catkin_skip_building_tests' from command line to 'False'
[0.717s] DEBUG:colcon.colcon_core.verb:Building package 'turtle_bot_srv_12' with the following arguments: {'ament_cmake_args': None, 'build_base': '/home/sebastian/Uniandes202310/Robotica/Taller1/taller1_ws/build/turtle_bot_srv_12', 'catkin_cmake_args': None, 'catkin_skip_building_tests': False, 'cmake_args': None, 'cmake_clean_cache': False, 'cmake_clean_first': False, 'cmake_force_configure': False, 'cmake_target': None, 'cmake_target_skip_unavailable': False, 'install_base': '/home/sebastian/Uniandes202310/Robotica/Taller1/taller1_ws/install/turtle_bot_srv_12', 'merge_install': False, 'path': '/home/sebastian/Uniandes202310/Robotica/Taller1/taller1_ws/src/turtle_bot_srv_12', 'symlink_install': False, 'test_result_base': None}
[0.718s] INFO:colcon.colcon_core.executor:Executing jobs using 'parallel' executor
[0.724s] DEBUG:colcon.colcon_parallel_executor.executor.parallel:run_until_complete
[0.725s] INFO:colcon.colcon_ros.task.ament_python.build:Building ROS package in '/home/sebastian/Uniandes202310/Robotica/Taller1/taller1_ws/src/turtle_bot_12' with build type 'ament_python'
[0.725s] Level 1:colcon.colcon_core.shell:create_environment_hook('turtle_bot_12', 'ament_prefix_path')
[0.732s] INFO:colcon.colcon_core.plugin_system:Skipping extension 'colcon_core.shell.bat': Not used on non-Windows systems
[0.732s] INFO:colcon.colcon_core.shell:Creating environment hook '/home/sebastian/Uniandes202310/Robotica/Taller1/taller1_ws/install/turtle_bot_12/share/turtle_bot_12/hook/ament_prefix_path.ps1'
[0.733s] INFO:colcon.colcon_core.shell:Creating environment descriptor '/home/sebastian/Uniandes202310/Robotica/Taller1/taller1_ws/install/turtle_bot_12/share/turtle_bot_12/hook/ament_prefix_path.dsv'
[0.734s] INFO:colcon.colcon_core.shell:Creating environment hook '/home/sebastian/Uniandes202310/Robotica/Taller1/taller1_ws/install/turtle_bot_12/share/turtle_bot_12/hook/ament_prefix_path.sh'
[0.737s] INFO:colcon.colcon_core.shell:Skip shell extension 'powershell' for command environment: Not usable outside of PowerShell
[0.738s] DEBUG:colcon.colcon_core.shell:Skip shell extension 'dsv' for command environment
[0.746s] INFO:colcon.colcon_ros.task.ament_cmake.build:Building ROS package in '/home/sebastian/Uniandes202310/Robotica/Taller1/taller1_ws/src/turtle_bot_srv_12' with build type 'ament_cmake'
[0.746s] INFO:colcon.colcon_cmake.task.cmake.build:Building CMake package in '/home/sebastian/Uniandes202310/Robotica/Taller1/taller1_ws/src/turtle_bot_srv_12'
[0.749s] INFO:colcon.colcon_core.shell:Skip shell extension 'powershell' for command environment: Not usable outside of PowerShell
[0.749s] DEBUG:colcon.colcon_core.shell:Skip shell extension 'dsv' for command environment
[1.168s] INFO:colcon.colcon_core.task.python.build:Building Python package in '/home/sebastian/Uniandes202310/Robotica/Taller1/taller1_ws/src/turtle_bot_12'
[1.171s] INFO:colcon.colcon_core.shell:Skip shell extension 'powershell' for command environment: Not usable outside of PowerShell
[1.171s] DEBUG:colcon.colcon_core.shell:Skip shell extension 'dsv' for command environment
[1.186s] DEBUG:colcon.colcon_core.event_handler.log_command:Invoking command in '/home/sebastian/Uniandes202310/Robotica/Taller1/taller1_ws/build/turtle_bot_srv_12': CMAKE_PREFIX_PATH=${CMAKE_PREFIX_PATH}:/home/sebastian/Uniandes202310/Robotica/Taller1/taller1_ws/install/turtle_bot_12:/opt/ros/humble /usr/bin/cmake --build /home/sebastian/Uniandes202310/Robotica/Taller1/taller1_ws/build/turtle_bot_srv_12 -- -j8 -l8
[1.921s] DEBUG:colcon.colcon_core.event_handler.log_command:Invoked command in '/home/sebastian/Uniandes202310/Robotica/Taller1/taller1_ws/build/turtle_bot_srv_12' returned '0': CMAKE_PREFIX_PATH=${CMAKE_PREFIX_PATH}:/home/sebastian/Uniandes202310/Robotica/Taller1/taller1_ws/install/turtle_bot_12:/opt/ros/humble /usr/bin/cmake --build /home/sebastian/Uniandes202310/Robotica/Taller1/taller1_ws/build/turtle_bot_srv_12 -- -j8 -l8
[1.944s] DEBUG:colcon.colcon_core.event_handler.log_command:Invoking command in '/home/sebastian/Uniandes202310/Robotica/Taller1/taller1_ws/src/turtle_bot_12': PYTHONPATH=/home/sebastian/Uniandes202310/Robotica/Taller1/taller1_ws/build/turtle_bot_12/prefix_override:/home/sebastian/Uniandes202310/Robotica/Taller1/taller1_ws/install/turtle_bot_12/lib/python3.10/site-packages:${PYTHONPATH} /usr/bin/python3 setup.py egg_info --egg-base ../../build/turtle_bot_12 build --build-base /home/sebastian/Uniandes202310/Robotica/Taller1/taller1_ws/build/turtle_bot_12/build install --record /home/sebastian/Uniandes202310/Robotica/Taller1/taller1_ws/build/turtle_bot_12/install.log --single-version-externally-managed
[2.032s] DEBUG:colcon.colcon_core.event_handler.log_command:Invoking command in '/home/sebastian/Uniandes202310/Robotica/Taller1/taller1_ws/build/turtle_bot_srv_12': CMAKE_PREFIX_PATH=${CMAKE_PREFIX_PATH}:/home/sebastian/Uniandes202310/Robotica/Taller1/taller1_ws/install/turtle_bot_12:/opt/ros/humble /usr/bin/cmake --install /home/sebastian/Uniandes202310/Robotica/Taller1/taller1_ws/build/turtle_bot_srv_12
[2.141s] Level 1:colcon.colcon_core.environment:create_environment_scripts_only(turtle_bot_srv_12)
[2.153s] Level 1:colcon.colcon_core.environment:checking '/home/sebastian/Uniandes202310/Robotica/Taller1/taller1_ws/install/turtle_bot_srv_12' for CMake module files
[2.158s] DEBUG:colcon.colcon_core.event_handler.log_command:Invoked command in '/home/sebastian/Uniandes202310/Robotica/Taller1/taller1_ws/build/turtle_bot_srv_12' returned '0': CMAKE_PREFIX_PATH=${CMAKE_PREFIX_PATH}:/home/sebastian/Uniandes202310/Robotica/Taller1/taller1_ws/install/turtle_bot_12:/opt/ros/humble /usr/bin/cmake --install /home/sebastian/Uniandes202310/Robotica/Taller1/taller1_ws/build/turtle_bot_srv_12
[2.159s] Level 1:colcon.colcon_core.environment:checking '/home/sebastian/Uniandes202310/Robotica/Taller1/taller1_ws/install/turtle_bot_srv_12' for CMake config files
[2.161s] Level 1:colcon.colcon_core.shell:create_environment_hook('turtle_bot_srv_12', 'cmake_prefix_path')
[2.168s] INFO:colcon.colcon_core.shell:Creating environment hook '/home/sebastian/Uniandes202310/Robotica/Taller1/taller1_ws/install/turtle_bot_srv_12/share/turtle_bot_srv_12/hook/cmake_prefix_path.ps1'
[2.169s] INFO:colcon.colcon_core.shell:Creating environment descriptor '/home/sebastian/Uniandes202310/Robotica/Taller1/taller1_ws/install/turtle_bot_srv_12/share/turtle_bot_srv_12/hook/cmake_prefix_path.dsv'
[2.169s] INFO:colcon.colcon_core.shell:Creating environment hook '/home/sebastian/Uniandes202310/Robotica/Taller1/taller1_ws/install/turtle_bot_srv_12/share/turtle_bot_srv_12/hook/cmake_prefix_path.sh'
[2.171s] Level 1:colcon.colcon_core.environment:checking '/home/sebastian/Uniandes202310/Robotica/Taller1/taller1_ws/install/turtle_bot_srv_12/lib'
[2.171s] Level 1:colcon.colcon_core.shell:create_environment_hook('turtle_bot_srv_12', 'ld_library_path_lib')
[2.174s] INFO:colcon.colcon_core.shell:Creating environment hook '/home/sebastian/Uniandes202310/Robotica/Taller1/taller1_ws/install/turtle_bot_srv_12/share/turtle_bot_srv_12/hook/ld_library_path_lib.ps1'
[2.175s] INFO:colcon.colcon_core.shell:Creating environment descriptor '/home/sebastian/Uniandes202310/Robotica/Taller1/taller1_ws/install/turtle_bot_srv_12/share/turtle_bot_srv_12/hook/ld_library_path_lib.dsv'
[2.176s] INFO:colcon.colcon_core.shell:Creating environment hook '/home/sebastian/Uniandes202310/Robotica/Taller1/taller1_ws/install/turtle_bot_srv_12/share/turtle_bot_srv_12/hook/ld_library_path_lib.sh'
[2.177s] Level 1:colcon.colcon_core.environment:checking '/home/sebastian/Uniandes202310/Robotica/Taller1/taller1_ws/install/turtle_bot_srv_12/bin'
[2.177s] Level 1:colcon.colcon_core.environment:checking '/home/sebastian/Uniandes202310/Robotica/Taller1/taller1_ws/install/turtle_bot_srv_12/lib/pkgconfig/turtle_bot_srv_12.pc'
[2.177s] Level 1:colcon.colcon_core.environment:checking '/home/sebastian/Uniandes202310/Robotica/Taller1/taller1_ws/install/turtle_bot_srv_12/lib/python3.10/site-packages'
[2.178s] Level 1:colcon.colcon_core.environment:checking '/home/sebastian/Uniandes202310/Robotica/Taller1/taller1_ws/install/turtle_bot_srv_12/bin'
[2.181s] INFO:colcon.colcon_core.shell:Creating package script '/home/sebastian/Uniandes202310/Robotica/Taller1/taller1_ws/install/turtle_bot_srv_12/share/turtle_bot_srv_12/package.ps1'
[2.183s] INFO:colcon.colcon_core.shell:Creating package descriptor '/home/sebastian/Uniandes202310/Robotica/Taller1/taller1_ws/install/turtle_bot_srv_12/share/turtle_bot_srv_12/package.dsv'
[2.184s] INFO:colcon.colcon_core.shell:Creating package script '/home/sebastian/Uniandes202310/Robotica/Taller1/taller1_ws/install/turtle_bot_srv_12/share/turtle_bot_srv_12/package.sh'
[2.186s] INFO:colcon.colcon_core.shell:Creating package script '/home/sebastian/Uniandes202310/Robotica/Taller1/taller1_ws/install/turtle_bot_srv_12/share/turtle_bot_srv_12/package.bash'
[2.187s] INFO:colcon.colcon_core.shell:Creating package script '/home/sebastian/Uniandes202310/Robotica/Taller1/taller1_ws/install/turtle_bot_srv_12/share/turtle_bot_srv_12/package.zsh'
[2.189s] Level 1:colcon.colcon_core.environment:create_file_with_runtime_dependencies(/home/sebastian/Uniandes202310/Robotica/Taller1/taller1_ws/install/turtle_bot_srv_12/share/colcon-core/packages/turtle_bot_srv_12)
[2.314s] Level 1:colcon.colcon_core.environment:create_environment_scripts_only(turtle_bot_srv_12)
[2.319s] Level 1:colcon.colcon_core.environment:checking '/home/sebastian/Uniandes202310/Robotica/Taller1/taller1_ws/install/turtle_bot_srv_12' for CMake module files
[2.320s] Level 1:colcon.colcon_core.environment:checking '/home/sebastian/Uniandes202310/Robotica/Taller1/taller1_ws/install/turtle_bot_srv_12' for CMake config files
[2.321s] Level 1:colcon.colcon_core.shell:create_environment_hook('turtle_bot_srv_12', 'cmake_prefix_path')
[2.323s] INFO:colcon.colcon_core.shell:Creating environment hook '/home/sebastian/Uniandes202310/Robotica/Taller1/taller1_ws/install/turtle_bot_srv_12/share/turtle_bot_srv_12/hook/cmake_prefix_path.ps1'
[2.325s] INFO:colcon.colcon_core.shell:Creating environment descriptor '/home/sebastian/Uniandes202310/Robotica/Taller1/taller1_ws/install/turtle_bot_srv_12/share/turtle_bot_srv_12/hook/cmake_prefix_path.dsv'
[2.326s] INFO:colcon.colcon_core.shell:Creating environment hook '/home/sebastian/Uniandes202310/Robotica/Taller1/taller1_ws/install/turtle_bot_srv_12/share/turtle_bot_srv_12/hook/cmake_prefix_path.sh'
[2.327s] Level 1:colcon.colcon_core.environment:checking '/home/sebastian/Uniandes202310/Robotica/Taller1/taller1_ws/install/turtle_bot_srv_12/lib'
[2.327s] Level 1:colcon.colcon_core.shell:create_environment_hook('turtle_bot_srv_12', 'ld_library_path_lib')
[2.330s] INFO:colcon.colcon_core.shell:Creating environment hook '/home/sebastian/Uniandes202310/Robotica/Taller1/taller1_ws/install/turtle_bot_srv_12/share/turtle_bot_srv_12/hook/ld_library_path_lib.ps1'
[2.331s] INFO:colcon.colcon_core.shell:Creating environment descriptor '/home/sebastian/Uniandes202310/Robotica/Taller1/taller1_ws/install/turtle_bot_srv_12/share/turtle_bot_srv_12/hook/ld_library_path_lib.dsv'
[2.332s] INFO:colcon.colcon_core.shell:Creating environment hook '/home/sebastian/Uniandes202310/Robotica/Taller1/taller1_ws/install/turtle_bot_srv_12/share/turtle_bot_srv_12/hook/ld_library_path_lib.sh'
[2.332s] Level 1:colcon.colcon_core.environment:checking '/home/sebastian/Uniandes202310/Robotica/Taller1/taller1_ws/install/turtle_bot_srv_12/bin'
[2.332s] Level 1:colcon.colcon_core.environment:checking '/home/sebastian/Uniandes202310/Robotica/Taller1/taller1_ws/install/turtle_bot_srv_12/lib/pkgconfig/turtle_bot_srv_12.pc'
[2.333s] Level 1:colcon.colcon_core.environment:checking '/home/sebastian/Uniandes202310/Robotica/Taller1/taller1_ws/install/turtle_bot_srv_12/lib/python3.10/site-packages'
[2.333s] Level 1:colcon.colcon_core.environment:checking '/home/sebastian/Uniandes202310/Robotica/Taller1/taller1_ws/install/turtle_bot_srv_12/bin'
[2.336s] INFO:colcon.colcon_core.shell:Creating package script '/home/sebastian/Uniandes202310/Robotica/Taller1/taller1_ws/install/turtle_bot_srv_12/share/turtle_bot_srv_12/package.ps1'
[2.337s] INFO:colcon.colcon_core.shell:Creating package descriptor '/home/sebastian/Uniandes202310/Robotica/Taller1/taller1_ws/install/turtle_bot_srv_12/share/turtle_bot_srv_12/package.dsv'
[2.338s] INFO:colcon.colcon_core.shell:Creating package script '/home/sebastian/Uniandes202310/Robotica/Taller1/taller1_ws/install/turtle_bot_srv_12/share/turtle_bot_srv_12/package.sh'
[2.339s] INFO:colcon.colcon_core.shell:Creating package script '/home/sebastian/Uniandes202310/Robotica/Taller1/taller1_ws/install/turtle_bot_srv_12/share/turtle_bot_srv_12/package.bash'
[2.341s] INFO:colcon.colcon_core.shell:Creating package script '/home/sebastian/Uniandes202310/Robotica/Taller1/taller1_ws/install/turtle_bot_srv_12/share/turtle_bot_srv_12/package.zsh'
[2.343s] Level 1:colcon.colcon_core.environment:create_file_with_runtime_dependencies(/home/sebastian/Uniandes202310/Robotica/Taller1/taller1_ws/install/turtle_bot_srv_12/share/colcon-core/packages/turtle_bot_srv_12)
[2.614s] Level 1:colcon.colcon_core.environment:checking '/home/sebastian/Uniandes202310/Robotica/Taller1/taller1_ws/install/turtle_bot_12' for CMake module files
[2.616s] DEBUG:colcon.colcon_core.event_handler.log_command:Invoked command in '/home/sebastian/Uniandes202310/Robotica/Taller1/taller1_ws/src/turtle_bot_12' returned '0': PYTHONPATH=/home/sebastian/Uniandes202310/Robotica/Taller1/taller1_ws/build/turtle_bot_12/prefix_override:/home/sebastian/Uniandes202310/Robotica/Taller1/taller1_ws/install/turtle_bot_12/lib/python3.10/site-packages:${PYTHONPATH} /usr/bin/python3 setup.py egg_info --egg-base ../../build/turtle_bot_12 build --build-base /home/sebastian/Uniandes202310/Robotica/Taller1/taller1_ws/build/turtle_bot_12/build install --record /home/sebastian/Uniandes202310/Robotica/Taller1/taller1_ws/build/turtle_bot_12/install.log --single-version-externally-managed
[2.616s] Level 1:colcon.colcon_core.environment:checking '/home/sebastian/Uniandes202310/Robotica/Taller1/taller1_ws/install/turtle_bot_12' for CMake config files
[2.617s] Level 1:colcon.colcon_core.environment:checking '/home/sebastian/Uniandes202310/Robotica/Taller1/taller1_ws/install/turtle_bot_12/lib'
[2.617s] Level 1:colcon.colcon_core.environment:checking '/home/sebastian/Uniandes202310/Robotica/Taller1/taller1_ws/install/turtle_bot_12/bin'
[2.617s] Level 1:colcon.colcon_core.environment:checking '/home/sebastian/Uniandes202310/Robotica/Taller1/taller1_ws/install/turtle_bot_12/lib/pkgconfig/turtle_bot_12.pc'
[2.618s] Level 1:colcon.colcon_core.environment:checking '/home/sebastian/Uniandes202310/Robotica/Taller1/taller1_ws/install/turtle_bot_12/lib/python3.10/site-packages'
[2.618s] Level 1:colcon.colcon_core.shell:create_environment_hook('turtle_bot_12', 'pythonpath')
[2.621s] INFO:colcon.colcon_core.shell:Creating environment hook '/home/sebastian/Uniandes202310/Robotica/Taller1/taller1_ws/install/turtle_bot_12/share/turtle_bot_12/hook/pythonpath.ps1'
[2.621s] INFO:colcon.colcon_core.shell:Creating environment descriptor '/home/sebastian/Uniandes202310/Robotica/Taller1/taller1_ws/install/turtle_bot_12/share/turtle_bot_12/hook/pythonpath.dsv'
[2.622s] INFO:colcon.colcon_core.shell:Creating environment hook '/home/sebastian/Uniandes202310/Robotica/Taller1/taller1_ws/install/turtle_bot_12/share/turtle_bot_12/hook/pythonpath.sh'
[2.623s] Level 1:colcon.colcon_core.environment:checking '/home/sebastian/Uniandes202310/Robotica/Taller1/taller1_ws/install/turtle_bot_12/bin'
[2.623s] Level 1:colcon.colcon_core.environment:create_environment_scripts_only(turtle_bot_12)
[2.626s] INFO:colcon.colcon_core.shell:Creating package script '/home/sebastian/Uniandes202310/Robotica/Taller1/taller1_ws/install/turtle_bot_12/share/turtle_bot_12/package.ps1'
[2.627s] INFO:colcon.colcon_core.shell:Creating package descriptor '/home/sebastian/Uniandes202310/Robotica/Taller1/taller1_ws/install/turtle_bot_12/share/turtle_bot_12/package.dsv'
[2.628s] INFO:colcon.colcon_core.shell:Creating package script '/home/sebastian/Uniandes202310/Robotica/Taller1/taller1_ws/install/turtle_bot_12/share/turtle_bot_12/package.sh'
[2.629s] INFO:colcon.colcon_core.shell:Creating package script '/home/sebastian/Uniandes202310/Robotica/Taller1/taller1_ws/install/turtle_bot_12/share/turtle_bot_12/package.bash'
[2.630s] INFO:colcon.colcon_core.shell:Creating package script '/home/sebastian/Uniandes202310/Robotica/Taller1/taller1_ws/install/turtle_bot_12/share/turtle_bot_12/package.zsh'
[2.631s] Level 1:colcon.colcon_core.environment:create_file_with_runtime_dependencies(/home/sebastian/Uniandes202310/Robotica/Taller1/taller1_ws/install/turtle_bot_12/share/colcon-core/packages/turtle_bot_12)
[2.631s] DEBUG:colcon.colcon_parallel_executor.executor.parallel:closing loop
[2.631s] DEBUG:colcon.colcon_parallel_executor.executor.parallel:loop closed
[2.632s] DEBUG:colcon.colcon_parallel_executor.executor.parallel:run_until_complete finished with '0'
[2.632s] DEBUG:colcon.colcon_core.event_reactor:joining thread
[2.641s] INFO:colcon.colcon_core.plugin_system:Skipping extension 'colcon_notification.desktop_notification.terminal_notifier': Not used on non-Darwin systems
[2.642s] INFO:colcon.colcon_core.plugin_system:Skipping extension 'colcon_notification.desktop_notification.win32': Not used on non-Windows systems
[2.642s] INFO:colcon.colcon_notification.desktop_notification:Sending desktop notification using 'notify2'
[2.655s] DEBUG:colcon.colcon_core.event_reactor:joined thread
[2.658s] INFO:colcon.colcon_core.shell:Creating prefix script '/home/sebastian/Uniandes202310/Robotica/Taller1/taller1_ws/install/local_setup.ps1'
[2.659s] INFO:colcon.colcon_core.shell:Creating prefix util module '/home/sebastian/Uniandes202310/Robotica/Taller1/taller1_ws/install/_local_setup_util_ps1.py'
[2.662s] INFO:colcon.colcon_core.shell:Creating prefix chain script '/home/sebastian/Uniandes202310/Robotica/Taller1/taller1_ws/install/setup.ps1'
[2.666s] INFO:colcon.colcon_core.shell:Creating prefix script '/home/sebastian/Uniandes202310/Robotica/Taller1/taller1_ws/install/local_setup.sh'
[2.667s] INFO:colcon.colcon_core.shell:Creating prefix util module '/home/sebastian/Uniandes202310/Robotica/Taller1/taller1_ws/install/_local_setup_util_sh.py'
[2.668s] INFO:colcon.colcon_core.shell:Creating prefix chain script '/home/sebastian/Uniandes202310/Robotica/Taller1/taller1_ws/install/setup.sh'
[2.672s] INFO:colcon.colcon_core.shell:Creating prefix script '/home/sebastian/Uniandes202310/Robotica/Taller1/taller1_ws/install/local_setup.bash'
[2.673s] INFO:colcon.colcon_core.shell:Creating prefix chain script '/home/sebastian/Uniandes202310/Robotica/Taller1/taller1_ws/install/setup.bash'
[2.676s] INFO:colcon.colcon_core.shell:Creating prefix script '/home/sebastian/Uniandes202310/Robotica/Taller1/taller1_ws/install/local_setup.zsh'
[2.678s] INFO:colcon.colcon_core.shell:Creating prefix chain script '/home/sebastian/Uniandes202310/Robotica/Taller1/taller1_ws/install/setup.zsh'
